Start auto log messages stack - Iteration 1.	[MsgId: MMSG-10545]
Action.c(103): Notify: Transaction "transTes_0" ended with a "Fail" status (Duration: 0.0000).	[MsgId: MMSG-16873]
Action.c(103): Notify: Transaction "transTes_0" has 0 error message(s).	[MsgId: MMSG-16818]
Action.c(100): Notify: Transaction "transTes_1" started.	[MsgId: MMSG-16999]
Action.c(103): Notify: Transaction "transTes_1" ended with a "Stop" status (Duration: 0.0000).	[MsgId: MMSG-16873]
Action.c(100): Notify: Transaction "transTes_2" started.	[MsgId: MMSG-16999]
Action.c(103): Notify: Transaction "transTes_2" ended with a "Pass" status (Duration: 0.0000).	[MsgId: MMSG-16873]
Action.c(100): Notify: Transaction "transTes_3" started.	[MsgId: MMSG-16999]
Action.c(103): Notify: Transaction "transTes_3" ended with a "Pass" status (Duration: 0.0000).	[MsgId: MMSG-16873]
Action.c(100): Notify: Transaction "transTes_4" started.	[MsgId: MMSG-16999]
Action.c(103): Notify: Transaction "transTes_4" ended with a "Fail" status (Duration: 0.0000).	[MsgId: MMSG-16873]
Action.c(103): Notify: Transaction "transTes_4" has 0 error message(s).	[MsgId: MMSG-16818]
Action.c(100): Notify: Transaction "transTes_5" started.	[MsgId: MMSG-16999]
Action.c(103): Notify: Transaction "transTes_5" ended with a "Pass" status (Duration: 0.0000).	[MsgId: MMSG-16873]
Action.c(100): Notify: Transaction "transTes_6" started.	[MsgId: MMSG-16999]
Action.c(103): Notify: Transaction "transTes_6" ended with a "Pass" status (Duration: 0.0000).	[MsgId: MMSG-16873]
Action.c(100): Notify: Transaction "transTes_7" started.	[MsgId: MMSG-16999]
Action.c(103): Notify: Transaction "transTes_7" ended with a "Fail" status (Duration: 0.0000).	[MsgId: MMSG-16873]
Action.c(103): Notify: Transaction "transTes_7" has 0 error message(s).	[MsgId: MMSG-16818]
Action.c(112): Error: vuser failed	[MsgId: MERR-17999]
End auto log messages stack.	[MsgId: MMSG-10544]


Start auto log messages stack - Iteration 1.	[MsgId: MMSG-10545]
Action.c(93): Notify: Transaction "Trans_other" ended with a "Pass" status (Duration: 6.4842 Think Time: 6.4694).	[MsgId: MMSG-16872]
Action.c(100): Notify: Transaction "transTes_0" started.	[MsgId: MMSG-16999]
Action.c(103): Notify: Transaction "transTes_0" ended with a "Pass" status (Duration: 0.0000).	[MsgId: MMSG-16873]
Action.c(100): Notify: Transaction "transTes_1" started.	[MsgId: MMSG-16999]
Action.c(103): Notify: Transaction "transTes_1" ended with a "Fail" status (Duration: 0.0000).	[MsgId: MMSG-16873]
Action.c(103): Notify: Transaction "transTes_1" has 0 error message(s).	[MsgId: MMSG-16818]
Action.c(100): Notify: Transaction "transTes_2" started.	[MsgId: MMSG-16999]
Action.c(103): Notify: Transaction "transTes_2" ended with a "Pass" status (Duration: 0.0000).	[MsgId: MMSG-16873]
Action.c(100): Notify: Transaction "transTes_3" started.	[MsgId: MMSG-16999]
Action.c(103): Notify: Transaction "transTes_3" ended with a "Pass" status (Duration: 0.0000).	[MsgId: MMSG-16873]
Action.c(100): Notify: Transaction "transTes_4" started.	[MsgId: MMSG-16999]
Action.c(103): Notify: Transaction "transTes_4" ended with a "Stop" status (Duration: 0.0000).	[MsgId: MMSG-16873]
Action.c(100): Notify: Transaction "transTes_5" started.	[MsgId: MMSG-16999]
Action.c(103): Notify: Transaction "transTes_5" ended with a "Stop" status (Duration: 0.0000).	[MsgId: MMSG-16873]
Action.c(100): Notify: Transaction "transTes_6" started.	[MsgId: MMSG-16999]
Action.c(103): Notify: Transaction "transTes_6" ended with a "Pass" status (Duration: 0.0000).	[MsgId: MMSG-16873]
Action.c(100): Notify: Transaction "transTes_7" started.	[MsgId: MMSG-16999]
Action.c(103): Notify: Transaction "transTes_7" ended with a "Pass" status (Duration: 0.0000).	[MsgId: MMSG-16873]
Action.c(112): Error: vuser failed	[MsgId: MERR-17999]
End auto log messages stack.	[MsgId: MMSG-10544]


Start auto log messages stack - Iteration 1.	[MsgId: MMSG-10545]
Action.c(103): Notify: Transaction "transTes_0" ended with a "Fail" status (Duration: 0.0000).	[MsgId: MMSG-16873]
Action.c(103): Notify: Transaction "transTes_0" has 0 error message(s).	[MsgId: MMSG-16818]
Action.c(100): Notify: Transaction "transTes_1" started.	[MsgId: MMSG-16999]
Action.c(103): Notify: Transaction "transTes_1" ended with a "Stop" status (Duration: 0.0000).	[MsgId: MMSG-16873]
Action.c(100): Notify: Transaction "transTes_2" started.	[MsgId: MMSG-16999]
Action.c(103): Notify: Transaction "transTes_2" ended with a "Pass" status (Duration: 0.0000).	[MsgId: MMSG-16873]
Action.c(100): Notify: Transaction "transTes_3" started.	[MsgId: MMSG-16999]
Action.c(103): Notify: Transaction "transTes_3" ended with a "Pass" status (Duration: 0.0000).	[MsgId: MMSG-16873]
Action.c(100): Notify: Transaction "transTes_4" started.	[MsgId: MMSG-16999]
Action.c(103): Notify: Transaction "transTes_4" ended with a "Fail" status (Duration: 0.0000).	[MsgId: MMSG-16873]
Action.c(103): Notify: Transaction "transTes_4" has 0 error message(s).	[MsgId: MMSG-16818]
Action.c(100): Notify: Transaction "transTes_5" started.	[MsgId: MMSG-16999]
Action.c(103): Notify: Transaction "transTes_5" ended with a "Pass" status (Duration: 0.0000).	[MsgId: MMSG-16873]
Action.c(100): Notify: Transaction "transTes_6" started.	[MsgId: MMSG-16999]
Action.c(103): Notify: Transaction "transTes_6" ended with a "Pass" status (Duration: 0.0000).	[MsgId: MMSG-16873]
Action.c(100): Notify: Transaction "transTes_7" started.	[MsgId: MMSG-16999]
Action.c(103): Notify: Transaction "transTes_7" ended with a "Fail" status (Duration: 0.0000).	[MsgId: MMSG-16873]
Action.c(103): Notify: Transaction "transTes_7" has 0 error message(s).	[MsgId: MMSG-16818]
Action.c(112): Error: vuser failed	[MsgId: MERR-17999]
End auto log messages stack.	[MsgId: MMSG-10544]


Start auto log messages stack - Iteration 1.	[MsgId: MMSG-10545]
Action.c(103): Notify: Transaction "transTes_0" ended with a "Fail" status (Duration: 0.0000).	[MsgId: MMSG-16873]
Action.c(103): Notify: Transaction "transTes_0" has 0 error message(s).	[MsgId: MMSG-16818]
Action.c(100): Notify: Transaction "transTes_1" started.	[MsgId: MMSG-16999]
Action.c(103): Notify: Transaction "transTes_1" ended with a "Stop" status (Duration: 0.0000).	[MsgId: MMSG-16873]
Action.c(100): Notify: Transaction "transTes_2" started.	[MsgId: MMSG-16999]
Action.c(103): Notify: Transaction "transTes_2" ended with a "Pass" status (Duration: 0.0000).	[MsgId: MMSG-16873]
Action.c(100): Notify: Transaction "transTes_3" started.	[MsgId: MMSG-16999]
Action.c(103): Notify: Transaction "transTes_3" ended with a "Pass" status (Duration: 0.0000).	[MsgId: MMSG-16873]
Action.c(100): Notify: Transaction "transTes_4" started.	[MsgId: MMSG-16999]
Action.c(103): Notify: Transaction "transTes_4" ended with a "Fail" status (Duration: 0.0000).	[MsgId: MMSG-16873]
Action.c(103): Notify: Transaction "transTes_4" has 0 error message(s).	[MsgId: MMSG-16818]
Action.c(100): Notify: Transaction "transTes_5" started.	[MsgId: MMSG-16999]
Action.c(103): Notify: Transaction "transTes_5" ended with a "Pass" status (Duration: 0.0000).	[MsgId: MMSG-16873]
Action.c(100): Notify: Transaction "transTes_6" started.	[MsgId: MMSG-16999]
Action.c(103): Notify: Transaction "transTes_6" ended with a "Pass" status (Duration: 0.0000).	[MsgId: MMSG-16873]
Action.c(100): Notify: Transaction "transTes_7" started.	[MsgId: MMSG-16999]
Action.c(103): Notify: Transaction "transTes_7" ended with a "Fail" status (Duration: 0.0000).	[MsgId: MMSG-16873]
Action.c(103): Notify: Transaction "transTes_7" has 0 error message(s).	[MsgId: MMSG-16818]
Action.c(112): Error: vuser failed	[MsgId: MERR-17999]
End auto log messages stack.	[MsgId: MMSG-10544]


Start auto log messages stack - Iteration 1.	[MsgId: MMSG-10545]
Action.c(103): Notify: Transaction "transTes_0" ended with a "Fail" status (Duration: 0.0000).	[MsgId: MMSG-16873]
Action.c(103): Notify: Transaction "transTes_0" has 0 error message(s).	[MsgId: MMSG-16818]
Action.c(100): Notify: Transaction "transTes_1" started.	[MsgId: MMSG-16999]
Action.c(103): Notify: Transaction "transTes_1" ended with a "Stop" status (Duration: 0.0000).	[MsgId: MMSG-16873]
Action.c(100): Notify: Transaction "transTes_2" started.	[MsgId: MMSG-16999]
Action.c(103): Notify: Transaction "transTes_2" ended with a "Pass" status (Duration: 0.0000).	[MsgId: MMSG-16873]
Action.c(100): Notify: Transaction "transTes_3" started.	[MsgId: MMSG-16999]
Action.c(103): Notify: Transaction "transTes_3" ended with a "Pass" status (Duration: 0.0000).	[MsgId: MMSG-16873]
Action.c(100): Notify: Transaction "transTes_4" started.	[MsgId: MMSG-16999]
Action.c(103): Notify: Transaction "transTes_4" ended with a "Fail" status (Duration: 0.0000).	[MsgId: MMSG-16873]
Action.c(103): Notify: Transaction "transTes_4" has 0 error message(s).	[MsgId: MMSG-16818]
Action.c(100): Notify: Transaction "transTes_5" started.	[MsgId: MMSG-16999]
Action.c(103): Notify: Transaction "transTes_5" ended with a "Pass" status (Duration: 0.0000).	[MsgId: MMSG-16873]
Action.c(100): Notify: Transaction "transTes_6" started.	[MsgId: MMSG-16999]
Action.c(103): Notify: Transaction "transTes_6" ended with a "Pass" status (Duration: 0.0000).	[MsgId: MMSG-16873]
Action.c(100): Notify: Transaction "transTes_7" started.	[MsgId: MMSG-16999]
Action.c(103): Notify: Transaction "transTes_7" ended with a "Fail" status (Duration: 0.0000).	[MsgId: MMSG-16873]
Action.c(103): Notify: Transaction "transTes_7" has 0 error message(s).	[MsgId: MMSG-16818]
Action.c(112): Error: vuser failed	[MsgId: MERR-17999]
End auto log messages stack.	[MsgId: MMSG-10544]


Start auto log messages stack - Iteration 1.	[MsgId: MMSG-10545]
Action.c(93): Notify: Transaction "Trans_other" ended with a "Pass" status (Duration: 4.2250 Think Time: 4.2113).	[MsgId: MMSG-16872]
Action.c(100): Notify: Transaction "transTes_0" started.	[MsgId: MMSG-16999]
Action.c(103): Notify: Transaction "transTes_0" ended with a "Stop" status (Duration: 0.0000).	[MsgId: MMSG-16873]
Action.c(100): Notify: Transaction "transTes_1" started.	[MsgId: MMSG-16999]
Action.c(103): Notify: Transaction "transTes_1" ended with a "Pass" status (Duration: 0.0000).	[MsgId: MMSG-16873]
Action.c(100): Notify: Transaction "transTes_2" started.	[MsgId: MMSG-16999]
Action.c(103): Notify: Transaction "transTes_2" ended with a "Pass" status (Duration: 0.0000).	[MsgId: MMSG-16873]
Action.c(100): Notify: Transaction "transTes_3" started.	[MsgId: MMSG-16999]
Action.c(103): Notify: Transaction "transTes_3" ended with a "Stop" status (Duration: 0.0000).	[MsgId: MMSG-16873]
Action.c(100): Notify: Transaction "transTes_4" started.	[MsgId: MMSG-16999]
Action.c(103): Notify: Transaction "transTes_4" ended with a "Pass" status (Duration: 0.0000).	[MsgId: MMSG-16873]
Action.c(100): Notify: Transaction "transTes_5" started.	[MsgId: MMSG-16999]
Action.c(103): Notify: Transaction "transTes_5" ended with a "Fail" status (Duration: 0.0000).	[MsgId: MMSG-16873]
Action.c(103): Notify: Transaction "transTes_5" has 0 error message(s).	[MsgId: MMSG-16818]
Action.c(100): Notify: Transaction "transTes_6" started.	[MsgId: MMSG-16999]
Action.c(103): Notify: Transaction "transTes_6" ended with a "Stop" status (Duration: 0.0000).	[MsgId: MMSG-16873]
Action.c(100): Notify: Transaction "transTes_7" started.	[MsgId: MMSG-16999]
Action.c(103): Notify: Transaction "transTes_7" ended with a "Stop" status (Duration: 0.0000).	[MsgId: MMSG-16873]
Action.c(112): Error: vuser failed	[MsgId: MERR-17999]
End auto log messages stack.	[MsgId: MMSG-10544]


Start auto log messages stack - Iteration 1.	[MsgId: MMSG-10545]
Action.c(93): Notify: Transaction "Trans_other" ended with a "Pass" status (Duration: 4.0589 Think Time: 4.0518).	[MsgId: MMSG-16872]
Action.c(100): Notify: Transaction "transTes_0" started.	[MsgId: MMSG-16999]
Action.c(103): Notify: Transaction "transTes_0" ended with a "Stop" status (Duration: 0.0000).	[MsgId: MMSG-16873]
Action.c(100): Notify: Transaction "transTes_1" started.	[MsgId: MMSG-16999]
Action.c(103): Notify: Transaction "transTes_1" ended with a "Pass" status (Duration: 0.0000).	[MsgId: MMSG-16873]
Action.c(100): Notify: Transaction "transTes_2" started.	[MsgId: MMSG-16999]
Action.c(103): Notify: Transaction "transTes_2" ended with a "Pass" status (Duration: 0.0000).	[MsgId: MMSG-16873]
Action.c(100): Notify: Transaction "transTes_3" started.	[MsgId: MMSG-16999]
Action.c(103): Notify: Transaction "transTes_3" ended with a "Pass" status (Duration: 0.0000).	[MsgId: MMSG-16873]
Action.c(100): Notify: Transaction "transTes_4" started.	[MsgId: MMSG-16999]
Action.c(103): Notify: Transaction "transTes_4" ended with a "Fail" status (Duration: 0.0000).	[MsgId: MMSG-16873]
Action.c(103): Notify: Transaction "transTes_4" has 0 error message(s).	[MsgId: MMSG-16818]
Action.c(100): Notify: Transaction "transTes_5" started.	[MsgId: MMSG-16999]
Action.c(103): Notify: Transaction "transTes_5" ended with a "Pass" status (Duration: 0.0000).	[MsgId: MMSG-16873]
Action.c(100): Notify: Transaction "transTes_6" started.	[MsgId: MMSG-16999]
Action.c(103): Notify: Transaction "transTes_6" ended with a "Pass" status (Duration: 0.0000).	[MsgId: MMSG-16873]
Action.c(100): Notify: Transaction "transTes_7" started.	[MsgId: MMSG-16999]
Action.c(103): Notify: Transaction "transTes_7" ended with a "Stop" status (Duration: 0.0000).	[MsgId: MMSG-16873]
Action.c(112): Error: vuser failed	[MsgId: MERR-17999]
End auto log messages stack.	[MsgId: MMSG-10544]


Start auto log messages stack - Iteration 1.	[MsgId: MMSG-10545]
Action.c(103): Notify: Transaction "transTes_0" ended with a "Fail" status (Duration: 0.0000).	[MsgId: MMSG-16873]
Action.c(103): Notify: Transaction "transTes_0" has 0 error message(s).	[MsgId: MMSG-16818]
Action.c(100): Notify: Transaction "transTes_1" started.	[MsgId: MMSG-16999]
Action.c(103): Notify: Transaction "transTes_1" ended with a "Stop" status (Duration: 0.0000).	[MsgId: MMSG-16873]
Action.c(100): Notify: Transaction "transTes_2" started.	[MsgId: MMSG-16999]
Action.c(103): Notify: Transaction "transTes_2" ended with a "Pass" status (Duration: 0.0000).	[MsgId: MMSG-16873]
Action.c(100): Notify: Transaction "transTes_3" started.	[MsgId: MMSG-16999]
Action.c(103): Notify: Transaction "transTes_3" ended with a "Pass" status (Duration: 0.0000).	[MsgId: MMSG-16873]
Action.c(100): Notify: Transaction "transTes_4" started.	[MsgId: MMSG-16999]
Action.c(103): Notify: Transaction "transTes_4" ended with a "Fail" status (Duration: 0.0000).	[MsgId: MMSG-16873]
Action.c(103): Notify: Transaction "transTes_4" has 0 error message(s).	[MsgId: MMSG-16818]
Action.c(100): Notify: Transaction "transTes_5" started.	[MsgId: MMSG-16999]
Action.c(103): Notify: Transaction "transTes_5" ended with a "Pass" status (Duration: 0.0000).	[MsgId: MMSG-16873]
Action.c(100): Notify: Transaction "transTes_6" started.	[MsgId: MMSG-16999]
Action.c(103): Notify: Transaction "transTes_6" ended with a "Pass" status (Duration: 0.0000).	[MsgId: MMSG-16873]
Action.c(100): Notify: Transaction "transTes_7" started.	[MsgId: MMSG-16999]
Action.c(103): Notify: Transaction "transTes_7" ended with a "Fail" status (Duration: 0.0000).	[MsgId: MMSG-16873]
Action.c(103): Notify: Transaction "transTes_7" has 0 error message(s).	[MsgId: MMSG-16818]
Action.c(112): Error: vuser failed	[MsgId: MERR-17999]
End auto log messages stack.	[MsgId: MMSG-10544]


Start auto log messages stack - Iteration 1.	[MsgId: MMSG-10545]
Action.c(103): Notify: Transaction "transTes_0" ended with a "Fail" status (Duration: 0.0000).	[MsgId: MMSG-16873]
Action.c(103): Notify: Transaction "transTes_0" has 0 error message(s).	[MsgId: MMSG-16818]
Action.c(100): Notify: Transaction "transTes_1" started.	[MsgId: MMSG-16999]
Action.c(103): Notify: Transaction "transTes_1" ended with a "Stop" status (Duration: 0.0000).	[MsgId: MMSG-16873]
Action.c(100): Notify: Transaction "transTes_2" started.	[MsgId: MMSG-16999]
Action.c(103): Notify: Transaction "transTes_2" ended with a "Pass" status (Duration: 0.0000).	[MsgId: MMSG-16873]
Action.c(100): Notify: Transaction "transTes_3" started.	[MsgId: MMSG-16999]
Action.c(103): Notify: Transaction "transTes_3" ended with a "Pass" status (Duration: 0.0000).	[MsgId: MMSG-16873]
Action.c(100): Notify: Transaction "transTes_4" started.	[MsgId: MMSG-16999]
Action.c(103): Notify: Transaction "transTes_4" ended with a "Fail" status (Duration: 0.0000).	[MsgId: MMSG-16873]
Action.c(103): Notify: Transaction "transTes_4" has 0 error message(s).	[MsgId: MMSG-16818]
Action.c(100): Notify: Transaction "transTes_5" started.	[MsgId: MMSG-16999]
Action.c(103): Notify: Transaction "transTes_5" ended with a "Pass" status (Duration: 0.0000).	[MsgId: MMSG-16873]
Action.c(100): Notify: Transaction "transTes_6" started.	[MsgId: MMSG-16999]
Action.c(103): Notify: Transaction "transTes_6" ended with a "Pass" status (Duration: 0.0000).	[MsgId: MMSG-16873]
Action.c(100): Notify: Transaction "transTes_7" started.	[MsgId: MMSG-16999]
Action.c(103): Notify: Transaction "transTes_7" ended with a "Fail" status (Duration: 0.0000).	[MsgId: MMSG-16873]
Action.c(103): Notify: Transaction "transTes_7" has 0 error message(s).	[MsgId: MMSG-16818]
Action.c(112): Error: vuser failed	[MsgId: MERR-17999]
End auto log messages stack.	[MsgId: MMSG-10544]


Start auto log messages stack - Iteration 1.	[MsgId: MMSG-10545]
Action.c(103): Notify: Transaction "transTes_0" ended with a "Fail" status (Duration: 0.0000).	[MsgId: MMSG-16873]
Action.c(103): Notify: Transaction "transTes_0" has 0 error message(s).	[MsgId: MMSG-16818]
Action.c(100): Notify: Transaction "transTes_1" started.	[MsgId: MMSG-16999]
Action.c(103): Notify: Transaction "transTes_1" ended with a "Stop" status (Duration: 0.0000).	[MsgId: MMSG-16873]
Action.c(100): Notify: Transaction "transTes_2" started.	[MsgId: MMSG-16999]
Action.c(103): Notify: Transaction "transTes_2" ended with a "Pass" status (Duration: 0.0000).	[MsgId: MMSG-16873]
Action.c(100): Notify: Transaction "transTes_3" started.	[MsgId: MMSG-16999]
Action.c(103): Notify: Transaction "transTes_3" ended with a "Pass" status (Duration: 0.0000).	[MsgId: MMSG-16873]
Action.c(100): Notify: Transaction "transTes_4" started.	[MsgId: MMSG-16999]
Action.c(103): Notify: Transaction "transTes_4" ended with a "Fail" status (Duration: 0.0000).	[MsgId: MMSG-16873]
Action.c(103): Notify: Transaction "transTes_4" has 0 error message(s).	[MsgId: MMSG-16818]
Action.c(100): Notify: Transaction "transTes_5" started.	[MsgId: MMSG-16999]
Action.c(103): Notify: Transaction "transTes_5" ended with a "Pass" status (Duration: 0.0000).	[MsgId: MMSG-16873]
Action.c(100): Notify: Transaction "transTes_6" started.	[MsgId: MMSG-16999]
Action.c(103): Notify: Transaction "transTes_6" ended with a "Pass" status (Duration: 0.0000).	[MsgId: MMSG-16873]
Action.c(100): Notify: Transaction "transTes_7" started.	[MsgId: MMSG-16999]
Action.c(103): Notify: Transaction "transTes_7" ended with a "Fail" status (Duration: 0.0000).	[MsgId: MMSG-16873]
Action.c(103): Notify: Transaction "transTes_7" has 0 error message(s).	[MsgId: MMSG-16818]
Action.c(112): Error: vuser failed	[MsgId: MERR-17999]
End auto log messages stack.	[MsgId: MMSG-10544]


Start auto log messages stack - Iteration 1.	[MsgId: MMSG-10545]
Action.c(93): Notify: Transaction "Trans_other" ended with a "Pass" status (Duration: 4.0581 Think Time: 4.0009).	[MsgId: MMSG-16872]
Action.c(100): Notify: Transaction "transTes_0" started.	[MsgId: MMSG-16999]
Action.c(103): Notify: Transaction "transTes_0" ended with a "Stop" status (Duration: 0.0000).	[MsgId: MMSG-16873]
Action.c(100): Notify: Transaction "transTes_1" started.	[MsgId: MMSG-16999]
Action.c(103): Notify: Transaction "transTes_1" ended with a "Pass" status (Duration: 0.0000).	[MsgId: MMSG-16873]
Action.c(100): Notify: Transaction "transTes_2" started.	[MsgId: MMSG-16999]
Action.c(103): Notify: Transaction "transTes_2" ended with a "Pass" status (Duration: 0.0000).	[MsgId: MMSG-16873]
Action.c(100): Notify: Transaction "transTes_3" started.	[MsgId: MMSG-16999]
Action.c(103): Notify: Transaction "transTes_3" ended with a "Pass" status (Duration: 0.0000).	[MsgId: MMSG-16873]
Action.c(100): Notify: Transaction "transTes_4" started.	[MsgId: MMSG-16999]
Action.c(103): Notify: Transaction "transTes_4" ended with a "Fail" status (Duration: 0.0000).	[MsgId: MMSG-16873]
Action.c(103): Notify: Transaction "transTes_4" has 0 error message(s).	[MsgId: MMSG-16818]
Action.c(100): Notify: Transaction "transTes_5" started.	[MsgId: MMSG-16999]
Action.c(103): Notify: Transaction "transTes_5" ended with a "Pass" status (Duration: 0.0000).	[MsgId: MMSG-16873]
Action.c(100): Notify: Transaction "transTes_6" started.	[MsgId: MMSG-16999]
Action.c(103): Notify: Transaction "transTes_6" ended with a "Pass" status (Duration: 0.0000).	[MsgId: MMSG-16873]
Action.c(100): Notify: Transaction "transTes_7" started.	[MsgId: MMSG-16999]
Action.c(103): Notify: Transaction "transTes_7" ended with a "Stop" status (Duration: 0.0000).	[MsgId: MMSG-16873]
Action.c(112): Error: vuser failed	[MsgId: MERR-17999]
End auto log messages stack.	[MsgId: MMSG-10544]


Start auto log messages stack - Iteration 1.	[MsgId: MMSG-10545]
Action.c(93): Notify: Transaction "Trans_other" ended with a "Pass" status (Duration: 4.0377 Think Time: 4.0067).	[MsgId: MMSG-16872]
Action.c(100): Notify: Transaction "transTes_0" started.	[MsgId: MMSG-16999]
Action.c(103): Notify: Transaction "transTes_0" ended with a "Stop" status (Duration: 0.0000).	[MsgId: MMSG-16873]
Action.c(100): Notify: Transaction "transTes_1" started.	[MsgId: MMSG-16999]
Action.c(103): Notify: Transaction "transTes_1" ended with a "Pass" status (Duration: 0.0000).	[MsgId: MMSG-16873]
Action.c(100): Notify: Transaction "transTes_2" started.	[MsgId: MMSG-16999]
Action.c(103): Notify: Transaction "transTes_2" ended with a "Pass" status (Duration: 0.0000).	[MsgId: MMSG-16873]
Action.c(100): Notify: Transaction "transTes_3" started.	[MsgId: MMSG-16999]
Action.c(103): Notify: Transaction "transTes_3" ended with a "Stop" status (Duration: 0.0000).	[MsgId: MMSG-16873]
Action.c(100): Notify: Transaction "transTes_4" started.	[MsgId: MMSG-16999]
Action.c(103): Notify: Transaction "transTes_4" ended with a "Pass" status (Duration: 0.0000).	[MsgId: MMSG-16873]
Action.c(100): Notify: Transaction "transTes_5" started.	[MsgId: MMSG-16999]
Action.c(103): Notify: Transaction "transTes_5" ended with a "Fail" status (Duration: 0.0000).	[MsgId: MMSG-16873]
Action.c(103): Notify: Transaction "transTes_5" has 0 error message(s).	[MsgId: MMSG-16818]
Action.c(100): Notify: Transaction "transTes_6" started.	[MsgId: MMSG-16999]
Action.c(103): Notify: Transaction "transTes_6" ended with a "Stop" status (Duration: 0.0000).	[MsgId: MMSG-16873]
Action.c(100): Notify: Transaction "transTes_7" started.	[MsgId: MMSG-16999]
Action.c(103): Notify: Transaction "transTes_7" ended with a "Stop" status (Duration: 0.0000).	[MsgId: MMSG-16873]
Action.c(112): Error: vuser failed	[MsgId: MERR-17999]
End auto log messages stack.	[MsgId: MMSG-10544]


Start auto log messages stack - Iteration 1.	[MsgId: MMSG-10545]
Action.c(103): Notify: Transaction "transTes_0" ended with a "Fail" status (Duration: 0.0000).	[MsgId: MMSG-16873]
Action.c(103): Notify: Transaction "transTes_0" has 0 error message(s).	[MsgId: MMSG-16818]
Action.c(100): Notify: Transaction "transTes_1" started.	[MsgId: MMSG-16999]
Action.c(103): Notify: Transaction "transTes_1" ended with a "Stop" status (Duration: 0.0000).	[MsgId: MMSG-16873]
Action.c(100): Notify: Transaction "transTes_2" started.	[MsgId: MMSG-16999]
Action.c(103): Notify: Transaction "transTes_2" ended with a "Pass" status (Duration: 0.0000).	[MsgId: MMSG-16873]
Action.c(100): Notify: Transaction "transTes_3" started.	[MsgId: MMSG-16999]
Action.c(103): Notify: Transaction "transTes_3" ended with a "Pass" status (Duration: 0.0000).	[MsgId: MMSG-16873]
Action.c(100): Notify: Transaction "transTes_4" started.	[MsgId: MMSG-16999]
Action.c(103): Notify: Transaction "transTes_4" ended with a "Fail" status (Duration: 0.0000).	[MsgId: MMSG-16873]
Action.c(103): Notify: Transaction "transTes_4" has 0 error message(s).	[MsgId: MMSG-16818]
Action.c(100): Notify: Transaction "transTes_5" started.	[MsgId: MMSG-16999]
Action.c(103): Notify: Transaction "transTes_5" ended with a "Pass" status (Duration: 0.0000).	[MsgId: MMSG-16873]
Action.c(100): Notify: Transaction "transTes_6" started.	[MsgId: MMSG-16999]
Action.c(103): Notify: Transaction "transTes_6" ended with a "Pass" status (Duration: 0.0000).	[MsgId: MMSG-16873]
Action.c(100): Notify: Transaction "transTes_7" started.	[MsgId: MMSG-16999]
Action.c(103): Notify: Transaction "transTes_7" ended with a "Fail" status (Duration: 0.0000).	[MsgId: MMSG-16873]
Action.c(103): Notify: Transaction "transTes_7" has 0 error message(s).	[MsgId: MMSG-16818]
Action.c(112): Error: vuser failed	[MsgId: MERR-17999]
End auto log messages stack.	[MsgId: MMSG-10544]


Start auto log messages stack - Iteration 1.	[MsgId: MMSG-10545]
Action.c(103): Notify: Transaction "transTes_0" ended with a "Fail" status (Duration: 0.0000).	[MsgId: MMSG-16873]
Action.c(103): Notify: Transaction "transTes_0" has 0 error message(s).	[MsgId: MMSG-16818]
Action.c(100): Notify: Transaction "transTes_1" started.	[MsgId: MMSG-16999]
Action.c(103): Notify: Transaction "transTes_1" ended with a "Stop" status (Duration: 0.0000).	[MsgId: MMSG-16873]
Action.c(100): Notify: Transaction "transTes_2" started.	[MsgId: MMSG-16999]
Action.c(103): Notify: Transaction "transTes_2" ended with a "Pass" status (Duration: 0.0000).	[MsgId: MMSG-16873]
Action.c(100): Notify: Transaction "transTes_3" started.	[MsgId: MMSG-16999]
Action.c(103): Notify: Transaction "transTes_3" ended with a "Pass" status (Duration: 0.0000).	[MsgId: MMSG-16873]
Action.c(100): Notify: Transaction "transTes_4" started.	[MsgId: MMSG-16999]
Action.c(103): Notify: Transaction "transTes_4" ended with a "Fail" status (Duration: 0.0000).	[MsgId: MMSG-16873]
Action.c(103): Notify: Transaction "transTes_4" has 0 error message(s).	[MsgId: MMSG-16818]
Action.c(100): Notify: Transaction "transTes_5" started.	[MsgId: MMSG-16999]
Action.c(103): Notify: Transaction "transTes_5" ended with a "Pass" status (Duration: 0.0000).	[MsgId: MMSG-16873]
Action.c(100): Notify: Transaction "transTes_6" started.	[MsgId: MMSG-16999]
Action.c(103): Notify: Transaction "transTes_6" ended with a "Pass" status (Duration: 0.0000).	[MsgId: MMSG-16873]
Action.c(100): Notify: Transaction "transTes_7" started.	[MsgId: MMSG-16999]
Action.c(103): Notify: Transaction "transTes_7" ended with a "Fail" status (Duration: 0.0000).	[MsgId: MMSG-16873]
Action.c(103): Notify: Transaction "transTes_7" has 0 error message(s).	[MsgId: MMSG-16818]
Action.c(112): Error: vuser failed	[MsgId: MERR-17999]
End auto log messages stack.	[MsgId: MMSG-10544]


Start auto log messages stack - Iteration 1.	[MsgId: MMSG-10545]
Start auto log messages stack - Iteration 1.	[MsgId: MMSG-10545]
Action.c(103): Notify: Transaction "transTes_0" ended with a "Fail" status (Duration: 0.0000).	[MsgId: MMSG-16873]
Action.c(103): Notify: Transaction "transTes_0" has 0 error message(s).	[MsgId: MMSG-16818]
Action.c(93): Notify: Transaction "Trans_other" ended with a "Pass" status (Duration: 4.0652 Think Time: 4.0480).	[MsgId: MMSG-16872]
Action.c(100): Notify: Transaction "transTes_0" started.	[MsgId: MMSG-16999]
Action.c(103): Notify: Transaction "transTes_0" ended with a "Pass" status (Duration: 0.0000).	[MsgId: MMSG-16873]
Action.c(100): Notify: Transaction "transTes_1" started.	[MsgId: MMSG-16999]
Action.c(103): Notify: Transaction "transTes_1" ended with a "Fail" status (Duration: 0.0000).	[MsgId: MMSG-16873]
Action.c(103): Notify: Transaction "transTes_1" has 0 error message(s).	[MsgId: MMSG-16818]
Action.c(100): Notify: Transaction "transTes_2" started.	[MsgId: MMSG-16999]
Action.c(103): Notify: Transaction "transTes_2" ended with a "Pass" status (Duration: 0.0000).	[MsgId: MMSG-16873]
Action.c(100): Notify: Transaction "transTes_3" started.	[MsgId: MMSG-16999]
Action.c(103): Notify: Transaction "transTes_3" ended with a "Pass" status (Duration: 0.0000).	[MsgId: MMSG-16873]
Action.c(100): Notify: Transaction "transTes_4" started.	[MsgId: MMSG-16999]
Action.c(103): Notify: Transaction "transTes_4" ended with a "Stop" status (Duration: 0.0000).	[MsgId: MMSG-16873]
Action.c(100): Notify: Transaction "transTes_5" started.	[MsgId: MMSG-16999]
Action.c(103): Notify: Transaction "transTes_5" ended with a "Stop" status (Duration: 0.0000).	[MsgId: MMSG-16873]
Action.c(100): Notify: Transaction "transTes_6" started.	[MsgId: MMSG-16999]
Action.c(103): Notify: Transaction "transTes_6" ended with a "Pass" status (Duration: 0.0000).	[MsgId: MMSG-16873]
Action.c(100): Notify: Transaction "transTes_7" started.	[MsgId: MMSG-16999]
Action.c(103): Notify: Transaction "transTes_7" ended with a "Pass" status (Duration: 0.0000).	[MsgId: MMSG-16873]
Action.c(112): Error: vuser failed	[MsgId: MERR-17999]
End auto log messages stack.	[MsgId: MMSG-10544]


Start auto log messages stack - Iteration 1.	[MsgId: MMSG-10545]
Action.c(93): Notify: Transaction "Trans_other" ended with a "Pass" status (Duration: 4.0638 Think Time: 4.0495).	[MsgId: MMSG-16872]
Action.c(100): Notify: Transaction "transTes_0" started.	[MsgId: MMSG-16999]
Action.c(103): Notify: Transaction "transTes_0" ended with a "Pass" status (Duration: 0.0000).	[MsgId: MMSG-16873]
Action.c(100): Notify: Transaction "transTes_1" started.	[MsgId: MMSG-16999]
Action.c(103): Notify: Transaction "transTes_1" ended with a "Fail" status (Duration: 0.0000).	[MsgId: MMSG-16873]
Action.c(103): Notify: Transaction "transTes_1" has 0 error message(s).	[MsgId: MMSG-16818]
Action.c(100): Notify: Transaction "transTes_2" started.	[MsgId: MMSG-16999]
Action.c(103): Notify: Transaction "transTes_2" ended with a "Pass" status (Duration: 0.0000).	[MsgId: MMSG-16873]
Action.c(100): Notify: Transaction "transTes_3" started.	[MsgId: MMSG-16999]
Action.c(103): Notify: Transaction "transTes_3" ended with a "Pass" status (Duration: 0.0000).	[MsgId: MMSG-16873]
Action.c(100): Notify: Transaction "transTes_4" started.	[MsgId: MMSG-16999]
Action.c(103): Notify: Transaction "transTes_4" ended with a "Stop" status (Duration: 0.0000).	[MsgId: MMSG-16873]
Action.c(100): Notify: Transaction "transTes_5" started.	[MsgId: MMSG-16999]
Action.c(103): Notify: Transaction "transTes_5" ended with a "Stop" status (Duration: 0.0000).	[MsgId: MMSG-16873]
Action.c(100): Notify: Transaction "transTes_6" started.	[MsgId: MMSG-16999]
Action.c(103): Notify: Transaction "transTes_6" ended with a "Pass" status (Duration: 0.0000).	[MsgId: MMSG-16873]
Action.c(100): Notify: Transaction "transTes_7" started.	[MsgId: MMSG-16999]
Action.c(103): Notify: Transaction "transTes_7" ended with a "Pass" status (Duration: 0.0000).	[MsgId: MMSG-16873]
Action.c(112): Error: vuser failed	[MsgId: MERR-17999]
End auto log messages stack.	[MsgId: MMSG-10544]


Start auto log messages stack - Iteration 1.	[MsgId: MMSG-10545]
Action.c(103): Notify: Transaction "transTes_0" ended with a "Fail" status (Duration: 0.0000).	[MsgId: MMSG-16873]
Action.c(103): Notify: Transaction "transTes_0" has 0 error message(s).	[MsgId: MMSG-16818]
Action.c(100): Notify: Transaction "transTes_1" started.	[MsgId: MMSG-16999]
Action.c(103): Notify: Transaction "transTes_1" ended with a "Stop" status (Duration: 0.0000).	[MsgId: MMSG-16873]
Action.c(100): Notify: Transaction "transTes_2" started.	[MsgId: MMSG-16999]
Action.c(103): Notify: Transaction "transTes_2" ended with a "Pass" status (Duration: 0.0000).	[MsgId: MMSG-16873]
Action.c(100): Notify: Transaction "transTes_3" started.	[MsgId: MMSG-16999]
Action.c(103): Notify: Transaction "transTes_3" ended with a "Pass" status (Duration: 0.0000).	[MsgId: MMSG-16873]
Action.c(100): Notify: Transaction "transTes_4" started.	[MsgId: MMSG-16999]
Action.c(103): Notify: Transaction "transTes_4" ended with a "Fail" status (Duration: 0.0000).	[MsgId: MMSG-16873]
Action.c(103): Notify: Transaction "transTes_4" has 0 error message(s).	[MsgId: MMSG-16818]
Action.c(100): Notify: Transaction "transTes_5" started.	[MsgId: MMSG-16999]
Action.c(103): Notify: Transaction "transTes_5" ended with a "Pass" status (Duration: 0.0000).	[MsgId: MMSG-16873]
Action.c(100): Notify: Transaction "transTes_6" started.	[MsgId: MMSG-16999]
Action.c(103): Notify: Transaction "transTes_6" ended with a "Pass" status (Duration: 0.0000).	[MsgId: MMSG-16873]
Action.c(100): Notify: Transaction "transTes_7" started.	[MsgId: MMSG-16999]
Action.c(103): Notify: Transaction "transTes_7" ended with a "Fail" status (Duration: 0.0000).	[MsgId: MMSG-16873]
Action.c(103): Notify: Transaction "transTes_7" has 0 error message(s).	[MsgId: MMSG-16818]
Action.c(112): Error: vuser failed	[MsgId: MERR-17999]
End auto log messages stack.	[MsgId: MMSG-10544]


Start auto log messages stack - Iteration 1.	[MsgId: MMSG-10545]
Action.c(103): Notify: Transaction "transTes_0" ended with a "Fail" status (Duration: 0.0000).	[MsgId: MMSG-16873]
Action.c(103): Notify: Transaction "transTes_0" has 0 error message(s).	[MsgId: MMSG-16818]
Action.c(100): Notify: Transaction "transTes_1" started.	[MsgId: MMSG-16999]
Action.c(103): Notify: Transaction "transTes_1" ended with a "Stop" status (Duration: 0.0000).	[MsgId: MMSG-16873]
Action.c(100): Notify: Transaction "transTes_2" started.	[MsgId: MMSG-16999]
Action.c(103): Notify: Transaction "transTes_2" ended with a "Pass" status (Duration: 0.0000).	[MsgId: MMSG-16873]
Action.c(100): Notify: Transaction "transTes_3" started.	[MsgId: MMSG-16999]
Action.c(103): Notify: Transaction "transTes_3" ended with a "Pass" status (Duration: 0.0000).	[MsgId: MMSG-16873]
Action.c(100): Notify: Transaction "transTes_4" started.	[MsgId: MMSG-16999]
Action.c(103): Notify: Transaction "transTes_4" ended with a "Fail" status (Duration: 0.0000).	[MsgId: MMSG-16873]
Action.c(103): Notify: Transaction "transTes_4" has 0 error message(s).	[MsgId: MMSG-16818]
Action.c(100): Notify: Transaction "transTes_5" started.	[MsgId: MMSG-16999]
Action.c(103): Notify: Transaction "transTes_5" ended with a "Pass" status (Duration: 0.0000).	[MsgId: MMSG-16873]
Action.c(100): Notify: Transaction "transTes_6" started.	[MsgId: MMSG-16999]
Action.c(103): Notify: Transaction "transTes_6" ended with a "Pass" status (Duration: 0.0000).	[MsgId: MMSG-16873]
Action.c(100): Notify: Transaction "transTes_7" started.	[MsgId: MMSG-16999]
Action.c(103): Notify: Transaction "transTes_7" ended with a "Fail" status (Duration: 0.0000).	[MsgId: MMSG-16873]
Action.c(103): Notify: Transaction "transTes_7" has 0 error message(s).	[MsgId: MMSG-16818]
Action.c(112): Error: vuser failed	[MsgId: MERR-17999]
End auto log messages stack.	[MsgId: MMSG-10544]


Start auto log messages stack - Iteration 1.	[MsgId: MMSG-10545]
Action.c(103): Notify: Transaction "transTes_0" ended with a "Fail" status (Duration: 0.0000).	[MsgId: MMSG-16873]
Action.c(103): Notify: Transaction "transTes_0" has 0 error message(s).	[MsgId: MMSG-16818]
Action.c(100): Notify: Transaction "transTes_1" started.	[MsgId: MMSG-16999]
Action.c(103): Notify: Transaction "transTes_1" ended with a "Stop" status (Duration: 0.0000).	[MsgId: MMSG-16873]
Action.c(100): Notify: Transaction "transTes_2" started.	[MsgId: MMSG-16999]
Action.c(103): Notify: Transaction "transTes_2" ended with a "Pass" status (Duration: 0.0000).	[MsgId: MMSG-16873]
Action.c(100): Notify: Transaction "transTes_3" started.	[MsgId: MMSG-16999]
Action.c(103): Notify: Transaction "transTes_3" ended with a "Pass" status (Duration: 0.0000).	[MsgId: MMSG-16873]
Action.c(100): Notify: Transaction "transTes_4" started.	[MsgId: MMSG-16999]
Action.c(103): Notify: Transaction "transTes_4" ended with a "Fail" status (Duration: 0.0000).	[MsgId: MMSG-16873]
Action.c(103): Notify: Transaction "transTes_4" has 0 error message(s).	[MsgId: MMSG-16818]
Action.c(100): Notify: Transaction "transTes_5" started.	[MsgId: MMSG-16999]
Action.c(103): Notify: Transaction "transTes_5" ended with a "Pass" status (Duration: 0.0000).	[MsgId: MMSG-16873]
Action.c(100): Notify: Transaction "transTes_6" started.	[MsgId: MMSG-16999]
Action.c(103): Notify: Transaction "transTes_6" ended with a "Pass" status (Duration: 0.0000).	[MsgId: MMSG-16873]
Action.c(100): Notify: Transaction "transTes_7" started.	[MsgId: MMSG-16999]
Action.c(103): Notify: Transaction "transTes_7" ended with a "Fail" status (Duration: 0.0000).	[MsgId: MMSG-16873]
Action.c(103): Notify: Transaction "transTes_7" has 0 error message(s).	[MsgId: MMSG-16818]
Action.c(112): Error: vuser failed	[MsgId: MERR-17999]
End auto log messages stack.	[MsgId: MMSG-10544]


Action.c(100): Notify: Transaction "transTes_1" started.	[MsgId: MMSG-16999]
Action.c(103): Notify: Transaction "transTes_1" ended with a "Stop" status (Duration: 0.0000).	[MsgId: MMSG-16873]
Action.c(100): Notify: Transaction "transTes_2" started.	[MsgId: MMSG-16999]
Action.c(103): Notify: Transaction "transTes_2" ended with a "Pass" status (Duration: 0.0000).	[MsgId: MMSG-16873]
Action.c(100): Notify: Transaction "transTes_3" started.	[MsgId: MMSG-16999]
Action.c(103): Notify: Transaction "transTes_3" ended with a "Pass" status (Duration: 0.0000).	[MsgId: MMSG-16873]
Action.c(100): Notify: Transaction "transTes_4" started.	[MsgId: MMSG-16999]
Action.c(103): Notify: Transaction "transTes_4" ended with a "Fail" status (Duration: 0.0000).	[MsgId: MMSG-16873]
Action.c(103): Notify: Transaction "transTes_4" has 0 error message(s).	[MsgId: MMSG-16818]
Action.c(100): Notify: Transaction "transTes_5" started.	[MsgId: MMSG-16999]
Action.c(103): Notify: Transaction "transTes_5" ended with a "Pass" status (Duration: 0.0000).	[MsgId: MMSG-16873]
Action.c(100): Notify: Transaction "transTes_6" started.	[MsgId: MMSG-16999]
Action.c(103): Notify: Transaction "transTes_6" ended with a "Pass" status (Duration: 0.0000).	[MsgId: MMSG-16873]
Action.c(100): Notify: Transaction "transTes_7" started.	[MsgId: MMSG-16999]
Action.c(103): Notify: Transaction "transTes_7" ended with a "Fail" status (Duration: 0.0000).	[MsgId: MMSG-16873]
Action.c(103): Notify: Transaction "transTes_7" has 0 error message(s).	[MsgId: MMSG-16818]
Action.c(112): Error: vuser failed	[MsgId: MERR-17999]
End auto log messages stack.	[MsgId: MMSG-10544]


Start auto log messages stack - Iteration 1.	[MsgId: MMSG-10545]
Action.c(103): Notify: Transaction "transTes_0" ended with a "Fail" status (Duration: 0.0000).	[MsgId: MMSG-16873]
Action.c(103): Notify: Transaction "transTes_0" has 0 error message(s).	[MsgId: MMSG-16818]
Action.c(100): Notify: Transaction "transTes_1" started.	[MsgId: MMSG-16999]
Action.c(103): Notify: Transaction "transTes_1" ended with a "Stop" status (Duration: 0.0000).	[MsgId: MMSG-16873]
Action.c(100): Notify: Transaction "transTes_2" started.	[MsgId: MMSG-16999]
Action.c(103): Notify: Transaction "transTes_2" ended with a "Pass" status (Duration: 0.0000).	[MsgId: MMSG-16873]
Action.c(100): Notify: Transaction "transTes_3" started.	[MsgId: MMSG-16999]
Action.c(103): Notify: Transaction "transTes_3" ended with a "Pass" status (Duration: 0.0000).	[MsgId: MMSG-16873]
Action.c(100): Notify: Transaction "transTes_4" started.	[MsgId: MMSG-16999]
Action.c(103): Notify: Transaction "transTes_4" ended with a "Fail" status (Duration: 0.0000).	[MsgId: MMSG-16873]
Action.c(103): Notify: Transaction "transTes_4" has 0 error message(s).	[MsgId: MMSG-16818]
Action.c(100): Notify: Transaction "transTes_5" started.	[MsgId: MMSG-16999]
Action.c(103): Notify: Transaction "transTes_5" ended with a "Pass" status (Duration: 0.0000).	[MsgId: MMSG-16873]
Action.c(100): Notify: Transaction "transTes_6" started.	[MsgId: MMSG-16999]
Action.c(103): Notify: Transaction "transTes_6" ended with a "Pass" status (Duration: 0.0000).	[MsgId: MMSG-16873]
Action.c(100): Notify: Transaction "transTes_7" started.	[MsgId: MMSG-16999]
Action.c(103): Notify: Transaction "transTes_7" ended with a "Fail" status (Duration: 0.0000).	[MsgId: MMSG-16873]
Action.c(103): Notify: Transaction "transTes_7" has 0 error message(s).	[MsgId: MMSG-16818]
Action.c(112): Error: vuser failed	[MsgId: MERR-17999]
End auto log messages stack.	[MsgId: MMSG-10544]


Start auto log messages stack - Iteration 1.	[MsgId: MMSG-10545]
Action.c(93): Notify: Transaction "Trans_other" ended with a "Pass" status (Duration: 4.0323 Think Time: 4.0001).	[MsgId: MMSG-16872]
Action.c(100): Notify: Transaction "transTes_0" started.	[MsgId: MMSG-16999]
Action.c(103): Notify: Transaction "transTes_0" ended with a "Stop" status (Duration: 0.0000).	[MsgId: MMSG-16873]
Action.c(100): Notify: Transaction "transTes_1" started.	[MsgId: MMSG-16999]
Action.c(103): Notify: Transaction "transTes_1" ended with a "Pass" status (Duration: 0.0000).	[MsgId: MMSG-16873]
Start auto log messages stack - Iteration 1.	[MsgId: MMSG-10545]
Action.c(93): Notify: Transaction "Trans_other" ended with a "Pass" status (Duration: 4.0319 Think Time: 4.0153).	[MsgId: MMSG-16872]
Action.c(100): Notify: Transaction "transTes_0" started.	[MsgId: MMSG-16999]
Action.c(103): Notify: Transaction "transTes_0" ended with a "Stop" status (Duration: 0.0000).	[MsgId: MMSG-16873]
Action.c(100): Notify: Transaction "transTes_1" started.	[MsgId: MMSG-16999]
Action.c(103): Notify: Transaction "transTes_1" ended with a "Pass" status (Duration: 0.0000).	[MsgId: MMSG-16873]
Action.c(100): Notify: Transaction "transTes_2" started.	[MsgId: MMSG-16999]
Action.c(103): Notify: Transaction "transTes_2" ended with a "Pass" status (Duration: 0.0000).	[MsgId: MMSG-16873]
Action.c(100): Notify: Transaction "transTes_3" started.	[MsgId: MMSG-16999]
Action.c(103): Notify: Transaction "transTes_3" ended with a "Stop" status (Duration: 0.0000).	[MsgId: MMSG-16873]
Action.c(100): Notify: Transaction "transTes_4" started.	[MsgId: MMSG-16999]
Action.c(103): Notify: Transaction "transTes_4" ended with a "Pass" status (Duration: 0.0000).	[MsgId: MMSG-16873]
Action.c(100): Notify: Transaction "transTes_5" started.	[MsgId: MMSG-16999]
Action.c(103): Notify: Transaction "transTes_5" ended with a "Fail" status (Duration: 0.0000).	[MsgId: MMSG-16873]
Action.c(103): Notify: Transaction "transTes_5" has 0 error message(s).	[MsgId: MMSG-16818]
Action.c(100): Notify: Transaction "transTes_6" started.	[MsgId: MMSG-16999]
Action.c(103): Notify: Transaction "transTes_6" ended with a "Stop" status (Duration: 0.0000).	[MsgId: MMSG-16873]
Action.c(100): Notify: Transaction "transTes_7" started.	[MsgId: MMSG-16999]
Action.c(103): Notify: Transaction "transTes_7" ended with a "Stop" status (Duration: 0.0000).	[MsgId: MMSG-16873]
Action.c(112): Error: vuser failed	[MsgId: MERR-17999]
End auto log messages stack.	[MsgId: MMSG-10544]


Action.c(100): Notify: Transaction "transTes_2" started.	[MsgId: MMSG-16999]
Action.c(103): Notify: Transaction "transTes_2" ended with a "Pass" status (Duration: 0.0000).	[MsgId: MMSG-16873]
Action.c(100): Notify: Transaction "transTes_3" started.	[MsgId: MMSG-16999]
Action.c(103): Notify: Transaction "transTes_3" ended with a "Stop" status (Duration: 0.0000).	[MsgId: MMSG-16873]
Action.c(100): Notify: Transaction "transTes_4" started.	[MsgId: MMSG-16999]
Action.c(103): Notify: Transaction "transTes_4" ended with a "Pass" status (Duration: 0.0000).	[MsgId: MMSG-16873]
Action.c(100): Notify: Transaction "transTes_5" started.	[MsgId: MMSG-16999]
Action.c(103): Notify: Transaction "transTes_5" ended with a "Fail" status (Duration: 0.0000).	[MsgId: MMSG-16873]
Action.c(103): Notify: Transaction "transTes_5" has 0 error message(s).	[MsgId: MMSG-16818]
Action.c(100): Notify: Transaction "transTes_6" started.	[MsgId: MMSG-16999]
Action.c(103): Notify: Transaction "transTes_6" ended with a "Stop" status (Duration: 0.0000).	[MsgId: MMSG-16873]
Action.c(100): Notify: Transaction "transTes_7" started.	[MsgId: MMSG-16999]
Action.c(103): Notify: Transaction "transTes_7" ended with a "Stop" status (Duration: 0.0000).	[MsgId: MMSG-16873]
Action.c(112): Error: vuser failed	[MsgId: MERR-17999]
End auto log messages stack.	[MsgId: MMSG-10544]


Start auto log messages stack - Iteration 1.	[MsgId: MMSG-10545]
Action.c(103): Notify: Transaction "transTes_0" ended with a "Fail" status (Duration: 0.0000).	[MsgId: MMSG-16873]
Action.c(103): Notify: Transaction "transTes_0" has 0 error message(s).	[MsgId: MMSG-16818]
Action.c(100): Notify: Transaction "transTes_1" started.	[MsgId: MMSG-16999]
Action.c(103): Notify: Transaction "transTes_1" ended with a "Stop" status (Duration: 0.0000).	[MsgId: MMSG-16873]
Action.c(100): Notify: Transaction "transTes_2" started.	[MsgId: MMSG-16999]
Action.c(103): Notify: Transaction "transTes_2" ended with a "Pass" status (Duration: 0.0000).	[MsgId: MMSG-16873]
Action.c(100): Notify: Transaction "transTes_3" started.	[MsgId: MMSG-16999]
Action.c(103): Notify: Transaction "transTes_3" ended with a "Pass" status (Duration: 0.0000).	[MsgId: MMSG-16873]
Action.c(100): Notify: Transaction "transTes_4" started.	[MsgId: MMSG-16999]
Action.c(103): Notify: Transaction "transTes_4" ended with a "Fail" status (Duration: 0.0000).	[MsgId: MMSG-16873]
Action.c(103): Notify: Transaction "transTes_4" has 0 error message(s).	[MsgId: MMSG-16818]
Action.c(100): Notify: Transaction "transTes_5" started.	[MsgId: MMSG-16999]
Action.c(103): Notify: Transaction "transTes_5" ended with a "Pass" status (Duration: 0.0000).	[MsgId: MMSG-16873]
Action.c(100): Notify: Transaction "transTes_6" started.	[MsgId: MMSG-16999]
Action.c(103): Notify: Transaction "transTes_6" ended with a "Pass" status (Duration: 0.0000).	[MsgId: MMSG-16873]
Action.c(100): Notify: Transaction "transTes_7" started.	[MsgId: MMSG-16999]
Action.c(103): Notify: Transaction "transTes_7" ended with a "Fail" status (Duration: 0.0000).	[MsgId: MMSG-16873]
Action.c(103): Notify: Transaction "transTes_7" has 0 error message(s).	[MsgId: MMSG-16818]
Action.c(112): Error: vuser failed	[MsgId: MERR-17999]
End auto log messages stack.	[MsgId: MMSG-10544]


Start auto log messages stack - Iteration 1.	[MsgId: MMSG-10545]
Action.c(103): Notify: Transaction "transTes_0" ended with a "Fail" status (Duration: 0.0000).	[MsgId: MMSG-16873]
Action.c(103): Notify: Transaction "transTes_0" has 0 error message(s).	[MsgId: MMSG-16818]
Action.c(100): Notify: Transaction "transTes_1" started.	[MsgId: MMSG-16999]
Action.c(103): Notify: Transaction "transTes_1" ended with a "Stop" status (Duration: 0.0000).	[MsgId: MMSG-16873]
Action.c(100): Notify: Transaction "transTes_2" started.	[MsgId: MMSG-16999]
Action.c(103): Notify: Transaction "transTes_2" ended with a "Pass" status (Duration: 0.0000).	[MsgId: MMSG-16873]
Action.c(100): Notify: Transaction "transTes_3" started.	[MsgId: MMSG-16999]
Action.c(103): Notify: Transaction "transTes_3" ended with a "Pass" status (Duration: 0.0000).	[MsgId: MMSG-16873]
Action.c(100): Notify: Transaction "transTes_4" started.	[MsgId: MMSG-16999]
Action.c(103): Notify: Transaction "transTes_4" ended with a "Fail" status (Duration: 0.0000).	[MsgId: MMSG-16873]
Action.c(103): Notify: Transaction "transTes_4" has 0 error message(s).	[MsgId: MMSG-16818]
Action.c(100): Notify: Transaction "transTes_5" started.	[MsgId: MMSG-16999]
Action.c(103): Notify: Transaction "transTes_5" ended with a "Pass" status (Duration: 0.0000).	[MsgId: MMSG-16873]
Action.c(100): Notify: Transaction "transTes_6" started.	[MsgId: MMSG-16999]
Action.c(103): Notify: Transaction "transTes_6" ended with a "Pass" status (Duration: 0.0000).	[MsgId: MMSG-16873]
Action.c(100): Notify: Transaction "transTes_7" started.	[MsgId: MMSG-16999]
Action.c(103): Notify: Transaction "transTes_7" ended with a "Fail" status (Duration: 0.0000).	[MsgId: MMSG-16873]
Action.c(103): Notify: Transaction "transTes_7" has 0 error message(s).	[MsgId: MMSG-16818]
Action.c(112): Error: vuser failed	[MsgId: MERR-17999]
End auto log messages stack.	[MsgId: MMSG-10544]


Start auto log messages stack - Iteration 1.	[MsgId: MMSG-10545]
Action.c(103): Notify: Transaction "transTes_0" ended with a "Fail" status (Duration: 0.0000).	[MsgId: MMSG-16873]
Start auto log messages stack - Iteration 1.	[MsgId: MMSG-10545]
Action.c(103): Notify: Transaction "transTes_0" has 0 error message(s).	[MsgId: MMSG-16818]
Action.c(100): Notify: Transaction "transTes_1" started.	[MsgId: MMSG-16999]
Action.c(103): Notify: Transaction "transTes_1" ended with a "Stop" status (Duration: 0.0000).	[MsgId: MMSG-16873]
Action.c(100): Notify: Transaction "transTes_2" started.	[MsgId: MMSG-16999]
Action.c(103): Notify: Transaction "transTes_2" ended with a "Pass" status (Duration: 0.0000).	[MsgId: MMSG-16873]
Action.c(103): Notify: Transaction "transTes_0" ended with a "Fail" status (Duration: 0.0000).	[MsgId: MMSG-16873]
Action.c(103): Notify: Transaction "transTes_0" has 0 error message(s).	[MsgId: MMSG-16818]
Action.c(100): Notify: Transaction "transTes_1" started.	[MsgId: MMSG-16999]
Action.c(103): Notify: Transaction "transTes_1" ended with a "Stop" status (Duration: 0.0000).	[MsgId: MMSG-16873]
Action.c(100): Notify: Transaction "transTes_2" started.	[MsgId: MMSG-16999]
Action.c(103): Notify: Transaction "transTes_2" ended with a "Pass" status (Duration: 0.0000).	[MsgId: MMSG-16873]
Action.c(100): Notify: Transaction "transTes_3" started.	[MsgId: MMSG-16999]
Action.c(103): Notify: Transaction "transTes_3" ended with a "Pass" status (Duration: 0.0000).	[MsgId: MMSG-16873]
Action.c(100): Notify: Transaction "transTes_4" started.	[MsgId: MMSG-16999]
Action.c(103): Notify: Transaction "transTes_4" ended with a "Fail" status (Duration: 0.0000).	[MsgId: MMSG-16873]
Action.c(103): Notify: Transaction "transTes_4" has 0 error message(s).	[MsgId: MMSG-16818]
Action.c(100): Notify: Transaction "transTes_5" started.	[MsgId: MMSG-16999]
Action.c(103): Notify: Transaction "transTes_5" ended with a "Pass" status (Duration: 0.0000).	[MsgId: MMSG-16873]
Action.c(100): Notify: Transaction "transTes_6" started.	[MsgId: MMSG-16999]
Action.c(103): Notify: Transaction "transTes_6" ended with a "Pass" status (Duration: 0.0000).	[MsgId: MMSG-16873]
Action.c(100): Notify: Transaction "transTes_7" started.	[MsgId: MMSG-16999]
Action.c(103): Notify: Transaction "transTes_7" ended with a "Fail" status (Duration: 0.0000).	[MsgId: MMSG-16873]
Action.c(103): Notify: Transaction "transTes_7" has 0 error message(s).	[MsgId: MMSG-16818]
Action.c(112): Error: vuser failed	[MsgId: MERR-17999]
End auto log messages stack.	[MsgId: MMSG-10544]


Action.c(100): Notify: Transaction "transTes_3" started.	[MsgId: MMSG-16999]
Action.c(103): Notify: Transaction "transTes_3" ended with a "Pass" status (Duration: 0.0000).	[MsgId: MMSG-16873]
Action.c(100): Notify: Transaction "transTes_4" started.	[MsgId: MMSG-16999]
Action.c(103): Notify: Transaction "transTes_4" ended with a "Fail" status (Duration: 0.0000).	[MsgId: MMSG-16873]
Action.c(103): Notify: Transaction "transTes_4" has 0 error message(s).	[MsgId: MMSG-16818]
Action.c(100): Notify: Transaction "transTes_5" started.	[MsgId: MMSG-16999]
Action.c(103): Notify: Transaction "transTes_5" ended with a "Pass" status (Duration: 0.0000).	[MsgId: MMSG-16873]
Action.c(100): Notify: Transaction "transTes_6" started.	[MsgId: MMSG-16999]
Action.c(103): Notify: Transaction "transTes_6" ended with a "Pass" status (Duration: 0.0000).	[MsgId: MMSG-16873]
Action.c(100): Notify: Transaction "transTes_7" started.	[MsgId: MMSG-16999]
Action.c(103): Notify: Transaction "transTes_7" ended with a "Fail" status (Duration: 0.0000).	[MsgId: MMSG-16873]
Action.c(103): Notify: Transaction "transTes_7" has 0 error message(s).	[MsgId: MMSG-16818]
Action.c(112): Error: vuser failed	[MsgId: MERR-17999]
End auto log messages stack.	[MsgId: MMSG-10544]


Start auto log messages stack - Iteration 1.	[MsgId: MMSG-10545]
Action.c(93): Notify: Transaction "Trans_other" ended with a "Pass" status (Duration: 4.0982 Think Time: 4.0563).	[MsgId: MMSG-16872]
Action.c(100): Notify: Transaction "transTes_0" started.	[MsgId: MMSG-16999]
Action.c(103): Notify: Transaction "transTes_0" ended with a "Pass" status (Duration: 0.0000).	[MsgId: MMSG-16873]
Action.c(100): Notify: Transaction "transTes_1" started.	[MsgId: MMSG-16999]
Action.c(103): Notify: Transaction "transTes_1" ended with a "Fail" status (Duration: 0.0000).	[MsgId: MMSG-16873]
Action.c(103): Notify: Transaction "transTes_1" has 0 error message(s).	[MsgId: MMSG-16818]
Action.c(100): Notify: Transaction "transTes_2" started.	[MsgId: MMSG-16999]
Action.c(103): Notify: Transaction "transTes_2" ended with a "Pass" status (Duration: 0.0000).	[MsgId: MMSG-16873]
Action.c(100): Notify: Transaction "transTes_3" started.	[MsgId: MMSG-16999]
Action.c(103): Notify: Transaction "transTes_3" ended with a "Pass" status (Duration: 0.0000).	[MsgId: MMSG-16873]
Action.c(100): Notify: Transaction "transTes_4" started.	[MsgId: MMSG-16999]
Action.c(103): Notify: Transaction "transTes_4" ended with a "Stop" status (Duration: 0.0000).	[MsgId: MMSG-16873]
Action.c(100): Notify: Transaction "transTes_5" started.	[MsgId: MMSG-16999]
Action.c(103): Notify: Transaction "transTes_5" ended with a "Stop" status (Duration: 0.0000).	[MsgId: MMSG-16873]
Action.c(100): Notify: Transaction "transTes_6" started.	[MsgId: MMSG-16999]
Action.c(103): Notify: Transaction "transTes_6" ended with a "Pass" status (Duration: 0.0000).	[MsgId: MMSG-16873]
Action.c(100): Notify: Transaction "transTes_7" started.	[MsgId: MMSG-16999]
Action.c(103): Notify: Transaction "transTes_7" ended with a "Pass" status (Duration: 0.0000).	[MsgId: MMSG-16873]
Action.c(112): Error: vuser failed	[MsgId: MERR-17999]
End auto log messages stack.	[MsgId: MMSG-10544]


Start auto log messages stack - Iteration 1.	[MsgId: MMSG-10545]
Action.c(93): Notify: Transaction "Trans_other" ended with a "Pass" status (Duration: 4.0960 Think Time: 4.0821).	[MsgId: MMSG-16872]
Action.c(100): Notify: Transaction "transTes_0" started.	[MsgId: MMSG-16999]
Action.c(103): Notify: Transaction "transTes_0" ended with a "Pass" status (Duration: 0.0000).	[MsgId: MMSG-16873]
Action.c(100): Notify: Transaction "transTes_1" started.	[MsgId: MMSG-16999]
Action.c(103): Notify: Transaction "transTes_1" ended with a "Fail" status (Duration: 0.0000).	[MsgId: MMSG-16873]
Action.c(103): Notify: Transaction "transTes_1" has 0 error message(s).	[MsgId: MMSG-16818]
Action.c(100): Notify: Transaction "transTes_2" started.	[MsgId: MMSG-16999]
Action.c(103): Notify: Transaction "transTes_2" ended with a "Pass" status (Duration: 0.0000).	[MsgId: MMSG-16873]
Action.c(100): Notify: Transaction "transTes_3" started.	[MsgId: MMSG-16999]
Action.c(103): Notify: Transaction "transTes_3" ended with a "Pass" status (Duration: 0.0000).	[MsgId: MMSG-16873]
Action.c(100): Notify: Transaction "transTes_4" started.	[MsgId: MMSG-16999]
Action.c(103): Notify: Transaction "transTes_4" ended with a "Stop" status (Duration: 0.0000).	[MsgId: MMSG-16873]
Action.c(100): Notify: Transaction "transTes_5" started.	[MsgId: MMSG-16999]
Action.c(103): Notify: Transaction "transTes_5" ended with a "Stop" status (Duration: 0.0000).	[MsgId: MMSG-16873]
Action.c(100): Notify: Transaction "transTes_6" started.	[MsgId: MMSG-16999]
Action.c(103): Notify: Transaction "transTes_6" ended with a "Pass" status (Duration: 0.0000).	[MsgId: MMSG-16873]
Action.c(100): Notify: Transaction "transTes_7" started.	[MsgId: MMSG-16999]
Action.c(103): Notify: Transaction "transTes_7" ended with a "Pass" status (Duration: 0.0000).	[MsgId: MMSG-16873]
Action.c(112): Error: vuser failed	[MsgId: MERR-17999]
End auto log messages stack.	[MsgId: MMSG-10544]


Start auto log messages stack - Iteration 1.	[MsgId: MMSG-10545]
Action.c(103): Notify: Transaction "transTes_0" ended with a "Fail" status (Duration: 0.0000).	[MsgId: MMSG-16873]
Action.c(103): Notify: Transaction "transTes_0" has 0 error message(s).	[MsgId: MMSG-16818]
Action.c(100): Notify: Transaction "transTes_1" started.	[MsgId: MMSG-16999]
Action.c(103): Notify: Transaction "transTes_1" ended with a "Stop" status (Duration: 0.0000).	[MsgId: MMSG-16873]
Action.c(100): Notify: Transaction "transTes_2" started.	[MsgId: MMSG-16999]
Action.c(103): Notify: Transaction "transTes_2" ended with a "Pass" status (Duration: 0.0000).	[MsgId: MMSG-16873]
Action.c(100): Notify: Transaction "transTes_3" started.	[MsgId: MMSG-16999]
Action.c(103): Notify: Transaction "transTes_3" ended with a "Pass" status (Duration: 0.0000).	[MsgId: MMSG-16873]
Action.c(100): Notify: Transaction "transTes_4" started.	[MsgId: MMSG-16999]
Action.c(103): Notify: Transaction "transTes_4" ended with a "Fail" status (Duration: 0.0000).	[MsgId: MMSG-16873]
Action.c(103): Notify: Transaction "transTes_4" has 0 error message(s).	[MsgId: MMSG-16818]
Action.c(100): Notify: Transaction "transTes_5" started.	[MsgId: MMSG-16999]
Action.c(103): Notify: Transaction "transTes_5" ended with a "Pass" status (Duration: 0.0000).	[MsgId: MMSG-16873]
Action.c(100): Notify: Transaction "transTes_6" started.	[MsgId: MMSG-16999]
Action.c(103): Notify: Transaction "transTes_6" ended with a "Pass" status (Duration: 0.0000).	[MsgId: MMSG-16873]
Action.c(100): Notify: Transaction "transTes_7" started.	[MsgId: MMSG-16999]
Action.c(103): Notify: Transaction "transTes_7" ended with a "Fail" status (Duration: 0.0000).	[MsgId: MMSG-16873]
Action.c(103): Notify: Transaction "transTes_7" has 0 error message(s).	[MsgId: MMSG-16818]
Action.c(112): Error: vuser failed	[MsgId: MERR-17999]
End auto log messages stack.	[MsgId: MMSG-10544]


Start auto log messages stack - Iteration 1.	[MsgId: MMSG-10545]
Action.c(103): Notify: Transaction "transTes_0" ended with a "Fail" status (Duration: 0.0000).	[MsgId: MMSG-16873]
Action.c(103): Notify: Transaction "transTes_0" has 0 error message(s).	[MsgId: MMSG-16818]
Action.c(100): Notify: Transaction "transTes_1" started.	[MsgId: MMSG-16999]
Action.c(103): Notify: Transaction "transTes_1" ended with a "Stop" status (Duration: 0.0000).	[MsgId: MMSG-16873]
Action.c(100): Notify: Transaction "transTes_2" started.	[MsgId: MMSG-16999]
Action.c(103): Notify: Transaction "transTes_2" ended with a "Pass" status (Duration: 0.0000).	[MsgId: MMSG-16873]
Action.c(100): Notify: Transaction "transTes_3" started.	[MsgId: MMSG-16999]
Action.c(103): Notify: Transaction "transTes_3" ended with a "Pass" status (Duration: 0.0000).	[MsgId: MMSG-16873]
Action.c(100): Notify: Transaction "transTes_4" started.	[MsgId: MMSG-16999]
Action.c(103): Notify: Transaction "transTes_4" ended with a "Fail" status (Duration: 0.0000).	[MsgId: MMSG-16873]
Action.c(103): Notify: Transaction "transTes_4" has 0 error message(s).	[MsgId: MMSG-16818]
Action.c(100): Notify: Transaction "transTes_5" started.	[MsgId: MMSG-16999]
Action.c(103): Notify: Transaction "transTes_5" ended with a "Pass" status (Duration: 0.0000).	[MsgId: MMSG-16873]
Action.c(100): Notify: Transaction "transTes_6" started.	[MsgId: MMSG-16999]
Action.c(103): Notify: Transaction "transTes_6" ended with a "Pass" status (Duration: 0.0000).	[MsgId: MMSG-16873]
Action.c(100): Notify: Transaction "transTes_7" started.	[MsgId: MMSG-16999]
Action.c(103): Notify: Transaction "transTes_7" ended with a "Fail" status (Duration: 0.0000).	[MsgId: MMSG-16873]
Action.c(103): Notify: Transaction "transTes_7" has 0 error message(s).	[MsgId: MMSG-16818]
Action.c(112): Error: vuser failed	[MsgId: MERR-17999]
End auto log messages stack.	[MsgId: MMSG-10544]


Start auto log messages stack - Iteration 1.	[MsgId: MMSG-10545]
Action.c(103): Notify: Transaction "transTes_0" ended with a "Fail" status (Duration: 0.0000).	[MsgId: MMSG-16873]
Action.c(103): Notify: Transaction "transTes_0" has 0 error message(s).	[MsgId: MMSG-16818]
Action.c(100): Notify: Transaction "transTes_1" started.	[MsgId: MMSG-16999]
Action.c(103): Notify: Transaction "transTes_1" ended with a "Stop" status (Duration: 0.0000).	[MsgId: MMSG-16873]
Action.c(100): Notify: Transaction "transTes_2" started.	[MsgId: MMSG-16999]
Action.c(103): Notify: Transaction "transTes_2" ended with a "Pass" status (Duration: 0.0000).	[MsgId: MMSG-16873]
Action.c(100): Notify: Transaction "transTes_3" started.	[MsgId: MMSG-16999]
Action.c(103): Notify: Transaction "transTes_3" ended with a "Pass" status (Duration: 0.0000).	[MsgId: MMSG-16873]
Action.c(100): Notify: Transaction "transTes_4" started.	[MsgId: MMSG-16999]
Action.c(103): Notify: Transaction "transTes_4" ended with a "Fail" status (Duration: 0.0000).	[MsgId: MMSG-16873]
Action.c(103): Notify: Transaction "transTes_4" has 0 error message(s).	[MsgId: MMSG-16818]
Action.c(100): Notify: Transaction "transTes_5" started.	[MsgId: MMSG-16999]
Action.c(103): Notify: Transaction "transTes_5" ended with a "Pass" status (Duration: 0.0000).	[MsgId: MMSG-16873]
Action.c(100): Notify: Transaction "transTes_6" started.	[MsgId: MMSG-16999]
Action.c(103): Notify: Transaction "transTes_6" ended with a "Pass" status (Duration: 0.0000).	[MsgId: MMSG-16873]
Action.c(100): Notify: Transaction "transTes_7" started.	[MsgId: MMSG-16999]
Action.c(103): Notify: Transaction "transTes_7" ended with a "Fail" status (Duration: 0.0000).	[MsgId: MMSG-16873]
Action.c(103): Notify: Transaction "transTes_7" has 0 error message(s).	[MsgId: MMSG-16818]
Action.c(112): Error: vuser failed	[MsgId: MERR-17999]
End auto log messages stack.	[MsgId: MMSG-10544]


Start auto log messages stack - Iteration 1.	[MsgId: MMSG-10545]
Action.c(93): Notify: Transaction "Trans_other" ended with a "Pass" status (Duration: 4.0150 Think Time: 4.0060).	[MsgId: MMSG-16872]
Action.c(100): Notify: Transaction "transTes_0" started.	[MsgId: MMSG-16999]
Action.c(103): Notify: Transaction "transTes_0" ended with a "Pass" status (Duration: 0.0000).	[MsgId: MMSG-16873]
Action.c(100): Notify: Transaction "transTes_1" started.	[MsgId: MMSG-16999]
Action.c(103): Notify: Transaction "transTes_1" ended with a "Stop" status (Duration: 0.0000).	[MsgId: MMSG-16873]
Action.c(100): Notify: Transaction "transTes_2" started.	[MsgId: MMSG-16999]
Action.c(103): Notify: Transaction "transTes_2" ended with a "Pass" status (Duration: 0.0000).	[MsgId: MMSG-16873]
Action.c(100): Notify: Transaction "transTes_3" started.	[MsgId: MMSG-16999]
Action.c(103): Notify: Transaction "transTes_3" ended with a "Pass" status (Duration: 0.0000).	[MsgId: MMSG-16873]
Action.c(100): Notify: Transaction "transTes_4" started.	[MsgId: MMSG-16999]
Action.c(103): Notify: Transaction "transTes_4" ended with a "Stop" status (Duration: 0.0000).	[MsgId: MMSG-16873]
Action.c(100): Notify: Transaction "transTes_5" started.	[MsgId: MMSG-16999]
Action.c(103): Notify: Transaction "transTes_5" ended with a "Stop" status (Duration: 0.0000).	[MsgId: MMSG-16873]
Action.c(100): Notify: Transaction "transTes_6" started.	[MsgId: MMSG-16999]
Action.c(103): Notify: Transaction "transTes_6" ended with a "Stop" status (Duration: 0.0000).	[MsgId: MMSG-16873]
Action.c(100): Notify: Transaction "transTes_7" started.	[MsgId: MMSG-16999]
Action.c(103): Notify: Transaction "transTes_7" ended with a "Pass" status (Duration: 0.0000).	[MsgId: MMSG-16873]
Action.c(112): Error: vuser failed	[MsgId: MERR-17999]
End auto log messages stack.	[MsgId: MMSG-10544]


Start auto log messages stack - Iteration 1.	[MsgId: MMSG-10545]
Action.c(103): Notify: Transaction "transTes_0" ended with a "Fail" status (Duration: 0.0000).	[MsgId: MMSG-16873]
Action.c(103): Notify: Transaction "transTes_0" has 0 error message(s).	[MsgId: MMSG-16818]
Action.c(100): Notify: Transaction "transTes_1" started.	[MsgId: MMSG-16999]
Action.c(103): Notify: Transaction "transTes_1" ended with a "Stop" status (Duration: 0.0000).	[MsgId: MMSG-16873]
Action.c(100): Notify: Transaction "transTes_2" started.	[MsgId: MMSG-16999]
Action.c(103): Notify: Transaction "transTes_2" ended with a "Pass" status (Duration: 0.0000).	[MsgId: MMSG-16873]
Action.c(100): Notify: Transaction "transTes_3" started.	[MsgId: MMSG-16999]
Action.c(103): Notify: Transaction "transTes_3" ended with a "Pass" status (Duration: 0.0000).	[MsgId: MMSG-16873]
Action.c(100): Notify: Transaction "transTes_4" started.	[MsgId: MMSG-16999]
Action.c(103): Notify: Transaction "transTes_4" ended with a "Fail" status (Duration: 0.0000).	[MsgId: MMSG-16873]
Action.c(103): Notify: Transaction "transTes_4" has 0 error message(s).	[MsgId: MMSG-16818]
Action.c(100): Notify: Transaction "transTes_5" started.	[MsgId: MMSG-16999]
Action.c(103): Notify: Transaction "transTes_5" ended with a "Pass" status (Duration: 0.0000).	[MsgId: MMSG-16873]
Action.c(100): Notify: Transaction "transTes_6" started.	[MsgId: MMSG-16999]
Action.c(103): Notify: Transaction "transTes_6" ended with a "Pass" status (Duration: 0.0000).	[MsgId: MMSG-16873]
Action.c(100): Notify: Transaction "transTes_7" started.	[MsgId: MMSG-16999]
Action.c(103): Notify: Transaction "transTes_7" ended with a "Fail" status (Duration: 0.0000).	[MsgId: MMSG-16873]
Action.c(103): Notify: Transaction "transTes_7" has 0 error message(s).	[MsgId: MMSG-16818]
Action.c(112): Error: vuser failed	[MsgId: MERR-17999]
End auto log messages stack.	[MsgId: MMSG-10544]


Start auto log messages stack - Iteration 1.	[MsgId: MMSG-10545]
Action.c(103): Notify: Transaction "transTes_0" ended with a "Fail" status (Duration: 0.0000).	[MsgId: MMSG-16873]
Action.c(103): Notify: Transaction "transTes_0" has 0 error message(s).	[MsgId: MMSG-16818]
Action.c(100): Notify: Transaction "transTes_1" started.	[MsgId: MMSG-16999]
Action.c(103): Notify: Transaction "transTes_1" ended with a "Stop" status (Duration: 0.0000).	[MsgId: MMSG-16873]
Action.c(100): Notify: Transaction "transTes_2" started.	[MsgId: MMSG-16999]
Action.c(103): Notify: Transaction "transTes_2" ended with a "Pass" status (Duration: 0.0000).	[MsgId: MMSG-16873]
Start auto log messages stack - Iteration 1.	[MsgId: MMSG-10545]
Action.c(103): Notify: Transaction "transTes_0" ended with a "Fail" status (Duration: 0.0000).	[MsgId: MMSG-16873]
Action.c(103): Notify: Transaction "transTes_0" has 0 error message(s).	[MsgId: MMSG-16818]
Action.c(100): Notify: Transaction "transTes_1" started.	[MsgId: MMSG-16999]
Action.c(103): Notify: Transaction "transTes_1" ended with a "Stop" status (Duration: 0.0000).	[MsgId: MMSG-16873]
Action.c(100): Notify: Transaction "transTes_2" started.	[MsgId: MMSG-16999]
Action.c(103): Notify: Transaction "transTes_2" ended with a "Pass" status (Duration: 0.0000).	[MsgId: MMSG-16873]
Action.c(100): Notify: Transaction "transTes_3" started.	[MsgId: MMSG-16999]
Action.c(103): Notify: Transaction "transTes_3" ended with a "Pass" status (Duration: 0.0000).	[MsgId: MMSG-16873]
Action.c(100): Notify: Transaction "transTes_4" started.	[MsgId: MMSG-16999]
Action.c(103): Notify: Transaction "transTes_4" ended with a "Fail" status (Duration: 0.0000).	[MsgId: MMSG-16873]
Action.c(103): Notify: Transaction "transTes_4" has 0 error message(s).	[MsgId: MMSG-16818]
Action.c(100): Notify: Transaction "transTes_5" started.	[MsgId: MMSG-16999]
Action.c(103): Notify: Transaction "transTes_5" ended with a "Pass" status (Duration: 0.0000).	[MsgId: MMSG-16873]
Action.c(100): Notify: Transaction "transTes_6" started.	[MsgId: MMSG-16999]
Action.c(103): Notify: Transaction "transTes_6" ended with a "Pass" status (Duration: 0.0000).	[MsgId: MMSG-16873]
Action.c(100): Notify: Transaction "transTes_7" started.	[MsgId: MMSG-16999]
Action.c(103): Notify: Transaction "transTes_7" ended with a "Fail" status (Duration: 0.0000).	[MsgId: MMSG-16873]
Action.c(103): Notify: Transaction "transTes_7" has 0 error message(s).	[MsgId: MMSG-16818]
Action.c(112): Error: vuser failed	[MsgId: MERR-17999]
End auto log messages stack.	[MsgId: MMSG-10544]


Action.c(100): Notify: Transaction "transTes_3" started.	[MsgId: MMSG-16999]
Action.c(103): Notify: Transaction "transTes_3" ended with a "Pass" status (Duration: 0.0000).	[MsgId: MMSG-16873]
Action.c(100): Notify: Transaction "transTes_4" started.	[MsgId: MMSG-16999]
Action.c(103): Notify: Transaction "transTes_4" ended with a "Fail" status (Duration: 0.0000).	[MsgId: MMSG-16873]
Action.c(103): Notify: Transaction "transTes_4" has 0 error message(s).	[MsgId: MMSG-16818]
Action.c(100): Notify: Transaction "transTes_5" started.	[MsgId: MMSG-16999]
Action.c(103): Notify: Transaction "transTes_5" ended with a "Pass" status (Duration: 0.0000).	[MsgId: MMSG-16873]
Action.c(100): Notify: Transaction "transTes_6" started.	[MsgId: MMSG-16999]
Action.c(103): Notify: Transaction "transTes_6" ended with a "Pass" status (Duration: 0.0000).	[MsgId: MMSG-16873]
Action.c(100): Notify: Transaction "transTes_7" started.	[MsgId: MMSG-16999]
Action.c(103): Notify: Transaction "transTes_7" ended with a "Fail" status (Duration: 0.0000).	[MsgId: MMSG-16873]
Action.c(103): Notify: Transaction "transTes_7" has 0 error message(s).	[MsgId: MMSG-16818]
Action.c(112): Error: vuser failed	[MsgId: MERR-17999]
End auto log messages stack.	[MsgId: MMSG-10544]


Start auto log messages stack - Iteration 1.	[MsgId: MMSG-10545]
Action.c(93): Notify: Transaction "Trans_other" ended with a "Pass" status (Duration: 4.7097 Think Time: 4.4567).	[MsgId: MMSG-16872]
Action.c(100): Notify: Transaction "transTes_0" started.	[MsgId: MMSG-16999]
Action.c(103): Notify: Transaction "transTes_0" ended with a "Pass" status (Duration: 0.0000).	[MsgId: MMSG-16873]
Action.c(100): Notify: Transaction "transTes_1" started.	[MsgId: MMSG-16999]
Action.c(103): Notify: Transaction "transTes_1" ended with a "Stop" status (Duration: 0.0000).	[MsgId: MMSG-16873]
Action.c(100): Notify: Transaction "transTes_2" started.	[MsgId: MMSG-16999]
Action.c(103): Notify: Transaction "transTes_2" ended with a "Pass" status (Duration: 0.0000).	[MsgId: MMSG-16873]
Action.c(100): Notify: Transaction "transTes_3" started.	[MsgId: MMSG-16999]
Action.c(103): Notify: Transaction "transTes_3" ended with a "Pass" status (Duration: 0.0000).	[MsgId: MMSG-16873]
Action.c(100): Notify: Transaction "transTes_4" started.	[MsgId: MMSG-16999]
Action.c(103): Notify: Transaction "transTes_4" ended with a "Stop" status (Duration: 0.0000).	[MsgId: MMSG-16873]
Action.c(100): Notify: Transaction "transTes_5" started.	[MsgId: MMSG-16999]
Action.c(103): Notify: Transaction "transTes_5" ended with a "Stop" status (Duration: 0.0000).	[MsgId: MMSG-16873]
Action.c(100): Notify: Transaction "transTes_6" started.	[MsgId: MMSG-16999]
Action.c(103): Notify: Transaction "transTes_6" ended with a "Stop" status (Duration: 0.0000).	[MsgId: MMSG-16873]
Action.c(100): Notify: Transaction "transTes_7" started.	[MsgId: MMSG-16999]
Action.c(103): Notify: Transaction "transTes_7" ended with a "Pass" status (Duration: 0.0000).	[MsgId: MMSG-16873]
Action.c(112): Error: vuser failed	[MsgId: MERR-17999]
End auto log messages stack.	[MsgId: MMSG-10544]


