Virtual User Script started at : 12/10/2016 16:15:46	[MsgId: MMSG-15967]
Virtual User Script started at : 12/10/2016 16:15:46	[MsgId: MMSG-15967]
Starting action vuser_init.	[MsgId: MMSG-15919]
Web Turbo Replay of LoadRunner 12.53.0 for Windows 10; build 1381 (Oct 12 2016 10:17:24)  	[MsgId: MMSG-26983]
Run mode: HTML  	[MsgId: MMSG-26993]
Replay user agent: Mozilla/4.0 (compatible; MSIE 7.0; Windows NT 6.3; WOW64; Trident/7.0; .NET4.0E; .NET4.0C; .NET CLR 3.5.30729; .NET CLR 2.0.50727; .NET CLR 3.0.30729)  	[MsgId: MMSG-26988]
Run-Time Settings file: "C:\Users\kazaky\AppData\Local\Temp\lr5tmpdirZXJ.578\lrcfgm2c.579\cfgtuD.580"  	[MsgId: MMSG-27141]
Virtual User Script started at : 12/10/2016 16:15:46	[MsgId: MMSG-15967]
Ending action vuser_init.	[MsgId: MMSG-15918]
Starting action vuser_init.	[MsgId: MMSG-15919]
Web Turbo Replay of LoadRunner 12.53.0 for Windows 10; build 1381 (Oct 12 2016 10:17:24)  	[MsgId: MMSG-26983]
Run mode: HTML  	[MsgId: MMSG-26993]
Replay user agent: Mozilla/4.0 (compatible; MSIE 7.0; Windows NT 6.3; WOW64; Trident/7.0; .NET4.0E; .NET4.0C; .NET CLR 3.5.30729; .NET CLR 2.0.50727; .NET CLR 3.0.30729)  	[MsgId: MMSG-26988]
Run-Time Settings file: "C:\Users\kazaky\AppData\Local\Temp\lr5tmpdirZXJ.578\lrcfgm2c.579\cfgtuD.580"  	[MsgId: MMSG-27141]
Ending action vuser_init.	[MsgId: MMSG-15918]
Running Vuser...	[MsgId: MMSG-15964]
Starting action vuser_init.	[MsgId: MMSG-15919]
Web Turbo Replay of LoadRunner 12.53.0 for Windows 10; build 1381 (Oct 12 2016 10:17:24)  	[MsgId: MMSG-26983]
Run mode: HTML  	[MsgId: MMSG-26993]
Replay user agent: Mozilla/4.0 (compatible; MSIE 7.0; Windows NT 6.3; WOW64; Trident/7.0; .NET4.0E; .NET4.0C; .NET CLR 3.5.30729; .NET CLR 2.0.50727; .NET CLR 3.0.30729)  	[MsgId: MMSG-26988]
Run-Time Settings file: "C:\Users\kazaky\AppData\Local\Temp\lr5tmpdirZXJ.578\lrcfgm2c.579\cfgtuD.580"  	[MsgId: MMSG-27141]
Ending action vuser_init.	[MsgId: MMSG-15918]
Running Vuser...	[MsgId: MMSG-15964]
Running Vuser...	[MsgId: MMSG-15964]
Virtual User Script started at : 12/10/2016 16:15:46	[MsgId: MMSG-15967]
Virtual User Script started at : 12/10/2016 16:15:46	[MsgId: MMSG-15967]
Starting action vuser_init.	[MsgId: MMSG-15919]
Web Turbo Replay of LoadRunner 12.53.0 for Windows 10; build 1381 (Oct 12 2016 10:17:24)  	[MsgId: MMSG-26983]
Run mode: HTML  	[MsgId: MMSG-26993]
Replay user agent: Mozilla/4.0 (compatible; MSIE 7.0; Windows NT 6.3; WOW64; Trident/7.0; .NET4.0E; .NET4.0C; .NET CLR 3.5.30729; .NET CLR 2.0.50727; .NET CLR 3.0.30729)  	[MsgId: MMSG-26988]
Run-Time Settings file: "C:\Users\kazaky\AppData\Local\Temp\lr5tmpdirZXJ.578\lrcfgm2c.579\cfgtuD.580"  	[MsgId: MMSG-27141]
Ending action vuser_init.	[MsgId: MMSG-15918]
Running Vuser...	[MsgId: MMSG-15964]
Starting action vuser_init.	[MsgId: MMSG-15919]
Web Turbo Replay of LoadRunner 12.53.0 for Windows 10; build 1381 (Oct 12 2016 10:17:24)  	[MsgId: MMSG-26983]
Run mode: HTML  	[MsgId: MMSG-26993]
Replay user agent: Mozilla/4.0 (compatible; MSIE 7.0; Windows NT 6.3; WOW64; Trident/7.0; .NET4.0E; .NET4.0C; .NET CLR 3.5.30729; .NET CLR 2.0.50727; .NET CLR 3.0.30729)  	[MsgId: MMSG-26988]
Run-Time Settings file: "C:\Users\kazaky\AppData\Local\Temp\lr5tmpdirZXJ.578\lrcfgm2c.579\cfgtuD.580"  	[MsgId: MMSG-27141]
Ending action vuser_init.	[MsgId: MMSG-15918]
Running Vuser...	[MsgId: MMSG-15964]
Starting iteration 1.	[MsgId: MMSG-15968]
Maximum number of concurrent connections per server: 2  	[MsgId: MMSG-26989]
Starting action Action.	[MsgId: MMSG-15919]
Action.c(4): Notify: Transaction "First_Trans" started.	[MsgId: MMSG-16999]
Action.c(6): web_url("kalimanjaro.hpeswlab.net") started  	[MsgId: MMSG-26355]
Starting iteration 1.	[MsgId: MMSG-15968]
Maximum number of concurrent connections per server: 2  	[MsgId: MMSG-26989]
Starting action Action.	[MsgId: MMSG-15919]
Action.c(4): Notify: Transaction "First_Trans" started.	[MsgId: MMSG-16999]
Starting iteration 1.	[MsgId: MMSG-15968]
Maximum number of concurrent connections per server: 2  	[MsgId: MMSG-26989]
Starting action Action.	[MsgId: MMSG-15919]
Action.c(4): Notify: Transaction "First_Trans" started.	[MsgId: MMSG-16999]
Action.c(6): web_url("kalimanjaro.hpeswlab.net") started  	[MsgId: MMSG-26355]
Action.c(6): web_url("kalimanjaro.hpeswlab.net") started  	[MsgId: MMSG-26355]
Starting iteration 1.	[MsgId: MMSG-15968]
Maximum number of concurrent connections per server: 2  	[MsgId: MMSG-26989]
Starting action Action.	[MsgId: MMSG-15919]
Action.c(4): Notify: Transaction "First_Trans" started.	[MsgId: MMSG-16999]
Action.c(6): web_url("kalimanjaro.hpeswlab.net") started  	[MsgId: MMSG-26355]
Starting iteration 1.	[MsgId: MMSG-15968]
Maximum number of concurrent connections per server: 2  	[MsgId: MMSG-26989]
Starting action Action.	[MsgId: MMSG-15919]
Action.c(4): Notify: Transaction "First_Trans" started.	[MsgId: MMSG-16999]
Action.c(6): web_url("kalimanjaro.hpeswlab.net") started  	[MsgId: MMSG-26355]
Action.c(6): Found resource "http://kalimanjaro.hpeswlab.net/Images/logo.gif" in HTML "http://kalimanjaro.hpeswlab.net/"  	[MsgId: MMSG-26659]
Action.c(6): Found resource "http://kalimanjaro.hpeswlab.net/Images/ganim5b.gif" in HTML "http://kalimanjaro.hpeswlab.net/"  	[MsgId: MMSG-26659]
Action.c(6): Downloading resource "http://www.bing.com/favicon.ico" (specified by argument number 9)  	[MsgId: MMSG-26577]
Action.c(6): Found resource "http://kalimanjaro.hpeswlab.net/Images/logo.gif" in HTML "http://kalimanjaro.hpeswlab.net/"  	[MsgId: MMSG-26659]
Action.c(6): Found resource "http://kalimanjaro.hpeswlab.net/Images/ganim5b.gif" in HTML "http://kalimanjaro.hpeswlab.net/"  	[MsgId: MMSG-26659]
Action.c(6): Downloading resource "http://www.bing.com/favicon.ico" (specified by argument number 9)  	[MsgId: MMSG-26577]
Action.c(6): Found resource "http://kalimanjaro.hpeswlab.net/Images/logo.gif" in HTML "http://kalimanjaro.hpeswlab.net/"  	[MsgId: MMSG-26659]
Action.c(6): Downloading resource "http://www.bing.com/favicon.ico" (specified by argument number 9)  	[MsgId: MMSG-26577]
Action.c(6): Found resource "http://kalimanjaro.hpeswlab.net/Images/ganim5b.gif" in HTML "http://kalimanjaro.hpeswlab.net/"  	[MsgId: MMSG-26659]
Action.c(6): Found resource "http://kalimanjaro.hpeswlab.net/Images/logo.gif" in HTML "http://kalimanjaro.hpeswlab.net/"  	[MsgId: MMSG-26659]
Action.c(6): Downloading resource "http://www.bing.com/favicon.ico" (specified by argument number 9)  	[MsgId: MMSG-26577]
Action.c(6): Found resource "http://kalimanjaro.hpeswlab.net/Images/ganim5b.gif" in HTML "http://kalimanjaro.hpeswlab.net/"  	[MsgId: MMSG-26659]
Action.c(6): Found resource "http://kalimanjaro.hpeswlab.net/Images/logo.gif" in HTML "http://kalimanjaro.hpeswlab.net/"  	[MsgId: MMSG-26659]
Action.c(6): Found resource "http://kalimanjaro.hpeswlab.net/Images/ganim5b.gif" in HTML "http://kalimanjaro.hpeswlab.net/"  	[MsgId: MMSG-26659]
Action.c(6): Downloading resource "http://www.bing.com/favicon.ico" (specified by argument number 9)  	[MsgId: MMSG-26577]
Action.c(6): web_url("kalimanjaro.hpeswlab.net") was successful, 95064 body bytes, 1054 header bytes  	[MsgId: MMSG-26386]
Action.c(17): Notify: Transaction "First_Trans" ended with a "Pass" status (Duration: 0.2515).	[MsgId: MMSG-16873]
Action.c(20): lr_think_time: 10.00 seconds.	[MsgId: MMSG-15948]
Action.c(6): web_url("kalimanjaro.hpeswlab.net") was successful, 95064 body bytes, 1054 header bytes  	[MsgId: MMSG-26386]
Action.c(17): Notify: Transaction "First_Trans" ended with a "Pass" status (Duration: 0.2431).	[MsgId: MMSG-16873]
Action.c(20): lr_think_time: 10.00 seconds.	[MsgId: MMSG-15948]
Action.c(6): web_url("kalimanjaro.hpeswlab.net") was successful, 95064 body bytes, 1054 header bytes  	[MsgId: MMSG-26386]
Action.c(17): Notify: Transaction "First_Trans" ended with a "Pass" status (Duration: 0.2812).	[MsgId: MMSG-16873]
Action.c(20): lr_think_time: 10.00 seconds.	[MsgId: MMSG-15948]
Action.c(6): web_url("kalimanjaro.hpeswlab.net") was successful, 95064 body bytes, 1054 header bytes  	[MsgId: MMSG-26386]
Action.c(17): Notify: Transaction "First_Trans" ended with a "Pass" status (Duration: 0.3008).	[MsgId: MMSG-16873]
Action.c(6): web_url("kalimanjaro.hpeswlab.net") was successful, 95064 body bytes, 1054 header bytes  	[MsgId: MMSG-26386]
Action.c(17): Notify: Transaction "First_Trans" ended with a "Pass" status (Duration: 0.3296).	[MsgId: MMSG-16873]
Action.c(20): lr_think_time: 10.00 seconds.	[MsgId: MMSG-15948]
Action.c(20): lr_think_time: 10.00 seconds.	[MsgId: MMSG-15948]
Action.c(21): Notify: Transaction "CGI" started.	[MsgId: MMSG-16999]
Action.c(24): web_url("cgi_overview.html") started  	[MsgId: MMSG-26355]
Action.c(24): web_url("cgi_overview.html") was successful, 2429 body bytes, 250 header bytes  	[MsgId: MMSG-26386]
Action.c(33): web_link("Link to page of useful CGIs") started  	[MsgId: MMSG-26355]
Action.c(33): Linking to "http://kalimanjaro.hpeswlab.net/cgi_examples/useful_cgis.html", Target Frame=""  	[MsgId: MMSG-27994]
Action.c(33): web_link("Link to page of useful CGIs") was successful, 7355 body bytes, 251 header bytes  	[MsgId: MMSG-26386]
Action.c(38): lr_think_time: 6.00 seconds.	[MsgId: MMSG-15948]
Action.c(21): Notify: Transaction "CGI" started.	[MsgId: MMSG-16999]
Action.c(24): web_url("cgi_overview.html") started  	[MsgId: MMSG-26355]
Action.c(24): web_url("cgi_overview.html") was successful, 2429 body bytes, 250 header bytes  	[MsgId: MMSG-26386]
Action.c(33): web_link("Link to page of useful CGIs") started  	[MsgId: MMSG-26355]
Action.c(33): Linking to "http://kalimanjaro.hpeswlab.net/cgi_examples/useful_cgis.html", Target Frame=""  	[MsgId: MMSG-27994]
Action.c(33): web_link("Link to page of useful CGIs") was successful, 7355 body bytes, 251 header bytes  	[MsgId: MMSG-26386]
Action.c(38): lr_think_time: 6.00 seconds.	[MsgId: MMSG-15948]
Action.c(21): Notify: Transaction "CGI" started.	[MsgId: MMSG-16999]
Action.c(24): web_url("cgi_overview.html") started  	[MsgId: MMSG-26355]
Action.c(24): web_url("cgi_overview.html") was successful, 2429 body bytes, 250 header bytes  	[MsgId: MMSG-26386]
Action.c(33): web_link("Link to page of useful CGIs") started  	[MsgId: MMSG-26355]
Action.c(33): Linking to "http://kalimanjaro.hpeswlab.net/cgi_examples/useful_cgis.html", Target Frame=""  	[MsgId: MMSG-27994]
Action.c(33): web_link("Link to page of useful CGIs") was successful, 7355 body bytes, 251 header bytes  	[MsgId: MMSG-26386]
Action.c(38): lr_think_time: 6.00 seconds.	[MsgId: MMSG-15948]
Action.c(21): Notify: Transaction "CGI" started.	[MsgId: MMSG-16999]
Action.c(21): Notify: Transaction "CGI" started.	[MsgId: MMSG-16999]
Action.c(24): web_url("cgi_overview.html") started  	[MsgId: MMSG-26355]
Action.c(24): web_url("cgi_overview.html") started  	[MsgId: MMSG-26355]
Action.c(24): web_url("cgi_overview.html") was successful, 2429 body bytes, 250 header bytes  	[MsgId: MMSG-26386]
Action.c(33): web_link("Link to page of useful CGIs") started  	[MsgId: MMSG-26355]
Action.c(24): web_url("cgi_overview.html") was successful, 2429 body bytes, 250 header bytes  	[MsgId: MMSG-26386]
Action.c(33): Linking to "http://kalimanjaro.hpeswlab.net/cgi_examples/useful_cgis.html", Target Frame=""  	[MsgId: MMSG-27994]
Action.c(33): web_link("Link to page of useful CGIs") started  	[MsgId: MMSG-26355]
Action.c(33): Linking to "http://kalimanjaro.hpeswlab.net/cgi_examples/useful_cgis.html", Target Frame=""  	[MsgId: MMSG-27994]
Action.c(33): web_link("Link to page of useful CGIs") was successful, 7355 body bytes, 251 header bytes  	[MsgId: MMSG-26386]
Action.c(38): lr_think_time: 6.00 seconds.	[MsgId: MMSG-15948]
Action.c(33): web_link("Link to page of useful CGIs") was successful, 7355 body bytes, 251 header bytes  	[MsgId: MMSG-26386]
Action.c(38): lr_think_time: 6.00 seconds.	[MsgId: MMSG-15948]
Action.c(38): Notify: Transaction "CGI" ended with a "Stop" status (Duration: 5.3413).	[MsgId: MMSG-16873]
Abort was called from an action.	[MsgId: MMSG-10447]
Ending Vuser...	[MsgId: MMSG-15966]
Starting action vuser_end.	[MsgId: MMSG-15919]
Ending action vuser_end.	[MsgId: MMSG-15918]
Vuser Terminated.	[MsgId: MMSG-15963]
Action.c(38): Notify: Transaction "CGI" ended with a "Stop" status (Duration: 5.4122).	[MsgId: MMSG-16873]
Abort was called from an action.	[MsgId: MMSG-10447]
Ending Vuser...	[MsgId: MMSG-15966]
Starting action vuser_end.	[MsgId: MMSG-15919]
Ending action vuser_end.	[MsgId: MMSG-15918]
Vuser Terminated.	[MsgId: MMSG-15963]
Action.c(38): Notify: Transaction "CGI" ended with a "Stop" status (Duration: 5.4464).	[MsgId: MMSG-16873]
Abort was called from an action.	[MsgId: MMSG-10447]
Ending Vuser...	[MsgId: MMSG-15966]
Starting action vuser_end.	[MsgId: MMSG-15919]
Ending action vuser_end.	[MsgId: MMSG-15918]
Vuser Terminated.	[MsgId: MMSG-15963]
Action.c(38): Notify: Transaction "CGI" ended with a "Stop" status (Duration: 5.4455).	[MsgId: MMSG-16873]
Abort was called from an action.	[MsgId: MMSG-10447]
Ending Vuser...	[MsgId: MMSG-15966]
Starting action vuser_end.	[MsgId: MMSG-15919]
Ending action vuser_end.	[MsgId: MMSG-15918]
Vuser Terminated.	[MsgId: MMSG-15963]
Action.c(38): Notify: Transaction "CGI" ended with a "Stop" status (Duration: 5.3882).	[MsgId: MMSG-16873]
Abort was called from an action.	[MsgId: MMSG-10447]
Ending Vuser...	[MsgId: MMSG-15966]
Starting action vuser_end.	[MsgId: MMSG-15919]
Ending action vuser_end.	[MsgId: MMSG-15918]
Vuser Terminated.	[MsgId: MMSG-15963]
