Start auto log messages stack - Iteration 2.	[MsgId: MMSG-10545]
Action.c(93): Notify: Transaction "Trans_other" ended with a "Pass" status (Duration: 4.0137 Think Time: 4.0002).	[MsgId: MMSG-16872]
Action.c(100): Notify: Transaction "transTes_0" started.	[MsgId: MMSG-16999]
Action.c(103): Notify: Transaction "transTes_0" ended with a "Pass" status (Duration: 0.0000).	[MsgId: MMSG-16873]
Action.c(100): Notify: Transaction "transTes_1" started.	[MsgId: MMSG-16999]
Action.c(103): Notify: Transaction "transTes_1" ended with a "Stop" status (Duration: 0.0000).	[MsgId: MMSG-16873]
Action.c(100): Notify: Transaction "transTes_2" started.	[MsgId: MMSG-16999]
Action.c(103): Notify: Transaction "transTes_2" ended with a "Pass" status (Duration: 0.0000).	[MsgId: MMSG-16873]
Action.c(100): Notify: Transaction "transTes_3" started.	[MsgId: MMSG-16999]
Action.c(103): Notify: Transaction "transTes_3" ended with a "Stop" status (Duration: 0.0000).	[MsgId: MMSG-16873]
Action.c(100): Notify: Transaction "transTes_4" started.	[MsgId: MMSG-16999]
Action.c(103): Notify: Transaction "transTes_4" ended with a "Fail" status (Duration: 0.0000).	[MsgId: MMSG-16873]
Action.c(103): Notify: Transaction "transTes_4" has 0 error message(s).	[MsgId: MMSG-16818]
Action.c(100): Notify: Transaction "transTes_5" started.	[MsgId: MMSG-16999]
Action.c(103): Notify: Transaction "transTes_5" ended with a "Pass" status (Duration: 0.0000).	[MsgId: MMSG-16873]
Action.c(100): Notify: Transaction "transTes_6" started.	[MsgId: MMSG-16999]
Action.c(103): Notify: Transaction "transTes_6" ended with a "Pass" status (Duration: 0.0000).	[MsgId: MMSG-16873]
Action.c(100): Notify: Transaction "transTes_7" started.	[MsgId: MMSG-16999]
Action.c(103): Notify: Transaction "transTes_7" ended with a "Stop" status (Duration: 0.0000).	[MsgId: MMSG-16873]
Action.c(112): Error: vuser failed	[MsgId: MERR-17999]
End auto log messages stack.	[MsgId: MMSG-10544]


Start auto log messages stack - Iteration 2.	[MsgId: MMSG-10545]
Action.c(93): Notify: Transaction "Trans_other" ended with a "Pass" status (Duration: 4.0230 Think Time: 4.0027).	[MsgId: MMSG-16872]
Action.c(100): Notify: Transaction "transTes_0" started.	[MsgId: MMSG-16999]
Action.c(103): Notify: Transaction "transTes_0" ended with a "Pass" status (Duration: 0.0000).	[MsgId: MMSG-16873]
Action.c(100): Notify: Transaction "transTes_1" started.	[MsgId: MMSG-16999]
Action.c(103): Notify: Transaction "transTes_1" ended with a "Stop" status (Duration: 0.0000).	[MsgId: MMSG-16873]
Action.c(100): Notify: Transaction "transTes_2" started.	[MsgId: MMSG-16999]
Action.c(103): Notify: Transaction "transTes_2" ended with a "Pass" status (Duration: 0.0000).	[MsgId: MMSG-16873]
Action.c(100): Notify: Transaction "transTes_3" started.	[MsgId: MMSG-16999]
Action.c(103): Notify: Transaction "transTes_3" ended with a "Stop" status (Duration: 0.0000).	[MsgId: MMSG-16873]
Action.c(100): Notify: Transaction "transTes_4" started.	[MsgId: MMSG-16999]
Action.c(103): Notify: Transaction "transTes_4" ended with a "Fail" status (Duration: 0.0000).	[MsgId: MMSG-16873]
Action.c(103): Notify: Transaction "transTes_4" has 0 error message(s).	[MsgId: MMSG-16818]
Action.c(100): Notify: Transaction "transTes_5" started.	[MsgId: MMSG-16999]
Action.c(103): Notify: Transaction "transTes_5" ended with a "Pass" status (Duration: 0.0000).	[MsgId: MMSG-16873]
Action.c(100): Notify: Transaction "transTes_6" started.	[MsgId: MMSG-16999]
Action.c(103): Notify: Transaction "transTes_6" ended with a "Pass" status (Duration: 0.0000).	[MsgId: MMSG-16873]
Action.c(100): Notify: Transaction "transTes_7" started.	[MsgId: MMSG-16999]
Action.c(103): Notify: Transaction "transTes_7" ended with a "Stop" status (Duration: 0.0000).	[MsgId: MMSG-16873]
Action.c(112): Error: vuser failed	[MsgId: MERR-17999]
End auto log messages stack.	[MsgId: MMSG-10544]


Start auto log messages stack - Iteration 2.	[MsgId: MMSG-10545]
Action.c(93): Notify: Transaction "Trans_other" ended with a "Pass" status (Duration: 4.0294 Think Time: 4.0167).	[MsgId: MMSG-16872]
Action.c(100): Notify: Transaction "transTes_0" started.	[MsgId: MMSG-16999]
Action.c(103): Notify: Transaction "transTes_0" ended with a "Pass" status (Duration: 0.0000).	[MsgId: MMSG-16873]
Action.c(100): Notify: Transaction "transTes_1" started.	[MsgId: MMSG-16999]
Action.c(103): Notify: Transaction "transTes_1" ended with a "Stop" status (Duration: 0.0000).	[MsgId: MMSG-16873]
Action.c(100): Notify: Transaction "transTes_2" started.	[MsgId: MMSG-16999]
Action.c(103): Notify: Transaction "transTes_2" ended with a "Pass" status (Duration: 0.0000).	[MsgId: MMSG-16873]
Action.c(100): Notify: Transaction "transTes_3" started.	[MsgId: MMSG-16999]
Action.c(103): Notify: Transaction "transTes_3" ended with a "Stop" status (Duration: 0.0000).	[MsgId: MMSG-16873]
Action.c(100): Notify: Transaction "transTes_4" started.	[MsgId: MMSG-16999]
Action.c(103): Notify: Transaction "transTes_4" ended with a "Fail" status (Duration: 0.0000).	[MsgId: MMSG-16873]
Action.c(103): Notify: Transaction "transTes_4" has 0 error message(s).	[MsgId: MMSG-16818]
Action.c(100): Notify: Transaction "transTes_5" started.	[MsgId: MMSG-16999]
Action.c(103): Notify: Transaction "transTes_5" ended with a "Pass" status (Duration: 0.0000).	[MsgId: MMSG-16873]
Action.c(100): Notify: Transaction "transTes_6" started.	[MsgId: MMSG-16999]
Action.c(103): Notify: Transaction "transTes_6" ended with a "Pass" status (Duration: 0.0000).	[MsgId: MMSG-16873]
Action.c(100): Notify: Transaction "transTes_7" started.	[MsgId: MMSG-16999]
Action.c(103): Notify: Transaction "transTes_7" ended with a "Stop" status (Duration: 0.0000).	[MsgId: MMSG-16873]
Action.c(112): Error: vuser failed	[MsgId: MERR-17999]
End auto log messages stack.	[MsgId: MMSG-10544]


Start auto log messages stack - Iteration 2.	[MsgId: MMSG-10545]
Action.c(93): Notify: Transaction "Trans_other" ended with a "Pass" status (Duration: 4.5333 Think Time: 4.4043).	[MsgId: MMSG-16872]
Action.c(100): Notify: Transaction "transTes_0" started.	[MsgId: MMSG-16999]
Action.c(103): Notify: Transaction "transTes_0" ended with a "Pass" status (Duration: 0.0000).	[MsgId: MMSG-16873]
Action.c(100): Notify: Transaction "transTes_1" started.	[MsgId: MMSG-16999]
Action.c(103): Notify: Transaction "transTes_1" ended with a "Stop" status (Duration: 0.0000).	[MsgId: MMSG-16873]
Action.c(100): Notify: Transaction "transTes_2" started.	[MsgId: MMSG-16999]
Action.c(103): Notify: Transaction "transTes_2" ended with a "Pass" status (Duration: 0.0000).	[MsgId: MMSG-16873]
Action.c(100): Notify: Transaction "transTes_3" started.	[MsgId: MMSG-16999]
Action.c(103): Notify: Transaction "transTes_3" ended with a "Stop" status (Duration: 0.0000).	[MsgId: MMSG-16873]
Action.c(100): Notify: Transaction "transTes_4" started.	[MsgId: MMSG-16999]
Action.c(103): Notify: Transaction "transTes_4" ended with a "Fail" status (Duration: 0.0000).	[MsgId: MMSG-16873]
Action.c(103): Notify: Transaction "transTes_4" has 0 error message(s).	[MsgId: MMSG-16818]
Action.c(100): Notify: Transaction "transTes_5" started.	[MsgId: MMSG-16999]
Action.c(103): Notify: Transaction "transTes_5" ended with a "Pass" status (Duration: 0.0000).	[MsgId: MMSG-16873]
Action.c(100): Notify: Transaction "transTes_6" started.	[MsgId: MMSG-16999]
Action.c(103): Notify: Transaction "transTes_6" ended with a "Pass" status (Duration: 0.0000).	[MsgId: MMSG-16873]
Action.c(100): Notify: Transaction "transTes_7" started.	[MsgId: MMSG-16999]
Action.c(103): Notify: Transaction "transTes_7" ended with a "Stop" status (Duration: 0.0000).	[MsgId: MMSG-16873]
Action.c(112): Error: vuser failed	[MsgId: MERR-17999]
End auto log messages stack.	[MsgId: MMSG-10544]


Start auto log messages stack - Iteration 2.	[MsgId: MMSG-10545]
Action.c(93): Notify: Transaction "Trans_other" ended with a "Pass" status (Duration: 4.5415 Think Time: 4.5183).	[MsgId: MMSG-16872]
Action.c(100): Notify: Transaction "transTes_0" started.	[MsgId: MMSG-16999]
Action.c(103): Notify: Transaction "transTes_0" ended with a "Pass" status (Duration: 0.0000).	[MsgId: MMSG-16873]
Action.c(100): Notify: Transaction "transTes_1" started.	[MsgId: MMSG-16999]
Action.c(103): Notify: Transaction "transTes_1" ended with a "Stop" status (Duration: 0.0000).	[MsgId: MMSG-16873]
Action.c(100): Notify: Transaction "transTes_2" started.	[MsgId: MMSG-16999]
Action.c(103): Notify: Transaction "transTes_2" ended with a "Pass" status (Duration: 0.0000).	[MsgId: MMSG-16873]
Action.c(100): Notify: Transaction "transTes_3" started.	[MsgId: MMSG-16999]
Action.c(103): Notify: Transaction "transTes_3" ended with a "Stop" status (Duration: 0.0000).	[MsgId: MMSG-16873]
Action.c(100): Notify: Transaction "transTes_4" started.	[MsgId: MMSG-16999]
Action.c(103): Notify: Transaction "transTes_4" ended with a "Fail" status (Duration: 0.0000).	[MsgId: MMSG-16873]
Action.c(103): Notify: Transaction "transTes_4" has 0 error message(s).	[MsgId: MMSG-16818]
Action.c(100): Notify: Transaction "transTes_5" started.	[MsgId: MMSG-16999]
Action.c(103): Notify: Transaction "transTes_5" ended with a "Pass" status (Duration: 0.0000).	[MsgId: MMSG-16873]
Action.c(100): Notify: Transaction "transTes_6" started.	[MsgId: MMSG-16999]
Action.c(103): Notify: Transaction "transTes_6" ended with a "Pass" status (Duration: 0.0000).	[MsgId: MMSG-16873]
Action.c(100): Notify: Transaction "transTes_7" started.	[MsgId: MMSG-16999]
Action.c(103): Notify: Transaction "transTes_7" ended with a "Stop" status (Duration: 0.0000).	[MsgId: MMSG-16873]
Action.c(112): Error: vuser failed	[MsgId: MERR-17999]
End auto log messages stack.	[MsgId: MMSG-10544]


Start auto log messages stack - Iteration 2.	[MsgId: MMSG-10545]
Action.c(93): Notify: Transaction "Trans_other" ended with a "Pass" status (Duration: 4.5973 Think Time: 4.5856).	[MsgId: MMSG-16872]
Action.c(100): Notify: Transaction "transTes_0" started.	[MsgId: MMSG-16999]
Action.c(103): Notify: Transaction "transTes_0" ended with a "Pass" status (Duration: 0.0000).	[MsgId: MMSG-16873]
Action.c(100): Notify: Transaction "transTes_1" started.	[MsgId: MMSG-16999]
Action.c(103): Notify: Transaction "transTes_1" ended with a "Stop" status (Duration: 0.0000).	[MsgId: MMSG-16873]
Action.c(100): Notify: Transaction "transTes_2" started.	[MsgId: MMSG-16999]
Action.c(103): Notify: Transaction "transTes_2" ended with a "Pass" status (Duration: 0.0000).	[MsgId: MMSG-16873]
Action.c(100): Notify: Transaction "transTes_3" started.	[MsgId: MMSG-16999]
Action.c(103): Notify: Transaction "transTes_3" ended with a "Stop" status (Duration: 0.0000).	[MsgId: MMSG-16873]
Action.c(100): Notify: Transaction "transTes_4" started.	[MsgId: MMSG-16999]
Action.c(103): Notify: Transaction "transTes_4" ended with a "Fail" status (Duration: 0.0000).	[MsgId: MMSG-16873]
Action.c(103): Notify: Transaction "transTes_4" has 0 error message(s).	[MsgId: MMSG-16818]
Action.c(100): Notify: Transaction "transTes_5" started.	[MsgId: MMSG-16999]
Action.c(103): Notify: Transaction "transTes_5" ended with a "Pass" status (Duration: 0.0000).	[MsgId: MMSG-16873]
Action.c(100): Notify: Transaction "transTes_6" started.	[MsgId: MMSG-16999]
Action.c(103): Notify: Transaction "transTes_6" ended with a "Pass" status (Duration: 0.0000).	[MsgId: MMSG-16873]
Action.c(100): Notify: Transaction "transTes_7" started.	[MsgId: MMSG-16999]
Action.c(103): Notify: Transaction "transTes_7" ended with a "Stop" status (Duration: 0.0000).	[MsgId: MMSG-16873]
Action.c(112): Error: vuser failed	[MsgId: MERR-17999]
End auto log messages stack.	[MsgId: MMSG-10544]


Start auto log messages stack - Iteration 2.	[MsgId: MMSG-10545]
Action.c(93): Notify: Transaction "Trans_other" ended with a "Pass" status (Duration: 4.2077 Think Time: 4.1917).	[MsgId: MMSG-16872]
Action.c(100): Notify: Transaction "transTes_0" started.	[MsgId: MMSG-16999]
Action.c(103): Notify: Transaction "transTes_0" ended with a "Pass" status (Duration: 0.0000).	[MsgId: MMSG-16873]
Action.c(100): Notify: Transaction "transTes_1" started.	[MsgId: MMSG-16999]
Action.c(103): Notify: Transaction "transTes_1" ended with a "Stop" status (Duration: 0.0000).	[MsgId: MMSG-16873]
Action.c(100): Notify: Transaction "transTes_2" started.	[MsgId: MMSG-16999]
Action.c(103): Notify: Transaction "transTes_2" ended with a "Pass" status (Duration: 0.0000).	[MsgId: MMSG-16873]
Action.c(100): Notify: Transaction "transTes_3" started.	[MsgId: MMSG-16999]
Action.c(103): Notify: Transaction "transTes_3" ended with a "Stop" status (Duration: 0.0000).	[MsgId: MMSG-16873]
Action.c(100): Notify: Transaction "transTes_4" started.	[MsgId: MMSG-16999]
Action.c(103): Notify: Transaction "transTes_4" ended with a "Fail" status (Duration: 0.0000).	[MsgId: MMSG-16873]
Action.c(103): Notify: Transaction "transTes_4" has 0 error message(s).	[MsgId: MMSG-16818]
Action.c(100): Notify: Transaction "transTes_5" started.	[MsgId: MMSG-16999]
Action.c(103): Notify: Transaction "transTes_5" ended with a "Pass" status (Duration: 0.0000).	[MsgId: MMSG-16873]
Action.c(100): Notify: Transaction "transTes_6" started.	[MsgId: MMSG-16999]
Action.c(103): Notify: Transaction "transTes_6" ended with a "Pass" status (Duration: 0.0000).	[MsgId: MMSG-16873]
Action.c(100): Notify: Transaction "transTes_7" started.	[MsgId: MMSG-16999]
Action.c(103): Notify: Transaction "transTes_7" ended with a "Stop" status (Duration: 0.0000).	[MsgId: MMSG-16873]
Action.c(112): Error: vuser failed	[MsgId: MERR-17999]
End auto log messages stack.	[MsgId: MMSG-10544]


Start auto log messages stack - Iteration 2.	[MsgId: MMSG-10545]
Action.c(93): Notify: Transaction "Trans_other" ended with a "Pass" status (Duration: 4.0932 Think Time: 4.0707).	[MsgId: MMSG-16872]
Action.c(100): Notify: Transaction "transTes_0" started.	[MsgId: MMSG-16999]
Action.c(103): Notify: Transaction "transTes_0" ended with a "Pass" status (Duration: 0.0000).	[MsgId: MMSG-16873]
Action.c(100): Notify: Transaction "transTes_1" started.	[MsgId: MMSG-16999]
Action.c(103): Notify: Transaction "transTes_1" ended with a "Stop" status (Duration: 0.0000).	[MsgId: MMSG-16873]
Action.c(100): Notify: Transaction "transTes_2" started.	[MsgId: MMSG-16999]
Action.c(103): Notify: Transaction "transTes_2" ended with a "Pass" status (Duration: 0.0000).	[MsgId: MMSG-16873]
Action.c(100): Notify: Transaction "transTes_3" started.	[MsgId: MMSG-16999]
Action.c(103): Notify: Transaction "transTes_3" ended with a "Stop" status (Duration: 0.0000).	[MsgId: MMSG-16873]
Action.c(100): Notify: Transaction "transTes_4" started.	[MsgId: MMSG-16999]
Action.c(103): Notify: Transaction "transTes_4" ended with a "Fail" status (Duration: 0.0000).	[MsgId: MMSG-16873]
Action.c(103): Notify: Transaction "transTes_4" has 0 error message(s).	[MsgId: MMSG-16818]
Action.c(100): Notify: Transaction "transTes_5" started.	[MsgId: MMSG-16999]
Action.c(103): Notify: Transaction "transTes_5" ended with a "Pass" status (Duration: 0.0000).	[MsgId: MMSG-16873]
Action.c(100): Notify: Transaction "transTes_6" started.	[MsgId: MMSG-16999]
Action.c(103): Notify: Transaction "transTes_6" ended with a "Pass" status (Duration: 0.0000).	[MsgId: MMSG-16873]
Action.c(100): Notify: Transaction "transTes_7" started.	[MsgId: MMSG-16999]
Action.c(103): Notify: Transaction "transTes_7" ended with a "Stop" status (Duration: 0.0000).	[MsgId: MMSG-16873]
Action.c(112): Error: vuser failed	[MsgId: MERR-17999]
End auto log messages stack.	[MsgId: MMSG-10544]


Start auto log messages stack - Iteration 2.	[MsgId: MMSG-10545]
Action.c(93): Notify: Transaction "Trans_other" ended with a "Pass" status (Duration: 4.0928 Think Time: 4.0737).	[MsgId: MMSG-16872]
Action.c(100): Notify: Transaction "transTes_0" started.	[MsgId: MMSG-16999]
Action.c(103): Notify: Transaction "transTes_0" ended with a "Pass" status (Duration: 0.0000).	[MsgId: MMSG-16873]
Action.c(100): Notify: Transaction "transTes_1" started.	[MsgId: MMSG-16999]
Action.c(103): Notify: Transaction "transTes_1" ended with a "Stop" status (Duration: 0.0000).	[MsgId: MMSG-16873]
Action.c(100): Notify: Transaction "transTes_2" started.	[MsgId: MMSG-16999]
Action.c(103): Notify: Transaction "transTes_2" ended with a "Pass" status (Duration: 0.0000).	[MsgId: MMSG-16873]
Action.c(100): Notify: Transaction "transTes_3" started.	[MsgId: MMSG-16999]
Action.c(103): Notify: Transaction "transTes_3" ended with a "Stop" status (Duration: 0.0000).	[MsgId: MMSG-16873]
Action.c(100): Notify: Transaction "transTes_4" started.	[MsgId: MMSG-16999]
Action.c(103): Notify: Transaction "transTes_4" ended with a "Fail" status (Duration: 0.0000).	[MsgId: MMSG-16873]
Action.c(103): Notify: Transaction "transTes_4" has 0 error message(s).	[MsgId: MMSG-16818]
Action.c(100): Notify: Transaction "transTes_5" started.	[MsgId: MMSG-16999]
Action.c(103): Notify: Transaction "transTes_5" ended with a "Pass" status (Duration: 0.0000).	[MsgId: MMSG-16873]
Action.c(100): Notify: Transaction "transTes_6" started.	[MsgId: MMSG-16999]
Action.c(103): Notify: Transaction "transTes_6" ended with a "Pass" status (Duration: 0.0000).	[MsgId: MMSG-16873]
Action.c(100): Notify: Transaction "transTes_7" started.	[MsgId: MMSG-16999]
Action.c(103): Notify: Transaction "transTes_7" ended with a "Stop" status (Duration: 0.0000).	[MsgId: MMSG-16873]
Action.c(112): Error: vuser failed	[MsgId: MERR-17999]
End auto log messages stack.	[MsgId: MMSG-10544]


Start auto log messages stack - Iteration 2.	[MsgId: MMSG-10545]
Action.c(93): Notify: Transaction "Trans_other" ended with a "Pass" status (Duration: 4.0195 Think Time: 4.0091).	[MsgId: MMSG-16872]
Action.c(100): Notify: Transaction "transTes_0" started.	[MsgId: MMSG-16999]
Action.c(103): Notify: Transaction "transTes_0" ended with a "Pass" status (Duration: 0.0000).	[MsgId: MMSG-16873]
Action.c(100): Notify: Transaction "transTes_1" started.	[MsgId: MMSG-16999]
Action.c(103): Notify: Transaction "transTes_1" ended with a "Stop" status (Duration: 0.0000).	[MsgId: MMSG-16873]
Action.c(100): Notify: Transaction "transTes_2" started.	[MsgId: MMSG-16999]
Action.c(103): Notify: Transaction "transTes_2" ended with a "Pass" status (Duration: 0.0000).	[MsgId: MMSG-16873]
Action.c(100): Notify: Transaction "transTes_3" started.	[MsgId: MMSG-16999]
Action.c(103): Notify: Transaction "transTes_3" ended with a "Stop" status (Duration: 0.0000).	[MsgId: MMSG-16873]
Action.c(100): Notify: Transaction "transTes_4" started.	[MsgId: MMSG-16999]
Action.c(103): Notify: Transaction "transTes_4" ended with a "Fail" status (Duration: 0.0000).	[MsgId: MMSG-16873]
Action.c(103): Notify: Transaction "transTes_4" has 0 error message(s).	[MsgId: MMSG-16818]
Action.c(100): Notify: Transaction "transTes_5" started.	[MsgId: MMSG-16999]
Action.c(103): Notify: Transaction "transTes_5" ended with a "Pass" status (Duration: 0.0000).	[MsgId: MMSG-16873]
Action.c(100): Notify: Transaction "transTes_6" started.	[MsgId: MMSG-16999]
Action.c(103): Notify: Transaction "transTes_6" ended with a "Pass" status (Duration: 0.0000).	[MsgId: MMSG-16873]
Action.c(100): Notify: Transaction "transTes_7" started.	[MsgId: MMSG-16999]
Action.c(103): Notify: Transaction "transTes_7" ended with a "Stop" status (Duration: 0.0000).	[MsgId: MMSG-16873]
Action.c(112): Error: vuser failed	[MsgId: MERR-17999]
End auto log messages stack.	[MsgId: MMSG-10544]


Start auto log messages stack - Iteration 2.	[MsgId: MMSG-10545]
Action.c(93): Notify: Transaction "Trans_other" ended with a "Pass" status (Duration: 4.0291 Think Time: 4.0038).	[MsgId: MMSG-16872]
Action.c(100): Notify: Transaction "transTes_0" started.	[MsgId: MMSG-16999]
Action.c(103): Notify: Transaction "transTes_0" ended with a "Pass" status (Duration: 0.0000).	[MsgId: MMSG-16873]
Action.c(100): Notify: Transaction "transTes_1" started.	[MsgId: MMSG-16999]
Action.c(103): Notify: Transaction "transTes_1" ended with a "Stop" status (Duration: 0.0000).	[MsgId: MMSG-16873]
Action.c(100): Notify: Transaction "transTes_2" started.	[MsgId: MMSG-16999]
Action.c(103): Notify: Transaction "transTes_2" ended with a "Pass" status (Duration: 0.0000).	[MsgId: MMSG-16873]
Action.c(100): Notify: Transaction "transTes_3" started.	[MsgId: MMSG-16999]
Action.c(103): Notify: Transaction "transTes_3" ended with a "Stop" status (Duration: 0.0000).	[MsgId: MMSG-16873]
Action.c(100): Notify: Transaction "transTes_4" started.	[MsgId: MMSG-16999]
Action.c(103): Notify: Transaction "transTes_4" ended with a "Fail" status (Duration: 0.0000).	[MsgId: MMSG-16873]
Action.c(103): Notify: Transaction "transTes_4" has 0 error message(s).	[MsgId: MMSG-16818]
Action.c(100): Notify: Transaction "transTes_5" started.	[MsgId: MMSG-16999]
Action.c(103): Notify: Transaction "transTes_5" ended with a "Pass" status (Duration: 0.0000).	[MsgId: MMSG-16873]
Action.c(100): Notify: Transaction "transTes_6" started.	[MsgId: MMSG-16999]
Action.c(103): Notify: Transaction "transTes_6" ended with a "Pass" status (Duration: 0.0000).	[MsgId: MMSG-16873]
Action.c(100): Notify: Transaction "transTes_7" started.	[MsgId: MMSG-16999]
Action.c(103): Notify: Transaction "transTes_7" ended with a "Stop" status (Duration: 0.0000).	[MsgId: MMSG-16873]
Action.c(112): Error: vuser failed	[MsgId: MERR-17999]
End auto log messages stack.	[MsgId: MMSG-10544]


Start auto log messages stack - Iteration 2.	[MsgId: MMSG-10545]
Action.c(93): Notify: Transaction "Trans_other" ended with a "Pass" status (Duration: 4.2573 Think Time: 4.2346).	[MsgId: MMSG-16872]
Action.c(100): Notify: Transaction "transTes_0" started.	[MsgId: MMSG-16999]
Action.c(103): Notify: Transaction "transTes_0" ended with a "Pass" status (Duration: 0.0000).	[MsgId: MMSG-16873]
Action.c(100): Notify: Transaction "transTes_1" started.	[MsgId: MMSG-16999]
Action.c(103): Notify: Transaction "transTes_1" ended with a "Stop" status (Duration: 0.0000).	[MsgId: MMSG-16873]
Action.c(100): Notify: Transaction "transTes_2" started.	[MsgId: MMSG-16999]
Action.c(103): Notify: Transaction "transTes_2" ended with a "Pass" status (Duration: 0.0000).	[MsgId: MMSG-16873]
Action.c(100): Notify: Transaction "transTes_3" started.	[MsgId: MMSG-16999]
Action.c(103): Notify: Transaction "transTes_3" ended with a "Stop" status (Duration: 0.0000).	[MsgId: MMSG-16873]
Action.c(100): Notify: Transaction "transTes_4" started.	[MsgId: MMSG-16999]
Action.c(103): Notify: Transaction "transTes_4" ended with a "Fail" status (Duration: 0.0000).	[MsgId: MMSG-16873]
Action.c(103): Notify: Transaction "transTes_4" has 0 error message(s).	[MsgId: MMSG-16818]
Action.c(100): Notify: Transaction "transTes_5" started.	[MsgId: MMSG-16999]
Action.c(103): Notify: Transaction "transTes_5" ended with a "Pass" status (Duration: 0.0000).	[MsgId: MMSG-16873]
Action.c(100): Notify: Transaction "transTes_6" started.	[MsgId: MMSG-16999]
Action.c(103): Notify: Transaction "transTes_6" ended with a "Pass" status (Duration: 0.0000).	[MsgId: MMSG-16873]
Action.c(100): Notify: Transaction "transTes_7" started.	[MsgId: MMSG-16999]
Action.c(103): Notify: Transaction "transTes_7" ended with a "Stop" status (Duration: 0.0000).	[MsgId: MMSG-16873]
Action.c(112): Error: vuser failed	[MsgId: MERR-17999]
End auto log messages stack.	[MsgId: MMSG-10544]


Start auto log messages stack - Iteration 2.	[MsgId: MMSG-10545]
Action.c(93): Notify: Transaction "Trans_other" ended with a "Pass" status (Duration: 4.0686 Think Time: 4.0419).	[MsgId: MMSG-16872]
Action.c(100): Notify: Transaction "transTes_0" started.	[MsgId: MMSG-16999]
Action.c(103): Notify: Transaction "transTes_0" ended with a "Pass" status (Duration: 0.0000).	[MsgId: MMSG-16873]
Action.c(100): Notify: Transaction "transTes_1" started.	[MsgId: MMSG-16999]
Action.c(103): Notify: Transaction "transTes_1" ended with a "Stop" status (Duration: 0.0000).	[MsgId: MMSG-16873]
Action.c(100): Notify: Transaction "transTes_2" started.	[MsgId: MMSG-16999]
Action.c(103): Notify: Transaction "transTes_2" ended with a "Pass" status (Duration: 0.0000).	[MsgId: MMSG-16873]
Action.c(100): Notify: Transaction "transTes_3" started.	[MsgId: MMSG-16999]
Action.c(103): Notify: Transaction "transTes_3" ended with a "Stop" status (Duration: 0.0000).	[MsgId: MMSG-16873]
Action.c(100): Notify: Transaction "transTes_4" started.	[MsgId: MMSG-16999]
Action.c(103): Notify: Transaction "transTes_4" ended with a "Fail" status (Duration: 0.0000).	[MsgId: MMSG-16873]
Action.c(103): Notify: Transaction "transTes_4" has 0 error message(s).	[MsgId: MMSG-16818]
Action.c(100): Notify: Transaction "transTes_5" started.	[MsgId: MMSG-16999]
Action.c(103): Notify: Transaction "transTes_5" ended with a "Pass" status (Duration: 0.0000).	[MsgId: MMSG-16873]
Action.c(100): Notify: Transaction "transTes_6" started.	[MsgId: MMSG-16999]
Action.c(103): Notify: Transaction "transTes_6" ended with a "Pass" status (Duration: 0.0000).	[MsgId: MMSG-16873]
Action.c(100): Notify: Transaction "transTes_7" started.	[MsgId: MMSG-16999]
Action.c(103): Notify: Transaction "transTes_7" ended with a "Stop" status (Duration: 0.0000).	[MsgId: MMSG-16873]
Action.c(112): Error: vuser failed	[MsgId: MERR-17999]
End auto log messages stack.	[MsgId: MMSG-10544]


Start auto log messages stack - Iteration 2.	[MsgId: MMSG-10545]
Action.c(93): Notify: Transaction "Trans_other" ended with a "Pass" status (Duration: 4.5028 Think Time: 4.4758).	[MsgId: MMSG-16872]
Action.c(100): Notify: Transaction "transTes_0" started.	[MsgId: MMSG-16999]
Action.c(103): Notify: Transaction "transTes_0" ended with a "Pass" status (Duration: 0.0000).	[MsgId: MMSG-16873]
Action.c(100): Notify: Transaction "transTes_1" started.	[MsgId: MMSG-16999]
Action.c(103): Notify: Transaction "transTes_1" ended with a "Stop" status (Duration: 0.0000).	[MsgId: MMSG-16873]
Action.c(100): Notify: Transaction "transTes_2" started.	[MsgId: MMSG-16999]
Action.c(103): Notify: Transaction "transTes_2" ended with a "Pass" status (Duration: 0.0000).	[MsgId: MMSG-16873]
Action.c(100): Notify: Transaction "transTes_3" started.	[MsgId: MMSG-16999]
Action.c(103): Notify: Transaction "transTes_3" ended with a "Stop" status (Duration: 0.0000).	[MsgId: MMSG-16873]
Action.c(100): Notify: Transaction "transTes_4" started.	[MsgId: MMSG-16999]
Action.c(103): Notify: Transaction "transTes_4" ended with a "Fail" status (Duration: 0.0000).	[MsgId: MMSG-16873]
Action.c(103): Notify: Transaction "transTes_4" has 0 error message(s).	[MsgId: MMSG-16818]
Action.c(100): Notify: Transaction "transTes_5" started.	[MsgId: MMSG-16999]
Action.c(103): Notify: Transaction "transTes_5" ended with a "Pass" status (Duration: 0.0000).	[MsgId: MMSG-16873]
Action.c(100): Notify: Transaction "transTes_6" started.	[MsgId: MMSG-16999]
Action.c(103): Notify: Transaction "transTes_6" ended with a "Pass" status (Duration: 0.0000).	[MsgId: MMSG-16873]
Action.c(100): Notify: Transaction "transTes_7" started.	[MsgId: MMSG-16999]
Action.c(103): Notify: Transaction "transTes_7" ended with a "Stop" status (Duration: 0.0000).	[MsgId: MMSG-16873]
Action.c(112): Error: vuser failed	[MsgId: MERR-17999]
End auto log messages stack.	[MsgId: MMSG-10544]


Start auto log messages stack - Iteration 3.	[MsgId: MMSG-10545]
Action.c(93): Notify: Transaction "Trans_other" ended with a "Pass" status (Duration: 4.2694 Think Time: 4.2487).	[MsgId: MMSG-16872]
Action.c(100): Notify: Transaction "transTes_0" started.	[MsgId: MMSG-16999]
Action.c(103): Notify: Transaction "transTes_0" ended with a "Stop" status (Duration: 0.0000).	[MsgId: MMSG-16873]
Action.c(100): Notify: Transaction "transTes_1" started.	[MsgId: MMSG-16999]
Action.c(103): Notify: Transaction "transTes_1" ended with a "Pass" status (Duration: 0.0000).	[MsgId: MMSG-16873]
Action.c(100): Notify: Transaction "transTes_2" started.	[MsgId: MMSG-16999]
Action.c(103): Notify: Transaction "transTes_2" ended with a "Fail" status (Duration: 0.0000).	[MsgId: MMSG-16873]
Action.c(103): Notify: Transaction "transTes_2" has 0 error message(s).	[MsgId: MMSG-16818]
Action.c(100): Notify: Transaction "transTes_3" started.	[MsgId: MMSG-16999]
Action.c(103): Notify: Transaction "transTes_3" ended with a "Pass" status (Duration: 0.0000).	[MsgId: MMSG-16873]
Action.c(100): Notify: Transaction "transTes_4" started.	[MsgId: MMSG-16999]
Action.c(103): Notify: Transaction "transTes_4" ended with a "Pass" status (Duration: 0.0000).	[MsgId: MMSG-16873]
Action.c(100): Notify: Transaction "transTes_5" started.	[MsgId: MMSG-16999]
Action.c(103): Notify: Transaction "transTes_5" ended with a "Pass" status (Duration: 0.0000).	[MsgId: MMSG-16873]
Action.c(100): Notify: Transaction "transTes_6" started.	[MsgId: MMSG-16999]
Action.c(103): Notify: Transaction "transTes_6" ended with a "Pass" status (Duration: 0.0000).	[MsgId: MMSG-16873]
Action.c(100): Notify: Transaction "transTes_7" started.	[MsgId: MMSG-16999]
Action.c(103): Notify: Transaction "transTes_7" ended with a "Stop" status (Duration: 0.0000).	[MsgId: MMSG-16873]
Action.c(112): Error: vuser failed	[MsgId: MERR-17999]
End auto log messages stack.	[MsgId: MMSG-10544]


Start auto log messages stack - Iteration 3.	[MsgId: MMSG-10545]
Action.c(93): Notify: Transaction "Trans_other" ended with a "Pass" status (Duration: 4.0768 Think Time: 4.0605).	[MsgId: MMSG-16872]
Action.c(100): Notify: Transaction "transTes_0" started.	[MsgId: MMSG-16999]
Action.c(103): Notify: Transaction "transTes_0" ended with a "Stop" status (Duration: 0.0000).	[MsgId: MMSG-16873]
Action.c(100): Notify: Transaction "transTes_1" started.	[MsgId: MMSG-16999]
Action.c(103): Notify: Transaction "transTes_1" ended with a "Pass" status (Duration: 0.0000).	[MsgId: MMSG-16873]
Action.c(100): Notify: Transaction "transTes_2" started.	[MsgId: MMSG-16999]
Action.c(103): Notify: Transaction "transTes_2" ended with a "Fail" status (Duration: 0.0000).	[MsgId: MMSG-16873]
Action.c(103): Notify: Transaction "transTes_2" has 0 error message(s).	[MsgId: MMSG-16818]
Action.c(100): Notify: Transaction "transTes_3" started.	[MsgId: MMSG-16999]
Action.c(103): Notify: Transaction "transTes_3" ended with a "Pass" status (Duration: 0.0000).	[MsgId: MMSG-16873]
Action.c(100): Notify: Transaction "transTes_4" started.	[MsgId: MMSG-16999]
Action.c(103): Notify: Transaction "transTes_4" ended with a "Pass" status (Duration: 0.0000).	[MsgId: MMSG-16873]
Action.c(100): Notify: Transaction "transTes_5" started.	[MsgId: MMSG-16999]
Action.c(103): Notify: Transaction "transTes_5" ended with a "Pass" status (Duration: 0.0000).	[MsgId: MMSG-16873]
Action.c(100): Notify: Transaction "transTes_6" started.	[MsgId: MMSG-16999]
Action.c(103): Notify: Transaction "transTes_6" ended with a "Pass" status (Duration: 0.0000).	[MsgId: MMSG-16873]
Action.c(100): Notify: Transaction "transTes_7" started.	[MsgId: MMSG-16999]
Action.c(103): Notify: Transaction "transTes_7" ended with a "Stop" status (Duration: 0.0000).	[MsgId: MMSG-16873]
Action.c(112): Error: vuser failed	[MsgId: MERR-17999]
End auto log messages stack.	[MsgId: MMSG-10544]


Start auto log messages stack - Iteration 3.	[MsgId: MMSG-10545]
Action.c(93): Notify: Transaction "Trans_other" ended with a "Pass" status (Duration: 4.3361 Think Time: 4.2482).	[MsgId: MMSG-16872]
Action.c(100): Notify: Transaction "transTes_0" started.	[MsgId: MMSG-16999]
Action.c(103): Notify: Transaction "transTes_0" ended with a "Stop" status (Duration: 0.0000).	[MsgId: MMSG-16873]
Action.c(100): Notify: Transaction "transTes_1" started.	[MsgId: MMSG-16999]
Action.c(103): Notify: Transaction "transTes_1" ended with a "Pass" status (Duration: 0.0000).	[MsgId: MMSG-16873]
Action.c(100): Notify: Transaction "transTes_2" started.	[MsgId: MMSG-16999]
Action.c(103): Notify: Transaction "transTes_2" ended with a "Fail" status (Duration: 0.0000).	[MsgId: MMSG-16873]
Action.c(103): Notify: Transaction "transTes_2" has 0 error message(s).	[MsgId: MMSG-16818]
Action.c(100): Notify: Transaction "transTes_3" started.	[MsgId: MMSG-16999]
Action.c(103): Notify: Transaction "transTes_3" ended with a "Pass" status (Duration: 0.0000).	[MsgId: MMSG-16873]
Action.c(100): Notify: Transaction "transTes_4" started.	[MsgId: MMSG-16999]
Action.c(103): Notify: Transaction "transTes_4" ended with a "Pass" status (Duration: 0.0000).	[MsgId: MMSG-16873]
Action.c(100): Notify: Transaction "transTes_5" started.	[MsgId: MMSG-16999]
Action.c(103): Notify: Transaction "transTes_5" ended with a "Pass" status (Duration: 0.0000).	[MsgId: MMSG-16873]
Action.c(100): Notify: Transaction "transTes_6" started.	[MsgId: MMSG-16999]
Action.c(103): Notify: Transaction "transTes_6" ended with a "Pass" status (Duration: 0.0000).	[MsgId: MMSG-16873]
Action.c(100): Notify: Transaction "transTes_7" started.	[MsgId: MMSG-16999]
Action.c(103): Notify: Transaction "transTes_7" ended with a "Stop" status (Duration: 0.0000).	[MsgId: MMSG-16873]
Action.c(112): Error: vuser failed	[MsgId: MERR-17999]
End auto log messages stack.	[MsgId: MMSG-10544]


Start auto log messages stack - Iteration 3.	[MsgId: MMSG-10545]
Action.c(93): Notify: Transaction "Trans_other" ended with a "Pass" status (Duration: 4.1543 Think Time: 4.1448).	[MsgId: MMSG-16872]
Action.c(100): Notify: Transaction "transTes_0" started.	[MsgId: MMSG-16999]
Action.c(103): Notify: Transaction "transTes_0" ended with a "Stop" status (Duration: 0.0000).	[MsgId: MMSG-16873]
Action.c(100): Notify: Transaction "transTes_1" started.	[MsgId: MMSG-16999]
Action.c(103): Notify: Transaction "transTes_1" ended with a "Pass" status (Duration: 0.0000).	[MsgId: MMSG-16873]
Action.c(100): Notify: Transaction "transTes_2" started.	[MsgId: MMSG-16999]
Action.c(103): Notify: Transaction "transTes_2" ended with a "Fail" status (Duration: 0.0000).	[MsgId: MMSG-16873]
Action.c(103): Notify: Transaction "transTes_2" has 0 error message(s).	[MsgId: MMSG-16818]
Action.c(100): Notify: Transaction "transTes_3" started.	[MsgId: MMSG-16999]
Action.c(103): Notify: Transaction "transTes_3" ended with a "Pass" status (Duration: 0.0000).	[MsgId: MMSG-16873]
Action.c(100): Notify: Transaction "transTes_4" started.	[MsgId: MMSG-16999]
Action.c(103): Notify: Transaction "transTes_4" ended with a "Pass" status (Duration: 0.0000).	[MsgId: MMSG-16873]
Action.c(100): Notify: Transaction "transTes_5" started.	[MsgId: MMSG-16999]
Action.c(103): Notify: Transaction "transTes_5" ended with a "Pass" status (Duration: 0.0000).	[MsgId: MMSG-16873]
Action.c(100): Notify: Transaction "transTes_6" started.	[MsgId: MMSG-16999]
Action.c(103): Notify: Transaction "transTes_6" ended with a "Pass" status (Duration: 0.0000).	[MsgId: MMSG-16873]
Action.c(100): Notify: Transaction "transTes_7" started.	[MsgId: MMSG-16999]
Action.c(103): Notify: Transaction "transTes_7" ended with a "Stop" status (Duration: 0.0000).	[MsgId: MMSG-16873]
Action.c(112): Error: vuser failed	[MsgId: MERR-17999]
End auto log messages stack.	[MsgId: MMSG-10544]


Start auto log messages stack - Iteration 3.	[MsgId: MMSG-10545]
Action.c(93): Notify: Transaction "Trans_other" ended with a "Pass" status (Duration: 4.1082 Think Time: 4.0860).	[MsgId: MMSG-16872]
Action.c(100): Notify: Transaction "transTes_0" started.	[MsgId: MMSG-16999]
Action.c(103): Notify: Transaction "transTes_0" ended with a "Stop" status (Duration: 0.0000).	[MsgId: MMSG-16873]
Action.c(100): Notify: Transaction "transTes_1" started.	[MsgId: MMSG-16999]
Action.c(103): Notify: Transaction "transTes_1" ended with a "Pass" status (Duration: 0.0000).	[MsgId: MMSG-16873]
Action.c(100): Notify: Transaction "transTes_2" started.	[MsgId: MMSG-16999]
Action.c(103): Notify: Transaction "transTes_2" ended with a "Fail" status (Duration: 0.0000).	[MsgId: MMSG-16873]
Action.c(103): Notify: Transaction "transTes_2" has 0 error message(s).	[MsgId: MMSG-16818]
Action.c(100): Notify: Transaction "transTes_3" started.	[MsgId: MMSG-16999]
Action.c(103): Notify: Transaction "transTes_3" ended with a "Pass" status (Duration: 0.0000).	[MsgId: MMSG-16873]
Action.c(100): Notify: Transaction "transTes_4" started.	[MsgId: MMSG-16999]
Action.c(103): Notify: Transaction "transTes_4" ended with a "Pass" status (Duration: 0.0000).	[MsgId: MMSG-16873]
Action.c(100): Notify: Transaction "transTes_5" started.	[MsgId: MMSG-16999]
Action.c(103): Notify: Transaction "transTes_5" ended with a "Pass" status (Duration: 0.0000).	[MsgId: MMSG-16873]
Action.c(100): Notify: Transaction "transTes_6" started.	[MsgId: MMSG-16999]
Action.c(103): Notify: Transaction "transTes_6" ended with a "Pass" status (Duration: 0.0000).	[MsgId: MMSG-16873]
Action.c(100): Notify: Transaction "transTes_7" started.	[MsgId: MMSG-16999]
Action.c(103): Notify: Transaction "transTes_7" ended with a "Stop" status (Duration: 0.0000).	[MsgId: MMSG-16873]
Action.c(112): Error: vuser failed	[MsgId: MERR-17999]
End auto log messages stack.	[MsgId: MMSG-10544]


Start auto log messages stack - Iteration 3.	[MsgId: MMSG-10545]
Action.c(93): Notify: Transaction "Trans_other" ended with a "Pass" status (Duration: 4.1150 Think Time: 4.0961).	[MsgId: MMSG-16872]
Action.c(100): Notify: Transaction "transTes_0" started.	[MsgId: MMSG-16999]
Action.c(103): Notify: Transaction "transTes_0" ended with a "Stop" status (Duration: 0.0000).	[MsgId: MMSG-16873]
Action.c(100): Notify: Transaction "transTes_1" started.	[MsgId: MMSG-16999]
Action.c(103): Notify: Transaction "transTes_1" ended with a "Pass" status (Duration: 0.0000).	[MsgId: MMSG-16873]
Action.c(100): Notify: Transaction "transTes_2" started.	[MsgId: MMSG-16999]
Action.c(103): Notify: Transaction "transTes_2" ended with a "Fail" status (Duration: 0.0000).	[MsgId: MMSG-16873]
Action.c(103): Notify: Transaction "transTes_2" has 0 error message(s).	[MsgId: MMSG-16818]
Action.c(100): Notify: Transaction "transTes_3" started.	[MsgId: MMSG-16999]
Action.c(103): Notify: Transaction "transTes_3" ended with a "Pass" status (Duration: 0.0000).	[MsgId: MMSG-16873]
Action.c(100): Notify: Transaction "transTes_4" started.	[MsgId: MMSG-16999]
Action.c(103): Notify: Transaction "transTes_4" ended with a "Pass" status (Duration: 0.0000).	[MsgId: MMSG-16873]
Action.c(100): Notify: Transaction "transTes_5" started.	[MsgId: MMSG-16999]
Action.c(103): Notify: Transaction "transTes_5" ended with a "Pass" status (Duration: 0.0000).	[MsgId: MMSG-16873]
Action.c(100): Notify: Transaction "transTes_6" started.	[MsgId: MMSG-16999]
Action.c(103): Notify: Transaction "transTes_6" ended with a "Pass" status (Duration: 0.0000).	[MsgId: MMSG-16873]
Action.c(100): Notify: Transaction "transTes_7" started.	[MsgId: MMSG-16999]
Action.c(103): Notify: Transaction "transTes_7" ended with a "Stop" status (Duration: 0.0000).	[MsgId: MMSG-16873]
Action.c(112): Error: vuser failed	[MsgId: MERR-17999]
End auto log messages stack.	[MsgId: MMSG-10544]


Start auto log messages stack - Iteration 3.	[MsgId: MMSG-10545]
Action.c(93): Notify: Transaction "Trans_other" ended with a "Pass" status (Duration: 4.0257 Think Time: 4.0110).	[MsgId: MMSG-16872]
Action.c(100): Notify: Transaction "transTes_0" started.	[MsgId: MMSG-16999]
Action.c(103): Notify: Transaction "transTes_0" ended with a "Stop" status (Duration: 0.0000).	[MsgId: MMSG-16873]
Action.c(100): Notify: Transaction "transTes_1" started.	[MsgId: MMSG-16999]
Action.c(103): Notify: Transaction "transTes_1" ended with a "Pass" status (Duration: 0.0000).	[MsgId: MMSG-16873]
Action.c(100): Notify: Transaction "transTes_2" started.	[MsgId: MMSG-16999]
Action.c(103): Notify: Transaction "transTes_2" ended with a "Fail" status (Duration: 0.0000).	[MsgId: MMSG-16873]
Action.c(103): Notify: Transaction "transTes_2" has 0 error message(s).	[MsgId: MMSG-16818]
Action.c(100): Notify: Transaction "transTes_3" started.	[MsgId: MMSG-16999]
Action.c(103): Notify: Transaction "transTes_3" ended with a "Pass" status (Duration: 0.0000).	[MsgId: MMSG-16873]
Action.c(100): Notify: Transaction "transTes_4" started.	[MsgId: MMSG-16999]
Action.c(103): Notify: Transaction "transTes_4" ended with a "Pass" status (Duration: 0.0000).	[MsgId: MMSG-16873]
Action.c(100): Notify: Transaction "transTes_5" started.	[MsgId: MMSG-16999]
Action.c(103): Notify: Transaction "transTes_5" ended with a "Pass" status (Duration: 0.0000).	[MsgId: MMSG-16873]
Action.c(100): Notify: Transaction "transTes_6" started.	[MsgId: MMSG-16999]
Action.c(103): Notify: Transaction "transTes_6" ended with a "Pass" status (Duration: 0.0000).	[MsgId: MMSG-16873]
Action.c(100): Notify: Transaction "transTes_7" started.	[MsgId: MMSG-16999]
Action.c(103): Notify: Transaction "transTes_7" ended with a "Stop" status (Duration: 0.0000).	[MsgId: MMSG-16873]
Action.c(112): Error: vuser failed	[MsgId: MERR-17999]
End auto log messages stack.	[MsgId: MMSG-10544]


Start auto log messages stack - Iteration 3.	[MsgId: MMSG-10545]
Action.c(93): Notify: Transaction "Trans_other" ended with a "Pass" status (Duration: 4.0276 Think Time: 4.0094).	[MsgId: MMSG-16872]
Action.c(100): Notify: Transaction "transTes_0" started.	[MsgId: MMSG-16999]
Action.c(103): Notify: Transaction "transTes_0" ended with a "Stop" status (Duration: 0.0000).	[MsgId: MMSG-16873]
Action.c(100): Notify: Transaction "transTes_1" started.	[MsgId: MMSG-16999]
Action.c(103): Notify: Transaction "transTes_1" ended with a "Pass" status (Duration: 0.0000).	[MsgId: MMSG-16873]
Action.c(100): Notify: Transaction "transTes_2" started.	[MsgId: MMSG-16999]
Action.c(103): Notify: Transaction "transTes_2" ended with a "Fail" status (Duration: 0.0000).	[MsgId: MMSG-16873]
Action.c(103): Notify: Transaction "transTes_2" has 0 error message(s).	[MsgId: MMSG-16818]
Action.c(100): Notify: Transaction "transTes_3" started.	[MsgId: MMSG-16999]
Action.c(103): Notify: Transaction "transTes_3" ended with a "Pass" status (Duration: 0.0000).	[MsgId: MMSG-16873]
Action.c(100): Notify: Transaction "transTes_4" started.	[MsgId: MMSG-16999]
Action.c(103): Notify: Transaction "transTes_4" ended with a "Pass" status (Duration: 0.0000).	[MsgId: MMSG-16873]
Action.c(100): Notify: Transaction "transTes_5" started.	[MsgId: MMSG-16999]
Action.c(103): Notify: Transaction "transTes_5" ended with a "Pass" status (Duration: 0.0000).	[MsgId: MMSG-16873]
Action.c(100): Notify: Transaction "transTes_6" started.	[MsgId: MMSG-16999]
Action.c(103): Notify: Transaction "transTes_6" ended with a "Pass" status (Duration: 0.0000).	[MsgId: MMSG-16873]
Action.c(100): Notify: Transaction "transTes_7" started.	[MsgId: MMSG-16999]
Action.c(103): Notify: Transaction "transTes_7" ended with a "Stop" status (Duration: 0.0000).	[MsgId: MMSG-16873]
Action.c(112): Error: vuser failed	[MsgId: MERR-17999]
End auto log messages stack.	[MsgId: MMSG-10544]


Start auto log messages stack - Iteration 3.	[MsgId: MMSG-10545]
Action.c(93): Notify: Transaction "Trans_other" ended with a "Pass" status (Duration: 4.0328 Think Time: 4.0053).	[MsgId: MMSG-16872]
Action.c(100): Notify: Transaction "transTes_0" started.	[MsgId: MMSG-16999]
Action.c(103): Notify: Transaction "transTes_0" ended with a "Stop" status (Duration: 0.0000).	[MsgId: MMSG-16873]
Action.c(100): Notify: Transaction "transTes_1" started.	[MsgId: MMSG-16999]
Action.c(103): Notify: Transaction "transTes_1" ended with a "Pass" status (Duration: 0.0000).	[MsgId: MMSG-16873]
Action.c(100): Notify: Transaction "transTes_2" started.	[MsgId: MMSG-16999]
Action.c(103): Notify: Transaction "transTes_2" ended with a "Fail" status (Duration: 0.0000).	[MsgId: MMSG-16873]
Action.c(103): Notify: Transaction "transTes_2" has 0 error message(s).	[MsgId: MMSG-16818]
Action.c(100): Notify: Transaction "transTes_3" started.	[MsgId: MMSG-16999]
Action.c(103): Notify: Transaction "transTes_3" ended with a "Pass" status (Duration: 0.0000).	[MsgId: MMSG-16873]
Action.c(100): Notify: Transaction "transTes_4" started.	[MsgId: MMSG-16999]
Action.c(103): Notify: Transaction "transTes_4" ended with a "Pass" status (Duration: 0.0000).	[MsgId: MMSG-16873]
Action.c(100): Notify: Transaction "transTes_5" started.	[MsgId: MMSG-16999]
Action.c(103): Notify: Transaction "transTes_5" ended with a "Pass" status (Duration: 0.0000).	[MsgId: MMSG-16873]
Action.c(100): Notify: Transaction "transTes_6" started.	[MsgId: MMSG-16999]
Action.c(103): Notify: Transaction "transTes_6" ended with a "Pass" status (Duration: 0.0000).	[MsgId: MMSG-16873]
Action.c(100): Notify: Transaction "transTes_7" started.	[MsgId: MMSG-16999]
Action.c(103): Notify: Transaction "transTes_7" ended with a "Stop" status (Duration: 0.0000).	[MsgId: MMSG-16873]
Action.c(112): Error: vuser failed	[MsgId: MERR-17999]
End auto log messages stack.	[MsgId: MMSG-10544]


Start auto log messages stack - Iteration 3.	[MsgId: MMSG-10545]
Action.c(93): Notify: Transaction "Trans_other" ended with a "Pass" status (Duration: 4.0289 Think Time: 4.0130).	[MsgId: MMSG-16872]
Action.c(100): Notify: Transaction "transTes_0" started.	[MsgId: MMSG-16999]
Action.c(103): Notify: Transaction "transTes_0" ended with a "Stop" status (Duration: 0.0000).	[MsgId: MMSG-16873]
Action.c(100): Notify: Transaction "transTes_1" started.	[MsgId: MMSG-16999]
Action.c(103): Notify: Transaction "transTes_1" ended with a "Pass" status (Duration: 0.0000).	[MsgId: MMSG-16873]
Action.c(100): Notify: Transaction "transTes_2" started.	[MsgId: MMSG-16999]
Action.c(103): Notify: Transaction "transTes_2" ended with a "Fail" status (Duration: 0.0000).	[MsgId: MMSG-16873]
Action.c(103): Notify: Transaction "transTes_2" has 0 error message(s).	[MsgId: MMSG-16818]
Action.c(100): Notify: Transaction "transTes_3" started.	[MsgId: MMSG-16999]
Action.c(103): Notify: Transaction "transTes_3" ended with a "Pass" status (Duration: 0.0000).	[MsgId: MMSG-16873]
Action.c(100): Notify: Transaction "transTes_4" started.	[MsgId: MMSG-16999]
Action.c(103): Notify: Transaction "transTes_4" ended with a "Pass" status (Duration: 0.0000).	[MsgId: MMSG-16873]
Action.c(100): Notify: Transaction "transTes_5" started.	[MsgId: MMSG-16999]
Action.c(103): Notify: Transaction "transTes_5" ended with a "Pass" status (Duration: 0.0000).	[MsgId: MMSG-16873]
Action.c(100): Notify: Transaction "transTes_6" started.	[MsgId: MMSG-16999]
Action.c(103): Notify: Transaction "transTes_6" ended with a "Pass" status (Duration: 0.0000).	[MsgId: MMSG-16873]
Action.c(100): Notify: Transaction "transTes_7" started.	[MsgId: MMSG-16999]
Action.c(103): Notify: Transaction "transTes_7" ended with a "Stop" status (Duration: 0.0000).	[MsgId: MMSG-16873]
Action.c(112): Error: vuser failed	[MsgId: MERR-17999]
End auto log messages stack.	[MsgId: MMSG-10544]


Start auto log messages stack - Iteration 3.	[MsgId: MMSG-10545]
Action.c(93): Notify: Transaction "Trans_other" ended with a "Pass" status (Duration: 4.0519 Think Time: 4.0045).	[MsgId: MMSG-16872]
Action.c(100): Notify: Transaction "transTes_0" started.	[MsgId: MMSG-16999]
Action.c(103): Notify: Transaction "transTes_0" ended with a "Stop" status (Duration: 0.0000).	[MsgId: MMSG-16873]
Action.c(100): Notify: Transaction "transTes_1" started.	[MsgId: MMSG-16999]
Action.c(103): Notify: Transaction "transTes_1" ended with a "Pass" status (Duration: 0.0000).	[MsgId: MMSG-16873]
Action.c(100): Notify: Transaction "transTes_2" started.	[MsgId: MMSG-16999]
Action.c(103): Notify: Transaction "transTes_2" ended with a "Fail" status (Duration: 0.0000).	[MsgId: MMSG-16873]
Action.c(103): Notify: Transaction "transTes_2" has 0 error message(s).	[MsgId: MMSG-16818]
Action.c(100): Notify: Transaction "transTes_3" started.	[MsgId: MMSG-16999]
Action.c(103): Notify: Transaction "transTes_3" ended with a "Pass" status (Duration: 0.0000).	[MsgId: MMSG-16873]
Action.c(100): Notify: Transaction "transTes_4" started.	[MsgId: MMSG-16999]
Action.c(103): Notify: Transaction "transTes_4" ended with a "Pass" status (Duration: 0.0000).	[MsgId: MMSG-16873]
Action.c(100): Notify: Transaction "transTes_5" started.	[MsgId: MMSG-16999]
Action.c(103): Notify: Transaction "transTes_5" ended with a "Pass" status (Duration: 0.0000).	[MsgId: MMSG-16873]
Action.c(100): Notify: Transaction "transTes_6" started.	[MsgId: MMSG-16999]
Action.c(103): Notify: Transaction "transTes_6" ended with a "Pass" status (Duration: 0.0000).	[MsgId: MMSG-16873]
Action.c(100): Notify: Transaction "transTes_7" started.	[MsgId: MMSG-16999]
Action.c(103): Notify: Transaction "transTes_7" ended with a "Stop" status (Duration: 0.0000).	[MsgId: MMSG-16873]
Action.c(112): Error: vuser failed	[MsgId: MERR-17999]
End auto log messages stack.	[MsgId: MMSG-10544]


Start auto log messages stack - Iteration 3.	[MsgId: MMSG-10545]
Action.c(93): Notify: Transaction "Trans_other" ended with a "Pass" status (Duration: 4.1605 Think Time: 4.1436).	[MsgId: MMSG-16872]
Action.c(100): Notify: Transaction "transTes_0" started.	[MsgId: MMSG-16999]
Action.c(103): Notify: Transaction "transTes_0" ended with a "Stop" status (Duration: 0.0000).	[MsgId: MMSG-16873]
Action.c(100): Notify: Transaction "transTes_1" started.	[MsgId: MMSG-16999]
Action.c(103): Notify: Transaction "transTes_1" ended with a "Pass" status (Duration: 0.0000).	[MsgId: MMSG-16873]
Action.c(100): Notify: Transaction "transTes_2" started.	[MsgId: MMSG-16999]
Action.c(103): Notify: Transaction "transTes_2" ended with a "Fail" status (Duration: 0.0000).	[MsgId: MMSG-16873]
Action.c(103): Notify: Transaction "transTes_2" has 0 error message(s).	[MsgId: MMSG-16818]
Action.c(100): Notify: Transaction "transTes_3" started.	[MsgId: MMSG-16999]
Action.c(103): Notify: Transaction "transTes_3" ended with a "Pass" status (Duration: 0.0000).	[MsgId: MMSG-16873]
Action.c(100): Notify: Transaction "transTes_4" started.	[MsgId: MMSG-16999]
Action.c(103): Notify: Transaction "transTes_4" ended with a "Pass" status (Duration: 0.0000).	[MsgId: MMSG-16873]
Action.c(100): Notify: Transaction "transTes_5" started.	[MsgId: MMSG-16999]
Action.c(103): Notify: Transaction "transTes_5" ended with a "Pass" status (Duration: 0.0000).	[MsgId: MMSG-16873]
Action.c(100): Notify: Transaction "transTes_6" started.	[MsgId: MMSG-16999]
Action.c(103): Notify: Transaction "transTes_6" ended with a "Pass" status (Duration: 0.0000).	[MsgId: MMSG-16873]
Action.c(100): Notify: Transaction "transTes_7" started.	[MsgId: MMSG-16999]
Action.c(103): Notify: Transaction "transTes_7" ended with a "Stop" status (Duration: 0.0000).	[MsgId: MMSG-16873]
Action.c(112): Error: vuser failed	[MsgId: MERR-17999]
End auto log messages stack.	[MsgId: MMSG-10544]


