Start auto log messages stack - Iteration 1.	[MsgId: MMSG-10545]
Action.c(100): Notify: Transaction "transTes_1" started.	[MsgId: MMSG-16999]
Action.c(103): Notify: Transaction "transTes_1" ended with a "Fail" status (Duration: 0.0000).	[MsgId: MMSG-16873]
Action.c(103): Notify: Transaction "transTes_1" has 0 error message(s).	[MsgId: MMSG-16818]
Action.c(100): Notify: Transaction "transTes_2" started.	[MsgId: MMSG-16999]
Action.c(103): Notify: Transaction "transTes_2" ended with a "Fail" status (Duration: 0.0000).	[MsgId: MMSG-16873]
Action.c(103): Notify: Transaction "transTes_2" has 0 error message(s).	[MsgId: MMSG-16818]
Start auto log messages stack - Iteration 1.	[MsgId: MMSG-10545]
Action.c(93): Notify: Transaction "Trans_other" ended with a "Pass" status (Duration: 4.7619 Think Time: 4.7478).	[MsgId: MMSG-16872]
Action.c(100): Notify: Transaction "transTes_0" started.	[MsgId: MMSG-16999]
Action.c(103): Notify: Transaction "transTes_0" ended with a "Pass" status (Duration: 0.0000).	[MsgId: MMSG-16873]
Action.c(100): Notify: Transaction "transTes_1" started.	[MsgId: MMSG-16999]
Action.c(103): Notify: Transaction "transTes_1" ended with a "Pass" status (Duration: 0.0000).	[MsgId: MMSG-16873]
Action.c(100): Notify: Transaction "transTes_2" started.	[MsgId: MMSG-16999]
Action.c(103): Notify: Transaction "transTes_2" ended with a "Fail" status (Duration: 0.0000).	[MsgId: MMSG-16873]
Action.c(103): Notify: Transaction "transTes_2" has 0 error message(s).	[MsgId: MMSG-16818]
Action.c(100): Notify: Transaction "transTes_3" started.	[MsgId: MMSG-16999]
Action.c(103): Notify: Transaction "transTes_3" ended with a "Stop" status (Duration: 0.0000).	[MsgId: MMSG-16873]
Action.c(100): Notify: Transaction "transTes_4" started.	[MsgId: MMSG-16999]
Action.c(103): Notify: Transaction "transTes_4" ended with a "Pass" status (Duration: 0.0000).	[MsgId: MMSG-16873]
Action.c(100): Notify: Transaction "transTes_5" started.	[MsgId: MMSG-16999]
Action.c(103): Notify: Transaction "transTes_5" ended with a "Stop" status (Duration: 0.0000).	[MsgId: MMSG-16873]
Action.c(100): Notify: Transaction "transTes_6" started.	[MsgId: MMSG-16999]
Action.c(103): Notify: Transaction "transTes_6" ended with a "Pass" status (Duration: 0.0000).	[MsgId: MMSG-16873]
Action.c(100): Notify: Transaction "transTes_7" started.	[MsgId: MMSG-16999]
Action.c(103): Notify: Transaction "transTes_7" ended with a "Stop" status (Duration: 0.0000).	[MsgId: MMSG-16873]
Action.c(112): Error: vuser failed	[MsgId: MERR-17999]
End auto log messages stack.	[MsgId: MMSG-10544]


Action.c(100): Notify: Transaction "transTes_3" started.	[MsgId: MMSG-16999]
Action.c(103): Notify: Transaction "transTes_3" ended with a "Fail" status (Duration: 0.0000).	[MsgId: MMSG-16873]
Action.c(103): Notify: Transaction "transTes_3" has 0 error message(s).	[MsgId: MMSG-16818]
Action.c(100): Notify: Transaction "transTes_4" started.	[MsgId: MMSG-16999]
Action.c(103): Notify: Transaction "transTes_4" ended with a "Stop" status (Duration: 0.0000).	[MsgId: MMSG-16873]
Action.c(100): Notify: Transaction "transTes_5" started.	[MsgId: MMSG-16999]
Action.c(103): Notify: Transaction "transTes_5" ended with a "Pass" status (Duration: 0.0000).	[MsgId: MMSG-16873]
Action.c(100): Notify: Transaction "transTes_6" started.	[MsgId: MMSG-16999]
Action.c(103): Notify: Transaction "transTes_6" ended with a "Fail" status (Duration: 0.0000).	[MsgId: MMSG-16873]
Action.c(103): Notify: Transaction "transTes_6" has 0 error message(s).	[MsgId: MMSG-16818]
Action.c(100): Notify: Transaction "transTes_7" started.	[MsgId: MMSG-16999]
Action.c(103): Notify: Transaction "transTes_7" ended with a "Pass" status (Duration: 0.0000).	[MsgId: MMSG-16873]
Action.c(112): Error: vuser failed	[MsgId: MERR-17999]
End auto log messages stack.	[MsgId: MMSG-10544]


Start auto log messages stack - Iteration 1.	[MsgId: MMSG-10545]
Action.c(100): Notify: Transaction "transTes_1" started.	[MsgId: MMSG-16999]
Action.c(103): Notify: Transaction "transTes_1" ended with a "Fail" status (Duration: 0.0000).	[MsgId: MMSG-16873]
Action.c(103): Notify: Transaction "transTes_1" has 0 error message(s).	[MsgId: MMSG-16818]
Action.c(100): Notify: Transaction "transTes_2" started.	[MsgId: MMSG-16999]
Action.c(103): Notify: Transaction "transTes_2" ended with a "Fail" status (Duration: 0.0000).	[MsgId: MMSG-16873]
Action.c(103): Notify: Transaction "transTes_2" has 0 error message(s).	[MsgId: MMSG-16818]
Action.c(100): Notify: Transaction "transTes_3" started.	[MsgId: MMSG-16999]
Action.c(103): Notify: Transaction "transTes_3" ended with a "Fail" status (Duration: 0.0000).	[MsgId: MMSG-16873]
Action.c(103): Notify: Transaction "transTes_3" has 0 error message(s).	[MsgId: MMSG-16818]
Action.c(100): Notify: Transaction "transTes_4" started.	[MsgId: MMSG-16999]
Action.c(103): Notify: Transaction "transTes_4" ended with a "Stop" status (Duration: 0.0000).	[MsgId: MMSG-16873]
Action.c(100): Notify: Transaction "transTes_5" started.	[MsgId: MMSG-16999]
Action.c(103): Notify: Transaction "transTes_5" ended with a "Pass" status (Duration: 0.0000).	[MsgId: MMSG-16873]
Action.c(100): Notify: Transaction "transTes_6" started.	[MsgId: MMSG-16999]
Action.c(103): Notify: Transaction "transTes_6" ended with a "Fail" status (Duration: 0.0000).	[MsgId: MMSG-16873]
Action.c(103): Notify: Transaction "transTes_6" has 0 error message(s).	[MsgId: MMSG-16818]
Action.c(100): Notify: Transaction "transTes_7" started.	[MsgId: MMSG-16999]
Action.c(103): Notify: Transaction "transTes_7" ended with a "Pass" status (Duration: 0.0000).	[MsgId: MMSG-16873]
Action.c(112): Error: vuser failed	[MsgId: MERR-17999]
End auto log messages stack.	[MsgId: MMSG-10544]


Start auto log messages stack - Iteration 1.	[MsgId: MMSG-10545]
Action.c(93): Notify: Transaction "Trans_other" ended with a "Pass" status (Duration: 5.1304 Think Time: 5.1081).	[MsgId: MMSG-16872]
Action.c(100): Notify: Transaction "transTes_0" started.	[MsgId: MMSG-16999]
Action.c(103): Notify: Transaction "transTes_0" ended with a "Pass" status (Duration: 0.0000).	[MsgId: MMSG-16873]
Action.c(100): Notify: Transaction "transTes_1" started.	[MsgId: MMSG-16999]
Action.c(103): Notify: Transaction "transTes_1" ended with a "Pass" status (Duration: 0.0000).	[MsgId: MMSG-16873]
Action.c(100): Notify: Transaction "transTes_2" started.	[MsgId: MMSG-16999]
Action.c(103): Notify: Transaction "transTes_2" ended with a "Fail" status (Duration: 0.0000).	[MsgId: MMSG-16873]
Action.c(103): Notify: Transaction "transTes_2" has 0 error message(s).	[MsgId: MMSG-16818]
Action.c(100): Notify: Transaction "transTes_3" started.	[MsgId: MMSG-16999]
Action.c(103): Notify: Transaction "transTes_3" ended with a "Stop" status (Duration: 0.0000).	[MsgId: MMSG-16873]
Action.c(100): Notify: Transaction "transTes_4" started.	[MsgId: MMSG-16999]
Action.c(103): Notify: Transaction "transTes_4" ended with a "Pass" status (Duration: 0.0000).	[MsgId: MMSG-16873]
Action.c(100): Notify: Transaction "transTes_5" started.	[MsgId: MMSG-16999]
Action.c(103): Notify: Transaction "transTes_5" ended with a "Stop" status (Duration: 0.0000).	[MsgId: MMSG-16873]
Action.c(100): Notify: Transaction "transTes_6" started.	[MsgId: MMSG-16999]
Action.c(103): Notify: Transaction "transTes_6" ended with a "Pass" status (Duration: 0.0000).	[MsgId: MMSG-16873]
Action.c(100): Notify: Transaction "transTes_7" started.	[MsgId: MMSG-16999]
Action.c(103): Notify: Transaction "transTes_7" ended with a "Stop" status (Duration: 0.0000).	[MsgId: MMSG-16873]
Action.c(112): Error: vuser failed	[MsgId: MERR-17999]
End auto log messages stack.	[MsgId: MMSG-10544]


Start auto log messages stack - Iteration 1.	[MsgId: MMSG-10545]
Action.c(93): Notify: Transaction "Trans_other" ended with a "Pass" status (Duration: 5.2867 Think Time: 5.2760).	[MsgId: MMSG-16872]
Action.c(100): Notify: Transaction "transTes_0" started.	[MsgId: MMSG-16999]
Action.c(103): Notify: Transaction "transTes_0" ended with a "Pass" status (Duration: 0.0000).	[MsgId: MMSG-16873]
Action.c(100): Notify: Transaction "transTes_1" started.	[MsgId: MMSG-16999]
Action.c(103): Notify: Transaction "transTes_1" ended with a "Pass" status (Duration: 0.0000).	[MsgId: MMSG-16873]
Action.c(100): Notify: Transaction "transTes_2" started.	[MsgId: MMSG-16999]
Action.c(103): Notify: Transaction "transTes_2" ended with a "Fail" status (Duration: 0.0000).	[MsgId: MMSG-16873]
Action.c(103): Notify: Transaction "transTes_2" has 0 error message(s).	[MsgId: MMSG-16818]
Action.c(100): Notify: Transaction "transTes_3" started.	[MsgId: MMSG-16999]
Action.c(103): Notify: Transaction "transTes_3" ended with a "Stop" status (Duration: 0.0000).	[MsgId: MMSG-16873]
Action.c(100): Notify: Transaction "transTes_4" started.	[MsgId: MMSG-16999]
Action.c(103): Notify: Transaction "transTes_4" ended with a "Pass" status (Duration: 0.0000).	[MsgId: MMSG-16873]
Action.c(100): Notify: Transaction "transTes_5" started.	[MsgId: MMSG-16999]
Action.c(103): Notify: Transaction "transTes_5" ended with a "Stop" status (Duration: 0.0000).	[MsgId: MMSG-16873]
Action.c(100): Notify: Transaction "transTes_6" started.	[MsgId: MMSG-16999]
Action.c(103): Notify: Transaction "transTes_6" ended with a "Pass" status (Duration: 0.0000).	[MsgId: MMSG-16873]
Action.c(100): Notify: Transaction "transTes_7" started.	[MsgId: MMSG-16999]
Action.c(103): Notify: Transaction "transTes_7" ended with a "Stop" status (Duration: 0.0000).	[MsgId: MMSG-16873]
Action.c(112): Error: vuser failed	[MsgId: MERR-17999]
End auto log messages stack.	[MsgId: MMSG-10544]


Start auto log messages stack - Iteration 1.	[MsgId: MMSG-10545]
Action.c(100): Notify: Transaction "transTes_1" started.	[MsgId: MMSG-16999]
Action.c(103): Notify: Transaction "transTes_1" ended with a "Fail" status (Duration: 0.0000).	[MsgId: MMSG-16873]
Action.c(103): Notify: Transaction "transTes_1" has 0 error message(s).	[MsgId: MMSG-16818]
Action.c(100): Notify: Transaction "transTes_2" started.	[MsgId: MMSG-16999]
Action.c(103): Notify: Transaction "transTes_2" ended with a "Fail" status (Duration: 0.0000).	[MsgId: MMSG-16873]
Action.c(103): Notify: Transaction "transTes_2" has 0 error message(s).	[MsgId: MMSG-16818]
Action.c(100): Notify: Transaction "transTes_3" started.	[MsgId: MMSG-16999]
Action.c(103): Notify: Transaction "transTes_3" ended with a "Fail" status (Duration: 0.0000).	[MsgId: MMSG-16873]
Action.c(103): Notify: Transaction "transTes_3" has 0 error message(s).	[MsgId: MMSG-16818]
Action.c(100): Notify: Transaction "transTes_4" started.	[MsgId: MMSG-16999]
Action.c(103): Notify: Transaction "transTes_4" ended with a "Stop" status (Duration: 0.0000).	[MsgId: MMSG-16873]
Action.c(100): Notify: Transaction "transTes_5" started.	[MsgId: MMSG-16999]
Action.c(103): Notify: Transaction "transTes_5" ended with a "Pass" status (Duration: 0.0000).	[MsgId: MMSG-16873]
Action.c(100): Notify: Transaction "transTes_6" started.	[MsgId: MMSG-16999]
Action.c(103): Notify: Transaction "transTes_6" ended with a "Fail" status (Duration: 0.0000).	[MsgId: MMSG-16873]
Action.c(103): Notify: Transaction "transTes_6" has 0 error message(s).	[MsgId: MMSG-16818]
Action.c(100): Notify: Transaction "transTes_7" started.	[MsgId: MMSG-16999]
Action.c(103): Notify: Transaction "transTes_7" ended with a "Pass" status (Duration: 0.0000).	[MsgId: MMSG-16873]
Action.c(112): Error: vuser failed	[MsgId: MERR-17999]
End auto log messages stack.	[MsgId: MMSG-10544]


Start auto log messages stack - Iteration 1.	[MsgId: MMSG-10545]
Action.c(100): Notify: Transaction "transTes_1" started.	[MsgId: MMSG-16999]
Action.c(103): Notify: Transaction "transTes_1" ended with a "Fail" status (Duration: 0.0000).	[MsgId: MMSG-16873]
Action.c(103): Notify: Transaction "transTes_1" has 0 error message(s).	[MsgId: MMSG-16818]
Action.c(100): Notify: Transaction "transTes_2" started.	[MsgId: MMSG-16999]
Action.c(103): Notify: Transaction "transTes_2" ended with a "Fail" status (Duration: 0.0000).	[MsgId: MMSG-16873]
Action.c(103): Notify: Transaction "transTes_2" has 0 error message(s).	[MsgId: MMSG-16818]
Start auto log messages stack - Iteration 1.	[MsgId: MMSG-10545]
Action.c(100): Notify: Transaction "transTes_1" started.	[MsgId: MMSG-16999]
Action.c(103): Notify: Transaction "transTes_1" ended with a "Fail" status (Duration: 0.0000).	[MsgId: MMSG-16873]
Action.c(103): Notify: Transaction "transTes_1" has 0 error message(s).	[MsgId: MMSG-16818]
Action.c(100): Notify: Transaction "transTes_2" started.	[MsgId: MMSG-16999]
Action.c(103): Notify: Transaction "transTes_2" ended with a "Fail" status (Duration: 0.0000).	[MsgId: MMSG-16873]
Action.c(103): Notify: Transaction "transTes_2" has 0 error message(s).	[MsgId: MMSG-16818]
Action.c(100): Notify: Transaction "transTes_3" started.	[MsgId: MMSG-16999]
Action.c(103): Notify: Transaction "transTes_3" ended with a "Fail" status (Duration: 0.0000).	[MsgId: MMSG-16873]
Action.c(103): Notify: Transaction "transTes_3" has 0 error message(s).	[MsgId: MMSG-16818]
Action.c(100): Notify: Transaction "transTes_4" started.	[MsgId: MMSG-16999]
Action.c(103): Notify: Transaction "transTes_4" ended with a "Stop" status (Duration: 0.0000).	[MsgId: MMSG-16873]
Action.c(100): Notify: Transaction "transTes_5" started.	[MsgId: MMSG-16999]
Action.c(103): Notify: Transaction "transTes_5" ended with a "Pass" status (Duration: 0.0000).	[MsgId: MMSG-16873]
Action.c(100): Notify: Transaction "transTes_6" started.	[MsgId: MMSG-16999]
Action.c(103): Notify: Transaction "transTes_6" ended with a "Fail" status (Duration: 0.0000).	[MsgId: MMSG-16873]
Action.c(103): Notify: Transaction "transTes_6" has 0 error message(s).	[MsgId: MMSG-16818]
Action.c(100): Notify: Transaction "transTes_7" started.	[MsgId: MMSG-16999]
Action.c(103): Notify: Transaction "transTes_7" ended with a "Pass" status (Duration: 0.0000).	[MsgId: MMSG-16873]
Action.c(112): Error: vuser failed	[MsgId: MERR-17999]
End auto log messages stack.	[MsgId: MMSG-10544]


Action.c(100): Notify: Transaction "transTes_3" started.	[MsgId: MMSG-16999]
Action.c(103): Notify: Transaction "transTes_3" ended with a "Fail" status (Duration: 0.0000).	[MsgId: MMSG-16873]
Action.c(103): Notify: Transaction "transTes_3" has 0 error message(s).	[MsgId: MMSG-16818]
Action.c(100): Notify: Transaction "transTes_4" started.	[MsgId: MMSG-16999]
Action.c(103): Notify: Transaction "transTes_4" ended with a "Stop" status (Duration: 0.0000).	[MsgId: MMSG-16873]
Action.c(100): Notify: Transaction "transTes_5" started.	[MsgId: MMSG-16999]
Action.c(103): Notify: Transaction "transTes_5" ended with a "Pass" status (Duration: 0.0000).	[MsgId: MMSG-16873]
Action.c(100): Notify: Transaction "transTes_6" started.	[MsgId: MMSG-16999]
Action.c(103): Notify: Transaction "transTes_6" ended with a "Fail" status (Duration: 0.0000).	[MsgId: MMSG-16873]
Action.c(103): Notify: Transaction "transTes_6" has 0 error message(s).	[MsgId: MMSG-16818]
Action.c(100): Notify: Transaction "transTes_7" started.	[MsgId: MMSG-16999]
Action.c(103): Notify: Transaction "transTes_7" ended with a "Pass" status (Duration: 0.0000).	[MsgId: MMSG-16873]
Action.c(112): Error: vuser failed	[MsgId: MERR-17999]
End auto log messages stack.	[MsgId: MMSG-10544]


Start auto log messages stack - Iteration 1.	[MsgId: MMSG-10545]
Action.c(93): Notify: Transaction "Trans_other" ended with a "Pass" status (Duration: 4.7863 Think Time: 4.7229).	[MsgId: MMSG-16872]
Action.c(100): Notify: Transaction "transTes_0" started.	[MsgId: MMSG-16999]
Action.c(103): Notify: Transaction "transTes_0" ended with a "Pass" status (Duration: 0.0000).	[MsgId: MMSG-16873]
Action.c(100): Notify: Transaction "transTes_1" started.	[MsgId: MMSG-16999]
Action.c(103): Notify: Transaction "transTes_1" ended with a "Pass" status (Duration: 0.0000).	[MsgId: MMSG-16873]
Action.c(100): Notify: Transaction "transTes_2" started.	[MsgId: MMSG-16999]
Action.c(103): Notify: Transaction "transTes_2" ended with a "Fail" status (Duration: 0.0000).	[MsgId: MMSG-16873]
Action.c(103): Notify: Transaction "transTes_2" has 0 error message(s).	[MsgId: MMSG-16818]
Action.c(100): Notify: Transaction "transTes_3" started.	[MsgId: MMSG-16999]
Action.c(103): Notify: Transaction "transTes_3" ended with a "Stop" status (Duration: 0.0000).	[MsgId: MMSG-16873]
Action.c(100): Notify: Transaction "transTes_4" started.	[MsgId: MMSG-16999]
Action.c(103): Notify: Transaction "transTes_4" ended with a "Pass" status (Duration: 0.0000).	[MsgId: MMSG-16873]
Action.c(100): Notify: Transaction "transTes_5" started.	[MsgId: MMSG-16999]
Action.c(103): Notify: Transaction "transTes_5" ended with a "Stop" status (Duration: 0.0000).	[MsgId: MMSG-16873]
Action.c(100): Notify: Transaction "transTes_6" started.	[MsgId: MMSG-16999]
Action.c(103): Notify: Transaction "transTes_6" ended with a "Pass" status (Duration: 0.0000).	[MsgId: MMSG-16873]
Action.c(100): Notify: Transaction "transTes_7" started.	[MsgId: MMSG-16999]
Action.c(103): Notify: Transaction "transTes_7" ended with a "Stop" status (Duration: 0.0000).	[MsgId: MMSG-16873]
Action.c(112): Error: vuser failed	[MsgId: MERR-17999]
End auto log messages stack.	[MsgId: MMSG-10544]


Start auto log messages stack - Iteration 1.	[MsgId: MMSG-10545]
Action.c(93): Notify: Transaction "Trans_other" ended with a "Pass" status (Duration: 4.3554 Think Time: 4.3066).	[MsgId: MMSG-16872]
Action.c(100): Notify: Transaction "transTes_0" started.	[MsgId: MMSG-16999]
Action.c(103): Notify: Transaction "transTes_0" ended with a "Pass" status (Duration: 0.0000).	[MsgId: MMSG-16873]
Action.c(100): Notify: Transaction "transTes_1" started.	[MsgId: MMSG-16999]
Action.c(103): Notify: Transaction "transTes_1" ended with a "Pass" status (Duration: 0.0000).	[MsgId: MMSG-16873]
Action.c(100): Notify: Transaction "transTes_2" started.	[MsgId: MMSG-16999]
Action.c(103): Notify: Transaction "transTes_2" ended with a "Fail" status (Duration: 0.0000).	[MsgId: MMSG-16873]
Action.c(103): Notify: Transaction "transTes_2" has 0 error message(s).	[MsgId: MMSG-16818]
Action.c(100): Notify: Transaction "transTes_3" started.	[MsgId: MMSG-16999]
Action.c(103): Notify: Transaction "transTes_3" ended with a "Stop" status (Duration: 0.0000).	[MsgId: MMSG-16873]
Action.c(100): Notify: Transaction "transTes_4" started.	[MsgId: MMSG-16999]
Action.c(103): Notify: Transaction "transTes_4" ended with a "Pass" status (Duration: 0.0000).	[MsgId: MMSG-16873]
Action.c(100): Notify: Transaction "transTes_5" started.	[MsgId: MMSG-16999]
Action.c(103): Notify: Transaction "transTes_5" ended with a "Stop" status (Duration: 0.0000).	[MsgId: MMSG-16873]
Action.c(100): Notify: Transaction "transTes_6" started.	[MsgId: MMSG-16999]
Action.c(103): Notify: Transaction "transTes_6" ended with a "Pass" status (Duration: 0.0000).	[MsgId: MMSG-16873]
Action.c(100): Notify: Transaction "transTes_7" started.	[MsgId: MMSG-16999]
Action.c(103): Notify: Transaction "transTes_7" ended with a "Stop" status (Duration: 0.0000).	[MsgId: MMSG-16873]
Action.c(112): Error: vuser failed	[MsgId: MERR-17999]
End auto log messages stack.	[MsgId: MMSG-10544]


Start auto log messages stack - Iteration 1.	[MsgId: MMSG-10545]
Action.c(93): Notify: Transaction "Trans_other" ended with a "Pass" status (Duration: 4.3263 Think Time: 4.3157).	[MsgId: MMSG-16872]
Action.c(100): Notify: Transaction "transTes_0" started.	[MsgId: MMSG-16999]
Action.c(103): Notify: Transaction "transTes_0" ended with a "Pass" status (Duration: 0.0000).	[MsgId: MMSG-16873]
Action.c(100): Notify: Transaction "transTes_1" started.	[MsgId: MMSG-16999]
Action.c(103): Notify: Transaction "transTes_1" ended with a "Pass" status (Duration: 0.0000).	[MsgId: MMSG-16873]
Action.c(100): Notify: Transaction "transTes_2" started.	[MsgId: MMSG-16999]
Action.c(103): Notify: Transaction "transTes_2" ended with a "Fail" status (Duration: 0.0000).	[MsgId: MMSG-16873]
Action.c(103): Notify: Transaction "transTes_2" has 0 error message(s).	[MsgId: MMSG-16818]
Action.c(100): Notify: Transaction "transTes_3" started.	[MsgId: MMSG-16999]
Action.c(103): Notify: Transaction "transTes_3" ended with a "Stop" status (Duration: 0.0000).	[MsgId: MMSG-16873]
Action.c(100): Notify: Transaction "transTes_4" started.	[MsgId: MMSG-16999]
Action.c(103): Notify: Transaction "transTes_4" ended with a "Pass" status (Duration: 0.0000).	[MsgId: MMSG-16873]
Action.c(100): Notify: Transaction "transTes_5" started.	[MsgId: MMSG-16999]
Action.c(103): Notify: Transaction "transTes_5" ended with a "Stop" status (Duration: 0.0000).	[MsgId: MMSG-16873]
Action.c(100): Notify: Transaction "transTes_6" started.	[MsgId: MMSG-16999]
Action.c(103): Notify: Transaction "transTes_6" ended with a "Pass" status (Duration: 0.0000).	[MsgId: MMSG-16873]
Action.c(100): Notify: Transaction "transTes_7" started.	[MsgId: MMSG-16999]
Action.c(103): Notify: Transaction "transTes_7" ended with a "Stop" status (Duration: 0.0000).	[MsgId: MMSG-16873]
Action.c(112): Error: vuser failed	[MsgId: MERR-17999]
End auto log messages stack.	[MsgId: MMSG-10544]


Start auto log messages stack - Iteration 1.	[MsgId: MMSG-10545]
Action.c(93): Notify: Transaction "Trans_other" ended with a "Pass" status (Duration: 4.3744 Think Time: 4.3540).	[MsgId: MMSG-16872]
Action.c(100): Notify: Transaction "transTes_0" started.	[MsgId: MMSG-16999]
Action.c(103): Notify: Transaction "transTes_0" ended with a "Pass" status (Duration: 0.0000).	[MsgId: MMSG-16873]
Action.c(100): Notify: Transaction "transTes_1" started.	[MsgId: MMSG-16999]
Action.c(103): Notify: Transaction "transTes_1" ended with a "Pass" status (Duration: 0.0000).	[MsgId: MMSG-16873]
Action.c(100): Notify: Transaction "transTes_2" started.	[MsgId: MMSG-16999]
Action.c(103): Notify: Transaction "transTes_2" ended with a "Fail" status (Duration: 0.0000).	[MsgId: MMSG-16873]
Action.c(103): Notify: Transaction "transTes_2" has 0 error message(s).	[MsgId: MMSG-16818]
Action.c(100): Notify: Transaction "transTes_3" started.	[MsgId: MMSG-16999]
Action.c(103): Notify: Transaction "transTes_3" ended with a "Stop" status (Duration: 0.0000).	[MsgId: MMSG-16873]
Action.c(100): Notify: Transaction "transTes_4" started.	[MsgId: MMSG-16999]
Action.c(103): Notify: Transaction "transTes_4" ended with a "Pass" status (Duration: 0.0000).	[MsgId: MMSG-16873]
Action.c(100): Notify: Transaction "transTes_5" started.	[MsgId: MMSG-16999]
Action.c(103): Notify: Transaction "transTes_5" ended with a "Stop" status (Duration: 0.0000).	[MsgId: MMSG-16873]
Action.c(100): Notify: Transaction "transTes_6" started.	[MsgId: MMSG-16999]
Action.c(103): Notify: Transaction "transTes_6" ended with a "Pass" status (Duration: 0.0000).	[MsgId: MMSG-16873]
Action.c(100): Notify: Transaction "transTes_7" started.	[MsgId: MMSG-16999]
Action.c(103): Notify: Transaction "transTes_7" ended with a "Stop" status (Duration: 0.0000).	[MsgId: MMSG-16873]
Action.c(112): Error: vuser failed	[MsgId: MERR-17999]
End auto log messages stack.	[MsgId: MMSG-10544]


Start auto log messages stack - Iteration 1.	[MsgId: MMSG-10545]
Action.c(93): Notify: Transaction "Trans_other" ended with a "Pass" status (Duration: 4.4073 Think Time: 4.3915).	[MsgId: MMSG-16872]
Action.c(100): Notify: Transaction "transTes_0" started.	[MsgId: MMSG-16999]
Action.c(103): Notify: Transaction "transTes_0" ended with a "Pass" status (Duration: 0.0000).	[MsgId: MMSG-16873]
Action.c(100): Notify: Transaction "transTes_1" started.	[MsgId: MMSG-16999]
Action.c(103): Notify: Transaction "transTes_1" ended with a "Pass" status (Duration: 0.0000).	[MsgId: MMSG-16873]
Action.c(100): Notify: Transaction "transTes_2" started.	[MsgId: MMSG-16999]
Action.c(103): Notify: Transaction "transTes_2" ended with a "Fail" status (Duration: 0.0000).	[MsgId: MMSG-16873]
Action.c(103): Notify: Transaction "transTes_2" has 0 error message(s).	[MsgId: MMSG-16818]
Action.c(100): Notify: Transaction "transTes_3" started.	[MsgId: MMSG-16999]
Action.c(103): Notify: Transaction "transTes_3" ended with a "Stop" status (Duration: 0.0000).	[MsgId: MMSG-16873]
Action.c(100): Notify: Transaction "transTes_4" started.	[MsgId: MMSG-16999]
Action.c(103): Notify: Transaction "transTes_4" ended with a "Pass" status (Duration: 0.0000).	[MsgId: MMSG-16873]
Action.c(100): Notify: Transaction "transTes_5" started.	[MsgId: MMSG-16999]
Action.c(103): Notify: Transaction "transTes_5" ended with a "Stop" status (Duration: 0.0000).	[MsgId: MMSG-16873]
Action.c(100): Notify: Transaction "transTes_6" started.	[MsgId: MMSG-16999]
Action.c(103): Notify: Transaction "transTes_6" ended with a "Pass" status (Duration: 0.0000).	[MsgId: MMSG-16873]
Action.c(100): Notify: Transaction "transTes_7" started.	[MsgId: MMSG-16999]
Action.c(103): Notify: Transaction "transTes_7" ended with a "Stop" status (Duration: 0.0000).	[MsgId: MMSG-16873]
Action.c(112): Error: vuser failed	[MsgId: MERR-17999]
End auto log messages stack.	[MsgId: MMSG-10544]


Start auto log messages stack - Iteration 1.	[MsgId: MMSG-10545]
Action.c(93): Notify: Transaction "Trans_other" ended with a "Pass" status (Duration: 4.9411 Think Time: 4.4220).	[MsgId: MMSG-16872]
Action.c(100): Notify: Transaction "transTes_0" started.	[MsgId: MMSG-16999]
Action.c(103): Notify: Transaction "transTes_0" ended with a "Pass" status (Duration: 0.0000).	[MsgId: MMSG-16873]
Action.c(100): Notify: Transaction "transTes_1" started.	[MsgId: MMSG-16999]
Action.c(103): Notify: Transaction "transTes_1" ended with a "Pass" status (Duration: 0.0000).	[MsgId: MMSG-16873]
Action.c(100): Notify: Transaction "transTes_2" started.	[MsgId: MMSG-16999]
Action.c(103): Notify: Transaction "transTes_2" ended with a "Fail" status (Duration: 0.0000).	[MsgId: MMSG-16873]
Action.c(103): Notify: Transaction "transTes_2" has 0 error message(s).	[MsgId: MMSG-16818]
Action.c(100): Notify: Transaction "transTes_3" started.	[MsgId: MMSG-16999]
Action.c(103): Notify: Transaction "transTes_3" ended with a "Stop" status (Duration: 0.0000).	[MsgId: MMSG-16873]
Action.c(100): Notify: Transaction "transTes_4" started.	[MsgId: MMSG-16999]
Action.c(103): Notify: Transaction "transTes_4" ended with a "Pass" status (Duration: 0.0000).	[MsgId: MMSG-16873]
Action.c(100): Notify: Transaction "transTes_5" started.	[MsgId: MMSG-16999]
Action.c(103): Notify: Transaction "transTes_5" ended with a "Stop" status (Duration: 0.0000).	[MsgId: MMSG-16873]
Action.c(100): Notify: Transaction "transTes_6" started.	[MsgId: MMSG-16999]
Action.c(103): Notify: Transaction "transTes_6" ended with a "Pass" status (Duration: 0.0000).	[MsgId: MMSG-16873]
Action.c(100): Notify: Transaction "transTes_7" started.	[MsgId: MMSG-16999]
Action.c(103): Notify: Transaction "transTes_7" ended with a "Stop" status (Duration: 0.0000).	[MsgId: MMSG-16873]
Action.c(112): Error: vuser failed	[MsgId: MERR-17999]
End auto log messages stack.	[MsgId: MMSG-10544]


Start auto log messages stack - Iteration 2.	[MsgId: MMSG-10545]
Action.c(93): Notify: Transaction "Trans_other" ended with a "Pass" status (Duration: 4.0216 Think Time: 4.0080).	[MsgId: MMSG-16872]
Action.c(100): Notify: Transaction "transTes_0" started.	[MsgId: MMSG-16999]
Action.c(103): Notify: Transaction "transTes_0" ended with a "Pass" status (Duration: 0.0000).	[MsgId: MMSG-16873]
Action.c(100): Notify: Transaction "transTes_1" started.	[MsgId: MMSG-16999]
Action.c(103): Notify: Transaction "transTes_1" ended with a "Stop" status (Duration: 0.0000).	[MsgId: MMSG-16873]
Action.c(100): Notify: Transaction "transTes_2" started.	[MsgId: MMSG-16999]
Action.c(103): Notify: Transaction "transTes_2" ended with a "Stop" status (Duration: 0.0000).	[MsgId: MMSG-16873]
Action.c(100): Notify: Transaction "transTes_3" started.	[MsgId: MMSG-16999]
Action.c(103): Notify: Transaction "transTes_3" ended with a "Pass" status (Duration: 0.0000).	[MsgId: MMSG-16873]
Action.c(100): Notify: Transaction "transTes_4" started.	[MsgId: MMSG-16999]
Action.c(103): Notify: Transaction "transTes_4" ended with a "Pass" status (Duration: 0.0000).	[MsgId: MMSG-16873]
Action.c(100): Notify: Transaction "transTes_5" started.	[MsgId: MMSG-16999]
Action.c(103): Notify: Transaction "transTes_5" ended with a "Fail" status (Duration: 0.0000).	[MsgId: MMSG-16873]
Action.c(103): Notify: Transaction "transTes_5" has 0 error message(s).	[MsgId: MMSG-16818]
Action.c(100): Notify: Transaction "transTes_6" started.	[MsgId: MMSG-16999]
Action.c(103): Notify: Transaction "transTes_6" ended with a "Pass" status (Duration: 0.0000).	[MsgId: MMSG-16873]
Action.c(100): Notify: Transaction "transTes_7" started.	[MsgId: MMSG-16999]
Action.c(103): Notify: Transaction "transTes_7" ended with a "Pass" status (Duration: 0.0000).	[MsgId: MMSG-16873]
Action.c(112): Error: vuser failed	[MsgId: MERR-17999]
End auto log messages stack.	[MsgId: MMSG-10544]


Start auto log messages stack - Iteration 2.	[MsgId: MMSG-10545]
Action.c(93): Notify: Transaction "Trans_other" ended with a "Pass" status (Duration: 4.1017 Think Time: 4.0824).	[MsgId: MMSG-16872]
Action.c(100): Notify: Transaction "transTes_0" started.	[MsgId: MMSG-16999]
Action.c(103): Notify: Transaction "transTes_0" ended with a "Pass" status (Duration: 0.0000).	[MsgId: MMSG-16873]
Action.c(100): Notify: Transaction "transTes_1" started.	[MsgId: MMSG-16999]
Action.c(103): Notify: Transaction "transTes_1" ended with a "Stop" status (Duration: 0.0000).	[MsgId: MMSG-16873]
Action.c(100): Notify: Transaction "transTes_2" started.	[MsgId: MMSG-16999]
Action.c(103): Notify: Transaction "transTes_2" ended with a "Stop" status (Duration: 0.0000).	[MsgId: MMSG-16873]
Action.c(100): Notify: Transaction "transTes_3" started.	[MsgId: MMSG-16999]
Action.c(103): Notify: Transaction "transTes_3" ended with a "Pass" status (Duration: 0.0000).	[MsgId: MMSG-16873]
Action.c(100): Notify: Transaction "transTes_4" started.	[MsgId: MMSG-16999]
Action.c(103): Notify: Transaction "transTes_4" ended with a "Pass" status (Duration: 0.0000).	[MsgId: MMSG-16873]
Action.c(100): Notify: Transaction "transTes_5" started.	[MsgId: MMSG-16999]
Action.c(103): Notify: Transaction "transTes_5" ended with a "Fail" status (Duration: 0.0000).	[MsgId: MMSG-16873]
Action.c(103): Notify: Transaction "transTes_5" has 0 error message(s).	[MsgId: MMSG-16818]
Action.c(100): Notify: Transaction "transTes_6" started.	[MsgId: MMSG-16999]
Action.c(103): Notify: Transaction "transTes_6" ended with a "Pass" status (Duration: 0.0000).	[MsgId: MMSG-16873]
Action.c(100): Notify: Transaction "transTes_7" started.	[MsgId: MMSG-16999]
Action.c(103): Notify: Transaction "transTes_7" ended with a "Pass" status (Duration: 0.0000).	[MsgId: MMSG-16873]
Action.c(112): Error: vuser failed	[MsgId: MERR-17999]
End auto log messages stack.	[MsgId: MMSG-10544]


Start auto log messages stack - Iteration 2.	[MsgId: MMSG-10545]
Action.c(93): Notify: Transaction "Trans_other" ended with a "Pass" status (Duration: 4.0126 Think Time: 4.0002).	[MsgId: MMSG-16872]
Action.c(100): Notify: Transaction "transTes_0" started.	[MsgId: MMSG-16999]
Action.c(103): Notify: Transaction "transTes_0" ended with a "Pass" status (Duration: 0.0000).	[MsgId: MMSG-16873]
Action.c(100): Notify: Transaction "transTes_1" started.	[MsgId: MMSG-16999]
Action.c(103): Notify: Transaction "transTes_1" ended with a "Stop" status (Duration: 0.0000).	[MsgId: MMSG-16873]
Action.c(100): Notify: Transaction "transTes_2" started.	[MsgId: MMSG-16999]
Action.c(103): Notify: Transaction "transTes_2" ended with a "Stop" status (Duration: 0.0000).	[MsgId: MMSG-16873]
Action.c(100): Notify: Transaction "transTes_3" started.	[MsgId: MMSG-16999]
Action.c(103): Notify: Transaction "transTes_3" ended with a "Pass" status (Duration: 0.0000).	[MsgId: MMSG-16873]
Action.c(100): Notify: Transaction "transTes_4" started.	[MsgId: MMSG-16999]
Action.c(103): Notify: Transaction "transTes_4" ended with a "Pass" status (Duration: 0.0000).	[MsgId: MMSG-16873]
Action.c(100): Notify: Transaction "transTes_5" started.	[MsgId: MMSG-16999]
Action.c(103): Notify: Transaction "transTes_5" ended with a "Fail" status (Duration: 0.0000).	[MsgId: MMSG-16873]
Action.c(103): Notify: Transaction "transTes_5" has 0 error message(s).	[MsgId: MMSG-16818]
Action.c(100): Notify: Transaction "transTes_6" started.	[MsgId: MMSG-16999]
Action.c(103): Notify: Transaction "transTes_6" ended with a "Pass" status (Duration: 0.0000).	[MsgId: MMSG-16873]
Action.c(100): Notify: Transaction "transTes_7" started.	[MsgId: MMSG-16999]
Action.c(103): Notify: Transaction "transTes_7" ended with a "Pass" status (Duration: 0.0000).	[MsgId: MMSG-16873]
Action.c(112): Error: vuser failed	[MsgId: MERR-17999]
End auto log messages stack.	[MsgId: MMSG-10544]


Start auto log messages stack - Iteration 2.	[MsgId: MMSG-10545]
Action.c(93): Notify: Transaction "Trans_other" ended with a "Pass" status (Duration: 4.0329 Think Time: 4.0172).	[MsgId: MMSG-16872]
Action.c(100): Notify: Transaction "transTes_0" started.	[MsgId: MMSG-16999]
Action.c(103): Notify: Transaction "transTes_0" ended with a "Pass" status (Duration: 0.0000).	[MsgId: MMSG-16873]
Action.c(100): Notify: Transaction "transTes_1" started.	[MsgId: MMSG-16999]
Action.c(103): Notify: Transaction "transTes_1" ended with a "Stop" status (Duration: 0.0000).	[MsgId: MMSG-16873]
Action.c(100): Notify: Transaction "transTes_2" started.	[MsgId: MMSG-16999]
Action.c(103): Notify: Transaction "transTes_2" ended with a "Stop" status (Duration: 0.0000).	[MsgId: MMSG-16873]
Action.c(100): Notify: Transaction "transTes_3" started.	[MsgId: MMSG-16999]
Action.c(103): Notify: Transaction "transTes_3" ended with a "Pass" status (Duration: 0.0000).	[MsgId: MMSG-16873]
Action.c(100): Notify: Transaction "transTes_4" started.	[MsgId: MMSG-16999]
Action.c(103): Notify: Transaction "transTes_4" ended with a "Pass" status (Duration: 0.0000).	[MsgId: MMSG-16873]
Action.c(100): Notify: Transaction "transTes_5" started.	[MsgId: MMSG-16999]
Action.c(103): Notify: Transaction "transTes_5" ended with a "Fail" status (Duration: 0.0000).	[MsgId: MMSG-16873]
Action.c(103): Notify: Transaction "transTes_5" has 0 error message(s).	[MsgId: MMSG-16818]
Action.c(100): Notify: Transaction "transTes_6" started.	[MsgId: MMSG-16999]
Action.c(103): Notify: Transaction "transTes_6" ended with a "Pass" status (Duration: 0.0000).	[MsgId: MMSG-16873]
Action.c(100): Notify: Transaction "transTes_7" started.	[MsgId: MMSG-16999]
Action.c(103): Notify: Transaction "transTes_7" ended with a "Pass" status (Duration: 0.0000).	[MsgId: MMSG-16873]
Action.c(112): Error: vuser failed	[MsgId: MERR-17999]
End auto log messages stack.	[MsgId: MMSG-10544]


Start auto log messages stack - Iteration 2.	[MsgId: MMSG-10545]
Action.c(93): Notify: Transaction "Trans_other" ended with a "Pass" status (Duration: 4.0148 Think Time: 3.9999).	[MsgId: MMSG-16872]
Action.c(100): Notify: Transaction "transTes_0" started.	[MsgId: MMSG-16999]
Action.c(103): Notify: Transaction "transTes_0" ended with a "Pass" status (Duration: 0.0000).	[MsgId: MMSG-16873]
Action.c(100): Notify: Transaction "transTes_1" started.	[MsgId: MMSG-16999]
Action.c(103): Notify: Transaction "transTes_1" ended with a "Stop" status (Duration: 0.0000).	[MsgId: MMSG-16873]
Action.c(100): Notify: Transaction "transTes_2" started.	[MsgId: MMSG-16999]
Action.c(103): Notify: Transaction "transTes_2" ended with a "Stop" status (Duration: 0.0000).	[MsgId: MMSG-16873]
Action.c(100): Notify: Transaction "transTes_3" started.	[MsgId: MMSG-16999]
Action.c(103): Notify: Transaction "transTes_3" ended with a "Pass" status (Duration: 0.0000).	[MsgId: MMSG-16873]
Action.c(100): Notify: Transaction "transTes_4" started.	[MsgId: MMSG-16999]
Action.c(103): Notify: Transaction "transTes_4" ended with a "Pass" status (Duration: 0.0000).	[MsgId: MMSG-16873]
Action.c(100): Notify: Transaction "transTes_5" started.	[MsgId: MMSG-16999]
Action.c(103): Notify: Transaction "transTes_5" ended with a "Fail" status (Duration: 0.0000).	[MsgId: MMSG-16873]
Action.c(103): Notify: Transaction "transTes_5" has 0 error message(s).	[MsgId: MMSG-16818]
Action.c(100): Notify: Transaction "transTes_6" started.	[MsgId: MMSG-16999]
Action.c(103): Notify: Transaction "transTes_6" ended with a "Pass" status (Duration: 0.0000).	[MsgId: MMSG-16873]
Action.c(100): Notify: Transaction "transTes_7" started.	[MsgId: MMSG-16999]
Action.c(103): Notify: Transaction "transTes_7" ended with a "Pass" status (Duration: 0.0000).	[MsgId: MMSG-16873]
Action.c(112): Error: vuser failed	[MsgId: MERR-17999]
End auto log messages stack.	[MsgId: MMSG-10544]


Start auto log messages stack - Iteration 2.	[MsgId: MMSG-10545]
Action.c(93): Notify: Transaction "Trans_other" ended with a "Pass" status (Duration: 4.0258 Think Time: 4.0045).	[MsgId: MMSG-16872]
Action.c(100): Notify: Transaction "transTes_0" started.	[MsgId: MMSG-16999]
Action.c(103): Notify: Transaction "transTes_0" ended with a "Pass" status (Duration: 0.0000).	[MsgId: MMSG-16873]
Action.c(100): Notify: Transaction "transTes_1" started.	[MsgId: MMSG-16999]
Action.c(103): Notify: Transaction "transTes_1" ended with a "Stop" status (Duration: 0.0000).	[MsgId: MMSG-16873]
Action.c(100): Notify: Transaction "transTes_2" started.	[MsgId: MMSG-16999]
Action.c(103): Notify: Transaction "transTes_2" ended with a "Stop" status (Duration: 0.0000).	[MsgId: MMSG-16873]
Action.c(100): Notify: Transaction "transTes_3" started.	[MsgId: MMSG-16999]
Action.c(103): Notify: Transaction "transTes_3" ended with a "Pass" status (Duration: 0.0000).	[MsgId: MMSG-16873]
Action.c(100): Notify: Transaction "transTes_4" started.	[MsgId: MMSG-16999]
Action.c(103): Notify: Transaction "transTes_4" ended with a "Pass" status (Duration: 0.0000).	[MsgId: MMSG-16873]
Action.c(100): Notify: Transaction "transTes_5" started.	[MsgId: MMSG-16999]
Action.c(103): Notify: Transaction "transTes_5" ended with a "Fail" status (Duration: 0.0000).	[MsgId: MMSG-16873]
Action.c(103): Notify: Transaction "transTes_5" has 0 error message(s).	[MsgId: MMSG-16818]
Action.c(100): Notify: Transaction "transTes_6" started.	[MsgId: MMSG-16999]
Action.c(103): Notify: Transaction "transTes_6" ended with a "Pass" status (Duration: 0.0000).	[MsgId: MMSG-16873]
Action.c(100): Notify: Transaction "transTes_7" started.	[MsgId: MMSG-16999]
Action.c(103): Notify: Transaction "transTes_7" ended with a "Pass" status (Duration: 0.0000).	[MsgId: MMSG-16873]
Action.c(112): Error: vuser failed	[MsgId: MERR-17999]
End auto log messages stack.	[MsgId: MMSG-10544]


Start auto log messages stack - Iteration 2.	[MsgId: MMSG-10545]
Action.c(93): Notify: Transaction "Trans_other" ended with a "Pass" status (Duration: 4.0332 Think Time: 4.0199).	[MsgId: MMSG-16872]
Action.c(100): Notify: Transaction "transTes_0" started.	[MsgId: MMSG-16999]
Action.c(103): Notify: Transaction "transTes_0" ended with a "Pass" status (Duration: 0.0000).	[MsgId: MMSG-16873]
Action.c(100): Notify: Transaction "transTes_1" started.	[MsgId: MMSG-16999]
Action.c(103): Notify: Transaction "transTes_1" ended with a "Stop" status (Duration: 0.0000).	[MsgId: MMSG-16873]
Action.c(100): Notify: Transaction "transTes_2" started.	[MsgId: MMSG-16999]
Action.c(103): Notify: Transaction "transTes_2" ended with a "Stop" status (Duration: 0.0000).	[MsgId: MMSG-16873]
Action.c(100): Notify: Transaction "transTes_3" started.	[MsgId: MMSG-16999]
Action.c(103): Notify: Transaction "transTes_3" ended with a "Pass" status (Duration: 0.0000).	[MsgId: MMSG-16873]
Action.c(100): Notify: Transaction "transTes_4" started.	[MsgId: MMSG-16999]
Action.c(103): Notify: Transaction "transTes_4" ended with a "Pass" status (Duration: 0.0000).	[MsgId: MMSG-16873]
Action.c(100): Notify: Transaction "transTes_5" started.	[MsgId: MMSG-16999]
Action.c(103): Notify: Transaction "transTes_5" ended with a "Fail" status (Duration: 0.0000).	[MsgId: MMSG-16873]
Action.c(103): Notify: Transaction "transTes_5" has 0 error message(s).	[MsgId: MMSG-16818]
Action.c(100): Notify: Transaction "transTes_6" started.	[MsgId: MMSG-16999]
Action.c(103): Notify: Transaction "transTes_6" ended with a "Pass" status (Duration: 0.0000).	[MsgId: MMSG-16873]
Action.c(100): Notify: Transaction "transTes_7" started.	[MsgId: MMSG-16999]
Action.c(103): Notify: Transaction "transTes_7" ended with a "Pass" status (Duration: 0.0000).	[MsgId: MMSG-16873]
Action.c(112): Error: vuser failed	[MsgId: MERR-17999]
End auto log messages stack.	[MsgId: MMSG-10544]


Start auto log messages stack - Iteration 2.	[MsgId: MMSG-10545]
Action.c(93): Notify: Transaction "Trans_other" ended with a "Pass" status (Duration: 4.0281 Think Time: 4.0001).	[MsgId: MMSG-16872]
Action.c(100): Notify: Transaction "transTes_0" started.	[MsgId: MMSG-16999]
Action.c(103): Notify: Transaction "transTes_0" ended with a "Pass" status (Duration: 0.0000).	[MsgId: MMSG-16873]
Action.c(100): Notify: Transaction "transTes_1" started.	[MsgId: MMSG-16999]
Action.c(103): Notify: Transaction "transTes_1" ended with a "Stop" status (Duration: 0.0000).	[MsgId: MMSG-16873]
Action.c(100): Notify: Transaction "transTes_2" started.	[MsgId: MMSG-16999]
Action.c(103): Notify: Transaction "transTes_2" ended with a "Stop" status (Duration: 0.0000).	[MsgId: MMSG-16873]
Action.c(100): Notify: Transaction "transTes_3" started.	[MsgId: MMSG-16999]
Action.c(103): Notify: Transaction "transTes_3" ended with a "Pass" status (Duration: 0.0000).	[MsgId: MMSG-16873]
Action.c(100): Notify: Transaction "transTes_4" started.	[MsgId: MMSG-16999]
Action.c(103): Notify: Transaction "transTes_4" ended with a "Pass" status (Duration: 0.0000).	[MsgId: MMSG-16873]
Action.c(100): Notify: Transaction "transTes_5" started.	[MsgId: MMSG-16999]
Action.c(103): Notify: Transaction "transTes_5" ended with a "Fail" status (Duration: 0.0000).	[MsgId: MMSG-16873]
Action.c(103): Notify: Transaction "transTes_5" has 0 error message(s).	[MsgId: MMSG-16818]
Action.c(100): Notify: Transaction "transTes_6" started.	[MsgId: MMSG-16999]
Action.c(103): Notify: Transaction "transTes_6" ended with a "Pass" status (Duration: 0.0000).	[MsgId: MMSG-16873]
Action.c(100): Notify: Transaction "transTes_7" started.	[MsgId: MMSG-16999]
Action.c(103): Notify: Transaction "transTes_7" ended with a "Pass" status (Duration: 0.0000).	[MsgId: MMSG-16873]
Action.c(112): Error: vuser failed	[MsgId: MERR-17999]
End auto log messages stack.	[MsgId: MMSG-10544]


Start auto log messages stack - Iteration 2.	[MsgId: MMSG-10545]
Action.c(93): Notify: Transaction "Trans_other" ended with a "Pass" status (Duration: 4.0258 Think Time: 3.9995).	[MsgId: MMSG-16872]
Action.c(100): Notify: Transaction "transTes_0" started.	[MsgId: MMSG-16999]
Action.c(103): Notify: Transaction "transTes_0" ended with a "Pass" status (Duration: 0.0000).	[MsgId: MMSG-16873]
Action.c(100): Notify: Transaction "transTes_1" started.	[MsgId: MMSG-16999]
Action.c(103): Notify: Transaction "transTes_1" ended with a "Stop" status (Duration: 0.0000).	[MsgId: MMSG-16873]
Action.c(100): Notify: Transaction "transTes_2" started.	[MsgId: MMSG-16999]
Action.c(103): Notify: Transaction "transTes_2" ended with a "Stop" status (Duration: 0.0000).	[MsgId: MMSG-16873]
Action.c(100): Notify: Transaction "transTes_3" started.	[MsgId: MMSG-16999]
Action.c(103): Notify: Transaction "transTes_3" ended with a "Pass" status (Duration: 0.0000).	[MsgId: MMSG-16873]
Action.c(100): Notify: Transaction "transTes_4" started.	[MsgId: MMSG-16999]
Action.c(103): Notify: Transaction "transTes_4" ended with a "Pass" status (Duration: 0.0000).	[MsgId: MMSG-16873]
Action.c(100): Notify: Transaction "transTes_5" started.	[MsgId: MMSG-16999]
Action.c(103): Notify: Transaction "transTes_5" ended with a "Fail" status (Duration: 0.0000).	[MsgId: MMSG-16873]
Action.c(103): Notify: Transaction "transTes_5" has 0 error message(s).	[MsgId: MMSG-16818]
Action.c(100): Notify: Transaction "transTes_6" started.	[MsgId: MMSG-16999]
Action.c(103): Notify: Transaction "transTes_6" ended with a "Pass" status (Duration: 0.0000).	[MsgId: MMSG-16873]
Action.c(100): Notify: Transaction "transTes_7" started.	[MsgId: MMSG-16999]
Action.c(103): Notify: Transaction "transTes_7" ended with a "Pass" status (Duration: 0.0000).	[MsgId: MMSG-16873]
Action.c(112): Error: vuser failed	[MsgId: MERR-17999]
End auto log messages stack.	[MsgId: MMSG-10544]


Start auto log messages stack - Iteration 2.	[MsgId: MMSG-10545]
Action.c(93): Notify: Transaction "Trans_other" ended with a "Pass" status (Duration: 4.1319 Think Time: 4.0825).	[MsgId: MMSG-16872]
Action.c(100): Notify: Transaction "transTes_0" started.	[MsgId: MMSG-16999]
Action.c(103): Notify: Transaction "transTes_0" ended with a "Pass" status (Duration: 0.0000).	[MsgId: MMSG-16873]
Action.c(100): Notify: Transaction "transTes_1" started.	[MsgId: MMSG-16999]
Action.c(103): Notify: Transaction "transTes_1" ended with a "Stop" status (Duration: 0.0000).	[MsgId: MMSG-16873]
Action.c(100): Notify: Transaction "transTes_2" started.	[MsgId: MMSG-16999]
Action.c(103): Notify: Transaction "transTes_2" ended with a "Stop" status (Duration: 0.0000).	[MsgId: MMSG-16873]
Action.c(100): Notify: Transaction "transTes_3" started.	[MsgId: MMSG-16999]
Action.c(103): Notify: Transaction "transTes_3" ended with a "Pass" status (Duration: 0.0000).	[MsgId: MMSG-16873]
Action.c(100): Notify: Transaction "transTes_4" started.	[MsgId: MMSG-16999]
Action.c(103): Notify: Transaction "transTes_4" ended with a "Pass" status (Duration: 0.0000).	[MsgId: MMSG-16873]
Action.c(100): Notify: Transaction "transTes_5" started.	[MsgId: MMSG-16999]
Action.c(103): Notify: Transaction "transTes_5" ended with a "Fail" status (Duration: 0.0000).	[MsgId: MMSG-16873]
Action.c(103): Notify: Transaction "transTes_5" has 0 error message(s).	[MsgId: MMSG-16818]
Action.c(100): Notify: Transaction "transTes_6" started.	[MsgId: MMSG-16999]
Action.c(103): Notify: Transaction "transTes_6" ended with a "Pass" status (Duration: 0.0000).	[MsgId: MMSG-16873]
Action.c(100): Notify: Transaction "transTes_7" started.	[MsgId: MMSG-16999]
Action.c(103): Notify: Transaction "transTes_7" ended with a "Pass" status (Duration: 0.0000).	[MsgId: MMSG-16873]
Action.c(112): Error: vuser failed	[MsgId: MERR-17999]
End auto log messages stack.	[MsgId: MMSG-10544]


Start auto log messages stack - Iteration 2.	[MsgId: MMSG-10545]
Action.c(93): Notify: Transaction "Trans_other" ended with a "Pass" status (Duration: 4.0183 Think Time: 4.0017).	[MsgId: MMSG-16872]
Action.c(100): Notify: Transaction "transTes_0" started.	[MsgId: MMSG-16999]
Action.c(103): Notify: Transaction "transTes_0" ended with a "Pass" status (Duration: 0.0000).	[MsgId: MMSG-16873]
Action.c(100): Notify: Transaction "transTes_1" started.	[MsgId: MMSG-16999]
Action.c(103): Notify: Transaction "transTes_1" ended with a "Stop" status (Duration: 0.0000).	[MsgId: MMSG-16873]
Action.c(100): Notify: Transaction "transTes_2" started.	[MsgId: MMSG-16999]
Action.c(103): Notify: Transaction "transTes_2" ended with a "Stop" status (Duration: 0.0000).	[MsgId: MMSG-16873]
Action.c(100): Notify: Transaction "transTes_3" started.	[MsgId: MMSG-16999]
Action.c(103): Notify: Transaction "transTes_3" ended with a "Pass" status (Duration: 0.0000).	[MsgId: MMSG-16873]
Action.c(100): Notify: Transaction "transTes_4" started.	[MsgId: MMSG-16999]
Action.c(103): Notify: Transaction "transTes_4" ended with a "Pass" status (Duration: 0.0000).	[MsgId: MMSG-16873]
Action.c(100): Notify: Transaction "transTes_5" started.	[MsgId: MMSG-16999]
Action.c(103): Notify: Transaction "transTes_5" ended with a "Fail" status (Duration: 0.0000).	[MsgId: MMSG-16873]
Action.c(103): Notify: Transaction "transTes_5" has 0 error message(s).	[MsgId: MMSG-16818]
Action.c(100): Notify: Transaction "transTes_6" started.	[MsgId: MMSG-16999]
Action.c(103): Notify: Transaction "transTes_6" ended with a "Pass" status (Duration: 0.0000).	[MsgId: MMSG-16873]
Action.c(100): Notify: Transaction "transTes_7" started.	[MsgId: MMSG-16999]
Action.c(103): Notify: Transaction "transTes_7" ended with a "Pass" status (Duration: 0.0000).	[MsgId: MMSG-16873]
Action.c(112): Error: vuser failed	[MsgId: MERR-17999]
End auto log messages stack.	[MsgId: MMSG-10544]


Start auto log messages stack - Iteration 3.	[MsgId: MMSG-10545]
Action.c(100): Notify: Transaction "transTes_1" started.	[MsgId: MMSG-16999]
Action.c(103): Notify: Transaction "transTes_1" ended with a "Fail" status (Duration: 0.0000).	[MsgId: MMSG-16873]
Action.c(103): Notify: Transaction "transTes_1" has 0 error message(s).	[MsgId: MMSG-16818]
Action.c(100): Notify: Transaction "transTes_2" started.	[MsgId: MMSG-16999]
Action.c(103): Notify: Transaction "transTes_2" ended with a "Pass" status (Duration: 0.0000).	[MsgId: MMSG-16873]
Action.c(100): Notify: Transaction "transTes_3" started.	[MsgId: MMSG-16999]
Action.c(103): Notify: Transaction "transTes_3" ended with a "Fail" status (Duration: 0.0000).	[MsgId: MMSG-16873]
Action.c(103): Notify: Transaction "transTes_3" has 0 error message(s).	[MsgId: MMSG-16818]
Action.c(100): Notify: Transaction "transTes_4" started.	[MsgId: MMSG-16999]
Action.c(103): Notify: Transaction "transTes_4" ended with a "Fail" status (Duration: 0.0000).	[MsgId: MMSG-16873]
Action.c(103): Notify: Transaction "transTes_4" has 0 error message(s).	[MsgId: MMSG-16818]
Action.c(100): Notify: Transaction "transTes_5" started.	[MsgId: MMSG-16999]
Action.c(103): Notify: Transaction "transTes_5" ended with a "Stop" status (Duration: 0.0000).	[MsgId: MMSG-16873]
Action.c(100): Notify: Transaction "transTes_6" started.	[MsgId: MMSG-16999]
Action.c(103): Notify: Transaction "transTes_6" ended with a "Fail" status (Duration: 0.0000).	[MsgId: MMSG-16873]
Action.c(103): Notify: Transaction "transTes_6" has 0 error message(s).	[MsgId: MMSG-16818]
Action.c(100): Notify: Transaction "transTes_7" started.	[MsgId: MMSG-16999]
Action.c(103): Notify: Transaction "transTes_7" ended with a "Pass" status (Duration: 0.0000).	[MsgId: MMSG-16873]
Action.c(112): Error: vuser failed	[MsgId: MERR-17999]
End auto log messages stack.	[MsgId: MMSG-10544]


Start auto log messages stack - Iteration 3.	[MsgId: MMSG-10545]
Action.c(100): Notify: Transaction "transTes_1" started.	[MsgId: MMSG-16999]
Action.c(103): Notify: Transaction "transTes_1" ended with a "Fail" status (Duration: 0.0000).	[MsgId: MMSG-16873]
Action.c(103): Notify: Transaction "transTes_1" has 0 error message(s).	[MsgId: MMSG-16818]
Action.c(100): Notify: Transaction "transTes_2" started.	[MsgId: MMSG-16999]
Action.c(103): Notify: Transaction "transTes_2" ended with a "Pass" status (Duration: 0.0000).	[MsgId: MMSG-16873]
Action.c(100): Notify: Transaction "transTes_3" started.	[MsgId: MMSG-16999]
Action.c(103): Notify: Transaction "transTes_3" ended with a "Fail" status (Duration: 0.0000).	[MsgId: MMSG-16873]
Action.c(103): Notify: Transaction "transTes_3" has 0 error message(s).	[MsgId: MMSG-16818]
Action.c(100): Notify: Transaction "transTes_4" started.	[MsgId: MMSG-16999]
Action.c(103): Notify: Transaction "transTes_4" ended with a "Fail" status (Duration: 0.0000).	[MsgId: MMSG-16873]
Action.c(103): Notify: Transaction "transTes_4" has 0 error message(s).	[MsgId: MMSG-16818]
Action.c(100): Notify: Transaction "transTes_5" started.	[MsgId: MMSG-16999]
Action.c(103): Notify: Transaction "transTes_5" ended with a "Stop" status (Duration: 0.0000).	[MsgId: MMSG-16873]
Action.c(100): Notify: Transaction "transTes_6" started.	[MsgId: MMSG-16999]
Action.c(103): Notify: Transaction "transTes_6" ended with a "Fail" status (Duration: 0.0000).	[MsgId: MMSG-16873]
Action.c(103): Notify: Transaction "transTes_6" has 0 error message(s).	[MsgId: MMSG-16818]
Action.c(100): Notify: Transaction "transTes_7" started.	[MsgId: MMSG-16999]
Action.c(103): Notify: Transaction "transTes_7" ended with a "Pass" status (Duration: 0.0000).	[MsgId: MMSG-16873]
Action.c(112): Error: vuser failed	[MsgId: MERR-17999]
End auto log messages stack.	[MsgId: MMSG-10544]


Start auto log messages stack - Iteration 3.	[MsgId: MMSG-10545]
Action.c(100): Notify: Transaction "transTes_1" started.	[MsgId: MMSG-16999]
Action.c(103): Notify: Transaction "transTes_1" ended with a "Fail" status (Duration: 0.0000).	[MsgId: MMSG-16873]
Action.c(103): Notify: Transaction "transTes_1" has 0 error message(s).	[MsgId: MMSG-16818]
Action.c(100): Notify: Transaction "transTes_2" started.	[MsgId: MMSG-16999]
Action.c(103): Notify: Transaction "transTes_2" ended with a "Pass" status (Duration: 0.0000).	[MsgId: MMSG-16873]
Action.c(100): Notify: Transaction "transTes_3" started.	[MsgId: MMSG-16999]
Action.c(103): Notify: Transaction "transTes_3" ended with a "Fail" status (Duration: 0.0000).	[MsgId: MMSG-16873]
Action.c(103): Notify: Transaction "transTes_3" has 0 error message(s).	[MsgId: MMSG-16818]
Action.c(100): Notify: Transaction "transTes_4" started.	[MsgId: MMSG-16999]
Action.c(103): Notify: Transaction "transTes_4" ended with a "Fail" status (Duration: 0.0000).	[MsgId: MMSG-16873]
Action.c(103): Notify: Transaction "transTes_4" has 0 error message(s).	[MsgId: MMSG-16818]
Action.c(100): Notify: Transaction "transTes_5" started.	[MsgId: MMSG-16999]
Action.c(103): Notify: Transaction "transTes_5" ended with a "Stop" status (Duration: 0.0000).	[MsgId: MMSG-16873]
Action.c(100): Notify: Transaction "transTes_6" started.	[MsgId: MMSG-16999]
Action.c(103): Notify: Transaction "transTes_6" ended with a "Fail" status (Duration: 0.0000).	[MsgId: MMSG-16873]
Action.c(103): Notify: Transaction "transTes_6" has 0 error message(s).	[MsgId: MMSG-16818]
Action.c(100): Notify: Transaction "transTes_7" started.	[MsgId: MMSG-16999]
Action.c(103): Notify: Transaction "transTes_7" ended with a "Pass" status (Duration: 0.0000).	[MsgId: MMSG-16873]
Action.c(112): Error: vuser failed	[MsgId: MERR-17999]
End auto log messages stack.	[MsgId: MMSG-10544]


Start auto log messages stack - Iteration 3.	[MsgId: MMSG-10545]
Action.c(100): Notify: Transaction "transTes_1" started.	[MsgId: MMSG-16999]
Action.c(103): Notify: Transaction "transTes_1" ended with a "Fail" status (Duration: 0.0000).	[MsgId: MMSG-16873]
Action.c(103): Notify: Transaction "transTes_1" has 0 error message(s).	[MsgId: MMSG-16818]
Action.c(100): Notify: Transaction "transTes_2" started.	[MsgId: MMSG-16999]
Action.c(103): Notify: Transaction "transTes_2" ended with a "Pass" status (Duration: 0.0000).	[MsgId: MMSG-16873]
Action.c(100): Notify: Transaction "transTes_3" started.	[MsgId: MMSG-16999]
Action.c(103): Notify: Transaction "transTes_3" ended with a "Fail" status (Duration: 0.0000).	[MsgId: MMSG-16873]
Action.c(103): Notify: Transaction "transTes_3" has 0 error message(s).	[MsgId: MMSG-16818]
Action.c(100): Notify: Transaction "transTes_4" started.	[MsgId: MMSG-16999]
Action.c(103): Notify: Transaction "transTes_4" ended with a "Fail" status (Duration: 0.0000).	[MsgId: MMSG-16873]
Action.c(103): Notify: Transaction "transTes_4" has 0 error message(s).	[MsgId: MMSG-16818]
Action.c(100): Notify: Transaction "transTes_5" started.	[MsgId: MMSG-16999]
Action.c(103): Notify: Transaction "transTes_5" ended with a "Stop" status (Duration: 0.0000).	[MsgId: MMSG-16873]
Action.c(100): Notify: Transaction "transTes_6" started.	[MsgId: MMSG-16999]
Action.c(103): Notify: Transaction "transTes_6" ended with a "Fail" status (Duration: 0.0000).	[MsgId: MMSG-16873]
Action.c(103): Notify: Transaction "transTes_6" has 0 error message(s).	[MsgId: MMSG-16818]
Action.c(100): Notify: Transaction "transTes_7" started.	[MsgId: MMSG-16999]
Action.c(103): Notify: Transaction "transTes_7" ended with a "Pass" status (Duration: 0.0000).	[MsgId: MMSG-16873]
Action.c(112): Error: vuser failed	[MsgId: MERR-17999]
End auto log messages stack.	[MsgId: MMSG-10544]


Start auto log messages stack - Iteration 3.	[MsgId: MMSG-10545]
Action.c(100): Notify: Transaction "transTes_1" started.	[MsgId: MMSG-16999]
Action.c(103): Notify: Transaction "transTes_1" ended with a "Fail" status (Duration: 0.0000).	[MsgId: MMSG-16873]
Action.c(103): Notify: Transaction "transTes_1" has 0 error message(s).	[MsgId: MMSG-16818]
Action.c(100): Notify: Transaction "transTes_2" started.	[MsgId: MMSG-16999]
Action.c(103): Notify: Transaction "transTes_2" ended with a "Pass" status (Duration: 0.0000).	[MsgId: MMSG-16873]
Action.c(100): Notify: Transaction "transTes_3" started.	[MsgId: MMSG-16999]
Action.c(103): Notify: Transaction "transTes_3" ended with a "Fail" status (Duration: 0.0000).	[MsgId: MMSG-16873]
Action.c(103): Notify: Transaction "transTes_3" has 0 error message(s).	[MsgId: MMSG-16818]
Action.c(100): Notify: Transaction "transTes_4" started.	[MsgId: MMSG-16999]
Action.c(103): Notify: Transaction "transTes_4" ended with a "Fail" status (Duration: 0.0000).	[MsgId: MMSG-16873]
Action.c(103): Notify: Transaction "transTes_4" has 0 error message(s).	[MsgId: MMSG-16818]
Action.c(100): Notify: Transaction "transTes_5" started.	[MsgId: MMSG-16999]
Action.c(103): Notify: Transaction "transTes_5" ended with a "Stop" status (Duration: 0.0000).	[MsgId: MMSG-16873]
Action.c(100): Notify: Transaction "transTes_6" started.	[MsgId: MMSG-16999]
Action.c(103): Notify: Transaction "transTes_6" ended with a "Fail" status (Duration: 0.0000).	[MsgId: MMSG-16873]
Action.c(103): Notify: Transaction "transTes_6" has 0 error message(s).	[MsgId: MMSG-16818]
Action.c(100): Notify: Transaction "transTes_7" started.	[MsgId: MMSG-16999]
Action.c(103): Notify: Transaction "transTes_7" ended with a "Pass" status (Duration: 0.0000).	[MsgId: MMSG-16873]
Action.c(112): Error: vuser failed	[MsgId: MERR-17999]
End auto log messages stack.	[MsgId: MMSG-10544]


Start auto log messages stack - Iteration 3.	[MsgId: MMSG-10545]
Action.c(100): Notify: Transaction "transTes_1" started.	[MsgId: MMSG-16999]
Action.c(103): Notify: Transaction "transTes_1" ended with a "Fail" status (Duration: 0.0000).	[MsgId: MMSG-16873]
Action.c(103): Notify: Transaction "transTes_1" has 0 error message(s).	[MsgId: MMSG-16818]
Action.c(100): Notify: Transaction "transTes_2" started.	[MsgId: MMSG-16999]
Action.c(103): Notify: Transaction "transTes_2" ended with a "Pass" status (Duration: 0.0000).	[MsgId: MMSG-16873]
Action.c(100): Notify: Transaction "transTes_3" started.	[MsgId: MMSG-16999]
Action.c(103): Notify: Transaction "transTes_3" ended with a "Fail" status (Duration: 0.0000).	[MsgId: MMSG-16873]
Action.c(103): Notify: Transaction "transTes_3" has 0 error message(s).	[MsgId: MMSG-16818]
Action.c(100): Notify: Transaction "transTes_4" started.	[MsgId: MMSG-16999]
Action.c(103): Notify: Transaction "transTes_4" ended with a "Fail" status (Duration: 0.0001).	[MsgId: MMSG-16873]
Action.c(103): Notify: Transaction "transTes_4" has 0 error message(s).	[MsgId: MMSG-16818]
Action.c(100): Notify: Transaction "transTes_5" started.	[MsgId: MMSG-16999]
Action.c(103): Notify: Transaction "transTes_5" ended with a "Stop" status (Duration: 0.0000).	[MsgId: MMSG-16873]
Action.c(100): Notify: Transaction "transTes_6" started.	[MsgId: MMSG-16999]
Action.c(103): Notify: Transaction "transTes_6" ended with a "Fail" status (Duration: 0.0000).	[MsgId: MMSG-16873]
Action.c(103): Notify: Transaction "transTes_6" has 0 error message(s).	[MsgId: MMSG-16818]
Action.c(100): Notify: Transaction "transTes_7" started.	[MsgId: MMSG-16999]
Action.c(103): Notify: Transaction "transTes_7" ended with a "Pass" status (Duration: 0.0000).	[MsgId: MMSG-16873]
Action.c(112): Error: vuser failed	[MsgId: MERR-17999]
End auto log messages stack.	[MsgId: MMSG-10544]


Start auto log messages stack - Iteration 3.	[MsgId: MMSG-10545]
Action.c(100): Notify: Transaction "transTes_1" started.	[MsgId: MMSG-16999]
Action.c(103): Notify: Transaction "transTes_1" ended with a "Fail" status (Duration: 0.0000).	[MsgId: MMSG-16873]
Action.c(103): Notify: Transaction "transTes_1" has 0 error message(s).	[MsgId: MMSG-16818]
Action.c(100): Notify: Transaction "transTes_2" started.	[MsgId: MMSG-16999]
Action.c(103): Notify: Transaction "transTes_2" ended with a "Pass" status (Duration: 0.0000).	[MsgId: MMSG-16873]
Action.c(100): Notify: Transaction "transTes_3" started.	[MsgId: MMSG-16999]
Action.c(103): Notify: Transaction "transTes_3" ended with a "Fail" status (Duration: 0.0000).	[MsgId: MMSG-16873]
Action.c(103): Notify: Transaction "transTes_3" has 0 error message(s).	[MsgId: MMSG-16818]
Action.c(100): Notify: Transaction "transTes_4" started.	[MsgId: MMSG-16999]
Action.c(103): Notify: Transaction "transTes_4" ended with a "Fail" status (Duration: 0.0000).	[MsgId: MMSG-16873]
Action.c(103): Notify: Transaction "transTes_4" has 0 error message(s).	[MsgId: MMSG-16818]
Action.c(100): Notify: Transaction "transTes_5" started.	[MsgId: MMSG-16999]
Action.c(103): Notify: Transaction "transTes_5" ended with a "Stop" status (Duration: 0.0000).	[MsgId: MMSG-16873]
Action.c(100): Notify: Transaction "transTes_6" started.	[MsgId: MMSG-16999]
Action.c(103): Notify: Transaction "transTes_6" ended with a "Fail" status (Duration: 0.0000).	[MsgId: MMSG-16873]
Action.c(103): Notify: Transaction "transTes_6" has 0 error message(s).	[MsgId: MMSG-16818]
Action.c(100): Notify: Transaction "transTes_7" started.	[MsgId: MMSG-16999]
Action.c(103): Notify: Transaction "transTes_7" ended with a "Pass" status (Duration: 0.0000).	[MsgId: MMSG-16873]
Action.c(112): Error: vuser failed	[MsgId: MERR-17999]
End auto log messages stack.	[MsgId: MMSG-10544]


Start auto log messages stack - Iteration 3.	[MsgId: MMSG-10545]
Action.c(100): Notify: Transaction "transTes_1" started.	[MsgId: MMSG-16999]
Action.c(103): Notify: Transaction "transTes_1" ended with a "Fail" status (Duration: 0.0000).	[MsgId: MMSG-16873]
Action.c(103): Notify: Transaction "transTes_1" has 0 error message(s).	[MsgId: MMSG-16818]
Action.c(100): Notify: Transaction "transTes_2" started.	[MsgId: MMSG-16999]
Action.c(103): Notify: Transaction "transTes_2" ended with a "Pass" status (Duration: 0.0000).	[MsgId: MMSG-16873]
Action.c(100): Notify: Transaction "transTes_3" started.	[MsgId: MMSG-16999]
Action.c(103): Notify: Transaction "transTes_3" ended with a "Fail" status (Duration: 0.0000).	[MsgId: MMSG-16873]
Action.c(103): Notify: Transaction "transTes_3" has 0 error message(s).	[MsgId: MMSG-16818]
Action.c(100): Notify: Transaction "transTes_4" started.	[MsgId: MMSG-16999]
Action.c(103): Notify: Transaction "transTes_4" ended with a "Fail" status (Duration: 0.0000).	[MsgId: MMSG-16873]
Action.c(103): Notify: Transaction "transTes_4" has 0 error message(s).	[MsgId: MMSG-16818]
Action.c(100): Notify: Transaction "transTes_5" started.	[MsgId: MMSG-16999]
Action.c(103): Notify: Transaction "transTes_5" ended with a "Stop" status (Duration: 0.0000).	[MsgId: MMSG-16873]
Action.c(100): Notify: Transaction "transTes_6" started.	[MsgId: MMSG-16999]
Action.c(103): Notify: Transaction "transTes_6" ended with a "Fail" status (Duration: 0.0000).	[MsgId: MMSG-16873]
Action.c(103): Notify: Transaction "transTes_6" has 0 error message(s).	[MsgId: MMSG-16818]
Action.c(100): Notify: Transaction "transTes_7" started.	[MsgId: MMSG-16999]
Action.c(103): Notify: Transaction "transTes_7" ended with a "Pass" status (Duration: 0.0000).	[MsgId: MMSG-16873]
Action.c(112): Error: vuser failed	[MsgId: MERR-17999]
End auto log messages stack.	[MsgId: MMSG-10544]


Start auto log messages stack - Iteration 3.	[MsgId: MMSG-10545]
Action.c(100): Notify: Transaction "transTes_1" started.	[MsgId: MMSG-16999]
Action.c(103): Notify: Transaction "transTes_1" ended with a "Fail" status (Duration: 0.0000).	[MsgId: MMSG-16873]
Action.c(103): Notify: Transaction "transTes_1" has 0 error message(s).	[MsgId: MMSG-16818]
Action.c(100): Notify: Transaction "transTes_2" started.	[MsgId: MMSG-16999]
Action.c(103): Notify: Transaction "transTes_2" ended with a "Pass" status (Duration: 0.0000).	[MsgId: MMSG-16873]
Action.c(100): Notify: Transaction "transTes_3" started.	[MsgId: MMSG-16999]
Action.c(103): Notify: Transaction "transTes_3" ended with a "Fail" status (Duration: 0.0000).	[MsgId: MMSG-16873]
Action.c(103): Notify: Transaction "transTes_3" has 0 error message(s).	[MsgId: MMSG-16818]
Action.c(100): Notify: Transaction "transTes_4" started.	[MsgId: MMSG-16999]
Action.c(103): Notify: Transaction "transTes_4" ended with a "Fail" status (Duration: 0.0000).	[MsgId: MMSG-16873]
Action.c(103): Notify: Transaction "transTes_4" has 0 error message(s).	[MsgId: MMSG-16818]
Action.c(100): Notify: Transaction "transTes_5" started.	[MsgId: MMSG-16999]
Action.c(103): Notify: Transaction "transTes_5" ended with a "Stop" status (Duration: 0.0000).	[MsgId: MMSG-16873]
Action.c(100): Notify: Transaction "transTes_6" started.	[MsgId: MMSG-16999]
Action.c(103): Notify: Transaction "transTes_6" ended with a "Fail" status (Duration: 0.0000).	[MsgId: MMSG-16873]
Action.c(103): Notify: Transaction "transTes_6" has 0 error message(s).	[MsgId: MMSG-16818]
Action.c(100): Notify: Transaction "transTes_7" started.	[MsgId: MMSG-16999]
Action.c(103): Notify: Transaction "transTes_7" ended with a "Pass" status (Duration: 0.0000).	[MsgId: MMSG-16873]
Action.c(112): Error: vuser failed	[MsgId: MERR-17999]
End auto log messages stack.	[MsgId: MMSG-10544]


Start auto log messages stack - Iteration 3.	[MsgId: MMSG-10545]
Action.c(100): Notify: Transaction "transTes_1" started.	[MsgId: MMSG-16999]
Action.c(103): Notify: Transaction "transTes_1" ended with a "Fail" status (Duration: 0.0000).	[MsgId: MMSG-16873]
Action.c(103): Notify: Transaction "transTes_1" has 0 error message(s).	[MsgId: MMSG-16818]
Action.c(100): Notify: Transaction "transTes_2" started.	[MsgId: MMSG-16999]
Action.c(103): Notify: Transaction "transTes_2" ended with a "Pass" status (Duration: 0.0000).	[MsgId: MMSG-16873]
Action.c(100): Notify: Transaction "transTes_3" started.	[MsgId: MMSG-16999]
Action.c(103): Notify: Transaction "transTes_3" ended with a "Fail" status (Duration: 0.0000).	[MsgId: MMSG-16873]
Action.c(103): Notify: Transaction "transTes_3" has 0 error message(s).	[MsgId: MMSG-16818]
Action.c(100): Notify: Transaction "transTes_4" started.	[MsgId: MMSG-16999]
Action.c(103): Notify: Transaction "transTes_4" ended with a "Fail" status (Duration: 0.0000).	[MsgId: MMSG-16873]
Action.c(103): Notify: Transaction "transTes_4" has 0 error message(s).	[MsgId: MMSG-16818]
Action.c(100): Notify: Transaction "transTes_5" started.	[MsgId: MMSG-16999]
Action.c(103): Notify: Transaction "transTes_5" ended with a "Stop" status (Duration: 0.0000).	[MsgId: MMSG-16873]
Action.c(100): Notify: Transaction "transTes_6" started.	[MsgId: MMSG-16999]
Action.c(103): Notify: Transaction "transTes_6" ended with a "Fail" status (Duration: 0.0000).	[MsgId: MMSG-16873]
Action.c(103): Notify: Transaction "transTes_6" has 0 error message(s).	[MsgId: MMSG-16818]
Action.c(100): Notify: Transaction "transTes_7" started.	[MsgId: MMSG-16999]
Action.c(103): Notify: Transaction "transTes_7" ended with a "Pass" status (Duration: 0.0000).	[MsgId: MMSG-16873]
Action.c(112): Error: vuser failed	[MsgId: MERR-17999]
End auto log messages stack.	[MsgId: MMSG-10544]


Start auto log messages stack - Iteration 3.	[MsgId: MMSG-10545]
Action.c(100): Notify: Transaction "transTes_1" started.	[MsgId: MMSG-16999]
Action.c(103): Notify: Transaction "transTes_1" ended with a "Fail" status (Duration: 0.0000).	[MsgId: MMSG-16873]
Action.c(103): Notify: Transaction "transTes_1" has 0 error message(s).	[MsgId: MMSG-16818]
Action.c(100): Notify: Transaction "transTes_2" started.	[MsgId: MMSG-16999]
Action.c(103): Notify: Transaction "transTes_2" ended with a "Pass" status (Duration: 0.0000).	[MsgId: MMSG-16873]
Action.c(100): Notify: Transaction "transTes_3" started.	[MsgId: MMSG-16999]
Action.c(103): Notify: Transaction "transTes_3" ended with a "Fail" status (Duration: 0.0000).	[MsgId: MMSG-16873]
Action.c(103): Notify: Transaction "transTes_3" has 0 error message(s).	[MsgId: MMSG-16818]
Action.c(100): Notify: Transaction "transTes_4" started.	[MsgId: MMSG-16999]
Action.c(103): Notify: Transaction "transTes_4" ended with a "Fail" status (Duration: 0.0000).	[MsgId: MMSG-16873]
Action.c(103): Notify: Transaction "transTes_4" has 0 error message(s).	[MsgId: MMSG-16818]
Action.c(100): Notify: Transaction "transTes_5" started.	[MsgId: MMSG-16999]
Action.c(103): Notify: Transaction "transTes_5" ended with a "Stop" status (Duration: 0.0000).	[MsgId: MMSG-16873]
Action.c(100): Notify: Transaction "transTes_6" started.	[MsgId: MMSG-16999]
Action.c(103): Notify: Transaction "transTes_6" ended with a "Fail" status (Duration: 0.0000).	[MsgId: MMSG-16873]
Action.c(103): Notify: Transaction "transTes_6" has 0 error message(s).	[MsgId: MMSG-16818]
Action.c(100): Notify: Transaction "transTes_7" started.	[MsgId: MMSG-16999]
Action.c(103): Notify: Transaction "transTes_7" ended with a "Pass" status (Duration: 0.0000).	[MsgId: MMSG-16873]
Action.c(112): Error: vuser failed	[MsgId: MERR-17999]
End auto log messages stack.	[MsgId: MMSG-10544]


Start auto log messages stack - Iteration 3.	[MsgId: MMSG-10545]
Action.c(100): Notify: Transaction "transTes_1" started.	[MsgId: MMSG-16999]
Action.c(103): Notify: Transaction "transTes_1" ended with a "Fail" status (Duration: 0.0000).	[MsgId: MMSG-16873]
Action.c(103): Notify: Transaction "transTes_1" has 0 error message(s).	[MsgId: MMSG-16818]
Action.c(100): Notify: Transaction "transTes_2" started.	[MsgId: MMSG-16999]
Action.c(103): Notify: Transaction "transTes_2" ended with a "Pass" status (Duration: 0.0000).	[MsgId: MMSG-16873]
Action.c(100): Notify: Transaction "transTes_3" started.	[MsgId: MMSG-16999]
Action.c(103): Notify: Transaction "transTes_3" ended with a "Fail" status (Duration: 0.0000).	[MsgId: MMSG-16873]
Action.c(103): Notify: Transaction "transTes_3" has 0 error message(s).	[MsgId: MMSG-16818]
Action.c(100): Notify: Transaction "transTes_4" started.	[MsgId: MMSG-16999]
Action.c(103): Notify: Transaction "transTes_4" ended with a "Fail" status (Duration: 0.0000).	[MsgId: MMSG-16873]
Action.c(103): Notify: Transaction "transTes_4" has 0 error message(s).	[MsgId: MMSG-16818]
Action.c(100): Notify: Transaction "transTes_5" started.	[MsgId: MMSG-16999]
Action.c(103): Notify: Transaction "transTes_5" ended with a "Stop" status (Duration: 0.0000).	[MsgId: MMSG-16873]
Action.c(100): Notify: Transaction "transTes_6" started.	[MsgId: MMSG-16999]
Action.c(103): Notify: Transaction "transTes_6" ended with a "Fail" status (Duration: 0.0000).	[MsgId: MMSG-16873]
Action.c(103): Notify: Transaction "transTes_6" has 0 error message(s).	[MsgId: MMSG-16818]
Action.c(100): Notify: Transaction "transTes_7" started.	[MsgId: MMSG-16999]
Action.c(103): Notify: Transaction "transTes_7" ended with a "Pass" status (Duration: 0.0000).	[MsgId: MMSG-16873]
Action.c(112): Error: vuser failed	[MsgId: MERR-17999]
End auto log messages stack.	[MsgId: MMSG-10544]


Start auto log messages stack - Iteration 3.	[MsgId: MMSG-10545]
Action.c(100): Notify: Transaction "transTes_1" started.	[MsgId: MMSG-16999]
Action.c(103): Notify: Transaction "transTes_1" ended with a "Fail" status (Duration: 0.0000).	[MsgId: MMSG-16873]
Action.c(103): Notify: Transaction "transTes_1" has 0 error message(s).	[MsgId: MMSG-16818]
Action.c(100): Notify: Transaction "transTes_2" started.	[MsgId: MMSG-16999]
Action.c(103): Notify: Transaction "transTes_2" ended with a "Pass" status (Duration: 0.0000).	[MsgId: MMSG-16873]
Action.c(100): Notify: Transaction "transTes_3" started.	[MsgId: MMSG-16999]
Action.c(103): Notify: Transaction "transTes_3" ended with a "Fail" status (Duration: 0.0000).	[MsgId: MMSG-16873]
Action.c(103): Notify: Transaction "transTes_3" has 0 error message(s).	[MsgId: MMSG-16818]
Action.c(100): Notify: Transaction "transTes_4" started.	[MsgId: MMSG-16999]
Action.c(103): Notify: Transaction "transTes_4" ended with a "Fail" status (Duration: 0.0000).	[MsgId: MMSG-16873]
Action.c(103): Notify: Transaction "transTes_4" has 0 error message(s).	[MsgId: MMSG-16818]
Action.c(100): Notify: Transaction "transTes_5" started.	[MsgId: MMSG-16999]
Action.c(103): Notify: Transaction "transTes_5" ended with a "Stop" status (Duration: 0.0000).	[MsgId: MMSG-16873]
Action.c(100): Notify: Transaction "transTes_6" started.	[MsgId: MMSG-16999]
Action.c(103): Notify: Transaction "transTes_6" ended with a "Fail" status (Duration: 0.0000).	[MsgId: MMSG-16873]
Action.c(103): Notify: Transaction "transTes_6" has 0 error message(s).	[MsgId: MMSG-16818]
Action.c(100): Notify: Transaction "transTes_7" started.	[MsgId: MMSG-16999]
Action.c(103): Notify: Transaction "transTes_7" ended with a "Pass" status (Duration: 0.0000).	[MsgId: MMSG-16873]
Action.c(112): Error: vuser failed	[MsgId: MERR-17999]
End auto log messages stack.	[MsgId: MMSG-10544]


Start auto log messages stack - Iteration 3.	[MsgId: MMSG-10545]
Action.c(100): Notify: Transaction "transTes_1" started.	[MsgId: MMSG-16999]
Action.c(103): Notify: Transaction "transTes_1" ended with a "Fail" status (Duration: 0.0000).	[MsgId: MMSG-16873]
Action.c(103): Notify: Transaction "transTes_1" has 0 error message(s).	[MsgId: MMSG-16818]
Action.c(100): Notify: Transaction "transTes_2" started.	[MsgId: MMSG-16999]
Action.c(103): Notify: Transaction "transTes_2" ended with a "Pass" status (Duration: 0.0000).	[MsgId: MMSG-16873]
Action.c(100): Notify: Transaction "transTes_3" started.	[MsgId: MMSG-16999]
Action.c(103): Notify: Transaction "transTes_3" ended with a "Fail" status (Duration: 0.0000).	[MsgId: MMSG-16873]
Action.c(103): Notify: Transaction "transTes_3" has 0 error message(s).	[MsgId: MMSG-16818]
Action.c(100): Notify: Transaction "transTes_4" started.	[MsgId: MMSG-16999]
Action.c(103): Notify: Transaction "transTes_4" ended with a "Fail" status (Duration: 0.0000).	[MsgId: MMSG-16873]
Action.c(103): Notify: Transaction "transTes_4" has 0 error message(s).	[MsgId: MMSG-16818]
Action.c(100): Notify: Transaction "transTes_5" started.	[MsgId: MMSG-16999]
Action.c(103): Notify: Transaction "transTes_5" ended with a "Stop" status (Duration: 0.0000).	[MsgId: MMSG-16873]
Action.c(100): Notify: Transaction "transTes_6" started.	[MsgId: MMSG-16999]
Action.c(103): Notify: Transaction "transTes_6" ended with a "Fail" status (Duration: 0.0000).	[MsgId: MMSG-16873]
Action.c(103): Notify: Transaction "transTes_6" has 0 error message(s).	[MsgId: MMSG-16818]
Action.c(100): Notify: Transaction "transTes_7" started.	[MsgId: MMSG-16999]
Action.c(103): Notify: Transaction "transTes_7" ended with a "Pass" status (Duration: 0.0000).	[MsgId: MMSG-16873]
Action.c(112): Error: vuser failed	[MsgId: MERR-17999]
End auto log messages stack.	[MsgId: MMSG-10544]


Start auto log messages stack - Iteration 3.	[MsgId: MMSG-10545]
Action.c(100): Notify: Transaction "transTes_1" started.	[MsgId: MMSG-16999]
Action.c(103): Notify: Transaction "transTes_1" ended with a "Fail" status (Duration: 0.0000).	[MsgId: MMSG-16873]
Action.c(103): Notify: Transaction "transTes_1" has 0 error message(s).	[MsgId: MMSG-16818]
Action.c(100): Notify: Transaction "transTes_2" started.	[MsgId: MMSG-16999]
Action.c(103): Notify: Transaction "transTes_2" ended with a "Pass" status (Duration: 0.0000).	[MsgId: MMSG-16873]
Action.c(100): Notify: Transaction "transTes_3" started.	[MsgId: MMSG-16999]
Action.c(103): Notify: Transaction "transTes_3" ended with a "Fail" status (Duration: 0.0000).	[MsgId: MMSG-16873]
Action.c(103): Notify: Transaction "transTes_3" has 0 error message(s).	[MsgId: MMSG-16818]
Action.c(100): Notify: Transaction "transTes_4" started.	[MsgId: MMSG-16999]
Action.c(103): Notify: Transaction "transTes_4" ended with a "Fail" status (Duration: 0.0000).	[MsgId: MMSG-16873]
Action.c(103): Notify: Transaction "transTes_4" has 0 error message(s).	[MsgId: MMSG-16818]
Action.c(100): Notify: Transaction "transTes_5" started.	[MsgId: MMSG-16999]
Action.c(103): Notify: Transaction "transTes_5" ended with a "Stop" status (Duration: 0.0000).	[MsgId: MMSG-16873]
Action.c(100): Notify: Transaction "transTes_6" started.	[MsgId: MMSG-16999]
Action.c(103): Notify: Transaction "transTes_6" ended with a "Fail" status (Duration: 0.0000).	[MsgId: MMSG-16873]
Action.c(103): Notify: Transaction "transTes_6" has 0 error message(s).	[MsgId: MMSG-16818]
Action.c(100): Notify: Transaction "transTes_7" started.	[MsgId: MMSG-16999]
Action.c(103): Notify: Transaction "transTes_7" ended with a "Pass" status (Duration: 0.0000).	[MsgId: MMSG-16873]
Action.c(112): Error: vuser failed	[MsgId: MERR-17999]
End auto log messages stack.	[MsgId: MMSG-10544]


Start auto log messages stack - Iteration 3.	[MsgId: MMSG-10545]
Action.c(100): Notify: Transaction "transTes_1" started.	[MsgId: MMSG-16999]
Action.c(103): Notify: Transaction "transTes_1" ended with a "Fail" status (Duration: 0.0000).	[MsgId: MMSG-16873]
Action.c(103): Notify: Transaction "transTes_1" has 0 error message(s).	[MsgId: MMSG-16818]
Action.c(100): Notify: Transaction "transTes_2" started.	[MsgId: MMSG-16999]
Action.c(103): Notify: Transaction "transTes_2" ended with a "Pass" status (Duration: 0.0000).	[MsgId: MMSG-16873]
Action.c(100): Notify: Transaction "transTes_3" started.	[MsgId: MMSG-16999]
Action.c(103): Notify: Transaction "transTes_3" ended with a "Fail" status (Duration: 0.0000).	[MsgId: MMSG-16873]
Action.c(103): Notify: Transaction "transTes_3" has 0 error message(s).	[MsgId: MMSG-16818]
Action.c(100): Notify: Transaction "transTes_4" started.	[MsgId: MMSG-16999]
Action.c(103): Notify: Transaction "transTes_4" ended with a "Fail" status (Duration: 0.0000).	[MsgId: MMSG-16873]
Action.c(103): Notify: Transaction "transTes_4" has 0 error message(s).	[MsgId: MMSG-16818]
Action.c(100): Notify: Transaction "transTes_5" started.	[MsgId: MMSG-16999]
Action.c(103): Notify: Transaction "transTes_5" ended with a "Stop" status (Duration: 0.0000).	[MsgId: MMSG-16873]
Action.c(100): Notify: Transaction "transTes_6" started.	[MsgId: MMSG-16999]
Action.c(103): Notify: Transaction "transTes_6" ended with a "Fail" status (Duration: 0.0000).	[MsgId: MMSG-16873]
Action.c(103): Notify: Transaction "transTes_6" has 0 error message(s).	[MsgId: MMSG-16818]
Action.c(100): Notify: Transaction "transTes_7" started.	[MsgId: MMSG-16999]
Action.c(103): Notify: Transaction "transTes_7" ended with a "Pass" status (Duration: 0.0000).	[MsgId: MMSG-16873]
Action.c(112): Error: vuser failed	[MsgId: MERR-17999]
End auto log messages stack.	[MsgId: MMSG-10544]


Start auto log messages stack - Iteration 3.	[MsgId: MMSG-10545]
Action.c(100): Notify: Transaction "transTes_1" started.	[MsgId: MMSG-16999]
Action.c(103): Notify: Transaction "transTes_1" ended with a "Fail" status (Duration: 0.0000).	[MsgId: MMSG-16873]
Action.c(103): Notify: Transaction "transTes_1" has 0 error message(s).	[MsgId: MMSG-16818]
Action.c(100): Notify: Transaction "transTes_2" started.	[MsgId: MMSG-16999]
Action.c(103): Notify: Transaction "transTes_2" ended with a "Pass" status (Duration: 0.0000).	[MsgId: MMSG-16873]
Action.c(100): Notify: Transaction "transTes_3" started.	[MsgId: MMSG-16999]
Action.c(103): Notify: Transaction "transTes_3" ended with a "Fail" status (Duration: 0.0000).	[MsgId: MMSG-16873]
Action.c(103): Notify: Transaction "transTes_3" has 0 error message(s).	[MsgId: MMSG-16818]
Action.c(100): Notify: Transaction "transTes_4" started.	[MsgId: MMSG-16999]
Action.c(103): Notify: Transaction "transTes_4" ended with a "Fail" status (Duration: 0.0000).	[MsgId: MMSG-16873]
Action.c(103): Notify: Transaction "transTes_4" has 0 error message(s).	[MsgId: MMSG-16818]
Action.c(100): Notify: Transaction "transTes_5" started.	[MsgId: MMSG-16999]
Action.c(103): Notify: Transaction "transTes_5" ended with a "Stop" status (Duration: 0.0000).	[MsgId: MMSG-16873]
Action.c(100): Notify: Transaction "transTes_6" started.	[MsgId: MMSG-16999]
Action.c(103): Notify: Transaction "transTes_6" ended with a "Fail" status (Duration: 0.0000).	[MsgId: MMSG-16873]
Action.c(103): Notify: Transaction "transTes_6" has 0 error message(s).	[MsgId: MMSG-16818]
Action.c(100): Notify: Transaction "transTes_7" started.	[MsgId: MMSG-16999]
Action.c(103): Notify: Transaction "transTes_7" ended with a "Pass" status (Duration: 0.0000).	[MsgId: MMSG-16873]
Action.c(112): Error: vuser failed	[MsgId: MERR-17999]
End auto log messages stack.	[MsgId: MMSG-10544]


Start auto log messages stack - Iteration 3.	[MsgId: MMSG-10545]
Action.c(100): Notify: Transaction "transTes_1" started.	[MsgId: MMSG-16999]
Action.c(103): Notify: Transaction "transTes_1" ended with a "Fail" status (Duration: 0.0000).	[MsgId: MMSG-16873]
Action.c(103): Notify: Transaction "transTes_1" has 0 error message(s).	[MsgId: MMSG-16818]
Action.c(100): Notify: Transaction "transTes_2" started.	[MsgId: MMSG-16999]
Action.c(103): Notify: Transaction "transTes_2" ended with a "Pass" status (Duration: 0.0000).	[MsgId: MMSG-16873]
Action.c(100): Notify: Transaction "transTes_3" started.	[MsgId: MMSG-16999]
Action.c(103): Notify: Transaction "transTes_3" ended with a "Fail" status (Duration: 0.0000).	[MsgId: MMSG-16873]
Action.c(103): Notify: Transaction "transTes_3" has 0 error message(s).	[MsgId: MMSG-16818]
Action.c(100): Notify: Transaction "transTes_4" started.	[MsgId: MMSG-16999]
Action.c(103): Notify: Transaction "transTes_4" ended with a "Fail" status (Duration: 0.0000).	[MsgId: MMSG-16873]
Action.c(103): Notify: Transaction "transTes_4" has 0 error message(s).	[MsgId: MMSG-16818]
Action.c(100): Notify: Transaction "transTes_5" started.	[MsgId: MMSG-16999]
Action.c(103): Notify: Transaction "transTes_5" ended with a "Stop" status (Duration: 0.0000).	[MsgId: MMSG-16873]
Action.c(100): Notify: Transaction "transTes_6" started.	[MsgId: MMSG-16999]
Action.c(103): Notify: Transaction "transTes_6" ended with a "Fail" status (Duration: 0.0000).	[MsgId: MMSG-16873]
Action.c(103): Notify: Transaction "transTes_6" has 0 error message(s).	[MsgId: MMSG-16818]
Action.c(100): Notify: Transaction "transTes_7" started.	[MsgId: MMSG-16999]
Action.c(103): Notify: Transaction "transTes_7" ended with a "Pass" status (Duration: 0.0000).	[MsgId: MMSG-16873]
Action.c(112): Error: vuser failed	[MsgId: MERR-17999]
End auto log messages stack.	[MsgId: MMSG-10544]


Start auto log messages stack - Iteration 3.	[MsgId: MMSG-10545]
Action.c(100): Notify: Transaction "transTes_1" started.	[MsgId: MMSG-16999]
Action.c(103): Notify: Transaction "transTes_1" ended with a "Fail" status (Duration: 0.0000).	[MsgId: MMSG-16873]
Action.c(103): Notify: Transaction "transTes_1" has 0 error message(s).	[MsgId: MMSG-16818]
Action.c(100): Notify: Transaction "transTes_2" started.	[MsgId: MMSG-16999]
Action.c(103): Notify: Transaction "transTes_2" ended with a "Pass" status (Duration: 0.0000).	[MsgId: MMSG-16873]
Action.c(100): Notify: Transaction "transTes_3" started.	[MsgId: MMSG-16999]
Action.c(103): Notify: Transaction "transTes_3" ended with a "Fail" status (Duration: 0.0000).	[MsgId: MMSG-16873]
Action.c(103): Notify: Transaction "transTes_3" has 0 error message(s).	[MsgId: MMSG-16818]
Action.c(100): Notify: Transaction "transTes_4" started.	[MsgId: MMSG-16999]
Action.c(103): Notify: Transaction "transTes_4" ended with a "Fail" status (Duration: 0.0000).	[MsgId: MMSG-16873]
Action.c(103): Notify: Transaction "transTes_4" has 0 error message(s).	[MsgId: MMSG-16818]
Action.c(100): Notify: Transaction "transTes_5" started.	[MsgId: MMSG-16999]
Action.c(103): Notify: Transaction "transTes_5" ended with a "Stop" status (Duration: 0.0000).	[MsgId: MMSG-16873]
Action.c(100): Notify: Transaction "transTes_6" started.	[MsgId: MMSG-16999]
Action.c(103): Notify: Transaction "transTes_6" ended with a "Fail" status (Duration: 0.0000).	[MsgId: MMSG-16873]
Action.c(103): Notify: Transaction "transTes_6" has 0 error message(s).	[MsgId: MMSG-16818]
Action.c(100): Notify: Transaction "transTes_7" started.	[MsgId: MMSG-16999]
Action.c(103): Notify: Transaction "transTes_7" ended with a "Pass" status (Duration: 0.0000).	[MsgId: MMSG-16873]
Action.c(112): Error: vuser failed	[MsgId: MERR-17999]
End auto log messages stack.	[MsgId: MMSG-10544]


Start auto log messages stack - Iteration 3.	[MsgId: MMSG-10545]
Action.c(100): Notify: Transaction "transTes_1" started.	[MsgId: MMSG-16999]
Action.c(103): Notify: Transaction "transTes_1" ended with a "Fail" status (Duration: 0.0000).	[MsgId: MMSG-16873]
Action.c(103): Notify: Transaction "transTes_1" has 0 error message(s).	[MsgId: MMSG-16818]
Action.c(100): Notify: Transaction "transTes_2" started.	[MsgId: MMSG-16999]
Action.c(103): Notify: Transaction "transTes_2" ended with a "Pass" status (Duration: 0.0000).	[MsgId: MMSG-16873]
Action.c(100): Notify: Transaction "transTes_3" started.	[MsgId: MMSG-16999]
Action.c(103): Notify: Transaction "transTes_3" ended with a "Fail" status (Duration: 0.0000).	[MsgId: MMSG-16873]
Action.c(103): Notify: Transaction "transTes_3" has 0 error message(s).	[MsgId: MMSG-16818]
Action.c(100): Notify: Transaction "transTes_4" started.	[MsgId: MMSG-16999]
Action.c(103): Notify: Transaction "transTes_4" ended with a "Fail" status (Duration: 0.0000).	[MsgId: MMSG-16873]
Action.c(103): Notify: Transaction "transTes_4" has 0 error message(s).	[MsgId: MMSG-16818]
Action.c(100): Notify: Transaction "transTes_5" started.	[MsgId: MMSG-16999]
Action.c(103): Notify: Transaction "transTes_5" ended with a "Stop" status (Duration: 0.0000).	[MsgId: MMSG-16873]
Action.c(100): Notify: Transaction "transTes_6" started.	[MsgId: MMSG-16999]
Action.c(103): Notify: Transaction "transTes_6" ended with a "Fail" status (Duration: 0.0000).	[MsgId: MMSG-16873]
Action.c(103): Notify: Transaction "transTes_6" has 0 error message(s).	[MsgId: MMSG-16818]
Action.c(100): Notify: Transaction "transTes_7" started.	[MsgId: MMSG-16999]
Action.c(103): Notify: Transaction "transTes_7" ended with a "Pass" status (Duration: 0.0000).	[MsgId: MMSG-16873]
Action.c(112): Error: vuser failed	[MsgId: MERR-17999]
End auto log messages stack.	[MsgId: MMSG-10544]


Start auto log messages stack - Iteration 3.	[MsgId: MMSG-10545]
Action.c(100): Notify: Transaction "transTes_1" started.	[MsgId: MMSG-16999]
Action.c(103): Notify: Transaction "transTes_1" ended with a "Fail" status (Duration: 0.0000).	[MsgId: MMSG-16873]
Action.c(103): Notify: Transaction "transTes_1" has 0 error message(s).	[MsgId: MMSG-16818]
Action.c(100): Notify: Transaction "transTes_2" started.	[MsgId: MMSG-16999]
Action.c(103): Notify: Transaction "transTes_2" ended with a "Pass" status (Duration: 0.0000).	[MsgId: MMSG-16873]
Action.c(100): Notify: Transaction "transTes_3" started.	[MsgId: MMSG-16999]
Action.c(103): Notify: Transaction "transTes_3" ended with a "Fail" status (Duration: 0.0000).	[MsgId: MMSG-16873]
Action.c(103): Notify: Transaction "transTes_3" has 0 error message(s).	[MsgId: MMSG-16818]
Action.c(100): Notify: Transaction "transTes_4" started.	[MsgId: MMSG-16999]
Action.c(103): Notify: Transaction "transTes_4" ended with a "Fail" status (Duration: 0.0000).	[MsgId: MMSG-16873]
Action.c(103): Notify: Transaction "transTes_4" has 0 error message(s).	[MsgId: MMSG-16818]
Action.c(100): Notify: Transaction "transTes_5" started.	[MsgId: MMSG-16999]
Action.c(103): Notify: Transaction "transTes_5" ended with a "Stop" status (Duration: 0.0000).	[MsgId: MMSG-16873]
Action.c(100): Notify: Transaction "transTes_6" started.	[MsgId: MMSG-16999]
Action.c(103): Notify: Transaction "transTes_6" ended with a "Fail" status (Duration: 0.0000).	[MsgId: MMSG-16873]
Action.c(103): Notify: Transaction "transTes_6" has 0 error message(s).	[MsgId: MMSG-16818]
Action.c(100): Notify: Transaction "transTes_7" started.	[MsgId: MMSG-16999]
Action.c(103): Notify: Transaction "transTes_7" ended with a "Pass" status (Duration: 0.0000).	[MsgId: MMSG-16873]
Action.c(112): Error: vuser failed	[MsgId: MERR-17999]
End auto log messages stack.	[MsgId: MMSG-10544]


Start auto log messages stack - Iteration 3.	[MsgId: MMSG-10545]
Action.c(100): Notify: Transaction "transTes_1" started.	[MsgId: MMSG-16999]
Action.c(103): Notify: Transaction "transTes_1" ended with a "Fail" status (Duration: 0.0000).	[MsgId: MMSG-16873]
Action.c(103): Notify: Transaction "transTes_1" has 0 error message(s).	[MsgId: MMSG-16818]
Action.c(100): Notify: Transaction "transTes_2" started.	[MsgId: MMSG-16999]
Action.c(103): Notify: Transaction "transTes_2" ended with a "Pass" status (Duration: 0.0000).	[MsgId: MMSG-16873]
Action.c(100): Notify: Transaction "transTes_3" started.	[MsgId: MMSG-16999]
Action.c(103): Notify: Transaction "transTes_3" ended with a "Fail" status (Duration: 0.0000).	[MsgId: MMSG-16873]
Action.c(103): Notify: Transaction "transTes_3" has 0 error message(s).	[MsgId: MMSG-16818]
Action.c(100): Notify: Transaction "transTes_4" started.	[MsgId: MMSG-16999]
Action.c(103): Notify: Transaction "transTes_4" ended with a "Fail" status (Duration: 0.0000).	[MsgId: MMSG-16873]
Action.c(103): Notify: Transaction "transTes_4" has 0 error message(s).	[MsgId: MMSG-16818]
Action.c(100): Notify: Transaction "transTes_5" started.	[MsgId: MMSG-16999]
Action.c(103): Notify: Transaction "transTes_5" ended with a "Stop" status (Duration: 0.0000).	[MsgId: MMSG-16873]
Action.c(100): Notify: Transaction "transTes_6" started.	[MsgId: MMSG-16999]
Action.c(103): Notify: Transaction "transTes_6" ended with a "Fail" status (Duration: 0.0000).	[MsgId: MMSG-16873]
Action.c(103): Notify: Transaction "transTes_6" has 0 error message(s).	[MsgId: MMSG-16818]
Action.c(100): Notify: Transaction "transTes_7" started.	[MsgId: MMSG-16999]
Action.c(103): Notify: Transaction "transTes_7" ended with a "Pass" status (Duration: 0.0000).	[MsgId: MMSG-16873]
Action.c(112): Error: vuser failed	[MsgId: MERR-17999]
End auto log messages stack.	[MsgId: MMSG-10544]


Start auto log messages stack - Iteration 3.	[MsgId: MMSG-10545]
Action.c(100): Notify: Transaction "transTes_1" started.	[MsgId: MMSG-16999]
Action.c(103): Notify: Transaction "transTes_1" ended with a "Fail" status (Duration: 0.0000).	[MsgId: MMSG-16873]
Action.c(103): Notify: Transaction "transTes_1" has 0 error message(s).	[MsgId: MMSG-16818]
Action.c(100): Notify: Transaction "transTes_2" started.	[MsgId: MMSG-16999]
Action.c(103): Notify: Transaction "transTes_2" ended with a "Pass" status (Duration: 0.0000).	[MsgId: MMSG-16873]
Action.c(100): Notify: Transaction "transTes_3" started.	[MsgId: MMSG-16999]
Action.c(103): Notify: Transaction "transTes_3" ended with a "Fail" status (Duration: 0.0000).	[MsgId: MMSG-16873]
Action.c(103): Notify: Transaction "transTes_3" has 0 error message(s).	[MsgId: MMSG-16818]
Action.c(100): Notify: Transaction "transTes_4" started.	[MsgId: MMSG-16999]
Action.c(103): Notify: Transaction "transTes_4" ended with a "Fail" status (Duration: 0.0000).	[MsgId: MMSG-16873]
Action.c(103): Notify: Transaction "transTes_4" has 0 error message(s).	[MsgId: MMSG-16818]
Action.c(100): Notify: Transaction "transTes_5" started.	[MsgId: MMSG-16999]
Action.c(103): Notify: Transaction "transTes_5" ended with a "Stop" status (Duration: 0.0000).	[MsgId: MMSG-16873]
Action.c(100): Notify: Transaction "transTes_6" started.	[MsgId: MMSG-16999]
Action.c(103): Notify: Transaction "transTes_6" ended with a "Fail" status (Duration: 0.0000).	[MsgId: MMSG-16873]
Action.c(103): Notify: Transaction "transTes_6" has 0 error message(s).	[MsgId: MMSG-16818]
Action.c(100): Notify: Transaction "transTes_7" started.	[MsgId: MMSG-16999]
Action.c(103): Notify: Transaction "transTes_7" ended with a "Pass" status (Duration: 0.0000).	[MsgId: MMSG-16873]
Action.c(112): Error: vuser failed	[MsgId: MERR-17999]
End auto log messages stack.	[MsgId: MMSG-10544]


Start auto log messages stack - Iteration 3.	[MsgId: MMSG-10545]
Action.c(100): Notify: Transaction "transTes_1" started.	[MsgId: MMSG-16999]
Action.c(103): Notify: Transaction "transTes_1" ended with a "Fail" status (Duration: 0.0000).	[MsgId: MMSG-16873]
Action.c(103): Notify: Transaction "transTes_1" has 0 error message(s).	[MsgId: MMSG-16818]
Action.c(100): Notify: Transaction "transTes_2" started.	[MsgId: MMSG-16999]
Action.c(103): Notify: Transaction "transTes_2" ended with a "Pass" status (Duration: 0.0000).	[MsgId: MMSG-16873]
Action.c(100): Notify: Transaction "transTes_3" started.	[MsgId: MMSG-16999]
Action.c(103): Notify: Transaction "transTes_3" ended with a "Fail" status (Duration: 0.0000).	[MsgId: MMSG-16873]
Action.c(103): Notify: Transaction "transTes_3" has 0 error message(s).	[MsgId: MMSG-16818]
Action.c(100): Notify: Transaction "transTes_4" started.	[MsgId: MMSG-16999]
Action.c(103): Notify: Transaction "transTes_4" ended with a "Fail" status (Duration: 0.0000).	[MsgId: MMSG-16873]
Action.c(103): Notify: Transaction "transTes_4" has 0 error message(s).	[MsgId: MMSG-16818]
Action.c(100): Notify: Transaction "transTes_5" started.	[MsgId: MMSG-16999]
Action.c(103): Notify: Transaction "transTes_5" ended with a "Stop" status (Duration: 0.0000).	[MsgId: MMSG-16873]
Action.c(100): Notify: Transaction "transTes_6" started.	[MsgId: MMSG-16999]
Action.c(103): Notify: Transaction "transTes_6" ended with a "Fail" status (Duration: 0.0000).	[MsgId: MMSG-16873]
Action.c(103): Notify: Transaction "transTes_6" has 0 error message(s).	[MsgId: MMSG-16818]
Action.c(100): Notify: Transaction "transTes_7" started.	[MsgId: MMSG-16999]
Action.c(103): Notify: Transaction "transTes_7" ended with a "Pass" status (Duration: 0.0000).	[MsgId: MMSG-16873]
Action.c(112): Error: vuser failed	[MsgId: MERR-17999]
End auto log messages stack.	[MsgId: MMSG-10544]


Start auto log messages stack - Iteration 3.	[MsgId: MMSG-10545]
Action.c(100): Notify: Transaction "transTes_1" started.	[MsgId: MMSG-16999]
Action.c(103): Notify: Transaction "transTes_1" ended with a "Fail" status (Duration: 0.0000).	[MsgId: MMSG-16873]
Action.c(103): Notify: Transaction "transTes_1" has 0 error message(s).	[MsgId: MMSG-16818]
Action.c(100): Notify: Transaction "transTes_2" started.	[MsgId: MMSG-16999]
Action.c(103): Notify: Transaction "transTes_2" ended with a "Pass" status (Duration: 0.0000).	[MsgId: MMSG-16873]
Action.c(100): Notify: Transaction "transTes_3" started.	[MsgId: MMSG-16999]
Action.c(103): Notify: Transaction "transTes_3" ended with a "Fail" status (Duration: 0.0000).	[MsgId: MMSG-16873]
Action.c(103): Notify: Transaction "transTes_3" has 0 error message(s).	[MsgId: MMSG-16818]
Action.c(100): Notify: Transaction "transTes_4" started.	[MsgId: MMSG-16999]
Action.c(103): Notify: Transaction "transTes_4" ended with a "Fail" status (Duration: 0.0000).	[MsgId: MMSG-16873]
Action.c(103): Notify: Transaction "transTes_4" has 0 error message(s).	[MsgId: MMSG-16818]
Action.c(100): Notify: Transaction "transTes_5" started.	[MsgId: MMSG-16999]
Action.c(103): Notify: Transaction "transTes_5" ended with a "Stop" status (Duration: 0.0000).	[MsgId: MMSG-16873]
Action.c(100): Notify: Transaction "transTes_6" started.	[MsgId: MMSG-16999]
Action.c(103): Notify: Transaction "transTes_6" ended with a "Fail" status (Duration: 0.0000).	[MsgId: MMSG-16873]
Action.c(103): Notify: Transaction "transTes_6" has 0 error message(s).	[MsgId: MMSG-16818]
Action.c(100): Notify: Transaction "transTes_7" started.	[MsgId: MMSG-16999]
Action.c(103): Notify: Transaction "transTes_7" ended with a "Pass" status (Duration: 0.0000).	[MsgId: MMSG-16873]
Action.c(112): Error: vuser failed	[MsgId: MERR-17999]
End auto log messages stack.	[MsgId: MMSG-10544]


