Virtual User Script started at : 9/28/2016 10:07:13 PM	[MsgId: MMSG-15967]
Starting action vuser_init.	[MsgId: MMSG-15919]
Web Turbo Replay of LoadRunner 12.53.0 for Windows 10; build 1381 (Sep 28 2016 10:17:24)  	[MsgId: MMSG-26983]
Run mode: HTML  	[MsgId: MMSG-26993]
Replay user agent: Mozilla/4.0 (compatible; MSIE 7.0; Windows NT 6.3; WOW64; Trident/7.0; .NET4.0E; .NET4.0C; .NET CLR 3.5.30729; .NET CLR 2.0.50727; .NET CLR 3.0.30729)  	[MsgId: MMSG-26988]
Run-Time Settings file: "C:\Program Files (x86)\HP\LoadRunner\Temp\lr5tmpdir0Eq.764\lrcfg561.765\cfgarH.766"  	[MsgId: MMSG-27141]
Ending action vuser_init.	[MsgId: MMSG-15918]
Running Vuser...	[MsgId: MMSG-15964]
Virtual User Script started at : 9/28/2016 10:07:13 PM	[MsgId: MMSG-15967]
Starting action vuser_init.	[MsgId: MMSG-15919]
Web Turbo Replay of LoadRunner 12.53.0 for Windows 10; build 1381 (Sep 28 2016 10:17:24)  	[MsgId: MMSG-26983]
Run mode: HTML  	[MsgId: MMSG-26993]
Replay user agent: Mozilla/4.0 (compatible; MSIE 7.0; Windows NT 6.3; WOW64; Trident/7.0; .NET4.0E; .NET4.0C; .NET CLR 3.5.30729; .NET CLR 2.0.50727; .NET CLR 3.0.30729)  	[MsgId: MMSG-26988]
Run-Time Settings file: "C:\Program Files (x86)\HP\LoadRunner\Temp\lr5tmpdir0Eq.764\lrcfg561.765\cfgarH.766"  	[MsgId: MMSG-27141]
Ending action vuser_init.	[MsgId: MMSG-15918]
Running Vuser...	[MsgId: MMSG-15964]
Virtual User Script started at : 9/28/2016 10:07:13 PM	[MsgId: MMSG-15967]
Starting action vuser_init.	[MsgId: MMSG-15919]
Web Turbo Replay of LoadRunner 12.53.0 for Windows 10; build 1381 (Sep 28 2016 10:17:24)  	[MsgId: MMSG-26983]
Run mode: HTML  	[MsgId: MMSG-26993]
Replay user agent: Mozilla/4.0 (compatible; MSIE 7.0; Windows NT 6.3; WOW64; Trident/7.0; .NET4.0E; .NET4.0C; .NET CLR 3.5.30729; .NET CLR 2.0.50727; .NET CLR 3.0.30729)  	[MsgId: MMSG-26988]
Run-Time Settings file: "C:\Program Files (x86)\HP\LoadRunner\Temp\lr5tmpdir0Eq.764\lrcfg561.765\cfgarH.766"  	[MsgId: MMSG-27141]
Ending action vuser_init.	[MsgId: MMSG-15918]
Running Vuser...	[MsgId: MMSG-15964]
Virtual User Script started at : 9/28/2016 10:07:13 PM	[MsgId: MMSG-15967]
Virtual User Script started at : 9/28/2016 10:07:13 PM	[MsgId: MMSG-15967]
Starting action vuser_init.	[MsgId: MMSG-15919]
Starting action vuser_init.	[MsgId: MMSG-15919]
Web Turbo Replay of LoadRunner 12.53.0 for Windows 10; build 1381 (Sep 28 2016 10:17:24)  	[MsgId: MMSG-26983]
Web Turbo Replay of LoadRunner 12.53.0 for Windows 10; build 1381 (Sep 28 2016 10:17:24)  	[MsgId: MMSG-26983]
Run mode: HTML  	[MsgId: MMSG-26993]
Run mode: HTML  	[MsgId: MMSG-26993]
Replay user agent: Mozilla/4.0 (compatible; MSIE 7.0; Windows NT 6.3; WOW64; Trident/7.0; .NET4.0E; .NET4.0C; .NET CLR 3.5.30729; .NET CLR 2.0.50727; .NET CLR 3.0.30729)  	[MsgId: MMSG-26988]
Run-Time Settings file: "C:\Program Files (x86)\HP\LoadRunner\Temp\lr5tmpdir0Eq.764\lrcfg561.765\cfgarH.766"  	[MsgId: MMSG-27141]
Replay user agent: Mozilla/4.0 (compatible; MSIE 7.0; Windows NT 6.3; WOW64; Trident/7.0; .NET4.0E; .NET4.0C; .NET CLR 3.5.30729; .NET CLR 2.0.50727; .NET CLR 3.0.30729)  	[MsgId: MMSG-26988]
Run-Time Settings file: "C:\Program Files (x86)\HP\LoadRunner\Temp\lr5tmpdir0Eq.764\lrcfg561.765\cfgarH.766"  	[MsgId: MMSG-27141]
Ending action vuser_init.	[MsgId: MMSG-15918]
Running Vuser...	[MsgId: MMSG-15964]
Ending action vuser_init.	[MsgId: MMSG-15918]
Running Vuser...	[MsgId: MMSG-15964]
Starting iteration 1.	[MsgId: MMSG-15968]
Starting iteration 1.	[MsgId: MMSG-15968]
Maximum number of concurrent connections per server: 2  	[MsgId: MMSG-26989]
Starting action Action.	[MsgId: MMSG-15919]
Action.c(4): Notify: Transaction "First_Trans" started.	[MsgId: MMSG-16999]
Action.c(6): web_url("kalimanjaro.hpeswlab.net") started  	[MsgId: MMSG-26355]
Maximum number of concurrent connections per server: 2  	[MsgId: MMSG-26989]
Starting action Action.	[MsgId: MMSG-15919]
Action.c(4): Notify: Transaction "First_Trans" started.	[MsgId: MMSG-16999]
Action.c(6): web_url("kalimanjaro.hpeswlab.net") started  	[MsgId: MMSG-26355]
Starting iteration 1.	[MsgId: MMSG-15968]
Maximum number of concurrent connections per server: 2  	[MsgId: MMSG-26989]
Starting action Action.	[MsgId: MMSG-15919]
Action.c(4): Notify: Transaction "First_Trans" started.	[MsgId: MMSG-16999]
Action.c(6): web_url("kalimanjaro.hpeswlab.net") started  	[MsgId: MMSG-26355]
Starting iteration 1.	[MsgId: MMSG-15968]
Maximum number of concurrent connections per server: 2  	[MsgId: MMSG-26989]
Starting action Action.	[MsgId: MMSG-15919]
Action.c(4): Notify: Transaction "First_Trans" started.	[MsgId: MMSG-16999]
Action.c(6): web_url("kalimanjaro.hpeswlab.net") started  	[MsgId: MMSG-26355]
Starting iteration 1.	[MsgId: MMSG-15968]
Maximum number of concurrent connections per server: 2  	[MsgId: MMSG-26989]
Starting action Action.	[MsgId: MMSG-15919]
Action.c(4): Notify: Transaction "First_Trans" started.	[MsgId: MMSG-16999]
Action.c(6): web_url("kalimanjaro.hpeswlab.net") started  	[MsgId: MMSG-26355]
Action.c(6): Found resource "http://kalimanjaro.hpeswlab.net/Images/logo.gif" in HTML "http://kalimanjaro.hpeswlab.net/"  	[MsgId: MMSG-26659]
Action.c(6): Found resource "http://kalimanjaro.hpeswlab.net/Images/logo.gif" in HTML "http://kalimanjaro.hpeswlab.net/"  	[MsgId: MMSG-26659]
Action.c(6): Found resource "http://kalimanjaro.hpeswlab.net/Images/ganim5b.gif" in HTML "http://kalimanjaro.hpeswlab.net/"  	[MsgId: MMSG-26659]
Action.c(6): Downloading resource "http://www.bing.com/favicon.ico" (specified by argument number 9)  	[MsgId: MMSG-26577]
Action.c(6): Found resource "http://kalimanjaro.hpeswlab.net/Images/ganim5b.gif" in HTML "http://kalimanjaro.hpeswlab.net/"  	[MsgId: MMSG-26659]
Action.c(6): Downloading resource "http://www.bing.com/favicon.ico" (specified by argument number 9)  	[MsgId: MMSG-26577]
Action.c(6): Downloading resource "http://www.bing.com/favicon.ico" (specified by argument number 9)  	[MsgId: MMSG-26577]
Action.c(6): Found resource "http://kalimanjaro.hpeswlab.net/Images/logo.gif" in HTML "http://kalimanjaro.hpeswlab.net/"  	[MsgId: MMSG-26659]
Action.c(6): Found resource "http://kalimanjaro.hpeswlab.net/Images/ganim5b.gif" in HTML "http://kalimanjaro.hpeswlab.net/"  	[MsgId: MMSG-26659]
Action.c(6): Found resource "http://kalimanjaro.hpeswlab.net/Images/logo.gif" in HTML "http://kalimanjaro.hpeswlab.net/"  	[MsgId: MMSG-26659]
Action.c(6): Found resource "http://kalimanjaro.hpeswlab.net/Images/ganim5b.gif" in HTML "http://kalimanjaro.hpeswlab.net/"  	[MsgId: MMSG-26659]
Action.c(6): Downloading resource "http://www.bing.com/favicon.ico" (specified by argument number 9)  	[MsgId: MMSG-26577]
Action.c(6): Found resource "http://kalimanjaro.hpeswlab.net/Images/logo.gif" in HTML "http://kalimanjaro.hpeswlab.net/"  	[MsgId: MMSG-26659]
Action.c(6): Found resource "http://kalimanjaro.hpeswlab.net/Images/ganim5b.gif" in HTML "http://kalimanjaro.hpeswlab.net/"  	[MsgId: MMSG-26659]
Action.c(6): Downloading resource "http://www.bing.com/favicon.ico" (specified by argument number 9)  	[MsgId: MMSG-26577]
Action.c(6): web_url("kalimanjaro.hpeswlab.net") was successful, 95064 body bytes, 1054 header bytes  	[MsgId: MMSG-26386]
Action.c(17): Notify: Transaction "First_Trans" ended with a "Pass" status (Duration: 1.3582).	[MsgId: MMSG-16873]
Action.c(20): lr_think_time: 10.00 seconds.	[MsgId: MMSG-15948]
Action.c(6): web_url("kalimanjaro.hpeswlab.net") was successful, 95064 body bytes, 1054 header bytes  	[MsgId: MMSG-26386]
Action.c(6): web_url("kalimanjaro.hpeswlab.net") was successful, 95064 body bytes, 1054 header bytes  	[MsgId: MMSG-26386]
Action.c(17): Notify: Transaction "First_Trans" ended with a "Pass" status (Duration: 1.3558).	[MsgId: MMSG-16873]
Action.c(17): Notify: Transaction "First_Trans" ended with a "Pass" status (Duration: 1.3608).	[MsgId: MMSG-16873]
Action.c(20): lr_think_time: 10.00 seconds.	[MsgId: MMSG-15948]
Action.c(20): lr_think_time: 10.00 seconds.	[MsgId: MMSG-15948]
Action.c(6): web_url("kalimanjaro.hpeswlab.net") was successful, 95064 body bytes, 1054 header bytes  	[MsgId: MMSG-26386]
Action.c(17): Notify: Transaction "First_Trans" ended with a "Pass" status (Duration: 1.3651).	[MsgId: MMSG-16873]
Action.c(20): lr_think_time: 10.00 seconds.	[MsgId: MMSG-15948]
Action.c(6): web_url("kalimanjaro.hpeswlab.net") was successful, 95064 body bytes, 1054 header bytes  	[MsgId: MMSG-26386]
Action.c(17): Notify: Transaction "First_Trans" ended with a "Pass" status (Duration: 1.3587).	[MsgId: MMSG-16873]
Action.c(20): lr_think_time: 10.00 seconds.	[MsgId: MMSG-15948]
Action.c(21): Notify: Transaction "CGI" started.	[MsgId: MMSG-16999]
Action.c(24): web_url("cgi_overview.html") started  	[MsgId: MMSG-26355]
Action.c(21): Notify: Transaction "CGI" started.	[MsgId: MMSG-16999]
Action.c(21): Notify: Transaction "CGI" started.	[MsgId: MMSG-16999]
Action.c(24): web_url("cgi_overview.html") started  	[MsgId: MMSG-26355]
Action.c(24): web_url("cgi_overview.html") started  	[MsgId: MMSG-26355]
Action.c(21): Notify: Transaction "CGI" started.	[MsgId: MMSG-16999]
Action.c(24): web_url("cgi_overview.html") started  	[MsgId: MMSG-26355]
Action.c(24): web_url("cgi_overview.html") was successful, 2429 body bytes, 250 header bytes  	[MsgId: MMSG-26386]
Action.c(24): web_url("cgi_overview.html") was successful, 2429 body bytes, 250 header bytes  	[MsgId: MMSG-26386]
Action.c(33): web_link("Link to page of useful CGIs") started  	[MsgId: MMSG-26355]
Action.c(33): web_link("Link to page of useful CGIs") started  	[MsgId: MMSG-26355]
Action.c(33): Linking to "http://kalimanjaro.hpeswlab.net/cgi_examples/useful_cgis.html", Target Frame=""  	[MsgId: MMSG-27994]
Action.c(33): Linking to "http://kalimanjaro.hpeswlab.net/cgi_examples/useful_cgis.html", Target Frame=""  	[MsgId: MMSG-27994]
Action.c(24): web_url("cgi_overview.html") was successful, 2429 body bytes, 250 header bytes  	[MsgId: MMSG-26386]
Action.c(33): web_link("Link to page of useful CGIs") started  	[MsgId: MMSG-26355]
Action.c(33): Linking to "http://kalimanjaro.hpeswlab.net/cgi_examples/useful_cgis.html", Target Frame=""  	[MsgId: MMSG-27994]
Action.c(33): web_link("Link to page of useful CGIs") was successful, 7355 body bytes, 251 header bytes  	[MsgId: MMSG-26386]
Action.c(33): web_link("Link to page of useful CGIs") was successful, 7355 body bytes, 251 header bytes  	[MsgId: MMSG-26386]
Action.c(38): lr_think_time: 6.00 seconds.	[MsgId: MMSG-15948]
Action.c(38): lr_think_time: 6.00 seconds.	[MsgId: MMSG-15948]
Action.c(24): web_url("cgi_overview.html") was successful, 2429 body bytes, 250 header bytes  	[MsgId: MMSG-26386]
Action.c(33): web_link("Link to page of useful CGIs") started  	[MsgId: MMSG-26355]
Action.c(33): Linking to "http://kalimanjaro.hpeswlab.net/cgi_examples/useful_cgis.html", Target Frame=""  	[MsgId: MMSG-27994]
Action.c(33): web_link("Link to page of useful CGIs") was successful, 7355 body bytes, 251 header bytes  	[MsgId: MMSG-26386]
Action.c(38): lr_think_time: 6.00 seconds.	[MsgId: MMSG-15948]
Action.c(21): Notify: Transaction "CGI" started.	[MsgId: MMSG-16999]
Action.c(24): web_url("cgi_overview.html") started  	[MsgId: MMSG-26355]
Action.c(33): web_link("Link to page of useful CGIs") was successful, 7355 body bytes, 251 header bytes  	[MsgId: MMSG-26386]
Action.c(38): lr_think_time: 6.00 seconds.	[MsgId: MMSG-15948]
Action.c(24): web_url("cgi_overview.html") was successful, 2429 body bytes, 250 header bytes  	[MsgId: MMSG-26386]
Action.c(33): web_link("Link to page of useful CGIs") started  	[MsgId: MMSG-26355]
Action.c(33): Linking to "http://kalimanjaro.hpeswlab.net/cgi_examples/useful_cgis.html", Target Frame=""  	[MsgId: MMSG-27994]
Action.c(33): web_link("Link to page of useful CGIs") was successful, 7355 body bytes, 251 header bytes  	[MsgId: MMSG-26386]
Action.c(38): lr_think_time: 6.00 seconds.	[MsgId: MMSG-15948]
Virtual User Script started at : 9/28/2016 10:07:26 PM	[MsgId: MMSG-15967]
Starting action vuser_init.	[MsgId: MMSG-15919]
Web Turbo Replay of LoadRunner 12.53.0 for Windows 10; build 1381 (Sep 28 2016 10:17:24)  	[MsgId: MMSG-26983]
Run mode: HTML  	[MsgId: MMSG-26993]
Replay user agent: Mozilla/4.0 (compatible; MSIE 7.0; Windows NT 6.3; WOW64; Trident/7.0; .NET4.0E; .NET4.0C; .NET CLR 3.5.30729; .NET CLR 2.0.50727; .NET CLR 3.0.30729)  	[MsgId: MMSG-26988]
Run-Time Settings file: "C:\Program Files (x86)\HP\LoadRunner\Temp\lr5tmpdir0Eq.764\lrcfg561.765\cfgarH.766"  	[MsgId: MMSG-27141]
Virtual User Script started at : 9/28/2016 10:07:26 PM	[MsgId: MMSG-15967]
Ending action vuser_init.	[MsgId: MMSG-15918]
Running Vuser...	[MsgId: MMSG-15964]
Starting action vuser_init.	[MsgId: MMSG-15919]
Web Turbo Replay of LoadRunner 12.53.0 for Windows 10; build 1381 (Sep 28 2016 10:17:24)  	[MsgId: MMSG-26983]
Run mode: HTML  	[MsgId: MMSG-26993]
Replay user agent: Mozilla/4.0 (compatible; MSIE 7.0; Windows NT 6.3; WOW64; Trident/7.0; .NET4.0E; .NET4.0C; .NET CLR 3.5.30729; .NET CLR 2.0.50727; .NET CLR 3.0.30729)  	[MsgId: MMSG-26988]
Run-Time Settings file: "C:\Program Files (x86)\HP\LoadRunner\Temp\lr5tmpdir0Eq.764\lrcfg561.765\cfgarH.766"  	[MsgId: MMSG-27141]
Ending action vuser_init.	[MsgId: MMSG-15918]
Running Vuser...	[MsgId: MMSG-15964]
Virtual User Script started at : 9/28/2016 10:07:26 PM	[MsgId: MMSG-15967]
Starting action vuser_init.	[MsgId: MMSG-15919]
Web Turbo Replay of LoadRunner 12.53.0 for Windows 10; build 1381 (Sep 28 2016 10:17:24)  	[MsgId: MMSG-26983]
Run mode: HTML  	[MsgId: MMSG-26993]
Replay user agent: Mozilla/4.0 (compatible; MSIE 7.0; Windows NT 6.3; WOW64; Trident/7.0; .NET4.0E; .NET4.0C; .NET CLR 3.5.30729; .NET CLR 2.0.50727; .NET CLR 3.0.30729)  	[MsgId: MMSG-26988]
Run-Time Settings file: "C:\Program Files (x86)\HP\LoadRunner\Temp\lr5tmpdir0Eq.764\lrcfg561.765\cfgarH.766"  	[MsgId: MMSG-27141]
Ending action vuser_init.	[MsgId: MMSG-15918]
Running Vuser...	[MsgId: MMSG-15964]
Virtual User Script started at : 9/28/2016 10:07:26 PM	[MsgId: MMSG-15967]
Starting action vuser_init.	[MsgId: MMSG-15919]
Web Turbo Replay of LoadRunner 12.53.0 for Windows 10; build 1381 (Sep 28 2016 10:17:24)  	[MsgId: MMSG-26983]
Run mode: HTML  	[MsgId: MMSG-26993]
Replay user agent: Mozilla/4.0 (compatible; MSIE 7.0; Windows NT 6.3; WOW64; Trident/7.0; .NET4.0E; .NET4.0C; .NET CLR 3.5.30729; .NET CLR 2.0.50727; .NET CLR 3.0.30729)  	[MsgId: MMSG-26988]
Run-Time Settings file: "C:\Program Files (x86)\HP\LoadRunner\Temp\lr5tmpdir0Eq.764\lrcfg561.765\cfgarH.766"  	[MsgId: MMSG-27141]
Ending action vuser_init.	[MsgId: MMSG-15918]
Running Vuser...	[MsgId: MMSG-15964]
Virtual User Script started at : 9/28/2016 10:07:26 PM	[MsgId: MMSG-15967]
Starting action vuser_init.	[MsgId: MMSG-15919]
Web Turbo Replay of LoadRunner 12.53.0 for Windows 10; build 1381 (Sep 28 2016 10:17:24)  	[MsgId: MMSG-26983]
Run mode: HTML  	[MsgId: MMSG-26993]
Replay user agent: Mozilla/4.0 (compatible; MSIE 7.0; Windows NT 6.3; WOW64; Trident/7.0; .NET4.0E; .NET4.0C; .NET CLR 3.5.30729; .NET CLR 2.0.50727; .NET CLR 3.0.30729)  	[MsgId: MMSG-26988]
Run-Time Settings file: "C:\Program Files (x86)\HP\LoadRunner\Temp\lr5tmpdir0Eq.764\lrcfg561.765\cfgarH.766"  	[MsgId: MMSG-27141]
Ending action vuser_init.	[MsgId: MMSG-15918]
Running Vuser...	[MsgId: MMSG-15964]
Starting iteration 1.	[MsgId: MMSG-15968]
Maximum number of concurrent connections per server: 2  	[MsgId: MMSG-26989]
Starting action Action.	[MsgId: MMSG-15919]
Action.c(4): Notify: Transaction "First_Trans" started.	[MsgId: MMSG-16999]
Action.c(6): web_url("kalimanjaro.hpeswlab.net") started  	[MsgId: MMSG-26355]
Starting iteration 1.	[MsgId: MMSG-15968]
Maximum number of concurrent connections per server: 2  	[MsgId: MMSG-26989]
Starting action Action.	[MsgId: MMSG-15919]
Action.c(4): Notify: Transaction "First_Trans" started.	[MsgId: MMSG-16999]
Action.c(6): web_url("kalimanjaro.hpeswlab.net") started  	[MsgId: MMSG-26355]
Action.c(6): Found resource "http://kalimanjaro.hpeswlab.net/Images/logo.gif" in HTML "http://kalimanjaro.hpeswlab.net/"  	[MsgId: MMSG-26659]
Action.c(6): Downloading resource "http://www.bing.com/favicon.ico" (specified by argument number 9)  	[MsgId: MMSG-26577]
Action.c(6): Found resource "http://kalimanjaro.hpeswlab.net/Images/ganim5b.gif" in HTML "http://kalimanjaro.hpeswlab.net/"  	[MsgId: MMSG-26659]
Starting iteration 1.	[MsgId: MMSG-15968]
Action.c(6): Found resource "http://kalimanjaro.hpeswlab.net/Images/logo.gif" in HTML "http://kalimanjaro.hpeswlab.net/"  	[MsgId: MMSG-26659]
Action.c(6): Downloading resource "http://www.bing.com/favicon.ico" (specified by argument number 9)  	[MsgId: MMSG-26577]
Action.c(6): Found resource "http://kalimanjaro.hpeswlab.net/Images/ganim5b.gif" in HTML "http://kalimanjaro.hpeswlab.net/"  	[MsgId: MMSG-26659]
Maximum number of concurrent connections per server: 2  	[MsgId: MMSG-26989]
Starting action Action.	[MsgId: MMSG-15919]
Action.c(4): Notify: Transaction "First_Trans" started.	[MsgId: MMSG-16999]
Action.c(6): web_url("kalimanjaro.hpeswlab.net") started  	[MsgId: MMSG-26355]
Starting iteration 1.	[MsgId: MMSG-15968]
Maximum number of concurrent connections per server: 2  	[MsgId: MMSG-26989]
Starting action Action.	[MsgId: MMSG-15919]
Action.c(4): Notify: Transaction "First_Trans" started.	[MsgId: MMSG-16999]
Action.c(6): web_url("kalimanjaro.hpeswlab.net") started  	[MsgId: MMSG-26355]
Starting iteration 1.	[MsgId: MMSG-15968]
Maximum number of concurrent connections per server: 2  	[MsgId: MMSG-26989]
Starting action Action.	[MsgId: MMSG-15919]
Action.c(4): Notify: Transaction "First_Trans" started.	[MsgId: MMSG-16999]
Action.c(6): web_url("kalimanjaro.hpeswlab.net") started  	[MsgId: MMSG-26355]
Action.c(6): Found resource "http://kalimanjaro.hpeswlab.net/Images/logo.gif" in HTML "http://kalimanjaro.hpeswlab.net/"  	[MsgId: MMSG-26659]
Action.c(6): Downloading resource "http://www.bing.com/favicon.ico" (specified by argument number 9)  	[MsgId: MMSG-26577]
Action.c(6): Found resource "http://kalimanjaro.hpeswlab.net/Images/ganim5b.gif" in HTML "http://kalimanjaro.hpeswlab.net/"  	[MsgId: MMSG-26659]
Action.c(6): Found resource "http://kalimanjaro.hpeswlab.net/Images/logo.gif" in HTML "http://kalimanjaro.hpeswlab.net/"  	[MsgId: MMSG-26659]
Action.c(6): Found resource "http://kalimanjaro.hpeswlab.net/Images/ganim5b.gif" in HTML "http://kalimanjaro.hpeswlab.net/"  	[MsgId: MMSG-26659]
Action.c(6): Downloading resource "http://www.bing.com/favicon.ico" (specified by argument number 9)  	[MsgId: MMSG-26577]
Action.c(6): Found resource "http://kalimanjaro.hpeswlab.net/Images/logo.gif" in HTML "http://kalimanjaro.hpeswlab.net/"  	[MsgId: MMSG-26659]
Action.c(6): Downloading resource "http://www.bing.com/favicon.ico" (specified by argument number 9)  	[MsgId: MMSG-26577]
Action.c(6): Found resource "http://kalimanjaro.hpeswlab.net/Images/ganim5b.gif" in HTML "http://kalimanjaro.hpeswlab.net/"  	[MsgId: MMSG-26659]
Action.c(6): web_url("kalimanjaro.hpeswlab.net") was successful, 95064 body bytes, 1054 header bytes  	[MsgId: MMSG-26386]
Action.c(17): Notify: Transaction "First_Trans" ended with a "Pass" status (Duration: 0.1577).	[MsgId: MMSG-16873]
Action.c(20): lr_think_time: 10.00 seconds.	[MsgId: MMSG-15948]
Action.c(6): web_url("kalimanjaro.hpeswlab.net") was successful, 95064 body bytes, 1054 header bytes  	[MsgId: MMSG-26386]
Action.c(17): Notify: Transaction "First_Trans" ended with a "Pass" status (Duration: 0.1736).	[MsgId: MMSG-16873]
Action.c(20): lr_think_time: 10.00 seconds.	[MsgId: MMSG-15948]
Action.c(6): web_url("kalimanjaro.hpeswlab.net") was successful, 95064 body bytes, 1054 header bytes  	[MsgId: MMSG-26386]
Action.c(17): Notify: Transaction "First_Trans" ended with a "Pass" status (Duration: 0.1559).	[MsgId: MMSG-16873]
Action.c(20): lr_think_time: 10.00 seconds.	[MsgId: MMSG-15948]
Action.c(6): web_url("kalimanjaro.hpeswlab.net") was successful, 95064 body bytes, 1054 header bytes  	[MsgId: MMSG-26386]
Action.c(17): Notify: Transaction "First_Trans" ended with a "Pass" status (Duration: 0.1617).	[MsgId: MMSG-16873]
Action.c(20): lr_think_time: 10.00 seconds.	[MsgId: MMSG-15948]
Action.c(6): web_url("kalimanjaro.hpeswlab.net") was successful, 95064 body bytes, 1054 header bytes  	[MsgId: MMSG-26386]
Action.c(17): Notify: Transaction "First_Trans" ended with a "Pass" status (Duration: 0.1685).	[MsgId: MMSG-16873]
Action.c(20): lr_think_time: 10.00 seconds.	[MsgId: MMSG-15948]
Action.c(40): web_link("Many redirections CGI") started  	[MsgId: MMSG-26355]
Action.c(40): web_link("Many redirections CGI") started  	[MsgId: MMSG-26355]
Action.c(40): Linking to "http://kalimanjaro.hpeswlab.net/cgi_examples/cgi_redir.html", Target Frame=""  	[MsgId: MMSG-27994]
Action.c(40): Linking to "http://kalimanjaro.hpeswlab.net/cgi_examples/cgi_redir.html", Target Frame=""  	[MsgId: MMSG-27994]
Action.c(40): web_link("Many redirections CGI") started  	[MsgId: MMSG-26355]
Action.c(40): Linking to "http://kalimanjaro.hpeswlab.net/cgi_examples/cgi_redir.html", Target Frame=""  	[MsgId: MMSG-27994]
Action.c(40): web_link("Many redirections CGI") was successful, 353 body bytes, 249 header bytes  	[MsgId: MMSG-26386]
Action.c(40): web_link("Many redirections CGI") was successful, 353 body bytes, 249 header bytes  	[MsgId: MMSG-26386]
Action.c(45): web_submit_form("CGI_redir.exe") started  	[MsgId: MMSG-26355]
Action.c(45): web_submit_form("CGI_redir.exe") started  	[MsgId: MMSG-26355]
Action.c(45): Submitting form to "http://kalimanjaro.hpeswlab.net/cgi-bin/CGI_redir.exe", Target Frame=""  	[MsgId: MMSG-27978]
Action.c(45): Submitting form to "http://kalimanjaro.hpeswlab.net/cgi-bin/CGI_redir.exe", Target Frame=""  	[MsgId: MMSG-27978]
Action.c(40): web_link("Many redirections CGI") was successful, 353 body bytes, 249 header bytes  	[MsgId: MMSG-26386]
Action.c(40): web_link("Many redirections CGI") started  	[MsgId: MMSG-26355]
Action.c(45): web_submit_form("CGI_redir.exe") started  	[MsgId: MMSG-26355]
Action.c(40): Linking to "http://kalimanjaro.hpeswlab.net/cgi_examples/cgi_redir.html", Target Frame=""  	[MsgId: MMSG-27994]
Action.c(45): Submitting form to "http://kalimanjaro.hpeswlab.net/cgi-bin/CGI_redir.exe", Target Frame=""  	[MsgId: MMSG-27978]
Action.c(40): web_link("Many redirections CGI") started  	[MsgId: MMSG-26355]
Action.c(40): web_link("Many redirections CGI") was successful, 353 body bytes, 249 header bytes  	[MsgId: MMSG-26386]
Action.c(45): web_submit_form("CGI_redir.exe") started  	[MsgId: MMSG-26355]
Action.c(40): Linking to "http://kalimanjaro.hpeswlab.net/cgi_examples/cgi_redir.html", Target Frame=""  	[MsgId: MMSG-27994]
Action.c(45): Submitting form to "http://kalimanjaro.hpeswlab.net/cgi-bin/CGI_redir.exe", Target Frame=""  	[MsgId: MMSG-27978]
Action.c(40): web_link("Many redirections CGI") was successful, 353 body bytes, 249 header bytes  	[MsgId: MMSG-26386]
Action.c(45): web_submit_form("CGI_redir.exe") started  	[MsgId: MMSG-26355]
Action.c(45): Submitting form to "http://kalimanjaro.hpeswlab.net/cgi-bin/CGI_redir.exe", Target Frame=""  	[MsgId: MMSG-27978]
Action.c(45): Downloading resource "https://ieonline.microsoft.com/iedomainsuggestions/ie11/suggestions.en-US" (specified by argument number 11)  	[MsgId: MMSG-26577]
Action.c(45): Downloading resource "https://ieonline.microsoft.com/ieflipahead/ie10/rules.xml?mkt=en-US" (specified by argument number 14)  	[MsgId: MMSG-26577]
Action.c(45): Downloading resource "https://ieonline.microsoft.com/iedomainsuggestions/ie11/suggestions.en-US" (specified by argument number 11)  	[MsgId: MMSG-26577]
Action.c(45): Downloading resource "https://ieonline.microsoft.com/ieflipahead/ie10/rules.xml?mkt=en-US" (specified by argument number 14)  	[MsgId: MMSG-26577]
Action.c(45): Downloading resource "https://ieonline.microsoft.com/iedomainsuggestions/ie11/suggestions.en-US" (specified by argument number 11)  	[MsgId: MMSG-26577]
Action.c(45): Downloading resource "https://ieonline.microsoft.com/ieflipahead/ie10/rules.xml?mkt=en-US" (specified by argument number 14)  	[MsgId: MMSG-26577]
Action.c(45): Downloading resource "https://ieonline.microsoft.com/iedomainsuggestions/ie11/suggestions.en-US" (specified by argument number 11)  	[MsgId: MMSG-26577]
Action.c(45): Downloading resource "https://ieonline.microsoft.com/ieflipahead/ie10/rules.xml?mkt=en-US" (specified by argument number 14)  	[MsgId: MMSG-26577]
Action.c(45): Downloading resource "https://ieonline.microsoft.com/iedomainsuggestions/ie11/suggestions.en-US" (specified by argument number 11)  	[MsgId: MMSG-26577]
Action.c(45): Downloading resource "https://ieonline.microsoft.com/ieflipahead/ie10/rules.xml?mkt=en-US" (specified by argument number 14)  	[MsgId: MMSG-26577]
Action.c(45): web_submit_form("CGI_redir.exe") was successful, 179354 body bytes, 1905 header bytes  	[MsgId: MMSG-26386]
Action.c(56): Notify: Transaction "CGI" ended with a "Pass" status (Duration: 8.0216 Think Time: 6.0014 Wasted Time: 1.1119).	[MsgId: MMSG-16870]
Action.c(59): lr_think_time: 5.00 seconds.	[MsgId: MMSG-15948]
Action.c(45): web_submit_form("CGI_redir.exe") was successful, 179354 body bytes, 1905 header bytes  	[MsgId: MMSG-26386]
Action.c(56): Notify: Transaction "CGI" ended with a "Pass" status (Duration: 8.0716 Think Time: 6.0014 Wasted Time: 1.1135).	[MsgId: MMSG-16870]
Action.c(59): lr_think_time: 5.00 seconds.	[MsgId: MMSG-15948]
Action.c(45): web_submit_form("CGI_redir.exe") was successful, 179354 body bytes, 1905 header bytes  	[MsgId: MMSG-26386]
Action.c(56): Notify: Transaction "CGI" ended with a "Pass" status (Duration: 8.0782 Think Time: 6.0011 Wasted Time: 1.1123).	[MsgId: MMSG-16870]
Action.c(59): lr_think_time: 5.00 seconds.	[MsgId: MMSG-15948]
Action.c(45): web_submit_form("CGI_redir.exe") was successful, 179354 body bytes, 1905 header bytes  	[MsgId: MMSG-26386]
Action.c(56): Notify: Transaction "CGI" ended with a "Pass" status (Duration: 8.1321 Think Time: 6.0023 Wasted Time: 1.1149).	[MsgId: MMSG-16870]
Action.c(59): lr_think_time: 5.00 seconds.	[MsgId: MMSG-15948]
Action.c(45): web_submit_form("CGI_redir.exe") was successful, 179354 body bytes, 1905 header bytes  	[MsgId: MMSG-26386]
Action.c(56): Notify: Transaction "CGI" ended with a "Pass" status (Duration: 8.1285 Think Time: 6.0010 Wasted Time: 1.1161).	[MsgId: MMSG-16870]
Action.c(59): lr_think_time: 5.00 seconds.	[MsgId: MMSG-15948]
Action.c(21): Notify: Transaction "CGI" started.	[MsgId: MMSG-16999]
Action.c(24): web_url("cgi_overview.html") started  	[MsgId: MMSG-26355]
Action.c(24): web_url("cgi_overview.html") was successful, 2429 body bytes, 250 header bytes  	[MsgId: MMSG-26386]
Action.c(33): web_link("Link to page of useful CGIs") started  	[MsgId: MMSG-26355]
Action.c(33): Linking to "http://kalimanjaro.hpeswlab.net/cgi_examples/useful_cgis.html", Target Frame=""  	[MsgId: MMSG-27994]
Action.c(33): web_link("Link to page of useful CGIs") was successful, 7355 body bytes, 251 header bytes  	[MsgId: MMSG-26386]
Action.c(38): lr_think_time: 6.00 seconds.	[MsgId: MMSG-15948]
Action.c(21): Notify: Transaction "CGI" started.	[MsgId: MMSG-16999]
Action.c(24): web_url("cgi_overview.html") started  	[MsgId: MMSG-26355]
Action.c(24): web_url("cgi_overview.html") was successful, 2429 body bytes, 250 header bytes  	[MsgId: MMSG-26386]
Action.c(33): web_link("Link to page of useful CGIs") started  	[MsgId: MMSG-26355]
Action.c(33): Linking to "http://kalimanjaro.hpeswlab.net/cgi_examples/useful_cgis.html", Target Frame=""  	[MsgId: MMSG-27994]
Action.c(33): web_link("Link to page of useful CGIs") was successful, 7355 body bytes, 251 header bytes  	[MsgId: MMSG-26386]
Action.c(38): lr_think_time: 6.00 seconds.	[MsgId: MMSG-15948]
Action.c(21): Notify: Transaction "CGI" started.	[MsgId: MMSG-16999]
Action.c(24): web_url("cgi_overview.html") started  	[MsgId: MMSG-26355]
Action.c(24): web_url("cgi_overview.html") was successful, 2429 body bytes, 250 header bytes  	[MsgId: MMSG-26386]
Action.c(33): web_link("Link to page of useful CGIs") started  	[MsgId: MMSG-26355]
Action.c(33): Linking to "http://kalimanjaro.hpeswlab.net/cgi_examples/useful_cgis.html", Target Frame=""  	[MsgId: MMSG-27994]
Action.c(33): web_link("Link to page of useful CGIs") was successful, 7355 body bytes, 251 header bytes  	[MsgId: MMSG-26386]
Action.c(38): lr_think_time: 6.00 seconds.	[MsgId: MMSG-15948]
Action.c(21): Notify: Transaction "CGI" started.	[MsgId: MMSG-16999]
Action.c(24): web_url("cgi_overview.html") started  	[MsgId: MMSG-26355]
Action.c(24): web_url("cgi_overview.html") was successful, 2429 body bytes, 250 header bytes  	[MsgId: MMSG-26386]
Action.c(33): web_link("Link to page of useful CGIs") started  	[MsgId: MMSG-26355]
Action.c(33): Linking to "http://kalimanjaro.hpeswlab.net/cgi_examples/useful_cgis.html", Target Frame=""  	[MsgId: MMSG-27994]
Action.c(33): web_link("Link to page of useful CGIs") was successful, 7355 body bytes, 251 header bytes  	[MsgId: MMSG-26386]
Action.c(38): lr_think_time: 6.00 seconds.	[MsgId: MMSG-15948]
Action.c(21): Notify: Transaction "CGI" started.	[MsgId: MMSG-16999]
Action.c(24): web_url("cgi_overview.html") started  	[MsgId: MMSG-26355]
Action.c(24): web_url("cgi_overview.html") was successful, 2429 body bytes, 250 header bytes  	[MsgId: MMSG-26386]
Action.c(33): web_link("Link to page of useful CGIs") started  	[MsgId: MMSG-26355]
Action.c(33): Linking to "http://kalimanjaro.hpeswlab.net/cgi_examples/useful_cgis.html", Target Frame=""  	[MsgId: MMSG-27994]
Action.c(33): web_link("Link to page of useful CGIs") was successful, 7355 body bytes, 251 header bytes  	[MsgId: MMSG-26386]
Action.c(38): lr_think_time: 6.00 seconds.	[MsgId: MMSG-15948]
Action.c(61): web_url("kalimanjaro.hpeswlab.net_2") started  	[MsgId: MMSG-26355]
Action.c(61): Retrieving data from cache for "http://kalimanjaro.hpeswlab.net/"  	[MsgId: MMSG-26558]
Action.c(61): Resource "http://kalimanjaro.hpeswlab.net/Images/logo.gif" is in the cache already and will not be downloaded again  	[MsgId: MMSG-26655]
Action.c(61): Resource "http://kalimanjaro.hpeswlab.net/Images/ganim5b.gif" is in the cache already and will not be downloaded again  	[MsgId: MMSG-26655]
Action.c(61): web_url("kalimanjaro.hpeswlab.net_2") was successful, 0 body bytes, 0 header bytes  	[MsgId: MMSG-26386]
Action.c(69): Notify: Transaction "Trans_other" started.	[MsgId: MMSG-16999]
Action.c(71): web_url("index.html") started  	[MsgId: MMSG-26355]
Action.c(71): web_url("index.html") was successful, 7390 body bytes, 250 header bytes  	[MsgId: MMSG-26386]
Action.c(80): lr_think_time: 4.00 seconds.	[MsgId: MMSG-15948]
Action.c(61): web_url("kalimanjaro.hpeswlab.net_2") started  	[MsgId: MMSG-26355]
Action.c(61): Retrieving data from cache for "http://kalimanjaro.hpeswlab.net/"  	[MsgId: MMSG-26558]
Action.c(61): Resource "http://kalimanjaro.hpeswlab.net/Images/logo.gif" is in the cache already and will not be downloaded again  	[MsgId: MMSG-26655]
Action.c(61): Resource "http://kalimanjaro.hpeswlab.net/Images/ganim5b.gif" is in the cache already and will not be downloaded again  	[MsgId: MMSG-26655]
Action.c(61): web_url("kalimanjaro.hpeswlab.net_2") was successful, 0 body bytes, 0 header bytes  	[MsgId: MMSG-26386]
Action.c(69): Notify: Transaction "Trans_other" started.	[MsgId: MMSG-16999]
Action.c(71): web_url("index.html") started  	[MsgId: MMSG-26355]
Action.c(71): web_url("index.html") was successful, 7390 body bytes, 250 header bytes  	[MsgId: MMSG-26386]
Action.c(80): lr_think_time: 4.00 seconds.	[MsgId: MMSG-15948]
Action.c(61): web_url("kalimanjaro.hpeswlab.net_2") started  	[MsgId: MMSG-26355]
Action.c(61): Retrieving data from cache for "http://kalimanjaro.hpeswlab.net/"  	[MsgId: MMSG-26558]
Action.c(61): Resource "http://kalimanjaro.hpeswlab.net/Images/logo.gif" is in the cache already and will not be downloaded again  	[MsgId: MMSG-26655]
Action.c(61): Resource "http://kalimanjaro.hpeswlab.net/Images/ganim5b.gif" is in the cache already and will not be downloaded again  	[MsgId: MMSG-26655]
Action.c(61): web_url("kalimanjaro.hpeswlab.net_2") was successful, 0 body bytes, 0 header bytes  	[MsgId: MMSG-26386]
Action.c(69): Notify: Transaction "Trans_other" started.	[MsgId: MMSG-16999]
Action.c(71): web_url("index.html") started  	[MsgId: MMSG-26355]
Action.c(71): web_url("index.html") was successful, 7390 body bytes, 250 header bytes  	[MsgId: MMSG-26386]
Action.c(80): lr_think_time: 4.00 seconds.	[MsgId: MMSG-15948]
Action.c(61): web_url("kalimanjaro.hpeswlab.net_2") started  	[MsgId: MMSG-26355]
Action.c(61): Retrieving data from cache for "http://kalimanjaro.hpeswlab.net/"  	[MsgId: MMSG-26558]
Action.c(61): Resource "http://kalimanjaro.hpeswlab.net/Images/logo.gif" is in the cache already and will not be downloaded again  	[MsgId: MMSG-26655]
Action.c(61): Resource "http://kalimanjaro.hpeswlab.net/Images/ganim5b.gif" is in the cache already and will not be downloaded again  	[MsgId: MMSG-26655]
Action.c(61): web_url("kalimanjaro.hpeswlab.net_2") was successful, 0 body bytes, 0 header bytes  	[MsgId: MMSG-26386]
Action.c(69): Notify: Transaction "Trans_other" started.	[MsgId: MMSG-16999]
Action.c(71): web_url("index.html") started  	[MsgId: MMSG-26355]
Action.c(61): web_url("kalimanjaro.hpeswlab.net_2") started  	[MsgId: MMSG-26355]
Action.c(61): Retrieving data from cache for "http://kalimanjaro.hpeswlab.net/"  	[MsgId: MMSG-26558]
Action.c(61): Resource "http://kalimanjaro.hpeswlab.net/Images/logo.gif" is in the cache already and will not be downloaded again  	[MsgId: MMSG-26655]
Action.c(61): Resource "http://kalimanjaro.hpeswlab.net/Images/ganim5b.gif" is in the cache already and will not be downloaded again  	[MsgId: MMSG-26655]
Action.c(61): web_url("kalimanjaro.hpeswlab.net_2") was successful, 0 body bytes, 0 header bytes  	[MsgId: MMSG-26386]
Action.c(69): Notify: Transaction "Trans_other" started.	[MsgId: MMSG-16999]
Action.c(71): web_url("index.html") was successful, 7390 body bytes, 250 header bytes  	[MsgId: MMSG-26386]
Action.c(80): lr_think_time: 4.00 seconds.	[MsgId: MMSG-15948]
Action.c(71): web_url("index.html") started  	[MsgId: MMSG-26355]
Action.c(71): web_url("index.html") was successful, 7390 body bytes, 250 header bytes  	[MsgId: MMSG-26386]
Action.c(80): lr_think_time: 4.00 seconds.	[MsgId: MMSG-15948]
Virtual User Script started at : 9/28/2016 10:07:41 PM	[MsgId: MMSG-15967]
Starting action vuser_init.	[MsgId: MMSG-15919]
Web Turbo Replay of LoadRunner 12.53.0 for Windows 10; build 1381 (Sep 28 2016 10:17:24)  	[MsgId: MMSG-26983]
Run mode: HTML  	[MsgId: MMSG-26993]
Replay user agent: Mozilla/4.0 (compatible; MSIE 7.0; Windows NT 6.3; WOW64; Trident/7.0; .NET4.0E; .NET4.0C; .NET CLR 3.5.30729; .NET CLR 2.0.50727; .NET CLR 3.0.30729)  	[MsgId: MMSG-26988]
Run-Time Settings file: "C:\Program Files (x86)\HP\LoadRunner\Temp\lr5tmpdir0Eq.764\lrcfg561.765\cfgarH.766"  	[MsgId: MMSG-27141]
Ending action vuser_init.	[MsgId: MMSG-15918]
Running Vuser...	[MsgId: MMSG-15964]
Virtual User Script started at : 9/28/2016 10:07:41 PM	[MsgId: MMSG-15967]
Starting action vuser_init.	[MsgId: MMSG-15919]
Web Turbo Replay of LoadRunner 12.53.0 for Windows 10; build 1381 (Sep 28 2016 10:17:24)  	[MsgId: MMSG-26983]
Run mode: HTML  	[MsgId: MMSG-26993]
Replay user agent: Mozilla/4.0 (compatible; MSIE 7.0; Windows NT 6.3; WOW64; Trident/7.0; .NET4.0E; .NET4.0C; .NET CLR 3.5.30729; .NET CLR 2.0.50727; .NET CLR 3.0.30729)  	[MsgId: MMSG-26988]
Run-Time Settings file: "C:\Program Files (x86)\HP\LoadRunner\Temp\lr5tmpdir0Eq.764\lrcfg561.765\cfgarH.766"  	[MsgId: MMSG-27141]
Ending action vuser_init.	[MsgId: MMSG-15918]
Running Vuser...	[MsgId: MMSG-15964]
Virtual User Script started at : 9/28/2016 10:07:41 PM	[MsgId: MMSG-15967]
Starting action vuser_init.	[MsgId: MMSG-15919]
Web Turbo Replay of LoadRunner 12.53.0 for Windows 10; build 1381 (Sep 28 2016 10:17:24)  	[MsgId: MMSG-26983]
Run mode: HTML  	[MsgId: MMSG-26993]
Replay user agent: Mozilla/4.0 (compatible; MSIE 7.0; Windows NT 6.3; WOW64; Trident/7.0; .NET4.0E; .NET4.0C; .NET CLR 3.5.30729; .NET CLR 2.0.50727; .NET CLR 3.0.30729)  	[MsgId: MMSG-26988]
Run-Time Settings file: "C:\Program Files (x86)\HP\LoadRunner\Temp\lr5tmpdir0Eq.764\lrcfg561.765\cfgarH.766"  	[MsgId: MMSG-27141]
Ending action vuser_init.	[MsgId: MMSG-15918]
Running Vuser...	[MsgId: MMSG-15964]
Virtual User Script started at : 9/28/2016 10:07:41 PM	[MsgId: MMSG-15967]
Starting action vuser_init.	[MsgId: MMSG-15919]
Web Turbo Replay of LoadRunner 12.53.0 for Windows 10; build 1381 (Sep 28 2016 10:17:24)  	[MsgId: MMSG-26983]
Run mode: HTML  	[MsgId: MMSG-26993]
Replay user agent: Mozilla/4.0 (compatible; MSIE 7.0; Windows NT 6.3; WOW64; Trident/7.0; .NET4.0E; .NET4.0C; .NET CLR 3.5.30729; .NET CLR 2.0.50727; .NET CLR 3.0.30729)  	[MsgId: MMSG-26988]
Run-Time Settings file: "C:\Program Files (x86)\HP\LoadRunner\Temp\lr5tmpdir0Eq.764\lrcfg561.765\cfgarH.766"  	[MsgId: MMSG-27141]
Action.c(82): web_link("Titanic movie.") started  	[MsgId: MMSG-26355]
Ending action vuser_init.	[MsgId: MMSG-15918]
Running Vuser...	[MsgId: MMSG-15964]
Action.c(82): Linking to "http://kalimanjaro.hpeswlab.net/WinRunner/Titanic/titanicmovie/index.htm", Target Frame=""  	[MsgId: MMSG-27994]
Action.c(82): Found resource "http://kalimanjaro.hpeswlab.net/WinRunner/Titanic/titanicmovie/images/splash_tile.jpg" in HTML "http://kalimanjaro.hpeswlab.net/WinRunner/Titanic/titanicmovie/index.htm"  	[MsgId: MMSG-26659]
Action.c(82): Found resource "http://kalimanjaro.hpeswlab.net/WinRunner/Titanic/titanicmovie/images/splash_key.jpg" in HTML "http://kalimanjaro.hpeswlab.net/WinRunner/Titanic/titanicmovie/index.htm"  	[MsgId: MMSG-26659]
Action.c(82): Found resource "http://kalimanjaro.hpeswlab.net/WinRunner/Titanic/titanicmovie/images/intern_release.gif" in HTML "http://kalimanjaro.hpeswlab.net/WinRunner/Titanic/titanicmovie/index.htm"  	[MsgId: MMSG-26659]
Action.c(82): Found resource "http://kalimanjaro.hpeswlab.net/WinRunner/Titanic/titanicmovie/images/splash_type.gif" in HTML "http://kalimanjaro.hpeswlab.net/WinRunner/Titanic/titanicmovie/index.htm"  	[MsgId: MMSG-26659]
Action.c(82): Found resource "http://kalimanjaro.hpeswlab.net/WinRunner/Titanic/titanicmovie/images/now.gif" in HTML "http://kalimanjaro.hpeswlab.net/WinRunner/Titanic/titanicmovie/index.htm"  	[MsgId: MMSG-26659]
Action.c(82): Found resource "http://kalimanjaro.hpeswlab.net/WinRunner/Titanic/titanicmovie/images/academy_win.gif" in HTML "http://kalimanjaro.hpeswlab.net/WinRunner/Titanic/titanicmovie/index.htm"  	[MsgId: MMSG-26659]
Action.c(82): Found resource "http://kalimanjaro.hpeswlab.net/WinRunner/Titanic/titanicmovie/images/enter.gif" in HTML "http://kalimanjaro.hpeswlab.net/WinRunner/Titanic/titanicmovie/index.htm"  	[MsgId: MMSG-26659]
Action.c(82): Found resource "http://kalimanjaro.hpeswlab.net/WinRunner/Titanic/titanicmovie/images/5555.gif" in HTML "http://kalimanjaro.hpeswlab.net/WinRunner/Titanic/titanicmovie/index.htm"  	[MsgId: MMSG-26659]
Action.c(82): Found resource "http://kalimanjaro.hpeswlab.net/WinRunner/Titanic/titanicmovie/images/rating_grey.gif" in HTML "http://kalimanjaro.hpeswlab.net/WinRunner/Titanic/titanicmovie/index.htm"  	[MsgId: MMSG-26659]
Action.c(82): Found resource "http://kalimanjaro.hpeswlab.net/WinRunner/Titanic/titanicmovie/images/bugs.gif" in HTML "http://kalimanjaro.hpeswlab.net/WinRunner/Titanic/titanicmovie/index.htm"  	[MsgId: MMSG-26659]
Starting iteration 1.	[MsgId: MMSG-15968]
Action.c(82): web_link("Titanic movie.") was successful, 53964 body bytes, 2749 header bytes  	[MsgId: MMSG-26386]
Action.c(87): Notify: Transaction "Trans_other" ended with a "Pass" status (Duration: 4.0406 Think Time: 4.0163).	[MsgId: MMSG-16872]
Ending action Action.	[MsgId: MMSG-15918]
Ending iteration 1.	[MsgId: MMSG-15965]
Starting iteration 2.	[MsgId: MMSG-15968]
Starting action Action.	[MsgId: MMSG-15919]
Action.c(4): Notify: Transaction "First_Trans" started.	[MsgId: MMSG-16999]
Action.c(6): web_url("kalimanjaro.hpeswlab.net") started  	[MsgId: MMSG-26355]
Action.c(6): Found resource "http://kalimanjaro.hpeswlab.net/Images/logo.gif" in HTML "http://kalimanjaro.hpeswlab.net/"  	[MsgId: MMSG-26659]
Action.c(6): Downloading resource "http://www.bing.com/favicon.ico" (specified by argument number 9)  	[MsgId: MMSG-26577]
Action.c(6): Found resource "http://kalimanjaro.hpeswlab.net/Images/ganim5b.gif" in HTML "http://kalimanjaro.hpeswlab.net/"  	[MsgId: MMSG-26659]
Maximum number of concurrent connections per server: 2  	[MsgId: MMSG-26989]
Starting action Action.	[MsgId: MMSG-15919]
Action.c(4): Notify: Transaction "First_Trans" started.	[MsgId: MMSG-16999]
Action.c(6): web_url("kalimanjaro.hpeswlab.net") started  	[MsgId: MMSG-26355]
Starting iteration 1.	[MsgId: MMSG-15968]
Maximum number of concurrent connections per server: 2  	[MsgId: MMSG-26989]
Starting action Action.	[MsgId: MMSG-15919]
Action.c(4): Notify: Transaction "First_Trans" started.	[MsgId: MMSG-16999]
Action.c(6): web_url("kalimanjaro.hpeswlab.net") started  	[MsgId: MMSG-26355]
Action.c(6): Found resource "http://kalimanjaro.hpeswlab.net/Images/logo.gif" in HTML "http://kalimanjaro.hpeswlab.net/"  	[MsgId: MMSG-26659]
Action.c(6): Downloading resource "http://www.bing.com/favicon.ico" (specified by argument number 9)  	[MsgId: MMSG-26577]
Action.c(6): Found resource "http://kalimanjaro.hpeswlab.net/Images/ganim5b.gif" in HTML "http://kalimanjaro.hpeswlab.net/"  	[MsgId: MMSG-26659]
Action.c(6): Found resource "http://kalimanjaro.hpeswlab.net/Images/logo.gif" in HTML "http://kalimanjaro.hpeswlab.net/"  	[MsgId: MMSG-26659]
Action.c(6): Found resource "http://kalimanjaro.hpeswlab.net/Images/ganim5b.gif" in HTML "http://kalimanjaro.hpeswlab.net/"  	[MsgId: MMSG-26659]
Action.c(6): Downloading resource "http://www.bing.com/favicon.ico" (specified by argument number 9)  	[MsgId: MMSG-26577]
Action.c(82): web_link("Titanic movie.") started  	[MsgId: MMSG-26355]
Action.c(82): Linking to "http://kalimanjaro.hpeswlab.net/WinRunner/Titanic/titanicmovie/index.htm", Target Frame=""  	[MsgId: MMSG-27994]
Action.c(82): Found resource "http://kalimanjaro.hpeswlab.net/WinRunner/Titanic/titanicmovie/images/splash_tile.jpg" in HTML "http://kalimanjaro.hpeswlab.net/WinRunner/Titanic/titanicmovie/index.htm"  	[MsgId: MMSG-26659]
Action.c(82): Found resource "http://kalimanjaro.hpeswlab.net/WinRunner/Titanic/titanicmovie/images/splash_key.jpg" in HTML "http://kalimanjaro.hpeswlab.net/WinRunner/Titanic/titanicmovie/index.htm"  	[MsgId: MMSG-26659]
Action.c(82): Found resource "http://kalimanjaro.hpeswlab.net/WinRunner/Titanic/titanicmovie/images/intern_release.gif" in HTML "http://kalimanjaro.hpeswlab.net/WinRunner/Titanic/titanicmovie/index.htm"  	[MsgId: MMSG-26659]
Action.c(82): Found resource "http://kalimanjaro.hpeswlab.net/WinRunner/Titanic/titanicmovie/images/splash_type.gif" in HTML "http://kalimanjaro.hpeswlab.net/WinRunner/Titanic/titanicmovie/index.htm"  	[MsgId: MMSG-26659]
Action.c(82): Found resource "http://kalimanjaro.hpeswlab.net/WinRunner/Titanic/titanicmovie/images/now.gif" in HTML "http://kalimanjaro.hpeswlab.net/WinRunner/Titanic/titanicmovie/index.htm"  	[MsgId: MMSG-26659]
Action.c(82): Found resource "http://kalimanjaro.hpeswlab.net/WinRunner/Titanic/titanicmovie/images/academy_win.gif" in HTML "http://kalimanjaro.hpeswlab.net/WinRunner/Titanic/titanicmovie/index.htm"  	[MsgId: MMSG-26659]
Action.c(82): Found resource "http://kalimanjaro.hpeswlab.net/WinRunner/Titanic/titanicmovie/images/enter.gif" in HTML "http://kalimanjaro.hpeswlab.net/WinRunner/Titanic/titanicmovie/index.htm"  	[MsgId: MMSG-26659]
Action.c(82): Found resource "http://kalimanjaro.hpeswlab.net/WinRunner/Titanic/titanicmovie/images/5555.gif" in HTML "http://kalimanjaro.hpeswlab.net/WinRunner/Titanic/titanicmovie/index.htm"  	[MsgId: MMSG-26659]
Action.c(82): Found resource "http://kalimanjaro.hpeswlab.net/WinRunner/Titanic/titanicmovie/images/rating_grey.gif" in HTML "http://kalimanjaro.hpeswlab.net/WinRunner/Titanic/titanicmovie/index.htm"  	[MsgId: MMSG-26659]
Action.c(82): Found resource "http://kalimanjaro.hpeswlab.net/WinRunner/Titanic/titanicmovie/images/bugs.gif" in HTML "http://kalimanjaro.hpeswlab.net/WinRunner/Titanic/titanicmovie/index.htm"  	[MsgId: MMSG-26659]
Action.c(82): web_link("Titanic movie.") was successful, 53964 body bytes, 2749 header bytes  	[MsgId: MMSG-26386]
Action.c(87): Notify: Transaction "Trans_other" ended with a "Pass" status (Duration: 4.0353 Think Time: 4.0227).	[MsgId: MMSG-16872]
Ending action Action.	[MsgId: MMSG-15918]
Ending iteration 1.	[MsgId: MMSG-15965]
Starting iteration 2.	[MsgId: MMSG-15968]
Starting iteration 1.	[MsgId: MMSG-15968]
Maximum number of concurrent connections per server: 2  	[MsgId: MMSG-26989]
Starting action Action.	[MsgId: MMSG-15919]
Starting action Action.	[MsgId: MMSG-15919]
Action.c(4): Notify: Transaction "First_Trans" started.	[MsgId: MMSG-16999]
Action.c(4): Notify: Transaction "First_Trans" started.	[MsgId: MMSG-16999]
Action.c(6): web_url("kalimanjaro.hpeswlab.net") started  	[MsgId: MMSG-26355]
Virtual User Script started at : 9/28/2016 10:07:41 PM	[MsgId: MMSG-15967]
Starting iteration 1.	[MsgId: MMSG-15968]
Action.c(82): web_link("Titanic movie.") started  	[MsgId: MMSG-26355]
Maximum number of concurrent connections per server: 2  	[MsgId: MMSG-26989]
Action.c(82): Linking to "http://kalimanjaro.hpeswlab.net/WinRunner/Titanic/titanicmovie/index.htm", Target Frame=""  	[MsgId: MMSG-27994]
Action.c(6): Found resource "http://kalimanjaro.hpeswlab.net/Images/logo.gif" in HTML "http://kalimanjaro.hpeswlab.net/"  	[MsgId: MMSG-26659]
Action.c(6): Downloading resource "http://www.bing.com/favicon.ico" (specified by argument number 9)  	[MsgId: MMSG-26577]
Action.c(6): Found resource "http://kalimanjaro.hpeswlab.net/Images/ganim5b.gif" in HTML "http://kalimanjaro.hpeswlab.net/"  	[MsgId: MMSG-26659]
Starting action Action.	[MsgId: MMSG-15919]
Action.c(4): Notify: Transaction "First_Trans" started.	[MsgId: MMSG-16999]
Action.c(6): web_url("kalimanjaro.hpeswlab.net") started  	[MsgId: MMSG-26355]
Action.c(82): Found resource "http://kalimanjaro.hpeswlab.net/WinRunner/Titanic/titanicmovie/images/splash_tile.jpg" in HTML "http://kalimanjaro.hpeswlab.net/WinRunner/Titanic/titanicmovie/index.htm"  	[MsgId: MMSG-26659]
Action.c(82): Found resource "http://kalimanjaro.hpeswlab.net/WinRunner/Titanic/titanicmovie/images/splash_key.jpg" in HTML "http://kalimanjaro.hpeswlab.net/WinRunner/Titanic/titanicmovie/index.htm"  	[MsgId: MMSG-26659]
Action.c(82): Found resource "http://kalimanjaro.hpeswlab.net/WinRunner/Titanic/titanicmovie/images/intern_release.gif" in HTML "http://kalimanjaro.hpeswlab.net/WinRunner/Titanic/titanicmovie/index.htm"  	[MsgId: MMSG-26659]
Action.c(82): Found resource "http://kalimanjaro.hpeswlab.net/WinRunner/Titanic/titanicmovie/images/splash_type.gif" in HTML "http://kalimanjaro.hpeswlab.net/WinRunner/Titanic/titanicmovie/index.htm"  	[MsgId: MMSG-26659]
Action.c(82): Found resource "http://kalimanjaro.hpeswlab.net/WinRunner/Titanic/titanicmovie/images/now.gif" in HTML "http://kalimanjaro.hpeswlab.net/WinRunner/Titanic/titanicmovie/index.htm"  	[MsgId: MMSG-26659]
Action.c(82): Found resource "http://kalimanjaro.hpeswlab.net/WinRunner/Titanic/titanicmovie/images/academy_win.gif" in HTML "http://kalimanjaro.hpeswlab.net/WinRunner/Titanic/titanicmovie/index.htm"  	[MsgId: MMSG-26659]
Action.c(82): Found resource "http://kalimanjaro.hpeswlab.net/WinRunner/Titanic/titanicmovie/images/enter.gif" in HTML "http://kalimanjaro.hpeswlab.net/WinRunner/Titanic/titanicmovie/index.htm"  	[MsgId: MMSG-26659]
Action.c(82): Found resource "http://kalimanjaro.hpeswlab.net/WinRunner/Titanic/titanicmovie/images/5555.gif" in HTML "http://kalimanjaro.hpeswlab.net/WinRunner/Titanic/titanicmovie/index.htm"  	[MsgId: MMSG-26659]
Action.c(82): Found resource "http://kalimanjaro.hpeswlab.net/WinRunner/Titanic/titanicmovie/images/rating_grey.gif" in HTML "http://kalimanjaro.hpeswlab.net/WinRunner/Titanic/titanicmovie/index.htm"  	[MsgId: MMSG-26659]
Action.c(82): Found resource "http://kalimanjaro.hpeswlab.net/WinRunner/Titanic/titanicmovie/images/bugs.gif" in HTML "http://kalimanjaro.hpeswlab.net/WinRunner/Titanic/titanicmovie/index.htm"  	[MsgId: MMSG-26659]
Action.c(6): Found resource "http://kalimanjaro.hpeswlab.net/Images/logo.gif" in HTML "http://kalimanjaro.hpeswlab.net/"  	[MsgId: MMSG-26659]
Action.c(6): Downloading resource "http://www.bing.com/favicon.ico" (specified by argument number 9)  	[MsgId: MMSG-26577]
Action.c(6): Found resource "http://kalimanjaro.hpeswlab.net/Images/ganim5b.gif" in HTML "http://kalimanjaro.hpeswlab.net/"  	[MsgId: MMSG-26659]
Action.c(82): web_link("Titanic movie.") was successful, 53964 body bytes, 2749 header bytes  	[MsgId: MMSG-26386]
Action.c(87): Notify: Transaction "Trans_other" ended with a "Pass" status (Duration: 4.0403 Think Time: 4.0253).	[MsgId: MMSG-16872]
Ending action Action.	[MsgId: MMSG-15918]
Ending iteration 1.	[MsgId: MMSG-15965]
Starting iteration 2.	[MsgId: MMSG-15968]
Starting action Action.	[MsgId: MMSG-15919]
Action.c(4): Notify: Transaction "First_Trans" started.	[MsgId: MMSG-16999]
Action.c(6): web_url("kalimanjaro.hpeswlab.net") started  	[MsgId: MMSG-26355]
Action.c(6): Found resource "http://kalimanjaro.hpeswlab.net/Images/logo.gif" in HTML "http://kalimanjaro.hpeswlab.net/"  	[MsgId: MMSG-26659]
Action.c(6): Downloading resource "http://www.bing.com/favicon.ico" (specified by argument number 9)  	[MsgId: MMSG-26577]
Action.c(6): Found resource "http://kalimanjaro.hpeswlab.net/Images/ganim5b.gif" in HTML "http://kalimanjaro.hpeswlab.net/"  	[MsgId: MMSG-26659]
Action.c(6): web_url("kalimanjaro.hpeswlab.net") started  	[MsgId: MMSG-26355]
Starting action vuser_init.	[MsgId: MMSG-15919]
Web Turbo Replay of LoadRunner 12.53.0 for Windows 10; build 1381 (Sep 28 2016 10:17:24)  	[MsgId: MMSG-26983]
Run mode: HTML  	[MsgId: MMSG-26993]
Replay user agent: Mozilla/4.0 (compatible; MSIE 7.0; Windows NT 6.3; WOW64; Trident/7.0; .NET4.0E; .NET4.0C; .NET CLR 3.5.30729; .NET CLR 2.0.50727; .NET CLR 3.0.30729)  	[MsgId: MMSG-26988]
Run-Time Settings file: "C:\Program Files (x86)\HP\LoadRunner\Temp\lr5tmpdir0Eq.764\lrcfg561.765\cfgarH.766"  	[MsgId: MMSG-27141]
Action.c(6): Found resource "http://kalimanjaro.hpeswlab.net/Images/logo.gif" in HTML "http://kalimanjaro.hpeswlab.net/"  	[MsgId: MMSG-26659]
Action.c(6): Downloading resource "http://www.bing.com/favicon.ico" (specified by argument number 9)  	[MsgId: MMSG-26577]
Action.c(6): Found resource "http://kalimanjaro.hpeswlab.net/Images/ganim5b.gif" in HTML "http://kalimanjaro.hpeswlab.net/"  	[MsgId: MMSG-26659]
Ending action vuser_init.	[MsgId: MMSG-15918]
Running Vuser...	[MsgId: MMSG-15964]
Action.c(82): web_link("Titanic movie.") started  	[MsgId: MMSG-26355]
Action.c(82): Linking to "http://kalimanjaro.hpeswlab.net/WinRunner/Titanic/titanicmovie/index.htm", Target Frame=""  	[MsgId: MMSG-27994]
Action.c(82): Found resource "http://kalimanjaro.hpeswlab.net/WinRunner/Titanic/titanicmovie/images/splash_tile.jpg" in HTML "http://kalimanjaro.hpeswlab.net/WinRunner/Titanic/titanicmovie/index.htm"  	[MsgId: MMSG-26659]
Action.c(82): Found resource "http://kalimanjaro.hpeswlab.net/WinRunner/Titanic/titanicmovie/images/splash_key.jpg" in HTML "http://kalimanjaro.hpeswlab.net/WinRunner/Titanic/titanicmovie/index.htm"  	[MsgId: MMSG-26659]
Action.c(82): Found resource "http://kalimanjaro.hpeswlab.net/WinRunner/Titanic/titanicmovie/images/intern_release.gif" in HTML "http://kalimanjaro.hpeswlab.net/WinRunner/Titanic/titanicmovie/index.htm"  	[MsgId: MMSG-26659]
Action.c(82): Found resource "http://kalimanjaro.hpeswlab.net/WinRunner/Titanic/titanicmovie/images/splash_type.gif" in HTML "http://kalimanjaro.hpeswlab.net/WinRunner/Titanic/titanicmovie/index.htm"  	[MsgId: MMSG-26659]
Action.c(82): Found resource "http://kalimanjaro.hpeswlab.net/WinRunner/Titanic/titanicmovie/images/now.gif" in HTML "http://kalimanjaro.hpeswlab.net/WinRunner/Titanic/titanicmovie/index.htm"  	[MsgId: MMSG-26659]
Action.c(82): Found resource "http://kalimanjaro.hpeswlab.net/WinRunner/Titanic/titanicmovie/images/academy_win.gif" in HTML "http://kalimanjaro.hpeswlab.net/WinRunner/Titanic/titanicmovie/index.htm"  	[MsgId: MMSG-26659]
Action.c(82): Found resource "http://kalimanjaro.hpeswlab.net/WinRunner/Titanic/titanicmovie/images/enter.gif" in HTML "http://kalimanjaro.hpeswlab.net/WinRunner/Titanic/titanicmovie/index.htm"  	[MsgId: MMSG-26659]
Action.c(82): Found resource "http://kalimanjaro.hpeswlab.net/WinRunner/Titanic/titanicmovie/images/5555.gif" in HTML "http://kalimanjaro.hpeswlab.net/WinRunner/Titanic/titanicmovie/index.htm"  	[MsgId: MMSG-26659]
Action.c(82): Found resource "http://kalimanjaro.hpeswlab.net/WinRunner/Titanic/titanicmovie/images/rating_grey.gif" in HTML "http://kalimanjaro.hpeswlab.net/WinRunner/Titanic/titanicmovie/index.htm"  	[MsgId: MMSG-26659]
Action.c(82): Found resource "http://kalimanjaro.hpeswlab.net/WinRunner/Titanic/titanicmovie/images/bugs.gif" in HTML "http://kalimanjaro.hpeswlab.net/WinRunner/Titanic/titanicmovie/index.htm"  	[MsgId: MMSG-26659]
Action.c(82): web_link("Titanic movie.") was successful, 53964 body bytes, 2749 header bytes  	[MsgId: MMSG-26386]
Action.c(87): Notify: Transaction "Trans_other" ended with a "Pass" status (Duration: 4.0089 Think Time: 3.9995).	[MsgId: MMSG-16872]
Ending action Action.	[MsgId: MMSG-15918]
Ending iteration 1.	[MsgId: MMSG-15965]
Starting iteration 2.	[MsgId: MMSG-15968]
Action.c(82): web_link("Titanic movie.") started  	[MsgId: MMSG-26355]
Action.c(82): Linking to "http://kalimanjaro.hpeswlab.net/WinRunner/Titanic/titanicmovie/index.htm", Target Frame=""  	[MsgId: MMSG-27994]
Action.c(82): Found resource "http://kalimanjaro.hpeswlab.net/WinRunner/Titanic/titanicmovie/images/splash_tile.jpg" in HTML "http://kalimanjaro.hpeswlab.net/WinRunner/Titanic/titanicmovie/index.htm"  	[MsgId: MMSG-26659]
Action.c(82): Found resource "http://kalimanjaro.hpeswlab.net/WinRunner/Titanic/titanicmovie/images/splash_key.jpg" in HTML "http://kalimanjaro.hpeswlab.net/WinRunner/Titanic/titanicmovie/index.htm"  	[MsgId: MMSG-26659]
Action.c(82): Found resource "http://kalimanjaro.hpeswlab.net/WinRunner/Titanic/titanicmovie/images/intern_release.gif" in HTML "http://kalimanjaro.hpeswlab.net/WinRunner/Titanic/titanicmovie/index.htm"  	[MsgId: MMSG-26659]
Starting action Action.	[MsgId: MMSG-15919]
Action.c(82): Found resource "http://kalimanjaro.hpeswlab.net/WinRunner/Titanic/titanicmovie/images/splash_type.gif" in HTML "http://kalimanjaro.hpeswlab.net/WinRunner/Titanic/titanicmovie/index.htm"  	[MsgId: MMSG-26659]
Action.c(4): Notify: Transaction "First_Trans" started.	[MsgId: MMSG-16999]
Action.c(82): Found resource "http://kalimanjaro.hpeswlab.net/WinRunner/Titanic/titanicmovie/images/now.gif" in HTML "http://kalimanjaro.hpeswlab.net/WinRunner/Titanic/titanicmovie/index.htm"  	[MsgId: MMSG-26659]
Action.c(6): web_url("kalimanjaro.hpeswlab.net") started  	[MsgId: MMSG-26355]
Action.c(82): Found resource "http://kalimanjaro.hpeswlab.net/WinRunner/Titanic/titanicmovie/images/academy_win.gif" in HTML "http://kalimanjaro.hpeswlab.net/WinRunner/Titanic/titanicmovie/index.htm"  	[MsgId: MMSG-26659]
Action.c(82): Found resource "http://kalimanjaro.hpeswlab.net/WinRunner/Titanic/titanicmovie/images/enter.gif" in HTML "http://kalimanjaro.hpeswlab.net/WinRunner/Titanic/titanicmovie/index.htm"  	[MsgId: MMSG-26659]
Action.c(82): Found resource "http://kalimanjaro.hpeswlab.net/WinRunner/Titanic/titanicmovie/images/5555.gif" in HTML "http://kalimanjaro.hpeswlab.net/WinRunner/Titanic/titanicmovie/index.htm"  	[MsgId: MMSG-26659]
Action.c(82): Found resource "http://kalimanjaro.hpeswlab.net/WinRunner/Titanic/titanicmovie/images/rating_grey.gif" in HTML "http://kalimanjaro.hpeswlab.net/WinRunner/Titanic/titanicmovie/index.htm"  	[MsgId: MMSG-26659]
Action.c(82): Found resource "http://kalimanjaro.hpeswlab.net/WinRunner/Titanic/titanicmovie/images/bugs.gif" in HTML "http://kalimanjaro.hpeswlab.net/WinRunner/Titanic/titanicmovie/index.htm"  	[MsgId: MMSG-26659]
Action.c(6): Found resource "http://kalimanjaro.hpeswlab.net/Images/logo.gif" in HTML "http://kalimanjaro.hpeswlab.net/"  	[MsgId: MMSG-26659]
Action.c(6): Downloading resource "http://www.bing.com/favicon.ico" (specified by argument number 9)  	[MsgId: MMSG-26577]
Action.c(6): Found resource "http://kalimanjaro.hpeswlab.net/Images/ganim5b.gif" in HTML "http://kalimanjaro.hpeswlab.net/"  	[MsgId: MMSG-26659]
Starting iteration 1.	[MsgId: MMSG-15968]
Maximum number of concurrent connections per server: 2  	[MsgId: MMSG-26989]
Starting action Action.	[MsgId: MMSG-15919]
Action.c(4): Notify: Transaction "First_Trans" started.	[MsgId: MMSG-16999]
Action.c(6): web_url("kalimanjaro.hpeswlab.net") started  	[MsgId: MMSG-26355]
Action.c(82): web_link("Titanic movie.") was successful, 53964 body bytes, 2749 header bytes  	[MsgId: MMSG-26386]
Action.c(87): Notify: Transaction "Trans_other" ended with a "Pass" status (Duration: 4.0193 Think Time: 4.0010).	[MsgId: MMSG-16872]
Ending action Action.	[MsgId: MMSG-15918]
Ending iteration 1.	[MsgId: MMSG-15965]
Action.c(6): Found resource "http://kalimanjaro.hpeswlab.net/Images/logo.gif" in HTML "http://kalimanjaro.hpeswlab.net/"  	[MsgId: MMSG-26659]
Starting iteration 2.	[MsgId: MMSG-15968]
Action.c(6): Downloading resource "http://www.bing.com/favicon.ico" (specified by argument number 9)  	[MsgId: MMSG-26577]
Action.c(6): Found resource "http://kalimanjaro.hpeswlab.net/Images/ganim5b.gif" in HTML "http://kalimanjaro.hpeswlab.net/"  	[MsgId: MMSG-26659]
Starting action Action.	[MsgId: MMSG-15919]
Action.c(4): Notify: Transaction "First_Trans" started.	[MsgId: MMSG-16999]
Action.c(6): web_url("kalimanjaro.hpeswlab.net") started  	[MsgId: MMSG-26355]
Action.c(6): Found resource "http://kalimanjaro.hpeswlab.net/Images/logo.gif" in HTML "http://kalimanjaro.hpeswlab.net/"  	[MsgId: MMSG-26659]
Action.c(6): Found resource "http://kalimanjaro.hpeswlab.net/Images/ganim5b.gif" in HTML "http://kalimanjaro.hpeswlab.net/"  	[MsgId: MMSG-26659]
Action.c(6): Downloading resource "http://www.bing.com/favicon.ico" (specified by argument number 9)  	[MsgId: MMSG-26577]
Action.c(6): web_url("kalimanjaro.hpeswlab.net") was successful, 95064 body bytes, 1054 header bytes  	[MsgId: MMSG-26386]
Action.c(17): Notify: Transaction "First_Trans" ended with a "Pass" status (Duration: 0.1507).	[MsgId: MMSG-16873]
Action.c(20): lr_think_time: 10.00 seconds.	[MsgId: MMSG-15948]
Action.c(6): web_url("kalimanjaro.hpeswlab.net") was successful, 95064 body bytes, 1054 header bytes  	[MsgId: MMSG-26386]
Action.c(17): Notify: Transaction "First_Trans" ended with a "Pass" status (Duration: 0.1595).	[MsgId: MMSG-16873]
Action.c(20): lr_think_time: 10.00 seconds.	[MsgId: MMSG-15948]
Action.c(6): web_url("kalimanjaro.hpeswlab.net") was successful, 95064 body bytes, 1054 header bytes  	[MsgId: MMSG-26386]
Action.c(17): Notify: Transaction "First_Trans" ended with a "Pass" status (Duration: 0.1602).	[MsgId: MMSG-16873]
Action.c(20): lr_think_time: 10.00 seconds.	[MsgId: MMSG-15948]
Action.c(6): web_url("kalimanjaro.hpeswlab.net") was successful, 95064 body bytes, 1054 header bytes  	[MsgId: MMSG-26386]
Action.c(17): Notify: Transaction "First_Trans" ended with a "Pass" status (Duration: 0.1485).	[MsgId: MMSG-16873]
Action.c(20): lr_think_time: 10.00 seconds.	[MsgId: MMSG-15948]
Action.c(6): web_url("kalimanjaro.hpeswlab.net") was successful, 95064 body bytes, 1054 header bytes  	[MsgId: MMSG-26386]
Action.c(17): Notify: Transaction "First_Trans" ended with a "Pass" status (Duration: 0.1512).	[MsgId: MMSG-16873]
Action.c(20): lr_think_time: 10.00 seconds.	[MsgId: MMSG-15948]
Action.c(6): web_url("kalimanjaro.hpeswlab.net") was successful, 95064 body bytes, 1054 header bytes  	[MsgId: MMSG-26386]
Action.c(17): Notify: Transaction "First_Trans" ended with a "Pass" status (Duration: 0.1472).	[MsgId: MMSG-16873]
Action.c(20): lr_think_time: 10.00 seconds.	[MsgId: MMSG-15948]
Action.c(6): web_url("kalimanjaro.hpeswlab.net") was successful, 95064 body bytes, 1054 header bytes  	[MsgId: MMSG-26386]
Action.c(17): Notify: Transaction "First_Trans" ended with a "Pass" status (Duration: 0.1520).	[MsgId: MMSG-16873]
Action.c(20): lr_think_time: 10.00 seconds.	[MsgId: MMSG-15948]
Action.c(6): web_url("kalimanjaro.hpeswlab.net") was successful, 95064 body bytes, 1054 header bytes  	[MsgId: MMSG-26386]
Action.c(17): Notify: Transaction "First_Trans" ended with a "Pass" status (Duration: 0.1468).	[MsgId: MMSG-16873]
Action.c(20): lr_think_time: 10.00 seconds.	[MsgId: MMSG-15948]
Action.c(6): web_url("kalimanjaro.hpeswlab.net") was successful, 95064 body bytes, 1054 header bytes  	[MsgId: MMSG-26386]
Action.c(17): Notify: Transaction "First_Trans" ended with a "Pass" status (Duration: 0.1491).	[MsgId: MMSG-16873]
Action.c(20): lr_think_time: 10.00 seconds.	[MsgId: MMSG-15948]
Action.c(6): web_url("kalimanjaro.hpeswlab.net") was successful, 95064 body bytes, 1054 header bytes  	[MsgId: MMSG-26386]
Action.c(17): Notify: Transaction "First_Trans" ended with a "Pass" status (Duration: 0.1480).	[MsgId: MMSG-16873]
Action.c(20): lr_think_time: 10.00 seconds.	[MsgId: MMSG-15948]
Action.c(40): web_link("Many redirections CGI") started  	[MsgId: MMSG-26355]
Action.c(40): Linking to "http://kalimanjaro.hpeswlab.net/cgi_examples/cgi_redir.html", Target Frame=""  	[MsgId: MMSG-27994]
Action.c(40): web_link("Many redirections CGI") was successful, 353 body bytes, 249 header bytes  	[MsgId: MMSG-26386]
Action.c(45): web_submit_form("CGI_redir.exe") started  	[MsgId: MMSG-26355]
Action.c(45): Submitting form to "http://kalimanjaro.hpeswlab.net/cgi-bin/CGI_redir.exe", Target Frame=""  	[MsgId: MMSG-27978]
Action.c(45): Downloading resource "https://ieonline.microsoft.com/iedomainsuggestions/ie11/suggestions.en-US" (specified by argument number 11)  	[MsgId: MMSG-26577]
Action.c(45): Downloading resource "https://ieonline.microsoft.com/ieflipahead/ie10/rules.xml?mkt=en-US" (specified by argument number 14)  	[MsgId: MMSG-26577]
Action.c(40): web_link("Many redirections CGI") started  	[MsgId: MMSG-26355]
Action.c(40): Linking to "http://kalimanjaro.hpeswlab.net/cgi_examples/cgi_redir.html", Target Frame=""  	[MsgId: MMSG-27994]
Action.c(40): web_link("Many redirections CGI") was successful, 353 body bytes, 249 header bytes  	[MsgId: MMSG-26386]
Action.c(45): web_submit_form("CGI_redir.exe") started  	[MsgId: MMSG-26355]
Action.c(45): Submitting form to "http://kalimanjaro.hpeswlab.net/cgi-bin/CGI_redir.exe", Target Frame=""  	[MsgId: MMSG-27978]
Action.c(45): Downloading resource "https://ieonline.microsoft.com/iedomainsuggestions/ie11/suggestions.en-US" (specified by argument number 11)  	[MsgId: MMSG-26577]
Action.c(45): Downloading resource "https://ieonline.microsoft.com/ieflipahead/ie10/rules.xml?mkt=en-US" (specified by argument number 14)  	[MsgId: MMSG-26577]
Action.c(40): web_link("Many redirections CGI") started  	[MsgId: MMSG-26355]
Action.c(40): Linking to "http://kalimanjaro.hpeswlab.net/cgi_examples/cgi_redir.html", Target Frame=""  	[MsgId: MMSG-27994]
Action.c(40): web_link("Many redirections CGI") was successful, 353 body bytes, 249 header bytes  	[MsgId: MMSG-26386]
Action.c(45): web_submit_form("CGI_redir.exe") started  	[MsgId: MMSG-26355]
Action.c(45): Submitting form to "http://kalimanjaro.hpeswlab.net/cgi-bin/CGI_redir.exe", Target Frame=""  	[MsgId: MMSG-27978]
Action.c(45): Downloading resource "https://ieonline.microsoft.com/iedomainsuggestions/ie11/suggestions.en-US" (specified by argument number 11)  	[MsgId: MMSG-26577]
Action.c(45): Downloading resource "https://ieonline.microsoft.com/ieflipahead/ie10/rules.xml?mkt=en-US" (specified by argument number 14)  	[MsgId: MMSG-26577]
Action.c(40): web_link("Many redirections CGI") started  	[MsgId: MMSG-26355]
Action.c(40): Linking to "http://kalimanjaro.hpeswlab.net/cgi_examples/cgi_redir.html", Target Frame=""  	[MsgId: MMSG-27994]
Action.c(40): web_link("Many redirections CGI") was successful, 353 body bytes, 249 header bytes  	[MsgId: MMSG-26386]
Action.c(45): web_submit_form("CGI_redir.exe") started  	[MsgId: MMSG-26355]
Action.c(45): Submitting form to "http://kalimanjaro.hpeswlab.net/cgi-bin/CGI_redir.exe", Target Frame=""  	[MsgId: MMSG-27978]
Action.c(45): Downloading resource "https://ieonline.microsoft.com/iedomainsuggestions/ie11/suggestions.en-US" (specified by argument number 11)  	[MsgId: MMSG-26577]
Action.c(45): Downloading resource "https://ieonline.microsoft.com/ieflipahead/ie10/rules.xml?mkt=en-US" (specified by argument number 14)  	[MsgId: MMSG-26577]
Action.c(40): web_link("Many redirections CGI") started  	[MsgId: MMSG-26355]
Action.c(40): Linking to "http://kalimanjaro.hpeswlab.net/cgi_examples/cgi_redir.html", Target Frame=""  	[MsgId: MMSG-27994]
Action.c(40): web_link("Many redirections CGI") was successful, 353 body bytes, 249 header bytes  	[MsgId: MMSG-26386]
Action.c(45): web_submit_form("CGI_redir.exe") started  	[MsgId: MMSG-26355]
Action.c(45): Submitting form to "http://kalimanjaro.hpeswlab.net/cgi-bin/CGI_redir.exe", Target Frame=""  	[MsgId: MMSG-27978]
Action.c(45): Downloading resource "https://ieonline.microsoft.com/iedomainsuggestions/ie11/suggestions.en-US" (specified by argument number 11)  	[MsgId: MMSG-26577]
Action.c(45): Downloading resource "https://ieonline.microsoft.com/ieflipahead/ie10/rules.xml?mkt=en-US" (specified by argument number 14)  	[MsgId: MMSG-26577]
Action.c(45): web_submit_form("CGI_redir.exe") was successful, 179354 body bytes, 1905 header bytes  	[MsgId: MMSG-26386]
Action.c(56): Notify: Transaction "CGI" ended with a "Pass" status (Duration: 6.6695 Think Time: 6.0001 Wasted Time: 0.0018).	[MsgId: MMSG-16870]
Action.c(59): lr_think_time: 5.00 seconds.	[MsgId: MMSG-15948]
Action.c(45): web_submit_form("CGI_redir.exe") was successful, 179354 body bytes, 1905 header bytes  	[MsgId: MMSG-26386]
Action.c(56): Notify: Transaction "CGI" ended with a "Pass" status (Duration: 6.7573 Think Time: 5.9993 Wasted Time: 0.0024).	[MsgId: MMSG-16870]
Action.c(59): lr_think_time: 5.00 seconds.	[MsgId: MMSG-15948]
Action.c(45): web_submit_form("CGI_redir.exe") was successful, 179354 body bytes, 1905 header bytes  	[MsgId: MMSG-26386]
Action.c(56): Notify: Transaction "CGI" ended with a "Pass" status (Duration: 6.7664 Think Time: 5.9994 Wasted Time: 0.0016).	[MsgId: MMSG-16870]
Action.c(59): lr_think_time: 5.00 seconds.	[MsgId: MMSG-15948]
Action.c(45): web_submit_form("CGI_redir.exe") was successful, 179354 body bytes, 1905 header bytes  	[MsgId: MMSG-26386]
Action.c(56): Notify: Transaction "CGI" ended with a "Pass" status (Duration: 6.8070 Think Time: 6.0007 Wasted Time: 0.0016).	[MsgId: MMSG-16870]
Action.c(59): lr_think_time: 5.00 seconds.	[MsgId: MMSG-15948]
Action.c(45): web_submit_form("CGI_redir.exe") was successful, 179354 body bytes, 1905 header bytes  	[MsgId: MMSG-26386]
Action.c(56): Notify: Transaction "CGI" ended with a "Pass" status (Duration: 6.7721 Think Time: 6.0002 Wasted Time: 0.0022).	[MsgId: MMSG-16870]
Action.c(59): lr_think_time: 5.00 seconds.	[MsgId: MMSG-15948]
Action.c(61): web_url("kalimanjaro.hpeswlab.net_2") started  	[MsgId: MMSG-26355]
Action.c(61): Retrieving data from cache for "http://kalimanjaro.hpeswlab.net/"  	[MsgId: MMSG-26558]
Action.c(61): Resource "http://kalimanjaro.hpeswlab.net/Images/logo.gif" is in the cache already and will not be downloaded again  	[MsgId: MMSG-26655]
Action.c(61): Resource "http://kalimanjaro.hpeswlab.net/Images/ganim5b.gif" is in the cache already and will not be downloaded again  	[MsgId: MMSG-26655]
Action.c(61): web_url("kalimanjaro.hpeswlab.net_2") was successful, 0 body bytes, 0 header bytes  	[MsgId: MMSG-26386]
Action.c(69): Notify: Transaction "Trans_other" started.	[MsgId: MMSG-16999]
Action.c(71): web_url("index.html") started  	[MsgId: MMSG-26355]
Action.c(71): web_url("index.html") was successful, 7390 body bytes, 250 header bytes  	[MsgId: MMSG-26386]
Action.c(80): lr_think_time: 4.00 seconds.	[MsgId: MMSG-15948]
Action.c(61): web_url("kalimanjaro.hpeswlab.net_2") started  	[MsgId: MMSG-26355]
Action.c(61): Retrieving data from cache for "http://kalimanjaro.hpeswlab.net/"  	[MsgId: MMSG-26558]
Action.c(61): Resource "http://kalimanjaro.hpeswlab.net/Images/logo.gif" is in the cache already and will not be downloaded again  	[MsgId: MMSG-26655]
Action.c(61): Resource "http://kalimanjaro.hpeswlab.net/Images/ganim5b.gif" is in the cache already and will not be downloaded again  	[MsgId: MMSG-26655]
Action.c(61): web_url("kalimanjaro.hpeswlab.net_2") was successful, 0 body bytes, 0 header bytes  	[MsgId: MMSG-26386]
Action.c(69): Notify: Transaction "Trans_other" started.	[MsgId: MMSG-16999]
Action.c(71): web_url("index.html") started  	[MsgId: MMSG-26355]
Action.c(71): web_url("index.html") was successful, 7390 body bytes, 250 header bytes  	[MsgId: MMSG-26386]
Action.c(80): lr_think_time: 4.00 seconds.	[MsgId: MMSG-15948]
Action.c(61): web_url("kalimanjaro.hpeswlab.net_2") started  	[MsgId: MMSG-26355]
Action.c(61): Retrieving data from cache for "http://kalimanjaro.hpeswlab.net/"  	[MsgId: MMSG-26558]
Action.c(61): Resource "http://kalimanjaro.hpeswlab.net/Images/logo.gif" is in the cache already and will not be downloaded again  	[MsgId: MMSG-26655]
Action.c(61): Resource "http://kalimanjaro.hpeswlab.net/Images/ganim5b.gif" is in the cache already and will not be downloaded again  	[MsgId: MMSG-26655]
Action.c(61): web_url("kalimanjaro.hpeswlab.net_2") was successful, 0 body bytes, 0 header bytes  	[MsgId: MMSG-26386]
Action.c(69): Notify: Transaction "Trans_other" started.	[MsgId: MMSG-16999]
Action.c(71): web_url("index.html") started  	[MsgId: MMSG-26355]
Action.c(61): web_url("kalimanjaro.hpeswlab.net_2") started  	[MsgId: MMSG-26355]
Action.c(61): Retrieving data from cache for "http://kalimanjaro.hpeswlab.net/"  	[MsgId: MMSG-26558]
Action.c(61): Resource "http://kalimanjaro.hpeswlab.net/Images/logo.gif" is in the cache already and will not be downloaded again  	[MsgId: MMSG-26655]
Action.c(71): web_url("index.html") was successful, 7390 body bytes, 250 header bytes  	[MsgId: MMSG-26386]
Action.c(80): lr_think_time: 4.00 seconds.	[MsgId: MMSG-15948]
Action.c(61): Resource "http://kalimanjaro.hpeswlab.net/Images/ganim5b.gif" is in the cache already and will not be downloaded again  	[MsgId: MMSG-26655]
Action.c(61): web_url("kalimanjaro.hpeswlab.net_2") was successful, 0 body bytes, 0 header bytes  	[MsgId: MMSG-26386]
Action.c(69): Notify: Transaction "Trans_other" started.	[MsgId: MMSG-16999]
Action.c(71): web_url("index.html") started  	[MsgId: MMSG-26355]
Action.c(61): web_url("kalimanjaro.hpeswlab.net_2") started  	[MsgId: MMSG-26355]
Action.c(71): web_url("index.html") was successful, 7390 body bytes, 250 header bytes  	[MsgId: MMSG-26386]
Action.c(80): lr_think_time: 4.00 seconds.	[MsgId: MMSG-15948]
Action.c(61): Retrieving data from cache for "http://kalimanjaro.hpeswlab.net/"  	[MsgId: MMSG-26558]
Action.c(61): Resource "http://kalimanjaro.hpeswlab.net/Images/logo.gif" is in the cache already and will not be downloaded again  	[MsgId: MMSG-26655]
Action.c(61): Resource "http://kalimanjaro.hpeswlab.net/Images/ganim5b.gif" is in the cache already and will not be downloaded again  	[MsgId: MMSG-26655]
Action.c(61): web_url("kalimanjaro.hpeswlab.net_2") was successful, 0 body bytes, 0 header bytes  	[MsgId: MMSG-26386]
Action.c(69): Notify: Transaction "Trans_other" started.	[MsgId: MMSG-16999]
Action.c(71): web_url("index.html") started  	[MsgId: MMSG-26355]
Action.c(71): web_url("index.html") was successful, 7390 body bytes, 250 header bytes  	[MsgId: MMSG-26386]
Action.c(80): lr_think_time: 4.00 seconds.	[MsgId: MMSG-15948]
