Start auto log messages stack - Iteration 1.	[MsgId: MMSG-10545]
Action.c(93): Notify: Transaction "Trans_other" ended with a "Pass" status (Duration: 7.9239 Think Time: 7.3267).	[MsgId: MMSG-16872]
Action.c(100): Notify: Transaction "transTes_0" started.	[MsgId: MMSG-16999]
Action.c(103): Notify: Transaction "transTes_0" ended with a "Pass" status (Duration: 0.0000).	[MsgId: MMSG-16873]
Action.c(100): Notify: Transaction "transTes_1" started.	[MsgId: MMSG-16999]
Action.c(103): Notify: Transaction "transTes_1" ended with a "Pass" status (Duration: 0.0000).	[MsgId: MMSG-16873]
Action.c(100): Notify: Transaction "transTes_2" started.	[MsgId: MMSG-16999]
Action.c(103): Notify: Transaction "transTes_2" ended with a "Fail" status (Duration: 0.0000).	[MsgId: MMSG-16873]
Action.c(103): Notify: Transaction "transTes_2" has 0 error message(s).	[MsgId: MMSG-16818]
Action.c(100): Notify: Transaction "transTes_3" started.	[MsgId: MMSG-16999]
Action.c(103): Notify: Transaction "transTes_3" ended with a "Stop" status (Duration: 0.0000).	[MsgId: MMSG-16873]
Action.c(100): Notify: Transaction "transTes_4" started.	[MsgId: MMSG-16999]
Action.c(103): Notify: Transaction "transTes_4" ended with a "Pass" status (Duration: 0.0000).	[MsgId: MMSG-16873]
Action.c(100): Notify: Transaction "transTes_5" started.	[MsgId: MMSG-16999]
Action.c(103): Notify: Transaction "transTes_5" ended with a "Stop" status (Duration: 0.0000).	[MsgId: MMSG-16873]
Action.c(100): Notify: Transaction "transTes_6" started.	[MsgId: MMSG-16999]
Action.c(103): Notify: Transaction "transTes_6" ended with a "Pass" status (Duration: 0.0000).	[MsgId: MMSG-16873]
Action.c(100): Notify: Transaction "transTes_7" started.	[MsgId: MMSG-16999]
Action.c(103): Notify: Transaction "transTes_7" ended with a "Pass" status (Duration: 0.0000).	[MsgId: MMSG-16873]
Action.c(112): Error: vuser failed	[MsgId: MERR-17999]
Start auto log messages stack - Iteration 1.	[MsgId: MMSG-10545]
Start auto log messages stack - Iteration 1.	[MsgId: MMSG-10545]
Start auto log messages stack - Iteration 1.	[MsgId: MMSG-10545]
Start auto log messages stack - Iteration 1.	[MsgId: MMSG-10545]
Start auto log messages stack - Iteration 1.	[MsgId: MMSG-10545]
Action.c(100): Notify: Transaction "transTes_1" started.	[MsgId: MMSG-16999]
Action.c(103): Notify: Transaction "transTes_1" ended with a "Fail" status (Duration: 0.0000).	[MsgId: MMSG-16873]
Action.c(103): Notify: Transaction "transTes_1" has 0 error message(s).	[MsgId: MMSG-16818]
Action.c(100): Notify: Transaction "transTes_2" started.	[MsgId: MMSG-16999]
Action.c(103): Notify: Transaction "transTes_2" ended with a "Fail" status (Duration: 0.0000).	[MsgId: MMSG-16873]
Action.c(103): Notify: Transaction "transTes_2" has 0 error message(s).	[MsgId: MMSG-16818]
Start auto log messages stack - Iteration 1.	[MsgId: MMSG-10545]
Action.c(100): Notify: Transaction "transTes_1" started.	[MsgId: MMSG-16999]
Start auto log messages stack - Iteration 1.	[MsgId: MMSG-10545]
Action.c(103): Notify: Transaction "transTes_1" ended with a "Fail" status (Duration: 0.0000).	[MsgId: MMSG-16873]
Start auto log messages stack - Iteration 1.	[MsgId: MMSG-10545]
Action.c(103): Notify: Transaction "transTes_1" has 0 error message(s).	[MsgId: MMSG-16818]
Start auto log messages stack - Iteration 1.	[MsgId: MMSG-10545]
Action.c(100): Notify: Transaction "transTes_2" started.	[MsgId: MMSG-16999]
Start auto log messages stack - Iteration 1.	[MsgId: MMSG-10545]
Action.c(103): Notify: Transaction "transTes_2" ended with a "Fail" status (Duration: 0.0000).	[MsgId: MMSG-16873]
Start auto log messages stack - Iteration 1.	[MsgId: MMSG-10545]
Action.c(103): Notify: Transaction "transTes_2" has 0 error message(s).	[MsgId: MMSG-16818]
Start auto log messages stack - Iteration 1.	[MsgId: MMSG-10545]
End auto log messages stack.	[MsgId: MMSG-10544]


Action.c(100): Notify: Transaction "transTes_3" started.	[MsgId: MMSG-16999]
Action.c(103): Notify: Transaction "transTes_3" ended with a "Pass" status (Duration: 0.0000).	[MsgId: MMSG-16873]
Action.c(100): Notify: Transaction "transTes_4" started.	[MsgId: MMSG-16999]
Action.c(103): Notify: Transaction "transTes_4" ended with a "Fail" status (Duration: 0.0000).	[MsgId: MMSG-16873]
Action.c(103): Notify: Transaction "transTes_4" has 0 error message(s).	[MsgId: MMSG-16818]
Action.c(100): Notify: Transaction "transTes_5" started.	[MsgId: MMSG-16999]
Action.c(103): Notify: Transaction "transTes_5" ended with a "Fail" status (Duration: 0.0000).	[MsgId: MMSG-16873]
Action.c(103): Notify: Transaction "transTes_5" has 0 error message(s).	[MsgId: MMSG-16818]
Action.c(100): Notify: Transaction "transTes_6" started.	[MsgId: MMSG-16999]
Action.c(103): Notify: Transaction "transTes_6" ended with a "Fail" status (Duration: 0.0000).	[MsgId: MMSG-16873]
Action.c(103): Notify: Transaction "transTes_6" has 0 error message(s).	[MsgId: MMSG-16818]
Action.c(100): Notify: Transaction "transTes_7" started.	[MsgId: MMSG-16999]
Action.c(103): Notify: Transaction "transTes_7" ended with a "Stop" status (Duration: 0.0000).	[MsgId: MMSG-16873]
Action.c(112): Error: vuser failed	[MsgId: MERR-17999]
End auto log messages stack.	[MsgId: MMSG-10544]


Action.c(100): Notify: Transaction "transTes_3" started.	[MsgId: MMSG-16999]
Action.c(103): Notify: Transaction "transTes_3" ended with a "Pass" status (Duration: 0.0000).	[MsgId: MMSG-16873]
Action.c(100): Notify: Transaction "transTes_4" started.	[MsgId: MMSG-16999]
Action.c(103): Notify: Transaction "transTes_4" ended with a "Fail" status (Duration: 0.0000).	[MsgId: MMSG-16873]
Action.c(103): Notify: Transaction "transTes_4" has 0 error message(s).	[MsgId: MMSG-16818]
Action.c(100): Notify: Transaction "transTes_5" started.	[MsgId: MMSG-16999]
Action.c(103): Notify: Transaction "transTes_5" ended with a "Fail" status (Duration: 0.0000).	[MsgId: MMSG-16873]
Action.c(103): Notify: Transaction "transTes_5" has 0 error message(s).	[MsgId: MMSG-16818]
Action.c(100): Notify: Transaction "transTes_6" started.	[MsgId: MMSG-16999]
Action.c(103): Notify: Transaction "transTes_6" ended with a "Fail" status (Duration: 0.0000).	[MsgId: MMSG-16873]
Action.c(103): Notify: Transaction "transTes_6" has 0 error message(s).	[MsgId: MMSG-16818]
Action.c(100): Notify: Transaction "transTes_7" started.	[MsgId: MMSG-16999]
Action.c(103): Notify: Transaction "transTes_7" ended with a "Stop" status (Duration: 0.0000).	[MsgId: MMSG-16873]
Action.c(112): Error: vuser failed	[MsgId: MERR-17999]
End auto log messages stack.	[MsgId: MMSG-10544]


Action.c(93): Notify: Transaction "Trans_other" ended with a "Pass" status (Duration: 7.8884 Think Time: 7.3911).	[MsgId: MMSG-16872]
Action.c(100): Notify: Transaction "transTes_0" started.	[MsgId: MMSG-16999]
Action.c(103): Notify: Transaction "transTes_0" ended with a "Pass" status (Duration: 0.0000).	[MsgId: MMSG-16873]
Action.c(100): Notify: Transaction "transTes_1" started.	[MsgId: MMSG-16999]
Action.c(103): Notify: Transaction "transTes_1" ended with a "Pass" status (Duration: 0.0000).	[MsgId: MMSG-16873]
Action.c(100): Notify: Transaction "transTes_2" started.	[MsgId: MMSG-16999]
Action.c(103): Notify: Transaction "transTes_2" ended with a "Fail" status (Duration: 0.0000).	[MsgId: MMSG-16873]
Action.c(103): Notify: Transaction "transTes_2" has 0 error message(s).	[MsgId: MMSG-16818]
Action.c(100): Notify: Transaction "transTes_3" started.	[MsgId: MMSG-16999]
Action.c(103): Notify: Transaction "transTes_3" ended with a "Stop" status (Duration: 0.0000).	[MsgId: MMSG-16873]
Action.c(100): Notify: Transaction "transTes_4" started.	[MsgId: MMSG-16999]
Action.c(103): Notify: Transaction "transTes_4" ended with a "Pass" status (Duration: 0.0000).	[MsgId: MMSG-16873]
Action.c(100): Notify: Transaction "transTes_5" started.	[MsgId: MMSG-16999]
Action.c(103): Notify: Transaction "transTes_5" ended with a "Stop" status (Duration: 0.0000).	[MsgId: MMSG-16873]
Action.c(100): Notify: Transaction "transTes_6" started.	[MsgId: MMSG-16999]
Action.c(103): Notify: Transaction "transTes_6" ended with a "Pass" status (Duration: 0.0000).	[MsgId: MMSG-16873]
Action.c(100): Notify: Transaction "transTes_7" started.	[MsgId: MMSG-16999]
Action.c(103): Notify: Transaction "transTes_7" ended with a "Pass" status (Duration: 0.0000).	[MsgId: MMSG-16873]
Action.c(112): Error: vuser failed	[MsgId: MERR-17999]
End auto log messages stack.	[MsgId: MMSG-10544]


Action.c(93): Notify: Transaction "Trans_other" ended with a "Pass" status (Duration: 7.8325 Think Time: 7.3175).	[MsgId: MMSG-16872]
Action.c(100): Notify: Transaction "transTes_0" started.	[MsgId: MMSG-16999]
Action.c(103): Notify: Transaction "transTes_0" ended with a "Pass" status (Duration: 0.0000).	[MsgId: MMSG-16873]
Action.c(100): Notify: Transaction "transTes_1" started.	[MsgId: MMSG-16999]
Action.c(103): Notify: Transaction "transTes_1" ended with a "Pass" status (Duration: 0.0000).	[MsgId: MMSG-16873]
Action.c(93): Notify: Transaction "Trans_other" ended with a "Pass" status (Duration: 7.8606 Think Time: 7.3066).	[MsgId: MMSG-16872]
Action.c(100): Notify: Transaction "transTes_0" started.	[MsgId: MMSG-16999]
Action.c(103): Notify: Transaction "transTes_0" ended with a "Pass" status (Duration: 0.0000).	[MsgId: MMSG-16873]
Action.c(100): Notify: Transaction "transTes_1" started.	[MsgId: MMSG-16999]
Action.c(103): Notify: Transaction "transTes_1" ended with a "Pass" status (Duration: 0.0000).	[MsgId: MMSG-16873]
Action.c(100): Notify: Transaction "transTes_2" started.	[MsgId: MMSG-16999]
Action.c(103): Notify: Transaction "transTes_2" ended with a "Fail" status (Duration: 0.0000).	[MsgId: MMSG-16873]
Action.c(103): Notify: Transaction "transTes_2" has 0 error message(s).	[MsgId: MMSG-16818]
Action.c(100): Notify: Transaction "transTes_3" started.	[MsgId: MMSG-16999]
Action.c(103): Notify: Transaction "transTes_3" ended with a "Stop" status (Duration: 0.0000).	[MsgId: MMSG-16873]
Action.c(100): Notify: Transaction "transTes_4" started.	[MsgId: MMSG-16999]
Action.c(103): Notify: Transaction "transTes_4" ended with a "Pass" status (Duration: 0.0000).	[MsgId: MMSG-16873]
Action.c(100): Notify: Transaction "transTes_5" started.	[MsgId: MMSG-16999]
Action.c(103): Notify: Transaction "transTes_5" ended with a "Stop" status (Duration: 0.0000).	[MsgId: MMSG-16873]
Action.c(100): Notify: Transaction "transTes_6" started.	[MsgId: MMSG-16999]
Action.c(103): Notify: Transaction "transTes_6" ended with a "Pass" status (Duration: 0.0000).	[MsgId: MMSG-16873]
Action.c(100): Notify: Transaction "transTes_7" started.	[MsgId: MMSG-16999]
Action.c(103): Notify: Transaction "transTes_7" ended with a "Pass" status (Duration: 0.0000).	[MsgId: MMSG-16873]
Action.c(100): Notify: Transaction "transTes_2" started.	[MsgId: MMSG-16999]
Action.c(112): Error: vuser failed	[MsgId: MERR-17999]
Action.c(103): Notify: Transaction "transTes_2" ended with a "Fail" status (Duration: 0.0000).	[MsgId: MMSG-16873]
Action.c(103): Notify: Transaction "transTes_2" has 0 error message(s).	[MsgId: MMSG-16818]
Action.c(100): Notify: Transaction "transTes_3" started.	[MsgId: MMSG-16999]
Action.c(103): Notify: Transaction "transTes_3" ended with a "Stop" status (Duration: 0.0000).	[MsgId: MMSG-16873]
Action.c(100): Notify: Transaction "transTes_4" started.	[MsgId: MMSG-16999]
End auto log messages stack.	[MsgId: MMSG-10544]
Action.c(103): Notify: Transaction "transTes_4" ended with a "Pass" status (Duration: 0.0000).	[MsgId: MMSG-16873]


Action.c(100): Notify: Transaction "transTes_5" started.	[MsgId: MMSG-16999]
Action.c(103): Notify: Transaction "transTes_5" ended with a "Stop" status (Duration: 0.0000).	[MsgId: MMSG-16873]
Action.c(100): Notify: Transaction "transTes_6" started.	[MsgId: MMSG-16999]
Action.c(103): Notify: Transaction "transTes_6" ended with a "Pass" status (Duration: 0.0000).	[MsgId: MMSG-16873]
Action.c(100): Notify: Transaction "transTes_7" started.	[MsgId: MMSG-16999]
Action.c(103): Notify: Transaction "transTes_7" ended with a "Pass" status (Duration: 0.0000).	[MsgId: MMSG-16873]
Action.c(112): Error: vuser failed	[MsgId: MERR-17999]
End auto log messages stack.	[MsgId: MMSG-10544]


Action.c(93): Notify: Transaction "Trans_other" ended with a "Pass" status (Duration: 7.8275 Think Time: 7.3304).	[MsgId: MMSG-16872]
Action.c(100): Notify: Transaction "transTes_0" started.	[MsgId: MMSG-16999]
Action.c(103): Notify: Transaction "transTes_0" ended with a "Pass" status (Duration: 0.0000).	[MsgId: MMSG-16873]
Action.c(100): Notify: Transaction "transTes_1" started.	[MsgId: MMSG-16999]
Action.c(103): Notify: Transaction "transTes_1" ended with a "Pass" status (Duration: 0.0000).	[MsgId: MMSG-16873]
Action.c(93): Notify: Transaction "Trans_other" ended with a "Pass" status (Duration: 7.8440 Think Time: 7.3157).	[MsgId: MMSG-16872]
Action.c(100): Notify: Transaction "transTes_0" started.	[MsgId: MMSG-16999]
Action.c(103): Notify: Transaction "transTes_0" ended with a "Pass" status (Duration: 0.0000).	[MsgId: MMSG-16873]
Action.c(93): Notify: Transaction "Trans_other" ended with a "Pass" status (Duration: 7.8416 Think Time: 7.3071).	[MsgId: MMSG-16872]
Action.c(100): Notify: Transaction "transTes_1" started.	[MsgId: MMSG-16999]
Action.c(103): Notify: Transaction "transTes_1" ended with a "Pass" status (Duration: 0.0000).	[MsgId: MMSG-16873]
Action.c(100): Notify: Transaction "transTes_0" started.	[MsgId: MMSG-16999]
Action.c(100): Notify: Transaction "transTes_2" started.	[MsgId: MMSG-16999]
Action.c(103): Notify: Transaction "transTes_0" ended with a "Pass" status (Duration: 0.0000).	[MsgId: MMSG-16873]
Action.c(103): Notify: Transaction "transTes_2" ended with a "Fail" status (Duration: 0.0000).	[MsgId: MMSG-16873]
Action.c(103): Notify: Transaction "transTes_2" has 0 error message(s).	[MsgId: MMSG-16818]
Action.c(100): Notify: Transaction "transTes_3" started.	[MsgId: MMSG-16999]
Action.c(100): Notify: Transaction "transTes_1" started.	[MsgId: MMSG-16999]
Action.c(103): Notify: Transaction "transTes_3" ended with a "Stop" status (Duration: 0.0000).	[MsgId: MMSG-16873]
Action.c(100): Notify: Transaction "transTes_4" started.	[MsgId: MMSG-16999]
Action.c(103): Notify: Transaction "transTes_4" ended with a "Pass" status (Duration: 0.0000).	[MsgId: MMSG-16873]
Action.c(103): Notify: Transaction "transTes_1" ended with a "Pass" status (Duration: 0.0000).	[MsgId: MMSG-16873]
Action.c(100): Notify: Transaction "transTes_5" started.	[MsgId: MMSG-16999]
Action.c(103): Notify: Transaction "transTes_5" ended with a "Stop" status (Duration: 0.0000).	[MsgId: MMSG-16873]
Action.c(100): Notify: Transaction "transTes_6" started.	[MsgId: MMSG-16999]
Action.c(103): Notify: Transaction "transTes_6" ended with a "Pass" status (Duration: 0.0000).	[MsgId: MMSG-16873]
Action.c(100): Notify: Transaction "transTes_7" started.	[MsgId: MMSG-16999]
Action.c(103): Notify: Transaction "transTes_7" ended with a "Pass" status (Duration: 0.0000).	[MsgId: MMSG-16873]
Action.c(112): Error: vuser failed	[MsgId: MERR-17999]
End auto log messages stack.	[MsgId: MMSG-10544]


Action.c(100): Notify: Transaction "transTes_2" started.	[MsgId: MMSG-16999]
Action.c(103): Notify: Transaction "transTes_2" ended with a "Fail" status (Duration: 0.0000).	[MsgId: MMSG-16873]
Action.c(103): Notify: Transaction "transTes_2" has 0 error message(s).	[MsgId: MMSG-16818]
Action.c(100): Notify: Transaction "transTes_3" started.	[MsgId: MMSG-16999]
Action.c(103): Notify: Transaction "transTes_3" ended with a "Stop" status (Duration: 0.0000).	[MsgId: MMSG-16873]
Action.c(100): Notify: Transaction "transTes_4" started.	[MsgId: MMSG-16999]
Action.c(103): Notify: Transaction "transTes_4" ended with a "Pass" status (Duration: 0.0000).	[MsgId: MMSG-16873]
Action.c(100): Notify: Transaction "transTes_5" started.	[MsgId: MMSG-16999]
Action.c(103): Notify: Transaction "transTes_5" ended with a "Stop" status (Duration: 0.0000).	[MsgId: MMSG-16873]
Action.c(100): Notify: Transaction "transTes_6" started.	[MsgId: MMSG-16999]
Action.c(103): Notify: Transaction "transTes_6" ended with a "Pass" status (Duration: 0.0000).	[MsgId: MMSG-16873]
Action.c(100): Notify: Transaction "transTes_7" started.	[MsgId: MMSG-16999]
Action.c(103): Notify: Transaction "transTes_7" ended with a "Pass" status (Duration: 0.0000).	[MsgId: MMSG-16873]
Action.c(112): Error: vuser failed	[MsgId: MERR-17999]
End auto log messages stack.	[MsgId: MMSG-10544]


Action.c(100): Notify: Transaction "transTes_2" started.	[MsgId: MMSG-16999]
Action.c(103): Notify: Transaction "transTes_2" ended with a "Fail" status (Duration: 0.0000).	[MsgId: MMSG-16873]
Action.c(103): Notify: Transaction "transTes_2" has 0 error message(s).	[MsgId: MMSG-16818]
Action.c(100): Notify: Transaction "transTes_3" started.	[MsgId: MMSG-16999]
Action.c(103): Notify: Transaction "transTes_3" ended with a "Stop" status (Duration: 0.0000).	[MsgId: MMSG-16873]
Action.c(100): Notify: Transaction "transTes_4" started.	[MsgId: MMSG-16999]
Action.c(103): Notify: Transaction "transTes_4" ended with a "Pass" status (Duration: 0.0000).	[MsgId: MMSG-16873]
Action.c(100): Notify: Transaction "transTes_5" started.	[MsgId: MMSG-16999]
Action.c(103): Notify: Transaction "transTes_5" ended with a "Stop" status (Duration: 0.0000).	[MsgId: MMSG-16873]
Action.c(100): Notify: Transaction "transTes_6" started.	[MsgId: MMSG-16999]
Action.c(103): Notify: Transaction "transTes_6" ended with a "Pass" status (Duration: 0.0000).	[MsgId: MMSG-16873]
Action.c(100): Notify: Transaction "transTes_7" started.	[MsgId: MMSG-16999]
Action.c(103): Notify: Transaction "transTes_7" ended with a "Pass" status (Duration: 0.0000).	[MsgId: MMSG-16873]
Action.c(112): Error: vuser failed	[MsgId: MERR-17999]
End auto log messages stack.	[MsgId: MMSG-10544]


Action.c(93): Notify: Transaction "Trans_other" ended with a "Pass" status (Duration: 7.8299 Think Time: 7.3111).	[MsgId: MMSG-16872]
Action.c(100): Notify: Transaction "transTes_0" started.	[MsgId: MMSG-16999]
Action.c(103): Notify: Transaction "transTes_0" ended with a "Pass" status (Duration: 0.0000).	[MsgId: MMSG-16873]
Action.c(100): Notify: Transaction "transTes_1" started.	[MsgId: MMSG-16999]
Action.c(103): Notify: Transaction "transTes_1" ended with a "Pass" status (Duration: 0.0000).	[MsgId: MMSG-16873]
Action.c(93): Notify: Transaction "Trans_other" ended with a "Pass" status (Duration: 7.8416 Think Time: 7.3085).	[MsgId: MMSG-16872]
Action.c(100): Notify: Transaction "transTes_0" started.	[MsgId: MMSG-16999]
Action.c(103): Notify: Transaction "transTes_0" ended with a "Pass" status (Duration: 0.0000).	[MsgId: MMSG-16873]
Action.c(100): Notify: Transaction "transTes_1" started.	[MsgId: MMSG-16999]
Action.c(103): Notify: Transaction "transTes_1" ended with a "Pass" status (Duration: 0.0000).	[MsgId: MMSG-16873]
Action.c(100): Notify: Transaction "transTes_2" started.	[MsgId: MMSG-16999]
Action.c(103): Notify: Transaction "transTes_2" ended with a "Fail" status (Duration: 0.0000).	[MsgId: MMSG-16873]
Action.c(103): Notify: Transaction "transTes_2" has 0 error message(s).	[MsgId: MMSG-16818]
Action.c(100): Notify: Transaction "transTes_3" started.	[MsgId: MMSG-16999]
Action.c(103): Notify: Transaction "transTes_3" ended with a "Stop" status (Duration: 0.0000).	[MsgId: MMSG-16873]
Action.c(100): Notify: Transaction "transTes_4" started.	[MsgId: MMSG-16999]
Action.c(103): Notify: Transaction "transTes_4" ended with a "Pass" status (Duration: 0.0000).	[MsgId: MMSG-16873]
Action.c(100): Notify: Transaction "transTes_5" started.	[MsgId: MMSG-16999]
Action.c(103): Notify: Transaction "transTes_5" ended with a "Stop" status (Duration: 0.0000).	[MsgId: MMSG-16873]
Action.c(100): Notify: Transaction "transTes_6" started.	[MsgId: MMSG-16999]
Action.c(103): Notify: Transaction "transTes_6" ended with a "Pass" status (Duration: 0.0000).	[MsgId: MMSG-16873]
Action.c(100): Notify: Transaction "transTes_7" started.	[MsgId: MMSG-16999]
Action.c(103): Notify: Transaction "transTes_7" ended with a "Pass" status (Duration: 0.0000).	[MsgId: MMSG-16873]
Action.c(112): Error: vuser failed	[MsgId: MERR-17999]
End auto log messages stack.	[MsgId: MMSG-10544]


Action.c(100): Notify: Transaction "transTes_2" started.	[MsgId: MMSG-16999]
Action.c(103): Notify: Transaction "transTes_2" ended with a "Fail" status (Duration: 0.0000).	[MsgId: MMSG-16873]
Action.c(103): Notify: Transaction "transTes_2" has 0 error message(s).	[MsgId: MMSG-16818]
Action.c(100): Notify: Transaction "transTes_3" started.	[MsgId: MMSG-16999]
Action.c(103): Notify: Transaction "transTes_3" ended with a "Stop" status (Duration: 0.0000).	[MsgId: MMSG-16873]
Action.c(100): Notify: Transaction "transTes_4" started.	[MsgId: MMSG-16999]
Action.c(103): Notify: Transaction "transTes_4" ended with a "Pass" status (Duration: 0.0000).	[MsgId: MMSG-16873]
Action.c(100): Notify: Transaction "transTes_5" started.	[MsgId: MMSG-16999]
Action.c(103): Notify: Transaction "transTes_5" ended with a "Stop" status (Duration: 0.0000).	[MsgId: MMSG-16873]
Action.c(100): Notify: Transaction "transTes_6" started.	[MsgId: MMSG-16999]
Action.c(103): Notify: Transaction "transTes_6" ended with a "Pass" status (Duration: 0.0000).	[MsgId: MMSG-16873]
Action.c(100): Notify: Transaction "transTes_7" started.	[MsgId: MMSG-16999]
Action.c(103): Notify: Transaction "transTes_7" ended with a "Pass" status (Duration: 0.0000).	[MsgId: MMSG-16873]
Action.c(112): Error: vuser failed	[MsgId: MERR-17999]
End auto log messages stack.	[MsgId: MMSG-10544]


Action.c(93): Notify: Transaction "Trans_other" ended with a "Pass" status (Duration: 7.8411 Think Time: 7.3150).	[MsgId: MMSG-16872]
Action.c(100): Notify: Transaction "transTes_0" started.	[MsgId: MMSG-16999]
Action.c(103): Notify: Transaction "transTes_0" ended with a "Pass" status (Duration: 0.0000).	[MsgId: MMSG-16873]
Action.c(100): Notify: Transaction "transTes_1" started.	[MsgId: MMSG-16999]
Action.c(103): Notify: Transaction "transTes_1" ended with a "Pass" status (Duration: 0.0000).	[MsgId: MMSG-16873]
Action.c(100): Notify: Transaction "transTes_2" started.	[MsgId: MMSG-16999]
Action.c(103): Notify: Transaction "transTes_2" ended with a "Fail" status (Duration: 0.0000).	[MsgId: MMSG-16873]
Action.c(103): Notify: Transaction "transTes_2" has 0 error message(s).	[MsgId: MMSG-16818]
Action.c(100): Notify: Transaction "transTes_3" started.	[MsgId: MMSG-16999]
Action.c(103): Notify: Transaction "transTes_3" ended with a "Stop" status (Duration: 0.0000).	[MsgId: MMSG-16873]
Action.c(100): Notify: Transaction "transTes_4" started.	[MsgId: MMSG-16999]
Action.c(103): Notify: Transaction "transTes_4" ended with a "Pass" status (Duration: 0.0000).	[MsgId: MMSG-16873]
Action.c(100): Notify: Transaction "transTes_5" started.	[MsgId: MMSG-16999]
Action.c(103): Notify: Transaction "transTes_5" ended with a "Stop" status (Duration: 0.0000).	[MsgId: MMSG-16873]
Action.c(100): Notify: Transaction "transTes_6" started.	[MsgId: MMSG-16999]
Action.c(103): Notify: Transaction "transTes_6" ended with a "Pass" status (Duration: 0.0000).	[MsgId: MMSG-16873]
Action.c(100): Notify: Transaction "transTes_7" started.	[MsgId: MMSG-16999]
Action.c(103): Notify: Transaction "transTes_7" ended with a "Pass" status (Duration: 0.0000).	[MsgId: MMSG-16873]
Action.c(112): Error: vuser failed	[MsgId: MERR-17999]
End auto log messages stack.	[MsgId: MMSG-10544]


Start auto log messages stack - Iteration 1.	[MsgId: MMSG-10545]
Action.c(93): Notify: Transaction "Trans_other" ended with a "Pass" status (Duration: 9.9854 Think Time: 7.3194).	[MsgId: MMSG-16872]
Action.c(100): Notify: Transaction "transTes_0" started.	[MsgId: MMSG-16999]
Action.c(103): Notify: Transaction "transTes_0" ended with a "Pass" status (Duration: 0.0000).	[MsgId: MMSG-16873]
Action.c(100): Notify: Transaction "transTes_1" started.	[MsgId: MMSG-16999]
Action.c(103): Notify: Transaction "transTes_1" ended with a "Pass" status (Duration: 0.0000).	[MsgId: MMSG-16873]
Action.c(100): Notify: Transaction "transTes_2" started.	[MsgId: MMSG-16999]
Action.c(103): Notify: Transaction "transTes_2" ended with a "Fail" status (Duration: 0.0000).	[MsgId: MMSG-16873]
Action.c(103): Notify: Transaction "transTes_2" has 0 error message(s).	[MsgId: MMSG-16818]
Action.c(100): Notify: Transaction "transTes_3" started.	[MsgId: MMSG-16999]
Action.c(103): Notify: Transaction "transTes_3" ended with a "Stop" status (Duration: 0.0000).	[MsgId: MMSG-16873]
Action.c(100): Notify: Transaction "transTes_4" started.	[MsgId: MMSG-16999]
Action.c(103): Notify: Transaction "transTes_4" ended with a "Pass" status (Duration: 0.0000).	[MsgId: MMSG-16873]
Action.c(100): Notify: Transaction "transTes_5" started.	[MsgId: MMSG-16999]
Action.c(103): Notify: Transaction "transTes_5" ended with a "Stop" status (Duration: 0.0000).	[MsgId: MMSG-16873]
Action.c(100): Notify: Transaction "transTes_6" started.	[MsgId: MMSG-16999]
Action.c(103): Notify: Transaction "transTes_6" ended with a "Pass" status (Duration: 0.0000).	[MsgId: MMSG-16873]
Action.c(100): Notify: Transaction "transTes_7" started.	[MsgId: MMSG-16999]
Action.c(103): Notify: Transaction "transTes_7" ended with a "Pass" status (Duration: 0.0000).	[MsgId: MMSG-16873]
Action.c(112): Error: vuser failed	[MsgId: MERR-17999]
End auto log messages stack.	[MsgId: MMSG-10544]


Start auto log messages stack - Iteration 1.	[MsgId: MMSG-10545]
Action.c(93): Notify: Transaction "Trans_other" ended with a "Pass" status (Duration: 10.0075 Think Time: 7.3291).	[MsgId: MMSG-16872]
Action.c(100): Notify: Transaction "transTes_0" started.	[MsgId: MMSG-16999]
Action.c(103): Notify: Transaction "transTes_0" ended with a "Pass" status (Duration: 0.0000).	[MsgId: MMSG-16873]
Action.c(100): Notify: Transaction "transTes_1" started.	[MsgId: MMSG-16999]
Action.c(103): Notify: Transaction "transTes_1" ended with a "Pass" status (Duration: 0.0000).	[MsgId: MMSG-16873]
Action.c(100): Notify: Transaction "transTes_2" started.	[MsgId: MMSG-16999]
Action.c(103): Notify: Transaction "transTes_2" ended with a "Fail" status (Duration: 0.0000).	[MsgId: MMSG-16873]
Action.c(103): Notify: Transaction "transTes_2" has 0 error message(s).	[MsgId: MMSG-16818]
Action.c(100): Notify: Transaction "transTes_3" started.	[MsgId: MMSG-16999]
Action.c(103): Notify: Transaction "transTes_3" ended with a "Stop" status (Duration: 0.0000).	[MsgId: MMSG-16873]
Action.c(100): Notify: Transaction "transTes_4" started.	[MsgId: MMSG-16999]
Action.c(103): Notify: Transaction "transTes_4" ended with a "Pass" status (Duration: 0.0000).	[MsgId: MMSG-16873]
Action.c(100): Notify: Transaction "transTes_5" started.	[MsgId: MMSG-16999]
Action.c(103): Notify: Transaction "transTes_5" ended with a "Stop" status (Duration: 0.0000).	[MsgId: MMSG-16873]
Action.c(100): Notify: Transaction "transTes_6" started.	[MsgId: MMSG-16999]
Action.c(103): Notify: Transaction "transTes_6" ended with a "Pass" status (Duration: 0.0000).	[MsgId: MMSG-16873]
Action.c(100): Notify: Transaction "transTes_7" started.	[MsgId: MMSG-16999]
Action.c(103): Notify: Transaction "transTes_7" ended with a "Pass" status (Duration: 0.0000).	[MsgId: MMSG-16873]
Action.c(112): Error: vuser failed	[MsgId: MERR-17999]
End auto log messages stack.	[MsgId: MMSG-10544]


Start auto log messages stack - Iteration 1.	[MsgId: MMSG-10545]
Action.c(100): Notify: Transaction "transTes_1" started.	[MsgId: MMSG-16999]
Action.c(103): Notify: Transaction "transTes_1" ended with a "Fail" status (Duration: 0.0000).	[MsgId: MMSG-16873]
Action.c(103): Notify: Transaction "transTes_1" has 0 error message(s).	[MsgId: MMSG-16818]
Action.c(100): Notify: Transaction "transTes_2" started.	[MsgId: MMSG-16999]
Action.c(103): Notify: Transaction "transTes_2" ended with a "Fail" status (Duration: 0.0000).	[MsgId: MMSG-16873]
Action.c(103): Notify: Transaction "transTes_2" has 0 error message(s).	[MsgId: MMSG-16818]
Action.c(93): Notify: Transaction "Trans_other" ended with a "Pass" status (Duration: 7.8856 Think Time: 7.3946).	[MsgId: MMSG-16872]
Action.c(100): Notify: Transaction "transTes_0" started.	[MsgId: MMSG-16999]
Action.c(103): Notify: Transaction "transTes_0" ended with a "Pass" status (Duration: 0.0000).	[MsgId: MMSG-16873]
Action.c(100): Notify: Transaction "transTes_1" started.	[MsgId: MMSG-16999]
Action.c(103): Notify: Transaction "transTes_1" ended with a "Pass" status (Duration: 0.0000).	[MsgId: MMSG-16873]
Action.c(100): Notify: Transaction "transTes_3" started.	[MsgId: MMSG-16999]
Action.c(103): Notify: Transaction "transTes_3" ended with a "Pass" status (Duration: 0.0000).	[MsgId: MMSG-16873]
Action.c(100): Notify: Transaction "transTes_4" started.	[MsgId: MMSG-16999]
Action.c(103): Notify: Transaction "transTes_4" ended with a "Fail" status (Duration: 0.0000).	[MsgId: MMSG-16873]
Action.c(103): Notify: Transaction "transTes_4" has 0 error message(s).	[MsgId: MMSG-16818]
Action.c(100): Notify: Transaction "transTes_5" started.	[MsgId: MMSG-16999]
Action.c(103): Notify: Transaction "transTes_5" ended with a "Fail" status (Duration: 0.0000).	[MsgId: MMSG-16873]
Action.c(103): Notify: Transaction "transTes_5" has 0 error message(s).	[MsgId: MMSG-16818]
Action.c(100): Notify: Transaction "transTes_6" started.	[MsgId: MMSG-16999]
Action.c(103): Notify: Transaction "transTes_6" ended with a "Fail" status (Duration: 0.0000).	[MsgId: MMSG-16873]
Action.c(103): Notify: Transaction "transTes_6" has 0 error message(s).	[MsgId: MMSG-16818]
Action.c(100): Notify: Transaction "transTes_7" started.	[MsgId: MMSG-16999]
Action.c(103): Notify: Transaction "transTes_7" ended with a "Stop" status (Duration: 0.0000).	[MsgId: MMSG-16873]
Action.c(112): Error: vuser failed	[MsgId: MERR-17999]
End auto log messages stack.	[MsgId: MMSG-10544]


Action.c(100): Notify: Transaction "transTes_2" started.	[MsgId: MMSG-16999]
Action.c(103): Notify: Transaction "transTes_2" ended with a "Fail" status (Duration: 0.0000).	[MsgId: MMSG-16873]
Action.c(103): Notify: Transaction "transTes_2" has 0 error message(s).	[MsgId: MMSG-16818]
Action.c(100): Notify: Transaction "transTes_3" started.	[MsgId: MMSG-16999]
Action.c(103): Notify: Transaction "transTes_3" ended with a "Stop" status (Duration: 0.0000).	[MsgId: MMSG-16873]
Action.c(100): Notify: Transaction "transTes_4" started.	[MsgId: MMSG-16999]
Action.c(103): Notify: Transaction "transTes_4" ended with a "Pass" status (Duration: 0.0000).	[MsgId: MMSG-16873]
Action.c(100): Notify: Transaction "transTes_5" started.	[MsgId: MMSG-16999]
Action.c(103): Notify: Transaction "transTes_5" ended with a "Stop" status (Duration: 0.0000).	[MsgId: MMSG-16873]
Action.c(100): Notify: Transaction "transTes_6" started.	[MsgId: MMSG-16999]
Action.c(103): Notify: Transaction "transTes_6" ended with a "Pass" status (Duration: 0.0000).	[MsgId: MMSG-16873]
Action.c(100): Notify: Transaction "transTes_7" started.	[MsgId: MMSG-16999]
Action.c(103): Notify: Transaction "transTes_7" ended with a "Pass" status (Duration: 0.0000).	[MsgId: MMSG-16873]
Action.c(112): Error: vuser failed	[MsgId: MERR-17999]
End auto log messages stack.	[MsgId: MMSG-10544]


Start auto log messages stack - Iteration 1.	[MsgId: MMSG-10545]
Start auto log messages stack - Iteration 1.	[MsgId: MMSG-10545]
Action.c(93): Notify: Transaction "Trans_other" ended with a "Pass" status (Duration: 6.6742 Think Time: 6.6605).	[MsgId: MMSG-16872]
Action.c(100): Notify: Transaction "transTes_0" started.	[MsgId: MMSG-16999]
Action.c(103): Notify: Transaction "transTes_0" ended with a "Pass" status (Duration: 0.0000).	[MsgId: MMSG-16873]
Action.c(100): Notify: Transaction "transTes_1" started.	[MsgId: MMSG-16999]
Action.c(103): Notify: Transaction "transTes_1" ended with a "Pass" status (Duration: 0.0000).	[MsgId: MMSG-16873]
Action.c(93): Notify: Transaction "Trans_other" ended with a "Pass" status (Duration: 6.6735 Think Time: 6.6507).	[MsgId: MMSG-16872]
Action.c(100): Notify: Transaction "transTes_0" started.	[MsgId: MMSG-16999]
Action.c(103): Notify: Transaction "transTes_0" ended with a "Pass" status (Duration: 0.0000).	[MsgId: MMSG-16873]
Action.c(100): Notify: Transaction "transTes_1" started.	[MsgId: MMSG-16999]
Action.c(103): Notify: Transaction "transTes_1" ended with a "Pass" status (Duration: 0.0000).	[MsgId: MMSG-16873]
Action.c(100): Notify: Transaction "transTes_2" started.	[MsgId: MMSG-16999]
Action.c(103): Notify: Transaction "transTes_2" ended with a "Fail" status (Duration: 0.0000).	[MsgId: MMSG-16873]
Action.c(103): Notify: Transaction "transTes_2" has 0 error message(s).	[MsgId: MMSG-16818]
Action.c(100): Notify: Transaction "transTes_3" started.	[MsgId: MMSG-16999]
Action.c(103): Notify: Transaction "transTes_3" ended with a "Stop" status (Duration: 0.0000).	[MsgId: MMSG-16873]
Action.c(100): Notify: Transaction "transTes_4" started.	[MsgId: MMSG-16999]
Action.c(103): Notify: Transaction "transTes_4" ended with a "Pass" status (Duration: 0.0000).	[MsgId: MMSG-16873]
Action.c(100): Notify: Transaction "transTes_5" started.	[MsgId: MMSG-16999]
Action.c(103): Notify: Transaction "transTes_5" ended with a "Stop" status (Duration: 0.0000).	[MsgId: MMSG-16873]
Action.c(100): Notify: Transaction "transTes_6" started.	[MsgId: MMSG-16999]
Action.c(103): Notify: Transaction "transTes_6" ended with a "Pass" status (Duration: 0.0000).	[MsgId: MMSG-16873]
Action.c(100): Notify: Transaction "transTes_7" started.	[MsgId: MMSG-16999]
Action.c(103): Notify: Transaction "transTes_7" ended with a "Pass" status (Duration: 0.0000).	[MsgId: MMSG-16873]
Action.c(112): Error: vuser failed	[MsgId: MERR-17999]
End auto log messages stack.	[MsgId: MMSG-10544]


Start auto log messages stack - Iteration 1.	[MsgId: MMSG-10545]
Action.c(93): Notify: Transaction "Trans_other" ended with a "Pass" status (Duration: 6.6417 Think Time: 6.6324).	[MsgId: MMSG-16872]
Action.c(100): Notify: Transaction "transTes_0" started.	[MsgId: MMSG-16999]
Action.c(103): Notify: Transaction "transTes_0" ended with a "Pass" status (Duration: 0.0000).	[MsgId: MMSG-16873]
Action.c(100): Notify: Transaction "transTes_1" started.	[MsgId: MMSG-16999]
Action.c(103): Notify: Transaction "transTes_1" ended with a "Pass" status (Duration: 0.0000).	[MsgId: MMSG-16873]
Action.c(100): Notify: Transaction "transTes_2" started.	[MsgId: MMSG-16999]
Action.c(103): Notify: Transaction "transTes_2" ended with a "Fail" status (Duration: 0.0000).	[MsgId: MMSG-16873]
Action.c(103): Notify: Transaction "transTes_2" has 0 error message(s).	[MsgId: MMSG-16818]
Action.c(100): Notify: Transaction "transTes_3" started.	[MsgId: MMSG-16999]
Action.c(103): Notify: Transaction "transTes_3" ended with a "Stop" status (Duration: 0.0000).	[MsgId: MMSG-16873]
Action.c(100): Notify: Transaction "transTes_4" started.	[MsgId: MMSG-16999]
Action.c(103): Notify: Transaction "transTes_4" ended with a "Pass" status (Duration: 0.0000).	[MsgId: MMSG-16873]
Action.c(100): Notify: Transaction "transTes_5" started.	[MsgId: MMSG-16999]
Action.c(103): Notify: Transaction "transTes_5" ended with a "Stop" status (Duration: 0.0000).	[MsgId: MMSG-16873]
Action.c(100): Notify: Transaction "transTes_6" started.	[MsgId: MMSG-16999]
Action.c(103): Notify: Transaction "transTes_6" ended with a "Pass" status (Duration: 0.0000).	[MsgId: MMSG-16873]
Action.c(100): Notify: Transaction "transTes_7" started.	[MsgId: MMSG-16999]
Action.c(103): Notify: Transaction "transTes_7" ended with a "Pass" status (Duration: 0.0000).	[MsgId: MMSG-16873]
Action.c(112): Error: vuser failed	[MsgId: MERR-17999]
End auto log messages stack.	[MsgId: MMSG-10544]


Action.c(100): Notify: Transaction "transTes_2" started.	[MsgId: MMSG-16999]
Action.c(103): Notify: Transaction "transTes_2" ended with a "Fail" status (Duration: 0.0000).	[MsgId: MMSG-16873]
Action.c(103): Notify: Transaction "transTes_2" has 0 error message(s).	[MsgId: MMSG-16818]
Action.c(100): Notify: Transaction "transTes_3" started.	[MsgId: MMSG-16999]
Action.c(103): Notify: Transaction "transTes_3" ended with a "Stop" status (Duration: 0.0000).	[MsgId: MMSG-16873]
Action.c(100): Notify: Transaction "transTes_4" started.	[MsgId: MMSG-16999]
Action.c(103): Notify: Transaction "transTes_4" ended with a "Pass" status (Duration: 0.0000).	[MsgId: MMSG-16873]
Action.c(100): Notify: Transaction "transTes_5" started.	[MsgId: MMSG-16999]
Action.c(103): Notify: Transaction "transTes_5" ended with a "Stop" status (Duration: 0.0000).	[MsgId: MMSG-16873]
Action.c(100): Notify: Transaction "transTes_6" started.	[MsgId: MMSG-16999]
Action.c(103): Notify: Transaction "transTes_6" ended with a "Pass" status (Duration: 0.0000).	[MsgId: MMSG-16873]
Action.c(100): Notify: Transaction "transTes_7" started.	[MsgId: MMSG-16999]
Action.c(103): Notify: Transaction "transTes_7" ended with a "Pass" status (Duration: 0.0000).	[MsgId: MMSG-16873]
Action.c(112): Error: vuser failed	[MsgId: MERR-17999]
End auto log messages stack.	[MsgId: MMSG-10544]


Start auto log messages stack - Iteration 1.	[MsgId: MMSG-10545]
Action.c(93): Notify: Transaction "Trans_other" ended with a "Pass" status (Duration: 6.7132 Think Time: 6.6980).	[MsgId: MMSG-16872]
Action.c(100): Notify: Transaction "transTes_0" started.	[MsgId: MMSG-16999]
Action.c(103): Notify: Transaction "transTes_0" ended with a "Pass" status (Duration: 0.0000).	[MsgId: MMSG-16873]
Action.c(100): Notify: Transaction "transTes_1" started.	[MsgId: MMSG-16999]
Action.c(103): Notify: Transaction "transTes_1" ended with a "Pass" status (Duration: 0.0000).	[MsgId: MMSG-16873]
Action.c(100): Notify: Transaction "transTes_2" started.	[MsgId: MMSG-16999]
Action.c(103): Notify: Transaction "transTes_2" ended with a "Fail" status (Duration: 0.0000).	[MsgId: MMSG-16873]
Action.c(103): Notify: Transaction "transTes_2" has 0 error message(s).	[MsgId: MMSG-16818]
Action.c(100): Notify: Transaction "transTes_3" started.	[MsgId: MMSG-16999]
Action.c(103): Notify: Transaction "transTes_3" ended with a "Stop" status (Duration: 0.0000).	[MsgId: MMSG-16873]
Action.c(100): Notify: Transaction "transTes_4" started.	[MsgId: MMSG-16999]
Action.c(103): Notify: Transaction "transTes_4" ended with a "Pass" status (Duration: 0.0000).	[MsgId: MMSG-16873]
Action.c(100): Notify: Transaction "transTes_5" started.	[MsgId: MMSG-16999]
Action.c(103): Notify: Transaction "transTes_5" ended with a "Stop" status (Duration: 0.0000).	[MsgId: MMSG-16873]
Action.c(100): Notify: Transaction "transTes_6" started.	[MsgId: MMSG-16999]
Action.c(103): Notify: Transaction "transTes_6" ended with a "Pass" status (Duration: 0.0000).	[MsgId: MMSG-16873]
Action.c(100): Notify: Transaction "transTes_7" started.	[MsgId: MMSG-16999]
Action.c(103): Notify: Transaction "transTes_7" ended with a "Pass" status (Duration: 0.0000).	[MsgId: MMSG-16873]
Action.c(112): Error: vuser failed	[MsgId: MERR-17999]
End auto log messages stack.	[MsgId: MMSG-10544]


Start auto log messages stack - Iteration 1.	[MsgId: MMSG-10545]
Action.c(93): Notify: Transaction "Trans_other" ended with a "Pass" status (Duration: 6.4705 Think Time: 6.4594).	[MsgId: MMSG-16872]
Action.c(100): Notify: Transaction "transTes_0" started.	[MsgId: MMSG-16999]
Action.c(103): Notify: Transaction "transTes_0" ended with a "Pass" status (Duration: 0.0000).	[MsgId: MMSG-16873]
Action.c(100): Notify: Transaction "transTes_1" started.	[MsgId: MMSG-16999]
Action.c(103): Notify: Transaction "transTes_1" ended with a "Pass" status (Duration: 0.0000).	[MsgId: MMSG-16873]
Action.c(100): Notify: Transaction "transTes_2" started.	[MsgId: MMSG-16999]
Action.c(103): Notify: Transaction "transTes_2" ended with a "Fail" status (Duration: 0.0000).	[MsgId: MMSG-16873]
Action.c(103): Notify: Transaction "transTes_2" has 0 error message(s).	[MsgId: MMSG-16818]
Action.c(100): Notify: Transaction "transTes_3" started.	[MsgId: MMSG-16999]
Action.c(103): Notify: Transaction "transTes_3" ended with a "Stop" status (Duration: 0.0000).	[MsgId: MMSG-16873]
Action.c(100): Notify: Transaction "transTes_4" started.	[MsgId: MMSG-16999]
Action.c(103): Notify: Transaction "transTes_4" ended with a "Pass" status (Duration: 0.0000).	[MsgId: MMSG-16873]
Action.c(100): Notify: Transaction "transTes_5" started.	[MsgId: MMSG-16999]
Action.c(103): Notify: Transaction "transTes_5" ended with a "Stop" status (Duration: 0.0000).	[MsgId: MMSG-16873]
Action.c(100): Notify: Transaction "transTes_6" started.	[MsgId: MMSG-16999]
Action.c(103): Notify: Transaction "transTes_6" ended with a "Pass" status (Duration: 0.0000).	[MsgId: MMSG-16873]
Action.c(100): Notify: Transaction "transTes_7" started.	[MsgId: MMSG-16999]
Action.c(103): Notify: Transaction "transTes_7" ended with a "Pass" status (Duration: 0.0000).	[MsgId: MMSG-16873]
Action.c(112): Error: vuser failed	[MsgId: MERR-17999]
End auto log messages stack.	[MsgId: MMSG-10544]


Start auto log messages stack - Iteration 1.	[MsgId: MMSG-10545]
Action.c(93): Notify: Transaction "Trans_other" ended with a "Pass" status (Duration: 6.4806 Think Time: 6.4735).	[MsgId: MMSG-16872]
Action.c(100): Notify: Transaction "transTes_0" started.	[MsgId: MMSG-16999]
Action.c(103): Notify: Transaction "transTes_0" ended with a "Pass" status (Duration: 0.0000).	[MsgId: MMSG-16873]
Action.c(100): Notify: Transaction "transTes_1" started.	[MsgId: MMSG-16999]
Action.c(103): Notify: Transaction "transTes_1" ended with a "Pass" status (Duration: 0.0000).	[MsgId: MMSG-16873]
Start auto log messages stack - Iteration 1.	[MsgId: MMSG-10545]
Action.c(93): Notify: Transaction "Trans_other" ended with a "Pass" status (Duration: 6.4887 Think Time: 6.4587).	[MsgId: MMSG-16872]
Action.c(100): Notify: Transaction "transTes_0" started.	[MsgId: MMSG-16999]
Action.c(103): Notify: Transaction "transTes_0" ended with a "Pass" status (Duration: 0.0000).	[MsgId: MMSG-16873]
Action.c(100): Notify: Transaction "transTes_1" started.	[MsgId: MMSG-16999]
Action.c(103): Notify: Transaction "transTes_1" ended with a "Pass" status (Duration: 0.0000).	[MsgId: MMSG-16873]
Action.c(100): Notify: Transaction "transTes_2" started.	[MsgId: MMSG-16999]
Action.c(103): Notify: Transaction "transTes_2" ended with a "Fail" status (Duration: 0.0000).	[MsgId: MMSG-16873]
Action.c(103): Notify: Transaction "transTes_2" has 0 error message(s).	[MsgId: MMSG-16818]
Action.c(100): Notify: Transaction "transTes_3" started.	[MsgId: MMSG-16999]
Action.c(103): Notify: Transaction "transTes_3" ended with a "Stop" status (Duration: 0.0000).	[MsgId: MMSG-16873]
Action.c(100): Notify: Transaction "transTes_4" started.	[MsgId: MMSG-16999]
Action.c(103): Notify: Transaction "transTes_4" ended with a "Pass" status (Duration: 0.0000).	[MsgId: MMSG-16873]
Action.c(100): Notify: Transaction "transTes_5" started.	[MsgId: MMSG-16999]
Action.c(103): Notify: Transaction "transTes_5" ended with a "Stop" status (Duration: 0.0000).	[MsgId: MMSG-16873]
Action.c(100): Notify: Transaction "transTes_6" started.	[MsgId: MMSG-16999]
Action.c(103): Notify: Transaction "transTes_6" ended with a "Pass" status (Duration: 0.0000).	[MsgId: MMSG-16873]
Action.c(100): Notify: Transaction "transTes_7" started.	[MsgId: MMSG-16999]
Action.c(103): Notify: Transaction "transTes_7" ended with a "Pass" status (Duration: 0.0000).	[MsgId: MMSG-16873]
Action.c(112): Error: vuser failed	[MsgId: MERR-17999]
End auto log messages stack.	[MsgId: MMSG-10544]


Start auto log messages stack - Iteration 1.	[MsgId: MMSG-10545]
Action.c(93): Notify: Transaction "Trans_other" ended with a "Pass" status (Duration: 6.4922 Think Time: 6.4705).	[MsgId: MMSG-16872]
Action.c(100): Notify: Transaction "transTes_0" started.	[MsgId: MMSG-16999]
Action.c(103): Notify: Transaction "transTes_0" ended with a "Pass" status (Duration: 0.0000).	[MsgId: MMSG-16873]
Action.c(100): Notify: Transaction "transTes_1" started.	[MsgId: MMSG-16999]
Action.c(103): Notify: Transaction "transTes_1" ended with a "Pass" status (Duration: 0.0000).	[MsgId: MMSG-16873]
Action.c(100): Notify: Transaction "transTes_2" started.	[MsgId: MMSG-16999]
Action.c(103): Notify: Transaction "transTes_2" ended with a "Fail" status (Duration: 0.0000).	[MsgId: MMSG-16873]
Action.c(103): Notify: Transaction "transTes_2" has 0 error message(s).	[MsgId: MMSG-16818]
Action.c(100): Notify: Transaction "transTes_3" started.	[MsgId: MMSG-16999]
Action.c(103): Notify: Transaction "transTes_3" ended with a "Stop" status (Duration: 0.0000).	[MsgId: MMSG-16873]
Action.c(100): Notify: Transaction "transTes_4" started.	[MsgId: MMSG-16999]
Action.c(103): Notify: Transaction "transTes_4" ended with a "Pass" status (Duration: 0.0000).	[MsgId: MMSG-16873]
Action.c(100): Notify: Transaction "transTes_5" started.	[MsgId: MMSG-16999]
Action.c(103): Notify: Transaction "transTes_5" ended with a "Stop" status (Duration: 0.0000).	[MsgId: MMSG-16873]
Action.c(100): Notify: Transaction "transTes_6" started.	[MsgId: MMSG-16999]
Action.c(103): Notify: Transaction "transTes_6" ended with a "Pass" status (Duration: 0.0000).	[MsgId: MMSG-16873]
Action.c(100): Notify: Transaction "transTes_7" started.	[MsgId: MMSG-16999]
Action.c(103): Notify: Transaction "transTes_7" ended with a "Pass" status (Duration: 0.0000).	[MsgId: MMSG-16873]
Action.c(112): Error: vuser failed	[MsgId: MERR-17999]
End auto log messages stack.	[MsgId: MMSG-10544]


Action.c(100): Notify: Transaction "transTes_2" started.	[MsgId: MMSG-16999]
Action.c(103): Notify: Transaction "transTes_2" ended with a "Fail" status (Duration: 0.0000).	[MsgId: MMSG-16873]
Action.c(103): Notify: Transaction "transTes_2" has 0 error message(s).	[MsgId: MMSG-16818]
Action.c(100): Notify: Transaction "transTes_3" started.	[MsgId: MMSG-16999]
Action.c(103): Notify: Transaction "transTes_3" ended with a "Stop" status (Duration: 0.0000).	[MsgId: MMSG-16873]
Action.c(100): Notify: Transaction "transTes_4" started.	[MsgId: MMSG-16999]
Action.c(103): Notify: Transaction "transTes_4" ended with a "Pass" status (Duration: 0.0000).	[MsgId: MMSG-16873]
Action.c(100): Notify: Transaction "transTes_5" started.	[MsgId: MMSG-16999]
Action.c(103): Notify: Transaction "transTes_5" ended with a "Stop" status (Duration: 0.0000).	[MsgId: MMSG-16873]
Action.c(100): Notify: Transaction "transTes_6" started.	[MsgId: MMSG-16999]
Action.c(103): Notify: Transaction "transTes_6" ended with a "Pass" status (Duration: 0.0000).	[MsgId: MMSG-16873]
Action.c(100): Notify: Transaction "transTes_7" started.	[MsgId: MMSG-16999]
Action.c(103): Notify: Transaction "transTes_7" ended with a "Pass" status (Duration: 0.0000).	[MsgId: MMSG-16873]
Action.c(112): Error: vuser failed	[MsgId: MERR-17999]
End auto log messages stack.	[MsgId: MMSG-10544]


Start auto log messages stack - Iteration 1.	[MsgId: MMSG-10545]
Action.c(100): Notify: Transaction "transTes_1" started.	[MsgId: MMSG-16999]
Action.c(103): Notify: Transaction "transTes_1" ended with a "Fail" status (Duration: 0.0000).	[MsgId: MMSG-16873]
Action.c(103): Notify: Transaction "transTes_1" has 0 error message(s).	[MsgId: MMSG-16818]
Action.c(100): Notify: Transaction "transTes_2" started.	[MsgId: MMSG-16999]
Action.c(103): Notify: Transaction "transTes_2" ended with a "Fail" status (Duration: 0.0000).	[MsgId: MMSG-16873]
Action.c(103): Notify: Transaction "transTes_2" has 0 error message(s).	[MsgId: MMSG-16818]
Action.c(100): Notify: Transaction "transTes_3" started.	[MsgId: MMSG-16999]
Action.c(103): Notify: Transaction "transTes_3" ended with a "Pass" status (Duration: 0.0000).	[MsgId: MMSG-16873]
Action.c(100): Notify: Transaction "transTes_4" started.	[MsgId: MMSG-16999]
Action.c(103): Notify: Transaction "transTes_4" ended with a "Fail" status (Duration: 0.0000).	[MsgId: MMSG-16873]
Action.c(103): Notify: Transaction "transTes_4" has 0 error message(s).	[MsgId: MMSG-16818]
Action.c(100): Notify: Transaction "transTes_5" started.	[MsgId: MMSG-16999]
Action.c(103): Notify: Transaction "transTes_5" ended with a "Fail" status (Duration: 0.0000).	[MsgId: MMSG-16873]
Action.c(103): Notify: Transaction "transTes_5" has 0 error message(s).	[MsgId: MMSG-16818]
Action.c(100): Notify: Transaction "transTes_6" started.	[MsgId: MMSG-16999]
Action.c(103): Notify: Transaction "transTes_6" ended with a "Fail" status (Duration: 0.0000).	[MsgId: MMSG-16873]
Action.c(103): Notify: Transaction "transTes_6" has 0 error message(s).	[MsgId: MMSG-16818]
Action.c(100): Notify: Transaction "transTes_7" started.	[MsgId: MMSG-16999]
Action.c(103): Notify: Transaction "transTes_7" ended with a "Stop" status (Duration: 0.0000).	[MsgId: MMSG-16873]
Action.c(112): Error: vuser failed	[MsgId: MERR-17999]
End auto log messages stack.	[MsgId: MMSG-10544]


Start auto log messages stack - Iteration 1.	[MsgId: MMSG-10545]
Action.c(93): Notify: Transaction "Trans_other" ended with a "Pass" status (Duration: 6.5169 Think Time: 6.5085).	[MsgId: MMSG-16872]
Action.c(100): Notify: Transaction "transTes_0" started.	[MsgId: MMSG-16999]
Action.c(103): Notify: Transaction "transTes_0" ended with a "Pass" status (Duration: 0.0000).	[MsgId: MMSG-16873]
Action.c(100): Notify: Transaction "transTes_1" started.	[MsgId: MMSG-16999]
Action.c(103): Notify: Transaction "transTes_1" ended with a "Pass" status (Duration: 0.0000).	[MsgId: MMSG-16873]
Start auto log messages stack - Iteration 1.	[MsgId: MMSG-10545]
Action.c(93): Notify: Transaction "Trans_other" ended with a "Pass" status (Duration: 6.5265 Think Time: 6.5006).	[MsgId: MMSG-16872]
Action.c(100): Notify: Transaction "transTes_0" started.	[MsgId: MMSG-16999]
Action.c(103): Notify: Transaction "transTes_0" ended with a "Pass" status (Duration: 0.0000).	[MsgId: MMSG-16873]
Action.c(100): Notify: Transaction "transTes_1" started.	[MsgId: MMSG-16999]
Action.c(103): Notify: Transaction "transTes_1" ended with a "Pass" status (Duration: 0.0000).	[MsgId: MMSG-16873]
Action.c(100): Notify: Transaction "transTes_2" started.	[MsgId: MMSG-16999]
Action.c(103): Notify: Transaction "transTes_2" ended with a "Fail" status (Duration: 0.0000).	[MsgId: MMSG-16873]
Action.c(103): Notify: Transaction "transTes_2" has 0 error message(s).	[MsgId: MMSG-16818]
Action.c(100): Notify: Transaction "transTes_3" started.	[MsgId: MMSG-16999]
Action.c(103): Notify: Transaction "transTes_3" ended with a "Stop" status (Duration: 0.0000).	[MsgId: MMSG-16873]
Action.c(100): Notify: Transaction "transTes_4" started.	[MsgId: MMSG-16999]
Action.c(103): Notify: Transaction "transTes_4" ended with a "Pass" status (Duration: 0.0000).	[MsgId: MMSG-16873]
Action.c(100): Notify: Transaction "transTes_5" started.	[MsgId: MMSG-16999]
Action.c(103): Notify: Transaction "transTes_5" ended with a "Stop" status (Duration: 0.0000).	[MsgId: MMSG-16873]
Action.c(100): Notify: Transaction "transTes_6" started.	[MsgId: MMSG-16999]
Action.c(103): Notify: Transaction "transTes_6" ended with a "Pass" status (Duration: 0.0000).	[MsgId: MMSG-16873]
Action.c(100): Notify: Transaction "transTes_7" started.	[MsgId: MMSG-16999]
Action.c(103): Notify: Transaction "transTes_7" ended with a "Pass" status (Duration: 0.0000).	[MsgId: MMSG-16873]
Action.c(112): Error: vuser failed	[MsgId: MERR-17999]
End auto log messages stack.	[MsgId: MMSG-10544]


Action.c(100): Notify: Transaction "transTes_2" started.	[MsgId: MMSG-16999]
Action.c(103): Notify: Transaction "transTes_2" ended with a "Fail" status (Duration: 0.0000).	[MsgId: MMSG-16873]
Action.c(103): Notify: Transaction "transTes_2" has 0 error message(s).	[MsgId: MMSG-16818]
Action.c(100): Notify: Transaction "transTes_3" started.	[MsgId: MMSG-16999]
Action.c(103): Notify: Transaction "transTes_3" ended with a "Stop" status (Duration: 0.0000).	[MsgId: MMSG-16873]
Action.c(100): Notify: Transaction "transTes_4" started.	[MsgId: MMSG-16999]
Action.c(103): Notify: Transaction "transTes_4" ended with a "Pass" status (Duration: 0.0000).	[MsgId: MMSG-16873]
Action.c(100): Notify: Transaction "transTes_5" started.	[MsgId: MMSG-16999]
Action.c(103): Notify: Transaction "transTes_5" ended with a "Stop" status (Duration: 0.0000).	[MsgId: MMSG-16873]
Action.c(100): Notify: Transaction "transTes_6" started.	[MsgId: MMSG-16999]
Action.c(103): Notify: Transaction "transTes_6" ended with a "Pass" status (Duration: 0.0000).	[MsgId: MMSG-16873]
Action.c(100): Notify: Transaction "transTes_7" started.	[MsgId: MMSG-16999]
Action.c(103): Notify: Transaction "transTes_7" ended with a "Pass" status (Duration: 0.0000).	[MsgId: MMSG-16873]
Action.c(112): Error: vuser failed	[MsgId: MERR-17999]
End auto log messages stack.	[MsgId: MMSG-10544]


Start auto log messages stack - Iteration 1.	[MsgId: MMSG-10545]
Action.c(93): Notify: Transaction "Trans_other" ended with a "Pass" status (Duration: 6.4868 Think Time: 6.4661).	[MsgId: MMSG-16872]
Action.c(100): Notify: Transaction "transTes_0" started.	[MsgId: MMSG-16999]
Action.c(103): Notify: Transaction "transTes_0" ended with a "Pass" status (Duration: 0.0000).	[MsgId: MMSG-16873]
Action.c(100): Notify: Transaction "transTes_1" started.	[MsgId: MMSG-16999]
Action.c(103): Notify: Transaction "transTes_1" ended with a "Pass" status (Duration: 0.0000).	[MsgId: MMSG-16873]
Start auto log messages stack - Iteration 1.	[MsgId: MMSG-10545]
Action.c(100): Notify: Transaction "transTes_1" started.	[MsgId: MMSG-16999]
Action.c(103): Notify: Transaction "transTes_1" ended with a "Fail" status (Duration: 0.0000).	[MsgId: MMSG-16873]
Action.c(103): Notify: Transaction "transTes_1" has 0 error message(s).	[MsgId: MMSG-16818]
Action.c(100): Notify: Transaction "transTes_2" started.	[MsgId: MMSG-16999]
Action.c(103): Notify: Transaction "transTes_2" ended with a "Fail" status (Duration: 0.0000).	[MsgId: MMSG-16873]
Action.c(103): Notify: Transaction "transTes_2" has 0 error message(s).	[MsgId: MMSG-16818]
Start auto log messages stack - Iteration 1.	[MsgId: MMSG-10545]
Action.c(93): Notify: Transaction "Trans_other" ended with a "Pass" status (Duration: 6.5424 Think Time: 6.5178).	[MsgId: MMSG-16872]
Action.c(100): Notify: Transaction "transTes_0" started.	[MsgId: MMSG-16999]
Action.c(103): Notify: Transaction "transTes_0" ended with a "Pass" status (Duration: 0.0000).	[MsgId: MMSG-16873]
Action.c(100): Notify: Transaction "transTes_1" started.	[MsgId: MMSG-16999]
Action.c(100): Notify: Transaction "transTes_2" started.	[MsgId: MMSG-16999]
Action.c(103): Notify: Transaction "transTes_1" ended with a "Pass" status (Duration: 0.0000).	[MsgId: MMSG-16873]
Action.c(103): Notify: Transaction "transTes_2" ended with a "Fail" status (Duration: 0.0000).	[MsgId: MMSG-16873]
Action.c(103): Notify: Transaction "transTes_2" has 0 error message(s).	[MsgId: MMSG-16818]
Action.c(100): Notify: Transaction "transTes_3" started.	[MsgId: MMSG-16999]
Action.c(103): Notify: Transaction "transTes_3" ended with a "Stop" status (Duration: 0.0000).	[MsgId: MMSG-16873]
Action.c(100): Notify: Transaction "transTes_4" started.	[MsgId: MMSG-16999]
Action.c(100): Notify: Transaction "transTes_3" started.	[MsgId: MMSG-16999]
Action.c(103): Notify: Transaction "transTes_4" ended with a "Pass" status (Duration: 0.0000).	[MsgId: MMSG-16873]
Action.c(103): Notify: Transaction "transTes_3" ended with a "Pass" status (Duration: 0.0000).	[MsgId: MMSG-16873]
Action.c(100): Notify: Transaction "transTes_5" started.	[MsgId: MMSG-16999]
Action.c(100): Notify: Transaction "transTes_4" started.	[MsgId: MMSG-16999]
Action.c(103): Notify: Transaction "transTes_5" ended with a "Stop" status (Duration: 0.0000).	[MsgId: MMSG-16873]
Action.c(103): Notify: Transaction "transTes_4" ended with a "Fail" status (Duration: 0.0000).	[MsgId: MMSG-16873]
Action.c(100): Notify: Transaction "transTes_6" started.	[MsgId: MMSG-16999]
Action.c(103): Notify: Transaction "transTes_4" has 0 error message(s).	[MsgId: MMSG-16818]
Action.c(103): Notify: Transaction "transTes_6" ended with a "Pass" status (Duration: 0.0000).	[MsgId: MMSG-16873]
Action.c(100): Notify: Transaction "transTes_5" started.	[MsgId: MMSG-16999]
Action.c(100): Notify: Transaction "transTes_7" started.	[MsgId: MMSG-16999]
Action.c(103): Notify: Transaction "transTes_5" ended with a "Fail" status (Duration: 0.0000).	[MsgId: MMSG-16873]
Action.c(103): Notify: Transaction "transTes_7" ended with a "Pass" status (Duration: 0.0000).	[MsgId: MMSG-16873]
Action.c(112): Error: vuser failed	[MsgId: MERR-17999]
Action.c(103): Notify: Transaction "transTes_5" has 0 error message(s).	[MsgId: MMSG-16818]
Action.c(100): Notify: Transaction "transTes_6" started.	[MsgId: MMSG-16999]
Action.c(103): Notify: Transaction "transTes_6" ended with a "Fail" status (Duration: 0.0000).	[MsgId: MMSG-16873]
Action.c(103): Notify: Transaction "transTes_6" has 0 error message(s).	[MsgId: MMSG-16818]
Action.c(100): Notify: Transaction "transTes_7" started.	[MsgId: MMSG-16999]
End auto log messages stack.	[MsgId: MMSG-10544]
Action.c(103): Notify: Transaction "transTes_7" ended with a "Stop" status (Duration: 0.0000).	[MsgId: MMSG-16873]


Action.c(112): Error: vuser failed	[MsgId: MERR-17999]
End auto log messages stack.	[MsgId: MMSG-10544]


Action.c(100): Notify: Transaction "transTes_2" started.	[MsgId: MMSG-16999]
Action.c(103): Notify: Transaction "transTes_2" ended with a "Fail" status (Duration: 0.0000).	[MsgId: MMSG-16873]
Action.c(103): Notify: Transaction "transTes_2" has 0 error message(s).	[MsgId: MMSG-16818]
Action.c(100): Notify: Transaction "transTes_3" started.	[MsgId: MMSG-16999]
Action.c(103): Notify: Transaction "transTes_3" ended with a "Stop" status (Duration: 0.0000).	[MsgId: MMSG-16873]
Action.c(100): Notify: Transaction "transTes_4" started.	[MsgId: MMSG-16999]
Action.c(103): Notify: Transaction "transTes_4" ended with a "Pass" status (Duration: 0.0000).	[MsgId: MMSG-16873]
Action.c(100): Notify: Transaction "transTes_5" started.	[MsgId: MMSG-16999]
Action.c(103): Notify: Transaction "transTes_5" ended with a "Stop" status (Duration: 0.0000).	[MsgId: MMSG-16873]
Action.c(100): Notify: Transaction "transTes_6" started.	[MsgId: MMSG-16999]
Action.c(103): Notify: Transaction "transTes_6" ended with a "Pass" status (Duration: 0.0000).	[MsgId: MMSG-16873]
Action.c(100): Notify: Transaction "transTes_7" started.	[MsgId: MMSG-16999]
Action.c(103): Notify: Transaction "transTes_7" ended with a "Pass" status (Duration: 0.0000).	[MsgId: MMSG-16873]
Action.c(112): Error: vuser failed	[MsgId: MERR-17999]
End auto log messages stack.	[MsgId: MMSG-10544]


Start auto log messages stack - Iteration 1.	[MsgId: MMSG-10545]
Action.c(93): Notify: Transaction "Trans_other" ended with a "Pass" status (Duration: 29.0378 Think Time: 7.3540).	[MsgId: MMSG-16872]
Action.c(100): Notify: Transaction "transTes_0" started.	[MsgId: MMSG-16999]
Action.c(103): Notify: Transaction "transTes_0" ended with a "Pass" status (Duration: 0.0000).	[MsgId: MMSG-16873]
Action.c(100): Notify: Transaction "transTes_1" started.	[MsgId: MMSG-16999]
Action.c(103): Notify: Transaction "transTes_1" ended with a "Pass" status (Duration: 0.0000).	[MsgId: MMSG-16873]
Action.c(100): Notify: Transaction "transTes_2" started.	[MsgId: MMSG-16999]
Action.c(103): Notify: Transaction "transTes_2" ended with a "Fail" status (Duration: 0.0000).	[MsgId: MMSG-16873]
Action.c(103): Notify: Transaction "transTes_2" has 0 error message(s).	[MsgId: MMSG-16818]
Action.c(100): Notify: Transaction "transTes_3" started.	[MsgId: MMSG-16999]
Action.c(103): Notify: Transaction "transTes_3" ended with a "Stop" status (Duration: 0.0000).	[MsgId: MMSG-16873]
Action.c(100): Notify: Transaction "transTes_4" started.	[MsgId: MMSG-16999]
Action.c(103): Notify: Transaction "transTes_4" ended with a "Pass" status (Duration: 0.0000).	[MsgId: MMSG-16873]
Action.c(100): Notify: Transaction "transTes_5" started.	[MsgId: MMSG-16999]
Action.c(103): Notify: Transaction "transTes_5" ended with a "Stop" status (Duration: 0.0000).	[MsgId: MMSG-16873]
Action.c(100): Notify: Transaction "transTes_6" started.	[MsgId: MMSG-16999]
Action.c(103): Notify: Transaction "transTes_6" ended with a "Pass" status (Duration: 0.0000).	[MsgId: MMSG-16873]
Action.c(100): Notify: Transaction "transTes_7" started.	[MsgId: MMSG-16999]
Action.c(103): Notify: Transaction "transTes_7" ended with a "Pass" status (Duration: 0.0000).	[MsgId: MMSG-16873]
Action.c(112): Error: vuser failed	[MsgId: MERR-17999]
End auto log messages stack.	[MsgId: MMSG-10544]


