Start auto log messages stack - Iteration 1.	[MsgId: MMSG-10545]
Action.c(93): Notify: Transaction "Trans_other" ended with a "Pass" status (Duration: 4.0159 Think Time: 4.0042).	[MsgId: MMSG-16872]
Action.c(100): Notify: Transaction "transTes_0" started.	[MsgId: MMSG-16999]
Action.c(103): Notify: Transaction "transTes_0" ended with a "Stop" status (Duration: 0.0000).	[MsgId: MMSG-16873]
Action.c(100): Notify: Transaction "transTes_1" started.	[MsgId: MMSG-16999]
Action.c(103): Notify: Transaction "transTes_1" ended with a "Pass" status (Duration: 0.0000).	[MsgId: MMSG-16873]
Action.c(100): Notify: Transaction "transTes_2" started.	[MsgId: MMSG-16999]
Action.c(103): Notify: Transaction "transTes_2" ended with a "Pass" status (Duration: 0.0000).	[MsgId: MMSG-16873]
Action.c(100): Notify: Transaction "transTes_3" started.	[MsgId: MMSG-16999]
Action.c(103): Notify: Transaction "transTes_3" ended with a "Stop" status (Duration: 0.0000).	[MsgId: MMSG-16873]
Action.c(100): Notify: Transaction "transTes_4" started.	[MsgId: MMSG-16999]
Action.c(103): Notify: Transaction "transTes_4" ended with a "Stop" status (Duration: 0.0000).	[MsgId: MMSG-16873]
Action.c(100): Notify: Transaction "transTes_5" started.	[MsgId: MMSG-16999]
Action.c(103): Notify: Transaction "transTes_5" ended with a "Pass" status (Duration: 0.0000).	[MsgId: MMSG-16873]
Action.c(100): Notify: Transaction "transTes_6" started.	[MsgId: MMSG-16999]
Action.c(103): Notify: Transaction "transTes_6" ended with a "Stop" status (Duration: 0.0000).	[MsgId: MMSG-16873]
Action.c(100): Notify: Transaction "transTes_7" started.	[MsgId: MMSG-16999]
Action.c(103): Notify: Transaction "transTes_7" ended with a "Pass" status (Duration: 0.0000).	[MsgId: MMSG-16873]
Action.c(112): Error: vuser failed	[MsgId: MERR-17999]
End auto log messages stack.	[MsgId: MMSG-10544]


Start auto log messages stack - Iteration 1.	[MsgId: MMSG-10545]
Action.c(103): Notify: Transaction "transTes_0" ended with a "Pass" status (Duration: 0.0000).	[MsgId: MMSG-16873]
Action.c(100): Notify: Transaction "transTes_1" started.	[MsgId: MMSG-16999]
Action.c(103): Notify: Transaction "transTes_1" ended with a "Pass" status (Duration: 0.0000).	[MsgId: MMSG-16873]
Action.c(100): Notify: Transaction "transTes_2" started.	[MsgId: MMSG-16999]
Action.c(103): Notify: Transaction "transTes_2" ended with a "Pass" status (Duration: 0.0000).	[MsgId: MMSG-16873]
Action.c(100): Notify: Transaction "transTes_3" started.	[MsgId: MMSG-16999]
Start auto log messages stack - Iteration 1.	[MsgId: MMSG-10545]
Action.c(93): Notify: Transaction "Trans_other" ended with a "Pass" status (Duration: 4.0190 Think Time: 4.0080).	[MsgId: MMSG-16872]
Action.c(100): Notify: Transaction "transTes_0" started.	[MsgId: MMSG-16999]
Action.c(103): Notify: Transaction "transTes_0" ended with a "Stop" status (Duration: 0.0000).	[MsgId: MMSG-16873]
Action.c(100): Notify: Transaction "transTes_1" started.	[MsgId: MMSG-16999]
Action.c(103): Notify: Transaction "transTes_1" ended with a "Pass" status (Duration: 0.0000).	[MsgId: MMSG-16873]
Action.c(100): Notify: Transaction "transTes_2" started.	[MsgId: MMSG-16999]
Action.c(103): Notify: Transaction "transTes_2" ended with a "Pass" status (Duration: 0.0000).	[MsgId: MMSG-16873]
Action.c(100): Notify: Transaction "transTes_3" started.	[MsgId: MMSG-16999]
Action.c(103): Notify: Transaction "transTes_3" ended with a "Stop" status (Duration: 0.0000).	[MsgId: MMSG-16873]
Action.c(100): Notify: Transaction "transTes_4" started.	[MsgId: MMSG-16999]
Action.c(103): Notify: Transaction "transTes_4" ended with a "Stop" status (Duration: 0.0000).	[MsgId: MMSG-16873]
Action.c(100): Notify: Transaction "transTes_5" started.	[MsgId: MMSG-16999]
Action.c(103): Notify: Transaction "transTes_5" ended with a "Pass" status (Duration: 0.0000).	[MsgId: MMSG-16873]
Action.c(100): Notify: Transaction "transTes_6" started.	[MsgId: MMSG-16999]
Action.c(103): Notify: Transaction "transTes_6" ended with a "Stop" status (Duration: 0.0000).	[MsgId: MMSG-16873]
Action.c(100): Notify: Transaction "transTes_7" started.	[MsgId: MMSG-16999]
Action.c(103): Notify: Transaction "transTes_7" ended with a "Pass" status (Duration: 0.0000).	[MsgId: MMSG-16873]
Action.c(112): Error: vuser failed	[MsgId: MERR-17999]
Action.c(103): Notify: Transaction "transTes_3" ended with a "Stop" status (Duration: 0.0000).	[MsgId: MMSG-16873]
Action.c(100): Notify: Transaction "transTes_4" started.	[MsgId: MMSG-16999]
End auto log messages stack.	[MsgId: MMSG-10544]
Action.c(103): Notify: Transaction "transTes_4" ended with a "Fail" status (Duration: 0.0000).	[MsgId: MMSG-16873]


Action.c(103): Notify: Transaction "transTes_4" has 0 error message(s).	[MsgId: MMSG-16818]
Action.c(100): Notify: Transaction "transTes_5" started.	[MsgId: MMSG-16999]
Action.c(103): Notify: Transaction "transTes_5" ended with a "Fail" status (Duration: 0.0000).	[MsgId: MMSG-16873]
Action.c(103): Notify: Transaction "transTes_5" has 0 error message(s).	[MsgId: MMSG-16818]
Action.c(100): Notify: Transaction "transTes_6" started.	[MsgId: MMSG-16999]
Action.c(103): Notify: Transaction "transTes_6" ended with a "Stop" status (Duration: 0.0000).	[MsgId: MMSG-16873]
Action.c(100): Notify: Transaction "transTes_7" started.	[MsgId: MMSG-16999]
Action.c(103): Notify: Transaction "transTes_7" ended with a "Fail" status (Duration: 0.0000).	[MsgId: MMSG-16873]
Action.c(103): Notify: Transaction "transTes_7" has 0 error message(s).	[MsgId: MMSG-16818]
Action.c(112): Error: vuser failed	[MsgId: MERR-17999]
End auto log messages stack.	[MsgId: MMSG-10544]


Start auto log messages stack - Iteration 1.	[MsgId: MMSG-10545]
Action.c(93): Notify: Transaction "Trans_other" ended with a "Pass" status (Duration: 4.0450 Think Time: 4.0160).	[MsgId: MMSG-16872]
Action.c(100): Notify: Transaction "transTes_0" started.	[MsgId: MMSG-16999]
Action.c(103): Notify: Transaction "transTes_0" ended with a "Stop" status (Duration: 0.0000).	[MsgId: MMSG-16873]
Action.c(100): Notify: Transaction "transTes_1" started.	[MsgId: MMSG-16999]
Action.c(103): Notify: Transaction "transTes_1" ended with a "Pass" status (Duration: 0.0000).	[MsgId: MMSG-16873]
Action.c(100): Notify: Transaction "transTes_2" started.	[MsgId: MMSG-16999]
Action.c(103): Notify: Transaction "transTes_2" ended with a "Pass" status (Duration: 0.0000).	[MsgId: MMSG-16873]
Action.c(100): Notify: Transaction "transTes_3" started.	[MsgId: MMSG-16999]
Action.c(103): Notify: Transaction "transTes_3" ended with a "Stop" status (Duration: 0.0000).	[MsgId: MMSG-16873]
Action.c(100): Notify: Transaction "transTes_4" started.	[MsgId: MMSG-16999]
Action.c(103): Notify: Transaction "transTes_4" ended with a "Stop" status (Duration: 0.0000).	[MsgId: MMSG-16873]
Action.c(100): Notify: Transaction "transTes_5" started.	[MsgId: MMSG-16999]
Action.c(103): Notify: Transaction "transTes_5" ended with a "Pass" status (Duration: 0.0000).	[MsgId: MMSG-16873]
Action.c(100): Notify: Transaction "transTes_6" started.	[MsgId: MMSG-16999]
Action.c(103): Notify: Transaction "transTes_6" ended with a "Stop" status (Duration: 0.0000).	[MsgId: MMSG-16873]
Action.c(100): Notify: Transaction "transTes_7" started.	[MsgId: MMSG-16999]
Action.c(103): Notify: Transaction "transTes_7" ended with a "Pass" status (Duration: 0.0000).	[MsgId: MMSG-16873]
Action.c(112): Error: vuser failed	[MsgId: MERR-17999]
End auto log messages stack.	[MsgId: MMSG-10544]


Start auto log messages stack - Iteration 1.	[MsgId: MMSG-10545]
Action.c(93): Notify: Transaction "Trans_other" ended with a "Pass" status (Duration: 4.0510 Think Time: 4.0385).	[MsgId: MMSG-16872]
Action.c(100): Notify: Transaction "transTes_0" started.	[MsgId: MMSG-16999]
Action.c(103): Notify: Transaction "transTes_0" ended with a "Stop" status (Duration: 0.0000).	[MsgId: MMSG-16873]
Action.c(100): Notify: Transaction "transTes_1" started.	[MsgId: MMSG-16999]
Action.c(103): Notify: Transaction "transTes_1" ended with a "Pass" status (Duration: 0.0000).	[MsgId: MMSG-16873]
Action.c(100): Notify: Transaction "transTes_2" started.	[MsgId: MMSG-16999]
Action.c(103): Notify: Transaction "transTes_2" ended with a "Pass" status (Duration: 0.0000).	[MsgId: MMSG-16873]
Action.c(100): Notify: Transaction "transTes_3" started.	[MsgId: MMSG-16999]
Action.c(103): Notify: Transaction "transTes_3" ended with a "Stop" status (Duration: 0.0000).	[MsgId: MMSG-16873]
Action.c(100): Notify: Transaction "transTes_4" started.	[MsgId: MMSG-16999]
Action.c(103): Notify: Transaction "transTes_4" ended with a "Stop" status (Duration: 0.0000).	[MsgId: MMSG-16873]
Action.c(100): Notify: Transaction "transTes_5" started.	[MsgId: MMSG-16999]
Action.c(103): Notify: Transaction "transTes_5" ended with a "Pass" status (Duration: 0.0000).	[MsgId: MMSG-16873]
Action.c(100): Notify: Transaction "transTes_6" started.	[MsgId: MMSG-16999]
Action.c(103): Notify: Transaction "transTes_6" ended with a "Stop" status (Duration: 0.0000).	[MsgId: MMSG-16873]
Action.c(100): Notify: Transaction "transTes_7" started.	[MsgId: MMSG-16999]
Action.c(103): Notify: Transaction "transTes_7" ended with a "Pass" status (Duration: 0.0000).	[MsgId: MMSG-16873]
Action.c(112): Error: vuser failed	[MsgId: MERR-17999]
End auto log messages stack.	[MsgId: MMSG-10544]


Start auto log messages stack - Iteration 1.	[MsgId: MMSG-10545]
Start auto log messages stack - Iteration 1.	[MsgId: MMSG-10545]
Action.c(103): Notify: Transaction "transTes_0" ended with a "Pass" status (Duration: 0.0000).	[MsgId: MMSG-16873]
Action.c(100): Notify: Transaction "transTes_1" started.	[MsgId: MMSG-16999]
Action.c(103): Notify: Transaction "transTes_1" ended with a "Pass" status (Duration: 0.0000).	[MsgId: MMSG-16873]
Action.c(100): Notify: Transaction "transTes_2" started.	[MsgId: MMSG-16999]
Action.c(103): Notify: Transaction "transTes_2" ended with a "Pass" status (Duration: 0.0000).	[MsgId: MMSG-16873]
Action.c(100): Notify: Transaction "transTes_3" started.	[MsgId: MMSG-16999]
Action.c(103): Notify: Transaction "transTes_3" ended with a "Stop" status (Duration: 0.0000).	[MsgId: MMSG-16873]
Action.c(100): Notify: Transaction "transTes_4" started.	[MsgId: MMSG-16999]
Action.c(103): Notify: Transaction "transTes_4" ended with a "Fail" status (Duration: 0.0000).	[MsgId: MMSG-16873]
Action.c(103): Notify: Transaction "transTes_4" has 0 error message(s).	[MsgId: MMSG-16818]
Action.c(100): Notify: Transaction "transTes_5" started.	[MsgId: MMSG-16999]
Action.c(103): Notify: Transaction "transTes_5" ended with a "Fail" status (Duration: 0.0000).	[MsgId: MMSG-16873]
Action.c(103): Notify: Transaction "transTes_5" has 0 error message(s).	[MsgId: MMSG-16818]
Action.c(100): Notify: Transaction "transTes_6" started.	[MsgId: MMSG-16999]
Action.c(103): Notify: Transaction "transTes_6" ended with a "Stop" status (Duration: 0.0000).	[MsgId: MMSG-16873]
Action.c(100): Notify: Transaction "transTes_7" started.	[MsgId: MMSG-16999]
Action.c(103): Notify: Transaction "transTes_7" ended with a "Fail" status (Duration: 0.0000).	[MsgId: MMSG-16873]
Action.c(103): Notify: Transaction "transTes_7" has 0 error message(s).	[MsgId: MMSG-16818]
Action.c(112): Error: vuser failed	[MsgId: MERR-17999]
End auto log messages stack.	[MsgId: MMSG-10544]


Start auto log messages stack - Iteration 1.	[MsgId: MMSG-10545]
Start auto log messages stack - Iteration 1.	[MsgId: MMSG-10545]
Start auto log messages stack - Iteration 1.	[MsgId: MMSG-10545]
Start auto log messages stack - Iteration 1.	[MsgId: MMSG-10545]
Start auto log messages stack - Iteration 1.	[MsgId: MMSG-10545]
Start auto log messages stack - Iteration 1.	[MsgId: MMSG-10545]
Action.c(103): Notify: Transaction "transTes_0" ended with a "Pass" status (Duration: 0.0000).	[MsgId: MMSG-16873]
Action.c(100): Notify: Transaction "transTes_1" started.	[MsgId: MMSG-16999]
Action.c(103): Notify: Transaction "transTes_1" ended with a "Pass" status (Duration: 0.0000).	[MsgId: MMSG-16873]
Action.c(100): Notify: Transaction "transTes_2" started.	[MsgId: MMSG-16999]
Action.c(103): Notify: Transaction "transTes_2" ended with a "Pass" status (Duration: 0.0000).	[MsgId: MMSG-16873]
Action.c(100): Notify: Transaction "transTes_3" started.	[MsgId: MMSG-16999]
Action.c(103): Notify: Transaction "transTes_3" ended with a "Stop" status (Duration: 0.0000).	[MsgId: MMSG-16873]
Action.c(100): Notify: Transaction "transTes_4" started.	[MsgId: MMSG-16999]
Action.c(103): Notify: Transaction "transTes_4" ended with a "Fail" status (Duration: 0.0000).	[MsgId: MMSG-16873]
Action.c(103): Notify: Transaction "transTes_4" has 0 error message(s).	[MsgId: MMSG-16818]
Action.c(100): Notify: Transaction "transTes_5" started.	[MsgId: MMSG-16999]
Action.c(103): Notify: Transaction "transTes_5" ended with a "Fail" status (Duration: 0.0000).	[MsgId: MMSG-16873]
Action.c(103): Notify: Transaction "transTes_5" has 0 error message(s).	[MsgId: MMSG-16818]
Action.c(100): Notify: Transaction "transTes_6" started.	[MsgId: MMSG-16999]
Action.c(103): Notify: Transaction "transTes_6" ended with a "Stop" status (Duration: 0.0000).	[MsgId: MMSG-16873]
Action.c(100): Notify: Transaction "transTes_7" started.	[MsgId: MMSG-16999]
Action.c(103): Notify: Transaction "transTes_7" ended with a "Fail" status (Duration: 0.0000).	[MsgId: MMSG-16873]
Action.c(103): Notify: Transaction "transTes_7" has 0 error message(s).	[MsgId: MMSG-16818]
Action.c(112): Error: vuser failed	[MsgId: MERR-17999]
End auto log messages stack.	[MsgId: MMSG-10544]


Action.c(103): Notify: Transaction "transTes_0" ended with a "Pass" status (Duration: 0.0000).	[MsgId: MMSG-16873]
Action.c(100): Notify: Transaction "transTes_1" started.	[MsgId: MMSG-16999]
Action.c(103): Notify: Transaction "transTes_1" ended with a "Pass" status (Duration: 0.0000).	[MsgId: MMSG-16873]
Action.c(100): Notify: Transaction "transTes_2" started.	[MsgId: MMSG-16999]
Action.c(103): Notify: Transaction "transTes_0" ended with a "Pass" status (Duration: 0.0000).	[MsgId: MMSG-16873]
Action.c(103): Notify: Transaction "transTes_2" ended with a "Pass" status (Duration: 0.0000).	[MsgId: MMSG-16873]
Action.c(100): Notify: Transaction "transTes_1" started.	[MsgId: MMSG-16999]
Action.c(103): Notify: Transaction "transTes_1" ended with a "Pass" status (Duration: 0.0000).	[MsgId: MMSG-16873]
Action.c(100): Notify: Transaction "transTes_2" started.	[MsgId: MMSG-16999]
Action.c(103): Notify: Transaction "transTes_2" ended with a "Pass" status (Duration: 0.0000).	[MsgId: MMSG-16873]
Action.c(100): Notify: Transaction "transTes_3" started.	[MsgId: MMSG-16999]
Action.c(100): Notify: Transaction "transTes_3" started.	[MsgId: MMSG-16999]
Action.c(103): Notify: Transaction "transTes_0" ended with a "Pass" status (Duration: 0.0000).	[MsgId: MMSG-16873]
Action.c(100): Notify: Transaction "transTes_1" started.	[MsgId: MMSG-16999]
Action.c(103): Notify: Transaction "transTes_1" ended with a "Pass" status (Duration: 0.0000).	[MsgId: MMSG-16873]
Action.c(100): Notify: Transaction "transTes_2" started.	[MsgId: MMSG-16999]
Action.c(103): Notify: Transaction "transTes_2" ended with a "Pass" status (Duration: 0.0000).	[MsgId: MMSG-16873]
Action.c(100): Notify: Transaction "transTes_3" started.	[MsgId: MMSG-16999]
Action.c(103): Notify: Transaction "transTes_3" ended with a "Stop" status (Duration: 0.0000).	[MsgId: MMSG-16873]
Action.c(100): Notify: Transaction "transTes_4" started.	[MsgId: MMSG-16999]
Action.c(103): Notify: Transaction "transTes_4" ended with a "Fail" status (Duration: 0.0000).	[MsgId: MMSG-16873]
Action.c(103): Notify: Transaction "transTes_4" has 0 error message(s).	[MsgId: MMSG-16818]
Action.c(100): Notify: Transaction "transTes_5" started.	[MsgId: MMSG-16999]
Action.c(103): Notify: Transaction "transTes_5" ended with a "Fail" status (Duration: 0.0000).	[MsgId: MMSG-16873]
Action.c(103): Notify: Transaction "transTes_5" has 0 error message(s).	[MsgId: MMSG-16818]
Action.c(100): Notify: Transaction "transTes_6" started.	[MsgId: MMSG-16999]
Action.c(103): Notify: Transaction "transTes_6" ended with a "Stop" status (Duration: 0.0000).	[MsgId: MMSG-16873]
Action.c(100): Notify: Transaction "transTes_7" started.	[MsgId: MMSG-16999]
Action.c(103): Notify: Transaction "transTes_7" ended with a "Fail" status (Duration: 0.0000).	[MsgId: MMSG-16873]
Action.c(103): Notify: Transaction "transTes_7" has 0 error message(s).	[MsgId: MMSG-16818]
Action.c(112): Error: vuser failed	[MsgId: MERR-17999]
End auto log messages stack.	[MsgId: MMSG-10544]


Action.c(103): Notify: Transaction "transTes_0" ended with a "Pass" status (Duration: 0.0000).	[MsgId: MMSG-16873]
Action.c(100): Notify: Transaction "transTes_1" started.	[MsgId: MMSG-16999]
Action.c(103): Notify: Transaction "transTes_1" ended with a "Pass" status (Duration: 0.0000).	[MsgId: MMSG-16873]
Action.c(100): Notify: Transaction "transTes_2" started.	[MsgId: MMSG-16999]
Action.c(103): Notify: Transaction "transTes_2" ended with a "Pass" status (Duration: 0.0000).	[MsgId: MMSG-16873]
Action.c(100): Notify: Transaction "transTes_3" started.	[MsgId: MMSG-16999]
Action.c(103): Notify: Transaction "transTes_3" ended with a "Stop" status (Duration: 0.0000).	[MsgId: MMSG-16873]
Action.c(100): Notify: Transaction "transTes_4" started.	[MsgId: MMSG-16999]
Action.c(103): Notify: Transaction "transTes_4" ended with a "Fail" status (Duration: 0.0000).	[MsgId: MMSG-16873]
Action.c(103): Notify: Transaction "transTes_4" has 0 error message(s).	[MsgId: MMSG-16818]
Action.c(100): Notify: Transaction "transTes_5" started.	[MsgId: MMSG-16999]
Action.c(103): Notify: Transaction "transTes_5" ended with a "Fail" status (Duration: 0.0000).	[MsgId: MMSG-16873]
Action.c(103): Notify: Transaction "transTes_5" has 0 error message(s).	[MsgId: MMSG-16818]
Action.c(100): Notify: Transaction "transTes_6" started.	[MsgId: MMSG-16999]
Action.c(103): Notify: Transaction "transTes_6" ended with a "Stop" status (Duration: 0.0000).	[MsgId: MMSG-16873]
Action.c(100): Notify: Transaction "transTes_7" started.	[MsgId: MMSG-16999]
Action.c(103): Notify: Transaction "transTes_7" ended with a "Fail" status (Duration: 0.0000).	[MsgId: MMSG-16873]
Action.c(103): Notify: Transaction "transTes_7" has 0 error message(s).	[MsgId: MMSG-16818]
Action.c(112): Error: vuser failed	[MsgId: MERR-17999]
End auto log messages stack.	[MsgId: MMSG-10544]


Action.c(103): Notify: Transaction "transTes_3" ended with a "Stop" status (Duration: 0.0000).	[MsgId: MMSG-16873]
Action.c(100): Notify: Transaction "transTes_4" started.	[MsgId: MMSG-16999]
Action.c(103): Notify: Transaction "transTes_4" ended with a "Fail" status (Duration: 0.0000).	[MsgId: MMSG-16873]
Action.c(103): Notify: Transaction "transTes_4" has 0 error message(s).	[MsgId: MMSG-16818]
Action.c(100): Notify: Transaction "transTes_5" started.	[MsgId: MMSG-16999]
Action.c(103): Notify: Transaction "transTes_5" ended with a "Fail" status (Duration: 0.0000).	[MsgId: MMSG-16873]
Action.c(103): Notify: Transaction "transTes_5" has 0 error message(s).	[MsgId: MMSG-16818]
Action.c(100): Notify: Transaction "transTes_6" started.	[MsgId: MMSG-16999]
Action.c(103): Notify: Transaction "transTes_6" ended with a "Stop" status (Duration: 0.0000).	[MsgId: MMSG-16873]
Action.c(100): Notify: Transaction "transTes_7" started.	[MsgId: MMSG-16999]
Action.c(103): Notify: Transaction "transTes_7" ended with a "Fail" status (Duration: 0.0000).	[MsgId: MMSG-16873]
Action.c(103): Notify: Transaction "transTes_7" has 0 error message(s).	[MsgId: MMSG-16818]
Action.c(112): Error: vuser failed	[MsgId: MERR-17999]
End auto log messages stack.	[MsgId: MMSG-10544]


Action.c(103): Notify: Transaction "transTes_3" ended with a "Stop" status (Duration: 0.0000).	[MsgId: MMSG-16873]
Action.c(100): Notify: Transaction "transTes_4" started.	[MsgId: MMSG-16999]
Action.c(103): Notify: Transaction "transTes_4" ended with a "Fail" status (Duration: 0.0000).	[MsgId: MMSG-16873]
Action.c(103): Notify: Transaction "transTes_4" has 0 error message(s).	[MsgId: MMSG-16818]
Action.c(100): Notify: Transaction "transTes_5" started.	[MsgId: MMSG-16999]
Action.c(103): Notify: Transaction "transTes_5" ended with a "Fail" status (Duration: 0.0000).	[MsgId: MMSG-16873]
Action.c(103): Notify: Transaction "transTes_5" has 0 error message(s).	[MsgId: MMSG-16818]
Action.c(100): Notify: Transaction "transTes_6" started.	[MsgId: MMSG-16999]
Action.c(103): Notify: Transaction "transTes_6" ended with a "Stop" status (Duration: 0.0000).	[MsgId: MMSG-16873]
Action.c(100): Notify: Transaction "transTes_7" started.	[MsgId: MMSG-16999]
Action.c(103): Notify: Transaction "transTes_7" ended with a "Fail" status (Duration: 0.0000).	[MsgId: MMSG-16873]
Action.c(103): Notify: Transaction "transTes_7" has 0 error message(s).	[MsgId: MMSG-16818]
Action.c(112): Error: vuser failed	[MsgId: MERR-17999]
End auto log messages stack.	[MsgId: MMSG-10544]


Action.c(103): Notify: Transaction "transTes_0" ended with a "Pass" status (Duration: 0.0000).	[MsgId: MMSG-16873]
Action.c(100): Notify: Transaction "transTes_1" started.	[MsgId: MMSG-16999]
Action.c(103): Notify: Transaction "transTes_1" ended with a "Pass" status (Duration: 0.0000).	[MsgId: MMSG-16873]
Action.c(100): Notify: Transaction "transTes_2" started.	[MsgId: MMSG-16999]
Action.c(103): Notify: Transaction "transTes_2" ended with a "Pass" status (Duration: 0.0000).	[MsgId: MMSG-16873]
Action.c(100): Notify: Transaction "transTes_3" started.	[MsgId: MMSG-16999]
Action.c(103): Notify: Transaction "transTes_3" ended with a "Stop" status (Duration: 0.0000).	[MsgId: MMSG-16873]
Action.c(100): Notify: Transaction "transTes_4" started.	[MsgId: MMSG-16999]
Action.c(103): Notify: Transaction "transTes_4" ended with a "Fail" status (Duration: 0.0000).	[MsgId: MMSG-16873]
Action.c(103): Notify: Transaction "transTes_4" has 0 error message(s).	[MsgId: MMSG-16818]
Action.c(100): Notify: Transaction "transTes_5" started.	[MsgId: MMSG-16999]
Action.c(103): Notify: Transaction "transTes_5" ended with a "Fail" status (Duration: 0.0000).	[MsgId: MMSG-16873]
Action.c(103): Notify: Transaction "transTes_5" has 0 error message(s).	[MsgId: MMSG-16818]
Action.c(100): Notify: Transaction "transTes_6" started.	[MsgId: MMSG-16999]
Action.c(103): Notify: Transaction "transTes_6" ended with a "Stop" status (Duration: 0.0000).	[MsgId: MMSG-16873]
Action.c(100): Notify: Transaction "transTes_7" started.	[MsgId: MMSG-16999]
Action.c(103): Notify: Transaction "transTes_7" ended with a "Fail" status (Duration: 0.0000).	[MsgId: MMSG-16873]
Action.c(103): Notify: Transaction "transTes_7" has 0 error message(s).	[MsgId: MMSG-16818]
Action.c(112): Error: vuser failed	[MsgId: MERR-17999]
End auto log messages stack.	[MsgId: MMSG-10544]


Action.c(93): Notify: Transaction "Trans_other" ended with a "Pass" status (Duration: 4.0361 Think Time: 4.0238).	[MsgId: MMSG-16872]
Action.c(100): Notify: Transaction "transTes_0" started.	[MsgId: MMSG-16999]
Action.c(103): Notify: Transaction "transTes_0" ended with a "Stop" status (Duration: 0.0000).	[MsgId: MMSG-16873]
Action.c(100): Notify: Transaction "transTes_1" started.	[MsgId: MMSG-16999]
Action.c(103): Notify: Transaction "transTes_1" ended with a "Pass" status (Duration: 0.0000).	[MsgId: MMSG-16873]
Action.c(100): Notify: Transaction "transTes_2" started.	[MsgId: MMSG-16999]
Action.c(103): Notify: Transaction "transTes_2" ended with a "Pass" status (Duration: 0.0000).	[MsgId: MMSG-16873]
Action.c(100): Notify: Transaction "transTes_3" started.	[MsgId: MMSG-16999]
Action.c(103): Notify: Transaction "transTes_3" ended with a "Stop" status (Duration: 0.0000).	[MsgId: MMSG-16873]
Action.c(100): Notify: Transaction "transTes_4" started.	[MsgId: MMSG-16999]
Action.c(103): Notify: Transaction "transTes_4" ended with a "Stop" status (Duration: 0.0000).	[MsgId: MMSG-16873]
Action.c(100): Notify: Transaction "transTes_5" started.	[MsgId: MMSG-16999]
Action.c(103): Notify: Transaction "transTes_5" ended with a "Pass" status (Duration: 0.0000).	[MsgId: MMSG-16873]
Action.c(100): Notify: Transaction "transTes_6" started.	[MsgId: MMSG-16999]
Action.c(103): Notify: Transaction "transTes_6" ended with a "Stop" status (Duration: 0.0000).	[MsgId: MMSG-16873]
Action.c(100): Notify: Transaction "transTes_7" started.	[MsgId: MMSG-16999]
Action.c(103): Notify: Transaction "transTes_7" ended with a "Pass" status (Duration: 0.0000).	[MsgId: MMSG-16873]
Action.c(112): Error: vuser failed	[MsgId: MERR-17999]
End auto log messages stack.	[MsgId: MMSG-10544]


Start auto log messages stack - Iteration 1.	[MsgId: MMSG-10545]
Action.c(103): Notify: Transaction "transTes_0" ended with a "Pass" status (Duration: 0.0000).	[MsgId: MMSG-16873]
Action.c(100): Notify: Transaction "transTes_1" started.	[MsgId: MMSG-16999]
Action.c(103): Notify: Transaction "transTes_1" ended with a "Pass" status (Duration: 0.0000).	[MsgId: MMSG-16873]
Action.c(100): Notify: Transaction "transTes_2" started.	[MsgId: MMSG-16999]
Action.c(103): Notify: Transaction "transTes_2" ended with a "Pass" status (Duration: 0.0000).	[MsgId: MMSG-16873]
Action.c(100): Notify: Transaction "transTes_3" started.	[MsgId: MMSG-16999]
Action.c(103): Notify: Transaction "transTes_3" ended with a "Stop" status (Duration: 0.0000).	[MsgId: MMSG-16873]
Action.c(100): Notify: Transaction "transTes_4" started.	[MsgId: MMSG-16999]
Action.c(103): Notify: Transaction "transTes_4" ended with a "Fail" status (Duration: 0.0000).	[MsgId: MMSG-16873]
Action.c(103): Notify: Transaction "transTes_4" has 0 error message(s).	[MsgId: MMSG-16818]
Action.c(100): Notify: Transaction "transTes_5" started.	[MsgId: MMSG-16999]
Action.c(103): Notify: Transaction "transTes_5" ended with a "Fail" status (Duration: 0.0000).	[MsgId: MMSG-16873]
Action.c(103): Notify: Transaction "transTes_5" has 0 error message(s).	[MsgId: MMSG-16818]
Action.c(100): Notify: Transaction "transTes_6" started.	[MsgId: MMSG-16999]
Action.c(103): Notify: Transaction "transTes_6" ended with a "Stop" status (Duration: 0.0000).	[MsgId: MMSG-16873]
Action.c(100): Notify: Transaction "transTes_7" started.	[MsgId: MMSG-16999]
Action.c(103): Notify: Transaction "transTes_7" ended with a "Fail" status (Duration: 0.0000).	[MsgId: MMSG-16873]
Action.c(103): Notify: Transaction "transTes_7" has 0 error message(s).	[MsgId: MMSG-16818]
Action.c(112): Error: vuser failed	[MsgId: MERR-17999]
End auto log messages stack.	[MsgId: MMSG-10544]


Start auto log messages stack - Iteration 1.	[MsgId: MMSG-10545]
Action.c(93): Notify: Transaction "Trans_other" ended with a "Pass" status (Duration: 5.8875 Think Time: 5.8670).	[MsgId: MMSG-16872]
Action.c(100): Notify: Transaction "transTes_0" started.	[MsgId: MMSG-16999]
Action.c(103): Notify: Transaction "transTes_0" ended with a "Stop" status (Duration: 0.0000).	[MsgId: MMSG-16873]
Action.c(100): Notify: Transaction "transTes_1" started.	[MsgId: MMSG-16999]
Action.c(103): Notify: Transaction "transTes_1" ended with a "Pass" status (Duration: 0.0000).	[MsgId: MMSG-16873]
Action.c(100): Notify: Transaction "transTes_2" started.	[MsgId: MMSG-16999]
Action.c(103): Notify: Transaction "transTes_2" ended with a "Pass" status (Duration: 0.0000).	[MsgId: MMSG-16873]
Action.c(100): Notify: Transaction "transTes_3" started.	[MsgId: MMSG-16999]
Action.c(103): Notify: Transaction "transTes_3" ended with a "Stop" status (Duration: 0.0000).	[MsgId: MMSG-16873]
Action.c(100): Notify: Transaction "transTes_4" started.	[MsgId: MMSG-16999]
Action.c(103): Notify: Transaction "transTes_4" ended with a "Stop" status (Duration: 0.0000).	[MsgId: MMSG-16873]
Action.c(100): Notify: Transaction "transTes_5" started.	[MsgId: MMSG-16999]
Action.c(103): Notify: Transaction "transTes_5" ended with a "Pass" status (Duration: 0.0000).	[MsgId: MMSG-16873]
Action.c(100): Notify: Transaction "transTes_6" started.	[MsgId: MMSG-16999]
Action.c(103): Notify: Transaction "transTes_6" ended with a "Stop" status (Duration: 0.0000).	[MsgId: MMSG-16873]
Action.c(100): Notify: Transaction "transTes_7" started.	[MsgId: MMSG-16999]
Action.c(103): Notify: Transaction "transTes_7" ended with a "Pass" status (Duration: 0.0000).	[MsgId: MMSG-16873]
Action.c(112): Error: vuser failed	[MsgId: MERR-17999]
End auto log messages stack.	[MsgId: MMSG-10544]


Start auto log messages stack - Iteration 1.	[MsgId: MMSG-10545]
Action.c(103): Notify: Transaction "transTes_0" ended with a "Pass" status (Duration: 0.0000).	[MsgId: MMSG-16873]
Action.c(100): Notify: Transaction "transTes_1" started.	[MsgId: MMSG-16999]
Action.c(103): Notify: Transaction "transTes_1" ended with a "Pass" status (Duration: 0.0000).	[MsgId: MMSG-16873]
Action.c(100): Notify: Transaction "transTes_2" started.	[MsgId: MMSG-16999]
Action.c(103): Notify: Transaction "transTes_2" ended with a "Pass" status (Duration: 0.0000).	[MsgId: MMSG-16873]
Action.c(100): Notify: Transaction "transTes_3" started.	[MsgId: MMSG-16999]
Action.c(103): Notify: Transaction "transTes_3" ended with a "Stop" status (Duration: 0.0000).	[MsgId: MMSG-16873]
Action.c(100): Notify: Transaction "transTes_4" started.	[MsgId: MMSG-16999]
Action.c(103): Notify: Transaction "transTes_4" ended with a "Fail" status (Duration: 0.0000).	[MsgId: MMSG-16873]
Action.c(103): Notify: Transaction "transTes_4" has 0 error message(s).	[MsgId: MMSG-16818]
Action.c(100): Notify: Transaction "transTes_5" started.	[MsgId: MMSG-16999]
Action.c(103): Notify: Transaction "transTes_5" ended with a "Fail" status (Duration: 0.0000).	[MsgId: MMSG-16873]
Action.c(103): Notify: Transaction "transTes_5" has 0 error message(s).	[MsgId: MMSG-16818]
Action.c(100): Notify: Transaction "transTes_6" started.	[MsgId: MMSG-16999]
Action.c(103): Notify: Transaction "transTes_6" ended with a "Stop" status (Duration: 0.0000).	[MsgId: MMSG-16873]
Action.c(100): Notify: Transaction "transTes_7" started.	[MsgId: MMSG-16999]
Action.c(103): Notify: Transaction "transTes_7" ended with a "Fail" status (Duration: 0.0000).	[MsgId: MMSG-16873]
Action.c(103): Notify: Transaction "transTes_7" has 0 error message(s).	[MsgId: MMSG-16818]
Action.c(112): Error: vuser failed	[MsgId: MERR-17999]
End auto log messages stack.	[MsgId: MMSG-10544]


Start auto log messages stack - Iteration 1.	[MsgId: MMSG-10545]
Action.c(103): Notify: Transaction "transTes_0" ended with a "Pass" status (Duration: 0.0000).	[MsgId: MMSG-16873]
Action.c(100): Notify: Transaction "transTes_1" started.	[MsgId: MMSG-16999]
Action.c(103): Notify: Transaction "transTes_1" ended with a "Pass" status (Duration: 0.0000).	[MsgId: MMSG-16873]
Action.c(100): Notify: Transaction "transTes_2" started.	[MsgId: MMSG-16999]
Action.c(103): Notify: Transaction "transTes_2" ended with a "Pass" status (Duration: 0.0000).	[MsgId: MMSG-16873]
Action.c(100): Notify: Transaction "transTes_3" started.	[MsgId: MMSG-16999]
Action.c(103): Notify: Transaction "transTes_3" ended with a "Stop" status (Duration: 0.0000).	[MsgId: MMSG-16873]
Action.c(100): Notify: Transaction "transTes_4" started.	[MsgId: MMSG-16999]
Action.c(103): Notify: Transaction "transTes_4" ended with a "Fail" status (Duration: 0.0000).	[MsgId: MMSG-16873]
Action.c(103): Notify: Transaction "transTes_4" has 0 error message(s).	[MsgId: MMSG-16818]
Action.c(100): Notify: Transaction "transTes_5" started.	[MsgId: MMSG-16999]
Action.c(103): Notify: Transaction "transTes_5" ended with a "Fail" status (Duration: 0.0000).	[MsgId: MMSG-16873]
Action.c(103): Notify: Transaction "transTes_5" has 0 error message(s).	[MsgId: MMSG-16818]
Action.c(100): Notify: Transaction "transTes_6" started.	[MsgId: MMSG-16999]
Action.c(103): Notify: Transaction "transTes_6" ended with a "Stop" status (Duration: 0.0000).	[MsgId: MMSG-16873]
Action.c(100): Notify: Transaction "transTes_7" started.	[MsgId: MMSG-16999]
Action.c(103): Notify: Transaction "transTes_7" ended with a "Fail" status (Duration: 0.0000).	[MsgId: MMSG-16873]
Action.c(103): Notify: Transaction "transTes_7" has 0 error message(s).	[MsgId: MMSG-16818]
Action.c(112): Error: vuser failed	[MsgId: MERR-17999]
End auto log messages stack.	[MsgId: MMSG-10544]


Start auto log messages stack - Iteration 1.	[MsgId: MMSG-10545]
Action.c(93): Notify: Transaction "Trans_other" ended with a "Pass" status (Duration: 5.8486 Think Time: 5.8317).	[MsgId: MMSG-16872]
Action.c(100): Notify: Transaction "transTes_0" started.	[MsgId: MMSG-16999]
Action.c(103): Notify: Transaction "transTes_0" ended with a "Stop" status (Duration: 0.0000).	[MsgId: MMSG-16873]
Action.c(100): Notify: Transaction "transTes_1" started.	[MsgId: MMSG-16999]
Action.c(103): Notify: Transaction "transTes_1" ended with a "Pass" status (Duration: 0.0000).	[MsgId: MMSG-16873]
Action.c(100): Notify: Transaction "transTes_2" started.	[MsgId: MMSG-16999]
Action.c(103): Notify: Transaction "transTes_2" ended with a "Pass" status (Duration: 0.0000).	[MsgId: MMSG-16873]
Action.c(100): Notify: Transaction "transTes_3" started.	[MsgId: MMSG-16999]
Action.c(103): Notify: Transaction "transTes_3" ended with a "Stop" status (Duration: 0.0000).	[MsgId: MMSG-16873]
Action.c(100): Notify: Transaction "transTes_4" started.	[MsgId: MMSG-16999]
Action.c(103): Notify: Transaction "transTes_4" ended with a "Stop" status (Duration: 0.0000).	[MsgId: MMSG-16873]
Action.c(100): Notify: Transaction "transTes_5" started.	[MsgId: MMSG-16999]
Action.c(103): Notify: Transaction "transTes_5" ended with a "Pass" status (Duration: 0.0000).	[MsgId: MMSG-16873]
Action.c(100): Notify: Transaction "transTes_6" started.	[MsgId: MMSG-16999]
Action.c(103): Notify: Transaction "transTes_6" ended with a "Stop" status (Duration: 0.0000).	[MsgId: MMSG-16873]
Action.c(100): Notify: Transaction "transTes_7" started.	[MsgId: MMSG-16999]
Action.c(103): Notify: Transaction "transTes_7" ended with a "Pass" status (Duration: 0.0000).	[MsgId: MMSG-16873]
Action.c(112): Error: vuser failed	[MsgId: MERR-17999]
End auto log messages stack.	[MsgId: MMSG-10544]


Start auto log messages stack - Iteration 1.	[MsgId: MMSG-10545]
Action.c(103): Notify: Transaction "transTes_0" ended with a "Pass" status (Duration: 0.0000).	[MsgId: MMSG-16873]
Action.c(100): Notify: Transaction "transTes_1" started.	[MsgId: MMSG-16999]
Action.c(103): Notify: Transaction "transTes_1" ended with a "Pass" status (Duration: 0.0000).	[MsgId: MMSG-16873]
Action.c(100): Notify: Transaction "transTes_2" started.	[MsgId: MMSG-16999]
Action.c(103): Notify: Transaction "transTes_2" ended with a "Pass" status (Duration: 0.0000).	[MsgId: MMSG-16873]
Action.c(100): Notify: Transaction "transTes_3" started.	[MsgId: MMSG-16999]
Action.c(103): Notify: Transaction "transTes_3" ended with a "Stop" status (Duration: 0.0000).	[MsgId: MMSG-16873]
Action.c(100): Notify: Transaction "transTes_4" started.	[MsgId: MMSG-16999]
Action.c(103): Notify: Transaction "transTes_4" ended with a "Fail" status (Duration: 0.0000).	[MsgId: MMSG-16873]
Action.c(103): Notify: Transaction "transTes_4" has 0 error message(s).	[MsgId: MMSG-16818]
Action.c(100): Notify: Transaction "transTes_5" started.	[MsgId: MMSG-16999]
Action.c(103): Notify: Transaction "transTes_5" ended with a "Fail" status (Duration: 0.0000).	[MsgId: MMSG-16873]
Action.c(103): Notify: Transaction "transTes_5" has 0 error message(s).	[MsgId: MMSG-16818]
Action.c(100): Notify: Transaction "transTes_6" started.	[MsgId: MMSG-16999]
Action.c(103): Notify: Transaction "transTes_6" ended with a "Stop" status (Duration: 0.0000).	[MsgId: MMSG-16873]
Action.c(100): Notify: Transaction "transTes_7" started.	[MsgId: MMSG-16999]
Action.c(103): Notify: Transaction "transTes_7" ended with a "Fail" status (Duration: 0.0000).	[MsgId: MMSG-16873]
Action.c(103): Notify: Transaction "transTes_7" has 0 error message(s).	[MsgId: MMSG-16818]
Action.c(112): Error: vuser failed	[MsgId: MERR-17999]
End auto log messages stack.	[MsgId: MMSG-10544]


Start auto log messages stack - Iteration 1.	[MsgId: MMSG-10545]
Action.c(103): Notify: Transaction "transTes_0" ended with a "Pass" status (Duration: 0.0000).	[MsgId: MMSG-16873]
Action.c(100): Notify: Transaction "transTes_1" started.	[MsgId: MMSG-16999]
Action.c(103): Notify: Transaction "transTes_1" ended with a "Pass" status (Duration: 0.0000).	[MsgId: MMSG-16873]
Action.c(100): Notify: Transaction "transTes_2" started.	[MsgId: MMSG-16999]
Action.c(103): Notify: Transaction "transTes_2" ended with a "Pass" status (Duration: 0.0000).	[MsgId: MMSG-16873]
Action.c(100): Notify: Transaction "transTes_3" started.	[MsgId: MMSG-16999]
Action.c(103): Notify: Transaction "transTes_3" ended with a "Stop" status (Duration: 0.0000).	[MsgId: MMSG-16873]
Action.c(100): Notify: Transaction "transTes_4" started.	[MsgId: MMSG-16999]
Action.c(103): Notify: Transaction "transTes_4" ended with a "Fail" status (Duration: 0.0000).	[MsgId: MMSG-16873]
Action.c(103): Notify: Transaction "transTes_4" has 0 error message(s).	[MsgId: MMSG-16818]
Action.c(100): Notify: Transaction "transTes_5" started.	[MsgId: MMSG-16999]
Action.c(103): Notify: Transaction "transTes_5" ended with a "Fail" status (Duration: 0.0000).	[MsgId: MMSG-16873]
Action.c(103): Notify: Transaction "transTes_5" has 0 error message(s).	[MsgId: MMSG-16818]
Action.c(100): Notify: Transaction "transTes_6" started.	[MsgId: MMSG-16999]
Action.c(103): Notify: Transaction "transTes_6" ended with a "Stop" status (Duration: 0.0000).	[MsgId: MMSG-16873]
Action.c(100): Notify: Transaction "transTes_7" started.	[MsgId: MMSG-16999]
Action.c(103): Notify: Transaction "transTes_7" ended with a "Fail" status (Duration: 0.0000).	[MsgId: MMSG-16873]
Action.c(103): Notify: Transaction "transTes_7" has 0 error message(s).	[MsgId: MMSG-16818]
Action.c(112): Error: vuser failed	[MsgId: MERR-17999]
End auto log messages stack.	[MsgId: MMSG-10544]


Start auto log messages stack - Iteration 1.	[MsgId: MMSG-10545]
Action.c(103): Notify: Transaction "transTes_0" ended with a "Pass" status (Duration: 0.0000).	[MsgId: MMSG-16873]
Action.c(100): Notify: Transaction "transTes_1" started.	[MsgId: MMSG-16999]
Action.c(103): Notify: Transaction "transTes_1" ended with a "Pass" status (Duration: 0.0000).	[MsgId: MMSG-16873]
Action.c(100): Notify: Transaction "transTes_2" started.	[MsgId: MMSG-16999]
Action.c(103): Notify: Transaction "transTes_2" ended with a "Pass" status (Duration: 0.0000).	[MsgId: MMSG-16873]
Action.c(100): Notify: Transaction "transTes_3" started.	[MsgId: MMSG-16999]
Start auto log messages stack - Iteration 1.	[MsgId: MMSG-10545]
Action.c(103): Notify: Transaction "transTes_3" ended with a "Stop" status (Duration: 0.0000).	[MsgId: MMSG-16873]
Action.c(100): Notify: Transaction "transTes_4" started.	[MsgId: MMSG-16999]
Action.c(103): Notify: Transaction "transTes_4" ended with a "Fail" status (Duration: 0.0000).	[MsgId: MMSG-16873]
Action.c(103): Notify: Transaction "transTes_4" has 0 error message(s).	[MsgId: MMSG-16818]
Action.c(100): Notify: Transaction "transTes_5" started.	[MsgId: MMSG-16999]
Action.c(103): Notify: Transaction "transTes_5" ended with a "Fail" status (Duration: 0.0000).	[MsgId: MMSG-16873]
Action.c(103): Notify: Transaction "transTes_5" has 0 error message(s).	[MsgId: MMSG-16818]
Action.c(100): Notify: Transaction "transTes_6" started.	[MsgId: MMSG-16999]
Action.c(103): Notify: Transaction "transTes_6" ended with a "Stop" status (Duration: 0.0000).	[MsgId: MMSG-16873]
Action.c(100): Notify: Transaction "transTes_7" started.	[MsgId: MMSG-16999]
Action.c(103): Notify: Transaction "transTes_7" ended with a "Fail" status (Duration: 0.0000).	[MsgId: MMSG-16873]
Action.c(103): Notify: Transaction "transTes_7" has 0 error message(s).	[MsgId: MMSG-16818]
Action.c(112): Error: vuser failed	[MsgId: MERR-17999]
End auto log messages stack.	[MsgId: MMSG-10544]


Action.c(103): Notify: Transaction "transTes_0" ended with a "Pass" status (Duration: 0.0000).	[MsgId: MMSG-16873]
Action.c(100): Notify: Transaction "transTes_1" started.	[MsgId: MMSG-16999]
Action.c(103): Notify: Transaction "transTes_1" ended with a "Pass" status (Duration: 0.0000).	[MsgId: MMSG-16873]
Action.c(100): Notify: Transaction "transTes_2" started.	[MsgId: MMSG-16999]
Action.c(103): Notify: Transaction "transTes_2" ended with a "Pass" status (Duration: 0.0000).	[MsgId: MMSG-16873]
Action.c(100): Notify: Transaction "transTes_3" started.	[MsgId: MMSG-16999]
Action.c(103): Notify: Transaction "transTes_3" ended with a "Stop" status (Duration: 0.0000).	[MsgId: MMSG-16873]
Action.c(100): Notify: Transaction "transTes_4" started.	[MsgId: MMSG-16999]
Action.c(103): Notify: Transaction "transTes_4" ended with a "Fail" status (Duration: 0.0000).	[MsgId: MMSG-16873]
Action.c(103): Notify: Transaction "transTes_4" has 0 error message(s).	[MsgId: MMSG-16818]
Action.c(100): Notify: Transaction "transTes_5" started.	[MsgId: MMSG-16999]
Action.c(103): Notify: Transaction "transTes_5" ended with a "Fail" status (Duration: 0.0000).	[MsgId: MMSG-16873]
Action.c(103): Notify: Transaction "transTes_5" has 0 error message(s).	[MsgId: MMSG-16818]
Action.c(100): Notify: Transaction "transTes_6" started.	[MsgId: MMSG-16999]
Action.c(103): Notify: Transaction "transTes_6" ended with a "Stop" status (Duration: 0.0000).	[MsgId: MMSG-16873]
Action.c(100): Notify: Transaction "transTes_7" started.	[MsgId: MMSG-16999]
Action.c(103): Notify: Transaction "transTes_7" ended with a "Fail" status (Duration: 0.0000).	[MsgId: MMSG-16873]
Action.c(103): Notify: Transaction "transTes_7" has 0 error message(s).	[MsgId: MMSG-16818]
Action.c(112): Error: vuser failed	[MsgId: MERR-17999]
End auto log messages stack.	[MsgId: MMSG-10544]


Start auto log messages stack - Iteration 1.	[MsgId: MMSG-10545]
Action.c(93): Notify: Transaction "Trans_other" ended with a "Pass" status (Duration: 5.2545 Think Time: 5.2416).	[MsgId: MMSG-16872]
Action.c(100): Notify: Transaction "transTes_0" started.	[MsgId: MMSG-16999]
Action.c(103): Notify: Transaction "transTes_0" ended with a "Pass" status (Duration: 0.0000).	[MsgId: MMSG-16873]
Action.c(100): Notify: Transaction "transTes_1" started.	[MsgId: MMSG-16999]
Action.c(103): Notify: Transaction "transTes_1" ended with a "Pass" status (Duration: 0.0000).	[MsgId: MMSG-16873]
Start auto log messages stack - Iteration 1.	[MsgId: MMSG-10545]
Action.c(103): Notify: Transaction "transTes_0" ended with a "Pass" status (Duration: 0.0000).	[MsgId: MMSG-16873]
Action.c(100): Notify: Transaction "transTes_1" started.	[MsgId: MMSG-16999]
Action.c(103): Notify: Transaction "transTes_1" ended with a "Pass" status (Duration: 0.0000).	[MsgId: MMSG-16873]
Action.c(100): Notify: Transaction "transTes_2" started.	[MsgId: MMSG-16999]
Action.c(103): Notify: Transaction "transTes_2" ended with a "Pass" status (Duration: 0.0000).	[MsgId: MMSG-16873]
Action.c(100): Notify: Transaction "transTes_3" started.	[MsgId: MMSG-16999]
Action.c(100): Notify: Transaction "transTes_2" started.	[MsgId: MMSG-16999]
Action.c(103): Notify: Transaction "transTes_2" ended with a "Pass" status (Duration: 0.0000).	[MsgId: MMSG-16873]
Action.c(100): Notify: Transaction "transTes_3" started.	[MsgId: MMSG-16999]
Action.c(103): Notify: Transaction "transTes_3" ended with a "Pass" status (Duration: 0.0000).	[MsgId: MMSG-16873]
Action.c(100): Notify: Transaction "transTes_4" started.	[MsgId: MMSG-16999]
Action.c(103): Notify: Transaction "transTes_4" ended with a "Pass" status (Duration: 0.0000).	[MsgId: MMSG-16873]
Action.c(100): Notify: Transaction "transTes_5" started.	[MsgId: MMSG-16999]
Action.c(103): Notify: Transaction "transTes_5" ended with a "Pass" status (Duration: 0.0000).	[MsgId: MMSG-16873]
Action.c(100): Notify: Transaction "transTes_6" started.	[MsgId: MMSG-16999]
Action.c(103): Notify: Transaction "transTes_6" ended with a "Pass" status (Duration: 0.0000).	[MsgId: MMSG-16873]
Action.c(100): Notify: Transaction "transTes_7" started.	[MsgId: MMSG-16999]
Action.c(103): Notify: Transaction "transTes_7" ended with a "Pass" status (Duration: 0.0000).	[MsgId: MMSG-16873]
Action.c(112): Error: vuser failed	[MsgId: MERR-17999]
End auto log messages stack.	[MsgId: MMSG-10544]


Action.c(103): Notify: Transaction "transTes_3" ended with a "Stop" status (Duration: 0.0000).	[MsgId: MMSG-16873]
Action.c(100): Notify: Transaction "transTes_4" started.	[MsgId: MMSG-16999]
Action.c(103): Notify: Transaction "transTes_4" ended with a "Fail" status (Duration: 0.0000).	[MsgId: MMSG-16873]
Action.c(103): Notify: Transaction "transTes_4" has 0 error message(s).	[MsgId: MMSG-16818]
Action.c(100): Notify: Transaction "transTes_5" started.	[MsgId: MMSG-16999]
Action.c(103): Notify: Transaction "transTes_5" ended with a "Fail" status (Duration: 0.0000).	[MsgId: MMSG-16873]
Action.c(103): Notify: Transaction "transTes_5" has 0 error message(s).	[MsgId: MMSG-16818]
Action.c(100): Notify: Transaction "transTes_6" started.	[MsgId: MMSG-16999]
Action.c(103): Notify: Transaction "transTes_6" ended with a "Stop" status (Duration: 0.0000).	[MsgId: MMSG-16873]
Action.c(100): Notify: Transaction "transTes_7" started.	[MsgId: MMSG-16999]
Action.c(103): Notify: Transaction "transTes_7" ended with a "Fail" status (Duration: 0.0000).	[MsgId: MMSG-16873]
Action.c(103): Notify: Transaction "transTes_7" has 0 error message(s).	[MsgId: MMSG-16818]
Action.c(112): Error: vuser failed	[MsgId: MERR-17999]
End auto log messages stack.	[MsgId: MMSG-10544]


Start auto log messages stack - Iteration 1.	[MsgId: MMSG-10545]
Action.c(93): Notify: Transaction "Trans_other" ended with a "Pass" status (Duration: 5.2231 Think Time: 5.1866).	[MsgId: MMSG-16872]
Action.c(100): Notify: Transaction "transTes_0" started.	[MsgId: MMSG-16999]
Action.c(103): Notify: Transaction "transTes_0" ended with a "Stop" status (Duration: 0.0000).	[MsgId: MMSG-16873]
Action.c(100): Notify: Transaction "transTes_1" started.	[MsgId: MMSG-16999]
Action.c(103): Notify: Transaction "transTes_1" ended with a "Pass" status (Duration: 0.0000).	[MsgId: MMSG-16873]
Action.c(100): Notify: Transaction "transTes_2" started.	[MsgId: MMSG-16999]
Action.c(103): Notify: Transaction "transTes_2" ended with a "Pass" status (Duration: 0.0000).	[MsgId: MMSG-16873]
Action.c(100): Notify: Transaction "transTes_3" started.	[MsgId: MMSG-16999]
Action.c(103): Notify: Transaction "transTes_3" ended with a "Stop" status (Duration: 0.0000).	[MsgId: MMSG-16873]
Action.c(100): Notify: Transaction "transTes_4" started.	[MsgId: MMSG-16999]
Action.c(103): Notify: Transaction "transTes_4" ended with a "Stop" status (Duration: 0.0000).	[MsgId: MMSG-16873]
Action.c(100): Notify: Transaction "transTes_5" started.	[MsgId: MMSG-16999]
Action.c(103): Notify: Transaction "transTes_5" ended with a "Pass" status (Duration: 0.0000).	[MsgId: MMSG-16873]
Action.c(100): Notify: Transaction "transTes_6" started.	[MsgId: MMSG-16999]
Action.c(103): Notify: Transaction "transTes_6" ended with a "Stop" status (Duration: 0.0000).	[MsgId: MMSG-16873]
Action.c(100): Notify: Transaction "transTes_7" started.	[MsgId: MMSG-16999]
Action.c(103): Notify: Transaction "transTes_7" ended with a "Pass" status (Duration: 0.0000).	[MsgId: MMSG-16873]
Action.c(112): Error: vuser failed	[MsgId: MERR-17999]
End auto log messages stack.	[MsgId: MMSG-10544]


Start auto log messages stack - Iteration 1.	[MsgId: MMSG-10545]
Action.c(103): Notify: Transaction "transTes_0" ended with a "Pass" status (Duration: 0.0000).	[MsgId: MMSG-16873]
Action.c(100): Notify: Transaction "transTes_1" started.	[MsgId: MMSG-16999]
Action.c(103): Notify: Transaction "transTes_1" ended with a "Pass" status (Duration: 0.0000).	[MsgId: MMSG-16873]
Action.c(100): Notify: Transaction "transTes_2" started.	[MsgId: MMSG-16999]
Action.c(103): Notify: Transaction "transTes_2" ended with a "Pass" status (Duration: 0.0000).	[MsgId: MMSG-16873]
Action.c(100): Notify: Transaction "transTes_3" started.	[MsgId: MMSG-16999]
Start auto log messages stack - Iteration 1.	[MsgId: MMSG-10545]
Action.c(93): Notify: Transaction "Trans_other" ended with a "Pass" status (Duration: 5.2468 Think Time: 5.1980).	[MsgId: MMSG-16872]
Action.c(100): Notify: Transaction "transTes_0" started.	[MsgId: MMSG-16999]
Action.c(103): Notify: Transaction "transTes_0" ended with a "Stop" status (Duration: 0.0000).	[MsgId: MMSG-16873]
Action.c(100): Notify: Transaction "transTes_1" started.	[MsgId: MMSG-16999]
Action.c(103): Notify: Transaction "transTes_1" ended with a "Pass" status (Duration: 0.0000).	[MsgId: MMSG-16873]
Start auto log messages stack - Iteration 1.	[MsgId: MMSG-10545]
Action.c(103): Notify: Transaction "transTes_3" ended with a "Stop" status (Duration: 0.0000).	[MsgId: MMSG-16873]
Action.c(100): Notify: Transaction "transTes_4" started.	[MsgId: MMSG-16999]
Action.c(103): Notify: Transaction "transTes_4" ended with a "Fail" status (Duration: 0.0000).	[MsgId: MMSG-16873]
Action.c(103): Notify: Transaction "transTes_4" has 0 error message(s).	[MsgId: MMSG-16818]
Action.c(100): Notify: Transaction "transTes_5" started.	[MsgId: MMSG-16999]
Action.c(103): Notify: Transaction "transTes_5" ended with a "Fail" status (Duration: 0.0000).	[MsgId: MMSG-16873]
Action.c(103): Notify: Transaction "transTes_5" has 0 error message(s).	[MsgId: MMSG-16818]
Action.c(100): Notify: Transaction "transTes_6" started.	[MsgId: MMSG-16999]
Action.c(103): Notify: Transaction "transTes_6" ended with a "Stop" status (Duration: 0.0000).	[MsgId: MMSG-16873]
Action.c(100): Notify: Transaction "transTes_7" started.	[MsgId: MMSG-16999]
Action.c(103): Notify: Transaction "transTes_7" ended with a "Fail" status (Duration: 0.0000).	[MsgId: MMSG-16873]
Action.c(103): Notify: Transaction "transTes_7" has 0 error message(s).	[MsgId: MMSG-16818]
Action.c(112): Error: vuser failed	[MsgId: MERR-17999]
End auto log messages stack.	[MsgId: MMSG-10544]


Action.c(100): Notify: Transaction "transTes_2" started.	[MsgId: MMSG-16999]
Action.c(103): Notify: Transaction "transTes_2" ended with a "Pass" status (Duration: 0.0000).	[MsgId: MMSG-16873]
Action.c(100): Notify: Transaction "transTes_3" started.	[MsgId: MMSG-16999]
Action.c(103): Notify: Transaction "transTes_3" ended with a "Stop" status (Duration: 0.0000).	[MsgId: MMSG-16873]
Action.c(100): Notify: Transaction "transTes_4" started.	[MsgId: MMSG-16999]
Action.c(103): Notify: Transaction "transTes_4" ended with a "Stop" status (Duration: 0.0000).	[MsgId: MMSG-16873]
Action.c(100): Notify: Transaction "transTes_5" started.	[MsgId: MMSG-16999]
Action.c(103): Notify: Transaction "transTes_5" ended with a "Pass" status (Duration: 0.0000).	[MsgId: MMSG-16873]
Action.c(100): Notify: Transaction "transTes_6" started.	[MsgId: MMSG-16999]
Action.c(103): Notify: Transaction "transTes_6" ended with a "Stop" status (Duration: 0.0000).	[MsgId: MMSG-16873]
Action.c(100): Notify: Transaction "transTes_7" started.	[MsgId: MMSG-16999]
Action.c(103): Notify: Transaction "transTes_7" ended with a "Pass" status (Duration: 0.0000).	[MsgId: MMSG-16873]
Action.c(112): Error: vuser failed	[MsgId: MERR-17999]
End auto log messages stack.	[MsgId: MMSG-10544]


Action.c(103): Notify: Transaction "transTes_0" ended with a "Pass" status (Duration: 0.0000).	[MsgId: MMSG-16873]
Action.c(100): Notify: Transaction "transTes_1" started.	[MsgId: MMSG-16999]
Action.c(103): Notify: Transaction "transTes_1" ended with a "Pass" status (Duration: 0.0000).	[MsgId: MMSG-16873]
Action.c(100): Notify: Transaction "transTes_2" started.	[MsgId: MMSG-16999]
Action.c(103): Notify: Transaction "transTes_2" ended with a "Pass" status (Duration: 0.0000).	[MsgId: MMSG-16873]
Action.c(100): Notify: Transaction "transTes_3" started.	[MsgId: MMSG-16999]
Start auto log messages stack - Iteration 1.	[MsgId: MMSG-10545]
Action.c(93): Notify: Transaction "Trans_other" ended with a "Pass" status (Duration: 5.2509 Think Time: 5.2095).	[MsgId: MMSG-16872]
Action.c(100): Notify: Transaction "transTes_0" started.	[MsgId: MMSG-16999]
Action.c(103): Notify: Transaction "transTes_0" ended with a "Stop" status (Duration: 0.0000).	[MsgId: MMSG-16873]
Action.c(100): Notify: Transaction "transTes_1" started.	[MsgId: MMSG-16999]
Action.c(103): Notify: Transaction "transTes_1" ended with a "Pass" status (Duration: 0.0000).	[MsgId: MMSG-16873]
Action.c(103): Notify: Transaction "transTes_3" ended with a "Stop" status (Duration: 0.0000).	[MsgId: MMSG-16873]
Action.c(100): Notify: Transaction "transTes_4" started.	[MsgId: MMSG-16999]
Action.c(103): Notify: Transaction "transTes_4" ended with a "Fail" status (Duration: 0.0000).	[MsgId: MMSG-16873]
Action.c(103): Notify: Transaction "transTes_4" has 0 error message(s).	[MsgId: MMSG-16818]
Action.c(100): Notify: Transaction "transTes_5" started.	[MsgId: MMSG-16999]
Action.c(103): Notify: Transaction "transTes_5" ended with a "Fail" status (Duration: 0.0000).	[MsgId: MMSG-16873]
Action.c(103): Notify: Transaction "transTes_5" has 0 error message(s).	[MsgId: MMSG-16818]
Action.c(100): Notify: Transaction "transTes_6" started.	[MsgId: MMSG-16999]
Action.c(103): Notify: Transaction "transTes_6" ended with a "Stop" status (Duration: 0.0000).	[MsgId: MMSG-16873]
Action.c(100): Notify: Transaction "transTes_7" started.	[MsgId: MMSG-16999]
Action.c(103): Notify: Transaction "transTes_7" ended with a "Fail" status (Duration: 0.0000).	[MsgId: MMSG-16873]
Action.c(103): Notify: Transaction "transTes_7" has 0 error message(s).	[MsgId: MMSG-16818]
Action.c(112): Error: vuser failed	[MsgId: MERR-17999]
End auto log messages stack.	[MsgId: MMSG-10544]


Start auto log messages stack - Iteration 1.	[MsgId: MMSG-10545]
Action.c(93): Notify: Transaction "Trans_other" ended with a "Pass" status (Duration: 5.2518 Think Time: 5.2421).	[MsgId: MMSG-16872]
Action.c(100): Notify: Transaction "transTes_0" started.	[MsgId: MMSG-16999]
Action.c(103): Notify: Transaction "transTes_0" ended with a "Stop" status (Duration: 0.0000).	[MsgId: MMSG-16873]
Action.c(100): Notify: Transaction "transTes_1" started.	[MsgId: MMSG-16999]
Action.c(103): Notify: Transaction "transTes_1" ended with a "Pass" status (Duration: 0.0000).	[MsgId: MMSG-16873]
Start auto log messages stack - Iteration 1.	[MsgId: MMSG-10545]
Action.c(93): Notify: Transaction "Trans_other" ended with a "Pass" status (Duration: 5.2591 Think Time: 5.2380).	[MsgId: MMSG-16872]
Action.c(100): Notify: Transaction "transTes_0" started.	[MsgId: MMSG-16999]
Action.c(103): Notify: Transaction "transTes_0" ended with a "Stop" status (Duration: 0.0000).	[MsgId: MMSG-16873]
Action.c(100): Notify: Transaction "transTes_1" started.	[MsgId: MMSG-16999]
Action.c(103): Notify: Transaction "transTes_1" ended with a "Pass" status (Duration: 0.0000).	[MsgId: MMSG-16873]
Action.c(100): Notify: Transaction "transTes_2" started.	[MsgId: MMSG-16999]
Action.c(103): Notify: Transaction "transTes_2" ended with a "Pass" status (Duration: 0.0000).	[MsgId: MMSG-16873]
Action.c(100): Notify: Transaction "transTes_3" started.	[MsgId: MMSG-16999]
Action.c(103): Notify: Transaction "transTes_3" ended with a "Stop" status (Duration: 0.0000).	[MsgId: MMSG-16873]
Action.c(100): Notify: Transaction "transTes_4" started.	[MsgId: MMSG-16999]
Action.c(103): Notify: Transaction "transTes_4" ended with a "Stop" status (Duration: 0.0000).	[MsgId: MMSG-16873]
Action.c(100): Notify: Transaction "transTes_5" started.	[MsgId: MMSG-16999]
Action.c(103): Notify: Transaction "transTes_5" ended with a "Pass" status (Duration: 0.0000).	[MsgId: MMSG-16873]
Action.c(100): Notify: Transaction "transTes_6" started.	[MsgId: MMSG-16999]
Action.c(103): Notify: Transaction "transTes_6" ended with a "Stop" status (Duration: 0.0000).	[MsgId: MMSG-16873]
Action.c(100): Notify: Transaction "transTes_7" started.	[MsgId: MMSG-16999]
Action.c(103): Notify: Transaction "transTes_7" ended with a "Pass" status (Duration: 0.0000).	[MsgId: MMSG-16873]
Action.c(112): Error: vuser failed	[MsgId: MERR-17999]
End auto log messages stack.	[MsgId: MMSG-10544]


Start auto log messages stack - Iteration 1.	[MsgId: MMSG-10545]
Action.c(93): Notify: Transaction "Trans_other" ended with a "Pass" status (Duration: 5.2596 Think Time: 5.2494).	[MsgId: MMSG-16872]
Action.c(100): Notify: Transaction "transTes_0" started.	[MsgId: MMSG-16999]
Action.c(103): Notify: Transaction "transTes_0" ended with a "Stop" status (Duration: 0.0000).	[MsgId: MMSG-16873]
Action.c(100): Notify: Transaction "transTes_1" started.	[MsgId: MMSG-16999]
Action.c(103): Notify: Transaction "transTes_1" ended with a "Pass" status (Duration: 0.0000).	[MsgId: MMSG-16873]
Action.c(100): Notify: Transaction "transTes_2" started.	[MsgId: MMSG-16999]
Action.c(103): Notify: Transaction "transTes_2" ended with a "Pass" status (Duration: 0.0000).	[MsgId: MMSG-16873]
Action.c(100): Notify: Transaction "transTes_3" started.	[MsgId: MMSG-16999]
Action.c(103): Notify: Transaction "transTes_3" ended with a "Stop" status (Duration: 0.0000).	[MsgId: MMSG-16873]
Action.c(100): Notify: Transaction "transTes_4" started.	[MsgId: MMSG-16999]
Action.c(103): Notify: Transaction "transTes_4" ended with a "Stop" status (Duration: 0.0000).	[MsgId: MMSG-16873]
Action.c(100): Notify: Transaction "transTes_5" started.	[MsgId: MMSG-16999]
Action.c(103): Notify: Transaction "transTes_5" ended with a "Pass" status (Duration: 0.0000).	[MsgId: MMSG-16873]
Action.c(100): Notify: Transaction "transTes_6" started.	[MsgId: MMSG-16999]
Action.c(103): Notify: Transaction "transTes_6" ended with a "Stop" status (Duration: 0.0000).	[MsgId: MMSG-16873]
Action.c(100): Notify: Transaction "transTes_7" started.	[MsgId: MMSG-16999]
Action.c(103): Notify: Transaction "transTes_7" ended with a "Pass" status (Duration: 0.0000).	[MsgId: MMSG-16873]
Action.c(112): Error: vuser failed	[MsgId: MERR-17999]
End auto log messages stack.	[MsgId: MMSG-10544]


Action.c(100): Notify: Transaction "transTes_2" started.	[MsgId: MMSG-16999]
Action.c(103): Notify: Transaction "transTes_2" ended with a "Pass" status (Duration: 0.0000).	[MsgId: MMSG-16873]
Action.c(100): Notify: Transaction "transTes_3" started.	[MsgId: MMSG-16999]
Action.c(103): Notify: Transaction "transTes_3" ended with a "Stop" status (Duration: 0.0000).	[MsgId: MMSG-16873]
Action.c(100): Notify: Transaction "transTes_4" started.	[MsgId: MMSG-16999]
Action.c(103): Notify: Transaction "transTes_4" ended with a "Stop" status (Duration: 0.0000).	[MsgId: MMSG-16873]
Action.c(100): Notify: Transaction "transTes_5" started.	[MsgId: MMSG-16999]
Action.c(103): Notify: Transaction "transTes_5" ended with a "Pass" status (Duration: 0.0000).	[MsgId: MMSG-16873]
Action.c(100): Notify: Transaction "transTes_6" started.	[MsgId: MMSG-16999]
Action.c(103): Notify: Transaction "transTes_6" ended with a "Stop" status (Duration: 0.0000).	[MsgId: MMSG-16873]
Action.c(100): Notify: Transaction "transTes_7" started.	[MsgId: MMSG-16999]
Action.c(103): Notify: Transaction "transTes_7" ended with a "Pass" status (Duration: 0.0000).	[MsgId: MMSG-16873]
Action.c(112): Error: vuser failed	[MsgId: MERR-17999]
End auto log messages stack.	[MsgId: MMSG-10544]


Start auto log messages stack - Iteration 1.	[MsgId: MMSG-10545]
Action.c(93): Notify: Transaction "Trans_other" ended with a "Pass" status (Duration: 5.2938 Think Time: 5.2471).	[MsgId: MMSG-16872]
Action.c(100): Notify: Transaction "transTes_0" started.	[MsgId: MMSG-16999]
Action.c(103): Notify: Transaction "transTes_0" ended with a "Stop" status (Duration: 0.0000).	[MsgId: MMSG-16873]
Action.c(100): Notify: Transaction "transTes_1" started.	[MsgId: MMSG-16999]
Action.c(103): Notify: Transaction "transTes_1" ended with a "Pass" status (Duration: 0.0000).	[MsgId: MMSG-16873]
Start auto log messages stack - Iteration 1.	[MsgId: MMSG-10545]
Action.c(93): Notify: Transaction "Trans_other" ended with a "Pass" status (Duration: 5.2885 Think Time: 5.2683).	[MsgId: MMSG-16872]
Action.c(100): Notify: Transaction "transTes_0" started.	[MsgId: MMSG-16999]
Action.c(103): Notify: Transaction "transTes_0" ended with a "Pass" status (Duration: 0.0000).	[MsgId: MMSG-16873]
Action.c(100): Notify: Transaction "transTes_1" started.	[MsgId: MMSG-16999]
Action.c(103): Notify: Transaction "transTes_1" ended with a "Pass" status (Duration: 0.0000).	[MsgId: MMSG-16873]
Action.c(100): Notify: Transaction "transTes_2" started.	[MsgId: MMSG-16999]
Action.c(103): Notify: Transaction "transTes_2" ended with a "Pass" status (Duration: 0.0000).	[MsgId: MMSG-16873]
Action.c(100): Notify: Transaction "transTes_3" started.	[MsgId: MMSG-16999]
Action.c(103): Notify: Transaction "transTes_3" ended with a "Stop" status (Duration: 0.0000).	[MsgId: MMSG-16873]
Action.c(100): Notify: Transaction "transTes_4" started.	[MsgId: MMSG-16999]
Action.c(103): Notify: Transaction "transTes_4" ended with a "Stop" status (Duration: 0.0000).	[MsgId: MMSG-16873]
Action.c(100): Notify: Transaction "transTes_5" started.	[MsgId: MMSG-16999]
Action.c(103): Notify: Transaction "transTes_5" ended with a "Pass" status (Duration: 0.0000).	[MsgId: MMSG-16873]
Action.c(100): Notify: Transaction "transTes_6" started.	[MsgId: MMSG-16999]
Action.c(103): Notify: Transaction "transTes_6" ended with a "Stop" status (Duration: 0.0000).	[MsgId: MMSG-16873]
Action.c(100): Notify: Transaction "transTes_7" started.	[MsgId: MMSG-16999]
Action.c(103): Notify: Transaction "transTes_7" ended with a "Pass" status (Duration: 0.0000).	[MsgId: MMSG-16873]
Action.c(112): Error: vuser failed	[MsgId: MERR-17999]
End auto log messages stack.	[MsgId: MMSG-10544]


Action.c(100): Notify: Transaction "transTes_2" started.	[MsgId: MMSG-16999]
Action.c(103): Notify: Transaction "transTes_2" ended with a "Pass" status (Duration: 0.0000).	[MsgId: MMSG-16873]
Action.c(100): Notify: Transaction "transTes_3" started.	[MsgId: MMSG-16999]
Action.c(103): Notify: Transaction "transTes_3" ended with a "Pass" status (Duration: 0.0000).	[MsgId: MMSG-16873]
Action.c(100): Notify: Transaction "transTes_4" started.	[MsgId: MMSG-16999]
Action.c(103): Notify: Transaction "transTes_4" ended with a "Pass" status (Duration: 0.0047).	[MsgId: MMSG-16873]
Action.c(100): Notify: Transaction "transTes_5" started.	[MsgId: MMSG-16999]
Action.c(103): Notify: Transaction "transTes_5" ended with a "Pass" status (Duration: 0.0000).	[MsgId: MMSG-16873]
Action.c(100): Notify: Transaction "transTes_6" started.	[MsgId: MMSG-16999]
Action.c(103): Notify: Transaction "transTes_6" ended with a "Pass" status (Duration: 0.0000).	[MsgId: MMSG-16873]
Action.c(100): Notify: Transaction "transTes_7" started.	[MsgId: MMSG-16999]
Action.c(103): Notify: Transaction "transTes_7" ended with a "Pass" status (Duration: 0.0000).	[MsgId: MMSG-16873]
Action.c(112): Error: vuser failed	[MsgId: MERR-17999]
End auto log messages stack.	[MsgId: MMSG-10544]


Action.c(100): Notify: Transaction "transTes_2" started.	[MsgId: MMSG-16999]
Action.c(103): Notify: Transaction "transTes_2" ended with a "Pass" status (Duration: 0.0000).	[MsgId: MMSG-16873]
Action.c(100): Notify: Transaction "transTes_3" started.	[MsgId: MMSG-16999]
Action.c(103): Notify: Transaction "transTes_3" ended with a "Stop" status (Duration: 0.0000).	[MsgId: MMSG-16873]
Action.c(100): Notify: Transaction "transTes_4" started.	[MsgId: MMSG-16999]
Action.c(103): Notify: Transaction "transTes_4" ended with a "Stop" status (Duration: 0.0000).	[MsgId: MMSG-16873]
Action.c(100): Notify: Transaction "transTes_5" started.	[MsgId: MMSG-16999]
Action.c(103): Notify: Transaction "transTes_5" ended with a "Pass" status (Duration: 0.0000).	[MsgId: MMSG-16873]
Action.c(100): Notify: Transaction "transTes_6" started.	[MsgId: MMSG-16999]
Action.c(103): Notify: Transaction "transTes_6" ended with a "Stop" status (Duration: 0.0000).	[MsgId: MMSG-16873]
Action.c(100): Notify: Transaction "transTes_7" started.	[MsgId: MMSG-16999]
Action.c(103): Notify: Transaction "transTes_7" ended with a "Pass" status (Duration: 0.0000).	[MsgId: MMSG-16873]
Action.c(112): Error: vuser failed	[MsgId: MERR-17999]
End auto log messages stack.	[MsgId: MMSG-10544]


Start auto log messages stack - Iteration 1.	[MsgId: MMSG-10545]
Action.c(103): Notify: Transaction "transTes_0" ended with a "Pass" status (Duration: 0.0000).	[MsgId: MMSG-16873]
Action.c(100): Notify: Transaction "transTes_1" started.	[MsgId: MMSG-16999]
Action.c(103): Notify: Transaction "transTes_1" ended with a "Pass" status (Duration: 0.0000).	[MsgId: MMSG-16873]
Action.c(100): Notify: Transaction "transTes_2" started.	[MsgId: MMSG-16999]
Action.c(103): Notify: Transaction "transTes_2" ended with a "Pass" status (Duration: 0.0000).	[MsgId: MMSG-16873]
Action.c(100): Notify: Transaction "transTes_3" started.	[MsgId: MMSG-16999]
Action.c(103): Notify: Transaction "transTes_3" ended with a "Stop" status (Duration: 0.0000).	[MsgId: MMSG-16873]
Action.c(100): Notify: Transaction "transTes_4" started.	[MsgId: MMSG-16999]
Action.c(103): Notify: Transaction "transTes_4" ended with a "Fail" status (Duration: 0.0000).	[MsgId: MMSG-16873]
Action.c(103): Notify: Transaction "transTes_4" has 0 error message(s).	[MsgId: MMSG-16818]
Action.c(100): Notify: Transaction "transTes_5" started.	[MsgId: MMSG-16999]
Action.c(103): Notify: Transaction "transTes_5" ended with a "Fail" status (Duration: 0.0000).	[MsgId: MMSG-16873]
Action.c(103): Notify: Transaction "transTes_5" has 0 error message(s).	[MsgId: MMSG-16818]
Action.c(100): Notify: Transaction "transTes_6" started.	[MsgId: MMSG-16999]
Action.c(103): Notify: Transaction "transTes_6" ended with a "Stop" status (Duration: 0.0000).	[MsgId: MMSG-16873]
Action.c(100): Notify: Transaction "transTes_7" started.	[MsgId: MMSG-16999]
Action.c(103): Notify: Transaction "transTes_7" ended with a "Fail" status (Duration: 0.0000).	[MsgId: MMSG-16873]
Action.c(103): Notify: Transaction "transTes_7" has 0 error message(s).	[MsgId: MMSG-16818]
Action.c(112): Error: vuser failed	[MsgId: MERR-17999]
End auto log messages stack.	[MsgId: MMSG-10544]


Start auto log messages stack - Iteration 1.	[MsgId: MMSG-10545]
Action.c(103): Notify: Transaction "transTes_0" ended with a "Pass" status (Duration: 0.0000).	[MsgId: MMSG-16873]
Action.c(100): Notify: Transaction "transTes_1" started.	[MsgId: MMSG-16999]
Action.c(103): Notify: Transaction "transTes_1" ended with a "Pass" status (Duration: 0.0000).	[MsgId: MMSG-16873]
Action.c(100): Notify: Transaction "transTes_2" started.	[MsgId: MMSG-16999]
Action.c(103): Notify: Transaction "transTes_2" ended with a "Pass" status (Duration: 0.0000).	[MsgId: MMSG-16873]
Action.c(100): Notify: Transaction "transTes_3" started.	[MsgId: MMSG-16999]
Action.c(103): Notify: Transaction "transTes_3" ended with a "Stop" status (Duration: 0.0000).	[MsgId: MMSG-16873]
Action.c(100): Notify: Transaction "transTes_4" started.	[MsgId: MMSG-16999]
Action.c(103): Notify: Transaction "transTes_4" ended with a "Fail" status (Duration: 0.0000).	[MsgId: MMSG-16873]
Action.c(103): Notify: Transaction "transTes_4" has 0 error message(s).	[MsgId: MMSG-16818]
Action.c(100): Notify: Transaction "transTes_5" started.	[MsgId: MMSG-16999]
Action.c(103): Notify: Transaction "transTes_5" ended with a "Fail" status (Duration: 0.0000).	[MsgId: MMSG-16873]
Action.c(103): Notify: Transaction "transTes_5" has 0 error message(s).	[MsgId: MMSG-16818]
Action.c(100): Notify: Transaction "transTes_6" started.	[MsgId: MMSG-16999]
Action.c(103): Notify: Transaction "transTes_6" ended with a "Stop" status (Duration: 0.0000).	[MsgId: MMSG-16873]
Action.c(100): Notify: Transaction "transTes_7" started.	[MsgId: MMSG-16999]
Action.c(103): Notify: Transaction "transTes_7" ended with a "Fail" status (Duration: 0.0000).	[MsgId: MMSG-16873]
Action.c(103): Notify: Transaction "transTes_7" has 0 error message(s).	[MsgId: MMSG-16818]
Action.c(112): Error: vuser failed	[MsgId: MERR-17999]
End auto log messages stack.	[MsgId: MMSG-10544]


Start auto log messages stack - Iteration 1.	[MsgId: MMSG-10545]
Action.c(103): Notify: Transaction "transTes_0" ended with a "Pass" status (Duration: 0.0000).	[MsgId: MMSG-16873]
Action.c(100): Notify: Transaction "transTes_1" started.	[MsgId: MMSG-16999]
Action.c(103): Notify: Transaction "transTes_1" ended with a "Pass" status (Duration: 0.0000).	[MsgId: MMSG-16873]
Action.c(100): Notify: Transaction "transTes_2" started.	[MsgId: MMSG-16999]
Action.c(103): Notify: Transaction "transTes_2" ended with a "Pass" status (Duration: 0.0000).	[MsgId: MMSG-16873]
Action.c(100): Notify: Transaction "transTes_3" started.	[MsgId: MMSG-16999]
Action.c(103): Notify: Transaction "transTes_3" ended with a "Stop" status (Duration: 0.0000).	[MsgId: MMSG-16873]
Action.c(100): Notify: Transaction "transTes_4" started.	[MsgId: MMSG-16999]
Action.c(103): Notify: Transaction "transTes_4" ended with a "Fail" status (Duration: 0.0000).	[MsgId: MMSG-16873]
Action.c(103): Notify: Transaction "transTes_4" has 0 error message(s).	[MsgId: MMSG-16818]
Action.c(100): Notify: Transaction "transTes_5" started.	[MsgId: MMSG-16999]
Action.c(103): Notify: Transaction "transTes_5" ended with a "Fail" status (Duration: 0.0000).	[MsgId: MMSG-16873]
Action.c(103): Notify: Transaction "transTes_5" has 0 error message(s).	[MsgId: MMSG-16818]
Action.c(100): Notify: Transaction "transTes_6" started.	[MsgId: MMSG-16999]
Action.c(103): Notify: Transaction "transTes_6" ended with a "Stop" status (Duration: 0.0000).	[MsgId: MMSG-16873]
Action.c(100): Notify: Transaction "transTes_7" started.	[MsgId: MMSG-16999]
Action.c(103): Notify: Transaction "transTes_7" ended with a "Fail" status (Duration: 0.0000).	[MsgId: MMSG-16873]
Action.c(103): Notify: Transaction "transTes_7" has 0 error message(s).	[MsgId: MMSG-16818]
Action.c(112): Error: vuser failed	[MsgId: MERR-17999]
End auto log messages stack.	[MsgId: MMSG-10544]


Start auto log messages stack - Iteration 1.	[MsgId: MMSG-10545]
Action.c(93): Notify: Transaction "Trans_other" ended with a "Pass" status (Duration: 4.0178 Think Time: 4.0065).	[MsgId: MMSG-16872]
Action.c(100): Notify: Transaction "transTes_0" started.	[MsgId: MMSG-16999]
Action.c(103): Notify: Transaction "transTes_0" ended with a "Stop" status (Duration: 0.0000).	[MsgId: MMSG-16873]
Action.c(100): Notify: Transaction "transTes_1" started.	[MsgId: MMSG-16999]
Action.c(103): Notify: Transaction "transTes_1" ended with a "Pass" status (Duration: 0.0000).	[MsgId: MMSG-16873]
Action.c(100): Notify: Transaction "transTes_2" started.	[MsgId: MMSG-16999]
Action.c(103): Notify: Transaction "transTes_2" ended with a "Pass" status (Duration: 0.0000).	[MsgId: MMSG-16873]
Action.c(100): Notify: Transaction "transTes_3" started.	[MsgId: MMSG-16999]
Action.c(103): Notify: Transaction "transTes_3" ended with a "Stop" status (Duration: 0.0000).	[MsgId: MMSG-16873]
Action.c(100): Notify: Transaction "transTes_4" started.	[MsgId: MMSG-16999]
Action.c(103): Notify: Transaction "transTes_4" ended with a "Stop" status (Duration: 0.0000).	[MsgId: MMSG-16873]
Action.c(100): Notify: Transaction "transTes_5" started.	[MsgId: MMSG-16999]
Action.c(103): Notify: Transaction "transTes_5" ended with a "Pass" status (Duration: 0.0000).	[MsgId: MMSG-16873]
Action.c(100): Notify: Transaction "transTes_6" started.	[MsgId: MMSG-16999]
Action.c(103): Notify: Transaction "transTes_6" ended with a "Stop" status (Duration: 0.0000).	[MsgId: MMSG-16873]
Action.c(100): Notify: Transaction "transTes_7" started.	[MsgId: MMSG-16999]
Action.c(103): Notify: Transaction "transTes_7" ended with a "Pass" status (Duration: 0.0000).	[MsgId: MMSG-16873]
Action.c(112): Error: vuser failed	[MsgId: MERR-17999]
End auto log messages stack.	[MsgId: MMSG-10544]


Start auto log messages stack - Iteration 1.	[MsgId: MMSG-10545]
Action.c(93): Notify: Transaction "Trans_other" ended with a "Pass" status (Duration: 4.0326 Think Time: 4.0009).	[MsgId: MMSG-16872]
Action.c(100): Notify: Transaction "transTes_0" started.	[MsgId: MMSG-16999]
Action.c(103): Notify: Transaction "transTes_0" ended with a "Stop" status (Duration: 0.0000).	[MsgId: MMSG-16873]
Action.c(100): Notify: Transaction "transTes_1" started.	[MsgId: MMSG-16999]
Action.c(103): Notify: Transaction "transTes_1" ended with a "Pass" status (Duration: 0.0000).	[MsgId: MMSG-16873]
Action.c(100): Notify: Transaction "transTes_2" started.	[MsgId: MMSG-16999]
Action.c(103): Notify: Transaction "transTes_2" ended with a "Pass" status (Duration: 0.0000).	[MsgId: MMSG-16873]
Action.c(100): Notify: Transaction "transTes_3" started.	[MsgId: MMSG-16999]
Action.c(103): Notify: Transaction "transTes_3" ended with a "Stop" status (Duration: 0.0000).	[MsgId: MMSG-16873]
Action.c(100): Notify: Transaction "transTes_4" started.	[MsgId: MMSG-16999]
Action.c(103): Notify: Transaction "transTes_4" ended with a "Stop" status (Duration: 0.0000).	[MsgId: MMSG-16873]
Action.c(100): Notify: Transaction "transTes_5" started.	[MsgId: MMSG-16999]
Action.c(103): Notify: Transaction "transTes_5" ended with a "Pass" status (Duration: 0.0000).	[MsgId: MMSG-16873]
Action.c(100): Notify: Transaction "transTes_6" started.	[MsgId: MMSG-16999]
Action.c(103): Notify: Transaction "transTes_6" ended with a "Stop" status (Duration: 0.0000).	[MsgId: MMSG-16873]
Action.c(100): Notify: Transaction "transTes_7" started.	[MsgId: MMSG-16999]
Action.c(103): Notify: Transaction "transTes_7" ended with a "Pass" status (Duration: 0.0000).	[MsgId: MMSG-16873]
Action.c(112): Error: vuser failed	[MsgId: MERR-17999]
End auto log messages stack.	[MsgId: MMSG-10544]


Start auto log messages stack - Iteration 1.	[MsgId: MMSG-10545]
Action.c(93): Notify: Transaction "Trans_other" ended with a "Pass" status (Duration: 7.5549 Think Time: 7.5423).	[MsgId: MMSG-16872]
Action.c(100): Notify: Transaction "transTes_0" started.	[MsgId: MMSG-16999]
Action.c(103): Notify: Transaction "transTes_0" ended with a "Stop" status (Duration: 0.0000).	[MsgId: MMSG-16873]
Action.c(100): Notify: Transaction "transTes_1" started.	[MsgId: MMSG-16999]
Action.c(103): Notify: Transaction "transTes_1" ended with a "Pass" status (Duration: 0.0000).	[MsgId: MMSG-16873]
Action.c(100): Notify: Transaction "transTes_2" started.	[MsgId: MMSG-16999]
Action.c(103): Notify: Transaction "transTes_2" ended with a "Pass" status (Duration: 0.0000).	[MsgId: MMSG-16873]
Action.c(100): Notify: Transaction "transTes_3" started.	[MsgId: MMSG-16999]
Action.c(103): Notify: Transaction "transTes_3" ended with a "Stop" status (Duration: 0.0000).	[MsgId: MMSG-16873]
Action.c(100): Notify: Transaction "transTes_4" started.	[MsgId: MMSG-16999]
Action.c(103): Notify: Transaction "transTes_4" ended with a "Stop" status (Duration: 0.0000).	[MsgId: MMSG-16873]
Action.c(100): Notify: Transaction "transTes_5" started.	[MsgId: MMSG-16999]
Action.c(103): Notify: Transaction "transTes_5" ended with a "Pass" status (Duration: 0.0000).	[MsgId: MMSG-16873]
Action.c(100): Notify: Transaction "transTes_6" started.	[MsgId: MMSG-16999]
Action.c(103): Notify: Transaction "transTes_6" ended with a "Stop" status (Duration: 0.0000).	[MsgId: MMSG-16873]
Action.c(100): Notify: Transaction "transTes_7" started.	[MsgId: MMSG-16999]
Action.c(103): Notify: Transaction "transTes_7" ended with a "Pass" status (Duration: 0.0000).	[MsgId: MMSG-16873]
Action.c(112): Error: vuser failed	[MsgId: MERR-17999]
End auto log messages stack.	[MsgId: MMSG-10544]


Start auto log messages stack - Iteration 1.	[MsgId: MMSG-10545]
Action.c(103): Notify: Transaction "transTes_0" ended with a "Pass" status (Duration: 0.0000).	[MsgId: MMSG-16873]
Action.c(100): Notify: Transaction "transTes_1" started.	[MsgId: MMSG-16999]
Action.c(103): Notify: Transaction "transTes_1" ended with a "Pass" status (Duration: 0.0000).	[MsgId: MMSG-16873]
Action.c(100): Notify: Transaction "transTes_2" started.	[MsgId: MMSG-16999]
Action.c(103): Notify: Transaction "transTes_2" ended with a "Pass" status (Duration: 0.0000).	[MsgId: MMSG-16873]
Action.c(100): Notify: Transaction "transTes_3" started.	[MsgId: MMSG-16999]
Action.c(103): Notify: Transaction "transTes_3" ended with a "Stop" status (Duration: 0.0000).	[MsgId: MMSG-16873]
Action.c(100): Notify: Transaction "transTes_4" started.	[MsgId: MMSG-16999]
Action.c(103): Notify: Transaction "transTes_4" ended with a "Fail" status (Duration: 0.0000).	[MsgId: MMSG-16873]
Action.c(103): Notify: Transaction "transTes_4" has 0 error message(s).	[MsgId: MMSG-16818]
Action.c(100): Notify: Transaction "transTes_5" started.	[MsgId: MMSG-16999]
Action.c(103): Notify: Transaction "transTes_5" ended with a "Fail" status (Duration: 0.0000).	[MsgId: MMSG-16873]
Action.c(103): Notify: Transaction "transTes_5" has 0 error message(s).	[MsgId: MMSG-16818]
Action.c(100): Notify: Transaction "transTes_6" started.	[MsgId: MMSG-16999]
Action.c(103): Notify: Transaction "transTes_6" ended with a "Stop" status (Duration: 0.0000).	[MsgId: MMSG-16873]
Action.c(100): Notify: Transaction "transTes_7" started.	[MsgId: MMSG-16999]
Action.c(103): Notify: Transaction "transTes_7" ended with a "Fail" status (Duration: 0.0000).	[MsgId: MMSG-16873]
Action.c(103): Notify: Transaction "transTes_7" has 0 error message(s).	[MsgId: MMSG-16818]
Action.c(112): Error: vuser failed	[MsgId: MERR-17999]
End auto log messages stack.	[MsgId: MMSG-10544]


Start auto log messages stack - Iteration 1.	[MsgId: MMSG-10545]
Action.c(103): Notify: Transaction "transTes_0" ended with a "Pass" status (Duration: 0.0000).	[MsgId: MMSG-16873]
Action.c(100): Notify: Transaction "transTes_1" started.	[MsgId: MMSG-16999]
Action.c(103): Notify: Transaction "transTes_1" ended with a "Pass" status (Duration: 0.0000).	[MsgId: MMSG-16873]
Action.c(100): Notify: Transaction "transTes_2" started.	[MsgId: MMSG-16999]
Action.c(103): Notify: Transaction "transTes_2" ended with a "Pass" status (Duration: 0.0000).	[MsgId: MMSG-16873]
Action.c(100): Notify: Transaction "transTes_3" started.	[MsgId: MMSG-16999]
Action.c(103): Notify: Transaction "transTes_3" ended with a "Stop" status (Duration: 0.0000).	[MsgId: MMSG-16873]
Action.c(100): Notify: Transaction "transTes_4" started.	[MsgId: MMSG-16999]
Action.c(103): Notify: Transaction "transTes_4" ended with a "Fail" status (Duration: 0.0000).	[MsgId: MMSG-16873]
Action.c(103): Notify: Transaction "transTes_4" has 0 error message(s).	[MsgId: MMSG-16818]
Action.c(100): Notify: Transaction "transTes_5" started.	[MsgId: MMSG-16999]
Action.c(103): Notify: Transaction "transTes_5" ended with a "Fail" status (Duration: 0.0000).	[MsgId: MMSG-16873]
Action.c(103): Notify: Transaction "transTes_5" has 0 error message(s).	[MsgId: MMSG-16818]
Action.c(100): Notify: Transaction "transTes_6" started.	[MsgId: MMSG-16999]
Action.c(103): Notify: Transaction "transTes_6" ended with a "Stop" status (Duration: 0.0000).	[MsgId: MMSG-16873]
Action.c(100): Notify: Transaction "transTes_7" started.	[MsgId: MMSG-16999]
Action.c(103): Notify: Transaction "transTes_7" ended with a "Fail" status (Duration: 0.0000).	[MsgId: MMSG-16873]
Action.c(103): Notify: Transaction "transTes_7" has 0 error message(s).	[MsgId: MMSG-16818]
Action.c(112): Error: vuser failed	[MsgId: MERR-17999]
End auto log messages stack.	[MsgId: MMSG-10544]


Start auto log messages stack - Iteration 1.	[MsgId: MMSG-10545]
Action.c(103): Notify: Transaction "transTes_0" ended with a "Pass" status (Duration: 0.0000).	[MsgId: MMSG-16873]
Action.c(100): Notify: Transaction "transTes_1" started.	[MsgId: MMSG-16999]
Action.c(103): Notify: Transaction "transTes_1" ended with a "Pass" status (Duration: 0.0000).	[MsgId: MMSG-16873]
Action.c(100): Notify: Transaction "transTes_2" started.	[MsgId: MMSG-16999]
Action.c(103): Notify: Transaction "transTes_2" ended with a "Pass" status (Duration: 0.0000).	[MsgId: MMSG-16873]
Action.c(100): Notify: Transaction "transTes_3" started.	[MsgId: MMSG-16999]
Action.c(103): Notify: Transaction "transTes_3" ended with a "Stop" status (Duration: 0.0000).	[MsgId: MMSG-16873]
Action.c(100): Notify: Transaction "transTes_4" started.	[MsgId: MMSG-16999]
Action.c(103): Notify: Transaction "transTes_4" ended with a "Fail" status (Duration: 0.0000).	[MsgId: MMSG-16873]
Action.c(103): Notify: Transaction "transTes_4" has 0 error message(s).	[MsgId: MMSG-16818]
Action.c(100): Notify: Transaction "transTes_5" started.	[MsgId: MMSG-16999]
Action.c(103): Notify: Transaction "transTes_5" ended with a "Fail" status (Duration: 0.0000).	[MsgId: MMSG-16873]
Action.c(103): Notify: Transaction "transTes_5" has 0 error message(s).	[MsgId: MMSG-16818]
Action.c(100): Notify: Transaction "transTes_6" started.	[MsgId: MMSG-16999]
Action.c(103): Notify: Transaction "transTes_6" ended with a "Stop" status (Duration: 0.0000).	[MsgId: MMSG-16873]
Action.c(100): Notify: Transaction "transTes_7" started.	[MsgId: MMSG-16999]
Action.c(103): Notify: Transaction "transTes_7" ended with a "Fail" status (Duration: 0.0000).	[MsgId: MMSG-16873]
Action.c(103): Notify: Transaction "transTes_7" has 0 error message(s).	[MsgId: MMSG-16818]
Action.c(112): Error: vuser failed	[MsgId: MERR-17999]
End auto log messages stack.	[MsgId: MMSG-10544]


Start auto log messages stack - Iteration 1.	[MsgId: MMSG-10545]
Action.c(103): Notify: Transaction "transTes_0" ended with a "Pass" status (Duration: 0.0000).	[MsgId: MMSG-16873]
Action.c(100): Notify: Transaction "transTes_1" started.	[MsgId: MMSG-16999]
Action.c(103): Notify: Transaction "transTes_1" ended with a "Pass" status (Duration: 0.0000).	[MsgId: MMSG-16873]
Action.c(100): Notify: Transaction "transTes_2" started.	[MsgId: MMSG-16999]
Action.c(103): Notify: Transaction "transTes_2" ended with a "Pass" status (Duration: 0.0000).	[MsgId: MMSG-16873]
Action.c(100): Notify: Transaction "transTes_3" started.	[MsgId: MMSG-16999]
Start auto log messages stack - Iteration 1.	[MsgId: MMSG-10545]
Action.c(103): Notify: Transaction "transTes_0" ended with a "Pass" status (Duration: 0.0000).	[MsgId: MMSG-16873]
Action.c(100): Notify: Transaction "transTes_1" started.	[MsgId: MMSG-16999]
Action.c(103): Notify: Transaction "transTes_1" ended with a "Pass" status (Duration: 0.0000).	[MsgId: MMSG-16873]
Action.c(100): Notify: Transaction "transTes_2" started.	[MsgId: MMSG-16999]
Action.c(103): Notify: Transaction "transTes_2" ended with a "Pass" status (Duration: 0.0000).	[MsgId: MMSG-16873]
Action.c(100): Notify: Transaction "transTes_3" started.	[MsgId: MMSG-16999]
Action.c(103): Notify: Transaction "transTes_3" ended with a "Stop" status (Duration: 0.0000).	[MsgId: MMSG-16873]
Action.c(100): Notify: Transaction "transTes_4" started.	[MsgId: MMSG-16999]
Action.c(103): Notify: Transaction "transTes_4" ended with a "Fail" status (Duration: 0.0000).	[MsgId: MMSG-16873]
Action.c(103): Notify: Transaction "transTes_4" has 0 error message(s).	[MsgId: MMSG-16818]
Action.c(100): Notify: Transaction "transTes_5" started.	[MsgId: MMSG-16999]
Action.c(103): Notify: Transaction "transTes_5" ended with a "Fail" status (Duration: 0.0000).	[MsgId: MMSG-16873]
Action.c(103): Notify: Transaction "transTes_5" has 0 error message(s).	[MsgId: MMSG-16818]
Action.c(100): Notify: Transaction "transTes_6" started.	[MsgId: MMSG-16999]
Action.c(103): Notify: Transaction "transTes_6" ended with a "Stop" status (Duration: 0.0000).	[MsgId: MMSG-16873]
Action.c(100): Notify: Transaction "transTes_7" started.	[MsgId: MMSG-16999]
Action.c(103): Notify: Transaction "transTes_7" ended with a "Fail" status (Duration: 0.0000).	[MsgId: MMSG-16873]
Action.c(103): Notify: Transaction "transTes_7" has 0 error message(s).	[MsgId: MMSG-16818]
Action.c(112): Error: vuser failed	[MsgId: MERR-17999]
End auto log messages stack.	[MsgId: MMSG-10544]


Action.c(103): Notify: Transaction "transTes_3" ended with a "Stop" status (Duration: 0.0000).	[MsgId: MMSG-16873]
Action.c(100): Notify: Transaction "transTes_4" started.	[MsgId: MMSG-16999]
Action.c(103): Notify: Transaction "transTes_4" ended with a "Fail" status (Duration: 0.0000).	[MsgId: MMSG-16873]
Action.c(103): Notify: Transaction "transTes_4" has 0 error message(s).	[MsgId: MMSG-16818]
Action.c(100): Notify: Transaction "transTes_5" started.	[MsgId: MMSG-16999]
Action.c(103): Notify: Transaction "transTes_5" ended with a "Fail" status (Duration: 0.0000).	[MsgId: MMSG-16873]
Action.c(103): Notify: Transaction "transTes_5" has 0 error message(s).	[MsgId: MMSG-16818]
Action.c(100): Notify: Transaction "transTes_6" started.	[MsgId: MMSG-16999]
Action.c(103): Notify: Transaction "transTes_6" ended with a "Stop" status (Duration: 0.0000).	[MsgId: MMSG-16873]
Action.c(100): Notify: Transaction "transTes_7" started.	[MsgId: MMSG-16999]
Action.c(103): Notify: Transaction "transTes_7" ended with a "Fail" status (Duration: 0.0000).	[MsgId: MMSG-16873]
Action.c(103): Notify: Transaction "transTes_7" has 0 error message(s).	[MsgId: MMSG-16818]
Action.c(112): Error: vuser failed	[MsgId: MERR-17999]
End auto log messages stack.	[MsgId: MMSG-10544]


Start auto log messages stack - Iteration 1.	[MsgId: MMSG-10545]
Action.c(103): Notify: Transaction "transTes_0" ended with a "Pass" status (Duration: 0.0000).	[MsgId: MMSG-16873]
Action.c(100): Notify: Transaction "transTes_1" started.	[MsgId: MMSG-16999]
Action.c(103): Notify: Transaction "transTes_1" ended with a "Pass" status (Duration: 0.0000).	[MsgId: MMSG-16873]
Action.c(100): Notify: Transaction "transTes_2" started.	[MsgId: MMSG-16999]
Action.c(103): Notify: Transaction "transTes_2" ended with a "Pass" status (Duration: 0.0000).	[MsgId: MMSG-16873]
Action.c(100): Notify: Transaction "transTes_3" started.	[MsgId: MMSG-16999]
Action.c(103): Notify: Transaction "transTes_3" ended with a "Stop" status (Duration: 0.0000).	[MsgId: MMSG-16873]
Action.c(100): Notify: Transaction "transTes_4" started.	[MsgId: MMSG-16999]
Action.c(103): Notify: Transaction "transTes_4" ended with a "Fail" status (Duration: 0.0000).	[MsgId: MMSG-16873]
Action.c(103): Notify: Transaction "transTes_4" has 0 error message(s).	[MsgId: MMSG-16818]
Action.c(100): Notify: Transaction "transTes_5" started.	[MsgId: MMSG-16999]
Action.c(103): Notify: Transaction "transTes_5" ended with a "Fail" status (Duration: 0.0000).	[MsgId: MMSG-16873]
Action.c(103): Notify: Transaction "transTes_5" has 0 error message(s).	[MsgId: MMSG-16818]
Action.c(100): Notify: Transaction "transTes_6" started.	[MsgId: MMSG-16999]
Action.c(103): Notify: Transaction "transTes_6" ended with a "Stop" status (Duration: 0.0000).	[MsgId: MMSG-16873]
Action.c(100): Notify: Transaction "transTes_7" started.	[MsgId: MMSG-16999]
Action.c(103): Notify: Transaction "transTes_7" ended with a "Fail" status (Duration: 0.0000).	[MsgId: MMSG-16873]
Action.c(103): Notify: Transaction "transTes_7" has 0 error message(s).	[MsgId: MMSG-16818]
Action.c(112): Error: vuser failed	[MsgId: MERR-17999]
End auto log messages stack.	[MsgId: MMSG-10544]


Start auto log messages stack - Iteration 1.	[MsgId: MMSG-10545]
Action.c(103): Notify: Transaction "transTes_0" ended with a "Pass" status (Duration: 0.0000).	[MsgId: MMSG-16873]
Action.c(100): Notify: Transaction "transTes_1" started.	[MsgId: MMSG-16999]
Action.c(103): Notify: Transaction "transTes_1" ended with a "Pass" status (Duration: 0.0000).	[MsgId: MMSG-16873]
Action.c(100): Notify: Transaction "transTes_2" started.	[MsgId: MMSG-16999]
Action.c(103): Notify: Transaction "transTes_2" ended with a "Pass" status (Duration: 0.0000).	[MsgId: MMSG-16873]
Action.c(100): Notify: Transaction "transTes_3" started.	[MsgId: MMSG-16999]
Action.c(103): Notify: Transaction "transTes_3" ended with a "Stop" status (Duration: 0.0000).	[MsgId: MMSG-16873]
Action.c(100): Notify: Transaction "transTes_4" started.	[MsgId: MMSG-16999]
Action.c(103): Notify: Transaction "transTes_4" ended with a "Fail" status (Duration: 0.0000).	[MsgId: MMSG-16873]
Start auto log messages stack - Iteration 1.	[MsgId: MMSG-10545]
Action.c(103): Notify: Transaction "transTes_4" has 0 error message(s).	[MsgId: MMSG-16818]
Action.c(100): Notify: Transaction "transTes_5" started.	[MsgId: MMSG-16999]
Action.c(103): Notify: Transaction "transTes_5" ended with a "Fail" status (Duration: 0.0000).	[MsgId: MMSG-16873]
Action.c(103): Notify: Transaction "transTes_5" has 0 error message(s).	[MsgId: MMSG-16818]
Action.c(100): Notify: Transaction "transTes_6" started.	[MsgId: MMSG-16999]
Action.c(103): Notify: Transaction "transTes_6" ended with a "Stop" status (Duration: 0.0000).	[MsgId: MMSG-16873]
Action.c(100): Notify: Transaction "transTes_7" started.	[MsgId: MMSG-16999]
Action.c(103): Notify: Transaction "transTes_7" ended with a "Fail" status (Duration: 0.0000).	[MsgId: MMSG-16873]
Action.c(103): Notify: Transaction "transTes_7" has 0 error message(s).	[MsgId: MMSG-16818]
Action.c(112): Error: vuser failed	[MsgId: MERR-17999]
End auto log messages stack.	[MsgId: MMSG-10544]


Action.c(103): Notify: Transaction "transTes_0" ended with a "Pass" status (Duration: 0.0000).	[MsgId: MMSG-16873]
Action.c(100): Notify: Transaction "transTes_1" started.	[MsgId: MMSG-16999]
Action.c(103): Notify: Transaction "transTes_1" ended with a "Pass" status (Duration: 0.0000).	[MsgId: MMSG-16873]
Action.c(100): Notify: Transaction "transTes_2" started.	[MsgId: MMSG-16999]
Action.c(103): Notify: Transaction "transTes_2" ended with a "Pass" status (Duration: 0.0000).	[MsgId: MMSG-16873]
Action.c(100): Notify: Transaction "transTes_3" started.	[MsgId: MMSG-16999]
Action.c(103): Notify: Transaction "transTes_3" ended with a "Stop" status (Duration: 0.0000).	[MsgId: MMSG-16873]
Action.c(100): Notify: Transaction "transTes_4" started.	[MsgId: MMSG-16999]
Action.c(103): Notify: Transaction "transTes_4" ended with a "Fail" status (Duration: 0.0000).	[MsgId: MMSG-16873]
Action.c(103): Notify: Transaction "transTes_4" has 0 error message(s).	[MsgId: MMSG-16818]
Action.c(100): Notify: Transaction "transTes_5" started.	[MsgId: MMSG-16999]
Action.c(103): Notify: Transaction "transTes_5" ended with a "Fail" status (Duration: 0.0000).	[MsgId: MMSG-16873]
Action.c(103): Notify: Transaction "transTes_5" has 0 error message(s).	[MsgId: MMSG-16818]
Action.c(100): Notify: Transaction "transTes_6" started.	[MsgId: MMSG-16999]
Action.c(103): Notify: Transaction "transTes_6" ended with a "Stop" status (Duration: 0.0000).	[MsgId: MMSG-16873]
Action.c(100): Notify: Transaction "transTes_7" started.	[MsgId: MMSG-16999]
Action.c(103): Notify: Transaction "transTes_7" ended with a "Fail" status (Duration: 0.0000).	[MsgId: MMSG-16873]
Action.c(103): Notify: Transaction "transTes_7" has 0 error message(s).	[MsgId: MMSG-16818]
Action.c(112): Error: vuser failed	[MsgId: MERR-17999]
End auto log messages stack.	[MsgId: MMSG-10544]


Start auto log messages stack - Iteration 1.	[MsgId: MMSG-10545]
Action.c(93): Notify: Transaction "Trans_other" ended with a "Pass" status (Duration: 7.5119 Think Time: 7.5047).	[MsgId: MMSG-16872]
Action.c(100): Notify: Transaction "transTes_0" started.	[MsgId: MMSG-16999]
Action.c(103): Notify: Transaction "transTes_0" ended with a "Stop" status (Duration: 0.0000).	[MsgId: MMSG-16873]
Action.c(100): Notify: Transaction "transTes_1" started.	[MsgId: MMSG-16999]
Action.c(103): Notify: Transaction "transTes_1" ended with a "Pass" status (Duration: 0.0000).	[MsgId: MMSG-16873]
Action.c(100): Notify: Transaction "transTes_2" started.	[MsgId: MMSG-16999]
Action.c(103): Notify: Transaction "transTes_2" ended with a "Pass" status (Duration: 0.0000).	[MsgId: MMSG-16873]
Action.c(100): Notify: Transaction "transTes_3" started.	[MsgId: MMSG-16999]
Action.c(103): Notify: Transaction "transTes_3" ended with a "Stop" status (Duration: 0.0000).	[MsgId: MMSG-16873]
Action.c(100): Notify: Transaction "transTes_4" started.	[MsgId: MMSG-16999]
Action.c(103): Notify: Transaction "transTes_4" ended with a "Stop" status (Duration: 0.0000).	[MsgId: MMSG-16873]
Action.c(100): Notify: Transaction "transTes_5" started.	[MsgId: MMSG-16999]
Action.c(103): Notify: Transaction "transTes_5" ended with a "Pass" status (Duration: 0.0000).	[MsgId: MMSG-16873]
Action.c(100): Notify: Transaction "transTes_6" started.	[MsgId: MMSG-16999]
Action.c(103): Notify: Transaction "transTes_6" ended with a "Stop" status (Duration: 0.0000).	[MsgId: MMSG-16873]
Action.c(100): Notify: Transaction "transTes_7" started.	[MsgId: MMSG-16999]
Action.c(103): Notify: Transaction "transTes_7" ended with a "Pass" status (Duration: 0.0000).	[MsgId: MMSG-16873]
Action.c(112): Error: vuser failed	[MsgId: MERR-17999]
End auto log messages stack.	[MsgId: MMSG-10544]


Start auto log messages stack - Iteration 1.	[MsgId: MMSG-10545]
Action.c(93): Notify: Transaction "Trans_other" ended with a "Pass" status (Duration: 7.5196 Think Time: 7.5052).	[MsgId: MMSG-16872]
Action.c(100): Notify: Transaction "transTes_0" started.	[MsgId: MMSG-16999]
Action.c(103): Notify: Transaction "transTes_0" ended with a "Stop" status (Duration: 0.0000).	[MsgId: MMSG-16873]
Action.c(100): Notify: Transaction "transTes_1" started.	[MsgId: MMSG-16999]
Action.c(103): Notify: Transaction "transTes_1" ended with a "Pass" status (Duration: 0.0000).	[MsgId: MMSG-16873]
Action.c(100): Notify: Transaction "transTes_2" started.	[MsgId: MMSG-16999]
Action.c(103): Notify: Transaction "transTes_2" ended with a "Pass" status (Duration: 0.0000).	[MsgId: MMSG-16873]
Action.c(100): Notify: Transaction "transTes_3" started.	[MsgId: MMSG-16999]
Action.c(103): Notify: Transaction "transTes_3" ended with a "Stop" status (Duration: 0.0000).	[MsgId: MMSG-16873]
Action.c(100): Notify: Transaction "transTes_4" started.	[MsgId: MMSG-16999]
Action.c(103): Notify: Transaction "transTes_4" ended with a "Stop" status (Duration: 0.0000).	[MsgId: MMSG-16873]
Action.c(100): Notify: Transaction "transTes_5" started.	[MsgId: MMSG-16999]
Action.c(103): Notify: Transaction "transTes_5" ended with a "Pass" status (Duration: 0.0000).	[MsgId: MMSG-16873]
Action.c(100): Notify: Transaction "transTes_6" started.	[MsgId: MMSG-16999]
Action.c(103): Notify: Transaction "transTes_6" ended with a "Stop" status (Duration: 0.0000).	[MsgId: MMSG-16873]
Action.c(100): Notify: Transaction "transTes_7" started.	[MsgId: MMSG-16999]
Action.c(103): Notify: Transaction "transTes_7" ended with a "Pass" status (Duration: 0.0000).	[MsgId: MMSG-16873]
Action.c(112): Error: vuser failed	[MsgId: MERR-17999]
End auto log messages stack.	[MsgId: MMSG-10544]


