Virtual User Script started at : 29/08/2016 15:30:28	[MsgId: MMSG-15967]
Starting action vuser_init.	[MsgId: MMSG-15919]
Web Turbo Replay of LoadRunner 14.0.0 for Windows 7; build 70 (אוג 29 2016 20:10:14)  	[MsgId: MMSG-26983]
Run mode: HTML  	[MsgId: MMSG-26993]
Replay user agent: Mozilla/4.0 (compatible; MSIE 7.0; Windows NT 6.3; WOW64; Trident/7.0; .NET4.0E; .NET4.0C; .NET CLR 3.5.30729; .NET CLR 2.0.50727; .NET CLR 3.0.30729)  	[MsgId: MMSG-26988]
Run-Time Settings file: "C:\Users\kazaky\AppData\Local\Temp\lr5tmpdirAlG.208\lrcfgDrv.209\cfgiBe.210"  	[MsgId: MMSG-27141]
Ending action vuser_init.	[MsgId: MMSG-15918]
Running Vuser...	[MsgId: MMSG-15964]
Virtual User Script started at : 29/08/2016 15:30:28	[MsgId: MMSG-15967]
Starting action vuser_init.	[MsgId: MMSG-15919]
Web Turbo Replay of LoadRunner 14.0.0 for Windows 7; build 70 (אוג 29 2016 20:10:14)  	[MsgId: MMSG-26983]
Run mode: HTML  	[MsgId: MMSG-26993]
Replay user agent: Mozilla/4.0 (compatible; MSIE 7.0; Windows NT 6.3; WOW64; Trident/7.0; .NET4.0E; .NET4.0C; .NET CLR 3.5.30729; .NET CLR 2.0.50727; .NET CLR 3.0.30729)  	[MsgId: MMSG-26988]
Run-Time Settings file: "C:\Users\kazaky\AppData\Local\Temp\lr5tmpdirAlG.208\lrcfgDrv.209\cfgiBe.210"  	[MsgId: MMSG-27141]
Ending action vuser_init.	[MsgId: MMSG-15918]
Running Vuser...	[MsgId: MMSG-15964]
Virtual User Script started at : 29/08/2016 15:30:28	[MsgId: MMSG-15967]
Virtual User Script started at : 29/08/2016 15:30:28	[MsgId: MMSG-15967]
Virtual User Script started at : 29/08/2016 15:30:28	[MsgId: MMSG-15967]
Starting iteration 1.	[MsgId: MMSG-15968]
Maximum number of concurrent connections per server: 2  	[MsgId: MMSG-26989]
Starting action Action.	[MsgId: MMSG-15919]
Action.c(4): Notify: Transaction "טרנזקציה_ראשונה" started.	[MsgId: MMSG-16999]
Action.c(6): web_url("kalimanjaro.hpeswlab.net") started  	[MsgId: MMSG-26355]
Starting iteration 1.	[MsgId: MMSG-15968]
Maximum number of concurrent connections per server: 2  	[MsgId: MMSG-26989]
Starting action Action.	[MsgId: MMSG-15919]
Action.c(4): Notify: Transaction "טרנזקציה_ראשונה" started.	[MsgId: MMSG-16999]
Action.c(6): web_url("kalimanjaro.hpeswlab.net") started  	[MsgId: MMSG-26355]
Starting action vuser_init.	[MsgId: MMSG-15919]
Web Turbo Replay of LoadRunner 14.0.0 for Windows 7; build 70 (אוג 29 2016 20:10:14)  	[MsgId: MMSG-26983]
Run mode: HTML  	[MsgId: MMSG-26993]
Replay user agent: Mozilla/4.0 (compatible; MSIE 7.0; Windows NT 6.3; WOW64; Trident/7.0; .NET4.0E; .NET4.0C; .NET CLR 3.5.30729; .NET CLR 2.0.50727; .NET CLR 3.0.30729)  	[MsgId: MMSG-26988]
Run-Time Settings file: "C:\Users\kazaky\AppData\Local\Temp\lr5tmpdirAlG.208\lrcfgDrv.209\cfgiBe.210"  	[MsgId: MMSG-27141]
Ending action vuser_init.	[MsgId: MMSG-15918]
Running Vuser...	[MsgId: MMSG-15964]
Starting action vuser_init.	[MsgId: MMSG-15919]
Web Turbo Replay of LoadRunner 14.0.0 for Windows 7; build 70 (אוג 29 2016 20:10:14)  	[MsgId: MMSG-26983]
Run mode: HTML  	[MsgId: MMSG-26993]
Replay user agent: Mozilla/4.0 (compatible; MSIE 7.0; Windows NT 6.3; WOW64; Trident/7.0; .NET4.0E; .NET4.0C; .NET CLR 3.5.30729; .NET CLR 2.0.50727; .NET CLR 3.0.30729)  	[MsgId: MMSG-26988]
Run-Time Settings file: "C:\Users\kazaky\AppData\Local\Temp\lr5tmpdirAlG.208\lrcfgDrv.209\cfgiBe.210"  	[MsgId: MMSG-27141]
Ending action vuser_init.	[MsgId: MMSG-15918]
Running Vuser...	[MsgId: MMSG-15964]
Starting action vuser_init.	[MsgId: MMSG-15919]
Web Turbo Replay of LoadRunner 14.0.0 for Windows 7; build 70 (אוג 29 2016 20:10:14)  	[MsgId: MMSG-26983]
Run mode: HTML  	[MsgId: MMSG-26993]
Replay user agent: Mozilla/4.0 (compatible; MSIE 7.0; Windows NT 6.3; WOW64; Trident/7.0; .NET4.0E; .NET4.0C; .NET CLR 3.5.30729; .NET CLR 2.0.50727; .NET CLR 3.0.30729)  	[MsgId: MMSG-26988]
Run-Time Settings file: "C:\Users\kazaky\AppData\Local\Temp\lr5tmpdirAlG.208\lrcfgDrv.209\cfgiBe.210"  	[MsgId: MMSG-27141]
Ending action vuser_init.	[MsgId: MMSG-15918]
Running Vuser...	[MsgId: MMSG-15964]
Action.c(6): Found resource "http://kalimanjaro.hpeswlab.net/Images/logo.gif" in HTML "http://kalimanjaro.hpeswlab.net/"  	[MsgId: MMSG-26659]
Action.c(6): Found resource "http://kalimanjaro.hpeswlab.net/Images/ganim5b.gif" in HTML "http://kalimanjaro.hpeswlab.net/"  	[MsgId: MMSG-26659]
Action.c(6): Downloading resource "http://www.bing.com/favicon.ico" (specified by argument number 9)  	[MsgId: MMSG-26577]
Starting iteration 1.	[MsgId: MMSG-15968]
Maximum number of concurrent connections per server: 2  	[MsgId: MMSG-26989]
Starting action Action.	[MsgId: MMSG-15919]
Action.c(4): Notify: Transaction "טרנזקציה_ראשונה" started.	[MsgId: MMSG-16999]
Action.c(6): web_url("kalimanjaro.hpeswlab.net") started  	[MsgId: MMSG-26355]
Action.c(6): Found resource "http://kalimanjaro.hpeswlab.net/Images/logo.gif" in HTML "http://kalimanjaro.hpeswlab.net/"  	[MsgId: MMSG-26659]
Action.c(6): Found resource "http://kalimanjaro.hpeswlab.net/Images/ganim5b.gif" in HTML "http://kalimanjaro.hpeswlab.net/"  	[MsgId: MMSG-26659]
Action.c(6): Downloading resource "http://www.bing.com/favicon.ico" (specified by argument number 9)  	[MsgId: MMSG-26577]
Starting iteration 1.	[MsgId: MMSG-15968]
Maximum number of concurrent connections per server: 2  	[MsgId: MMSG-26989]
Starting action Action.	[MsgId: MMSG-15919]
Action.c(4): Notify: Transaction "טרנזקציה_ראשונה" started.	[MsgId: MMSG-16999]
Action.c(6): web_url("kalimanjaro.hpeswlab.net") started  	[MsgId: MMSG-26355]
Starting iteration 1.	[MsgId: MMSG-15968]
Maximum number of concurrent connections per server: 2  	[MsgId: MMSG-26989]
Starting action Action.	[MsgId: MMSG-15919]
Action.c(4): Notify: Transaction "טרנזקציה_ראשונה" started.	[MsgId: MMSG-16999]
Action.c(6): web_url("kalimanjaro.hpeswlab.net") started  	[MsgId: MMSG-26355]
Action.c(6): Found resource "http://kalimanjaro.hpeswlab.net/Images/logo.gif" in HTML "http://kalimanjaro.hpeswlab.net/"  	[MsgId: MMSG-26659]
Action.c(6): Downloading resource "http://www.bing.com/favicon.ico" (specified by argument number 9)  	[MsgId: MMSG-26577]
Action.c(6): Found resource "http://kalimanjaro.hpeswlab.net/Images/ganim5b.gif" in HTML "http://kalimanjaro.hpeswlab.net/"  	[MsgId: MMSG-26659]
Action.c(6): Found resource "http://kalimanjaro.hpeswlab.net/Images/logo.gif" in HTML "http://kalimanjaro.hpeswlab.net/"  	[MsgId: MMSG-26659]
Action.c(6): Downloading resource "http://www.bing.com/favicon.ico" (specified by argument number 9)  	[MsgId: MMSG-26577]
Action.c(6): Found resource "http://kalimanjaro.hpeswlab.net/Images/ganim5b.gif" in HTML "http://kalimanjaro.hpeswlab.net/"  	[MsgId: MMSG-26659]
Action.c(6): Found resource "http://kalimanjaro.hpeswlab.net/Images/logo.gif" in HTML "http://kalimanjaro.hpeswlab.net/"  	[MsgId: MMSG-26659]
Action.c(6): Downloading resource "http://www.bing.com/favicon.ico" (specified by argument number 9)  	[MsgId: MMSG-26577]
Action.c(6): Found resource "http://kalimanjaro.hpeswlab.net/Images/ganim5b.gif" in HTML "http://kalimanjaro.hpeswlab.net/"  	[MsgId: MMSG-26659]
Action.c(6): web_url("kalimanjaro.hpeswlab.net") was successful, 95064 body bytes, 1054 header bytes  	[MsgId: MMSG-26386]
Action.c(17): Notify: Transaction "טרנזקציה_ראשונה" ended with a "Pass" status (Duration: 1.7439).	[MsgId: MMSG-16873]
Action.c(20): lr_think_time: 10.00 seconds.	[MsgId: MMSG-15948]
Action.c(6): web_url("kalimanjaro.hpeswlab.net") was successful, 95064 body bytes, 1054 header bytes  	[MsgId: MMSG-26386]
Action.c(17): Notify: Transaction "טרנזקציה_ראשונה" ended with a "Pass" status (Duration: 1.7453).	[MsgId: MMSG-16873]
Action.c(20): lr_think_time: 10.00 seconds.	[MsgId: MMSG-15948]
Action.c(6): web_url("kalimanjaro.hpeswlab.net") was successful, 95064 body bytes, 1054 header bytes  	[MsgId: MMSG-26386]
Action.c(17): Notify: Transaction "טרנזקציה_ראשונה" ended with a "Pass" status (Duration: 1.8487).	[MsgId: MMSG-16873]
Action.c(20): lr_think_time: 10.00 seconds.	[MsgId: MMSG-15948]
Action.c(6): web_url("kalimanjaro.hpeswlab.net") was successful, 95064 body bytes, 1054 header bytes  	[MsgId: MMSG-26386]
Action.c(17): Notify: Transaction "טרנזקציה_ראשונה" ended with a "Pass" status (Duration: 1.7803).	[MsgId: MMSG-16873]
Action.c(20): lr_think_time: 10.00 seconds.	[MsgId: MMSG-15948]
Action.c(6): web_url("kalimanjaro.hpeswlab.net") was successful, 95064 body bytes, 1054 header bytes  	[MsgId: MMSG-26386]
Action.c(17): Notify: Transaction "טרנזקציה_ראשונה" ended with a "Pass" status (Duration: 1.8486).	[MsgId: MMSG-16873]
Action.c(20): lr_think_time: 10.00 seconds.	[MsgId: MMSG-15948]
